13
0,0
0,1
1,1
1,0
1,8570763381510310276677332127/16302337653333402754996750000
0,15463213752996798290249855733/32604675306666805509993500000
1,60299064000004173410335161/271387200000014042384550248
211088135999997803690333303/271387200000001977100668464,0
5278229379517358062476022856088660447413329648121781587357892906135953277195983235/6973964619504147781728376121932330821960072360898167704899928354435942428313544848,1
1,254696640913988789599479751449972803064671463602956037580237592804720737658138224951/317438844793500009211816822286188606922900943975682323929292904391820336249488004632
11546939293134316358689497430066894665857172843872309/36550932215940411447274665135506487661815948923997367,17929154351936635500524343634562464050455686213633686/36550932215940411447274665135506487661815948923997367
0,24707/746736058724952891208673
0,813149878892035179534243001508574941788196881251418721441741310083506836757121599/918620025038405448299541608477420740278143774203519383222638063498803705906664207
6
3 10 5 11
6 7 0 11 10 4 6
3 7 6 3
3 5 12 10
6 10 4 9 8 1 12
3 9 2 8
-28647060284441129970888602407/950994353398366136055536815472447674372196016565,18449607802917411083092683811/950994353398366136055536815472447674372196016565
-67571805074155670386661007256580696919810485986381601935760879342772152313360680566946969999958861596498/1013647370069849641387795944929003509966794508460295766563672276121694008823746833404426734613869682260165,29399861764092448567767503448071582019834517673881628958333927850952644354179769857952841515769029899349/1013647370069849641387795944929003509966794508460295766563672276121694008823746833404426734613869682260165
4081163091563323988039960502886642465937294077090355590800306769299632758527994236514691239922541619700649951/4906453616040416988568079611937107041266421596058336592922681489726981658919761896105600288955079570335566650,2658161128671305758564143546385374579215668823186990516717243753944929549467764256349545061685645257205372161/9812907232080833977136159223874214082532843192116673185845362979453963317839523792211200577910159140671133300
3580413636391393478485868448170437318232555066089231/4603188270240271717702434233614696590946391277530650,2045549267697847419098752309913963101538769240708741/9206376540480543435404868467229393181892782555061300
1007723510863020175518062860262839121586183865974313792110357325150309105571/15503431055513636905907666876615272823330394443722958814326086999521163750000,4371609785977802732180730578797654767100409498128408616757699424826551449443/3875857763878409226476916719153818205832598610930739703581521749880290937500
0,15463213752996798290249855733/32604675306666805509993500000
1,60299064000004173410335161/271387200000014042384550248
211088135999997803690333303/271387200000001977100668464,0
5626794908328492801924328255835030506344127601850900372463689141541830327624737757/6973964619504147781728376121932330821960072360898167704899928354435942428313544848,12647732438299904683590105119536910386826964668268410746358912921807677971659053/435872788719009236358023507620770676372504522556135481556245522152246401769596553
40806825813027310623680838464868817039543987414713541897229582839996150095952667287/39679855599187501151477102785773575865362617996960290491161613048977542031186000579,4186682260783165076474781641095017206682896050291144213947639179732729051212327629/16707307620710526800621938015062558259100049682930648627857521283780017697341473928
11546939293134316358689497430066894665857172843872309/36550932215940411447274665135506487661815948923997367,17929154351936635500524343634562464050455686213633686/36550932215940411447274665135506487661815948923997367
0,24707/746736058724952891208673
38758756883245202096281414990509862366049850763783107652709107132845775238289978/918620025038405448299541608477420740278143774203519383222638063498803705906664207,60181466015160974203087586323966016489907985163288714282761494575231996774121599/918620025038405448299541608477420740278143774203519383222638063498803705906664207
