15
0,0
0,1
1,1
1,0
1,2626604/22674247
0,81851987/90696988
1,1210628994819463835955120439877/2014497929569322558084949758909
111613732761171313142453105783938582229/200248982897570283205083987351819912561,30973581502721167864731927274699306557/66749660965856761068361329117273304187
9872807473252409825461752440121952941849254593/18683453809471752344464090457537371038649308639,0
94199342532161/116039993925342,1
4023466481975799002807/7265333909082745252065,2261196025024744726619/4843555939388496834710
1,37158440241377496217771870913903482494269617412787838738342903322388327899/180885036309740570317245489004719090844264466388191271038141395202669151766
534555255192100197193086402161397712203041779530269714847207674809040481960655133/919478037555972067077223175863715164281204314648326891764386647538989214525519731,818614934910205268311989650027958446938244877757033292586690389817611540371878991/1838956075111944134154446351727430328562408629296653783528773295077978429051039462
0,2987503347178507476157390445/265134251385044232731865061094
1,473810866753253914876291278593494746350580524778842852527850139552459086906488456291447/173430792376011885613583159767674227316801261118221222273313135415086310817153346144525406
8
4 9 1 5 10
5 7 10 9 2 6
3 11 4 12
4 12 11 6 7
3 13 5 10
5 8 7 10 13 0
3 14 4 12
5 7 12 14 3 8
9531391114123953453362807706057529615007121/11064586827021476090176551564301885484320490,12420864567371127332238307333629490757834563/11064586827021476090176551564301885484320490
0,1
2887384690474953975706074319/4154579217970071740307020770,4767776333029153052091920357/4154579217970071740307020770
817701029616047633837895861291556568918625644335102203085494987713455541538908069393144356048099765909633/983994833256710206088959687107767097739959789240745896165782660605701210631720954099695411903916156947850,1027315584794338220260471249630491820127784674965674457698699959896052203306844992847094079224317188856369/983994833256710206088959687107767097739959789240745896165782660605701210631720954099695411903916156947850
292815661080220118159765071355917102776624665770400372597783464548055/403292815986560396411331121122480595117915936063454272070363662540171,403828837565165964406368221259443876427685991846868699361600249976148/403292815986560396411331121122480595117915936063454272070363662540171
0,81851987/90696988
3197678960816646177987929407647616406939340540614910387683/8369391232832444772971210478894989454852045132051555539930,7532252500520773340762020047555191418262712277682858675729/8369391232832444772971210478894989454852045132051555539930
457034656485379723921494964386795053602139386723624093606237479083/831950262765889817734802925913339335787948733193123136595810891970,129758626535054645979050071405990185339509902565221796471682100703/277316754255296605911600975304446445262649577731041045531936963990
29611852816898205660096442255500805350599621547282438813825390661284451987/77621888916735110590781634870179593013697465351118873704293572358313432030,23324699937168543895853460058238268343064806509032664583640585327472746717/25873962972245036863593878290059864337899155117039624568097857452771144010
94199342532161/116039993925342,1
4023466481975799002807/7265333909082745252065,2261196025024744726619/4843555939388496834710
70242118098152607672280949867807626449114276030212465020160016157718480921/90442518154870285158622744502359545422132233194095635519070697601334575883,167751705381351944902761853483829796606207743689997440476196233156535511763/180885036309740570317245489004719090844264466388191271038141395202669151766
74414515586354592822292829825047487513706736519324593881738269005703704405187913/131354005365138866725317596551959309183029187806903841680626663934141316360788533,906884187927039165007733785613154643828082865443039857029381896663158930977141015/1838956075111944134154446351727430328562408629296653783528773295077978429051039462
574113027111849176072992035594/662835628462610581829662652735,1474602681672537571172780733489/1325671256925221163659325305470
72132224592709805933072380540506951249924118456999399712732790333984501002587034798639713/86715396188005942806791579883837113658400630559110611136656567707543155408576673072262703,180614505460997153046127134865499277314051618655888801063291946523818420469278922622192975/173430792376011885613583159767674227316801261118221222273313135415086310817153346144525406
