10
0,0
0,1
1,1
1,0
48769/174950,1
0,187191/235960
31355643178433636477398/41664496425209153077821,1
365545639777313549668475/374980467826882377700389,0
0,11462846289900181151095606034591798813677/20003076126382414033122532387238305458930
11462846289900181151095606034591798813677/13981698567282113819164387638174194346964,0
4
6 6 4 5 8 9 7
3 9 0 8
4 7 6 2 3
3 5 1 4
2763276923249525115838826152336665869218909473152251394998967243337664395286666/5134577149518868932413021223375297614643859743510809762081340592725465968385881,3953313568308509341161036227170914070887237431622361187534215295319078052513545/5134577149518868932413021223375297614643859743510809762081340592725465968385881
170642731/862846241,3163477881/4314231205
38987790215115067980289511136605610237708596462/73778357734226094867748359092023890913230577385,66045649177822308892266950471140387761953580734/73778357734226094867748359092023890913230577385
2422085568908020121823336563353212028869253891/2544081301180210167853391692828410031490709565,-27115322055833317656678054883120451885054938/2544081301180210167853391692828410031490709565
48769/174950,1
0,187191/235960
31355643178433636477398/41664496425209153077821,1
365545639777313549668475/374980467826882377700389,0
0,11462846289900181151095606034591798813677/20003076126382414033122532387238305458930
11462846289900181151095606034591798813677/13981698567282113819164387638174194346964,0
