19
0,0
0,1
1,1
1,0
0,107/201
107/148,0
52465/74204,1
0,75743/128208
0,6073629475337092929098/6945835275829882873889
1262947432384175958684109285/13285784059517754567430250972,8579970776337581719074200867/13285784059517754567430250972
7207267093702289025002266467411983/17164112941783262284748126972852398,1915135708713607683501776489846351/8582056470891631142374063486426199
0,204290767199712114495668428/510169681725857852087736679
2387975750144791056212875/11648868799599770644178489,4442828609630579017948223/11648868799599770644178489
236675923/575960518,1
1116627825521401404001474639367/14099541498118465210320246730106,48217262109176904517553062802113/70497707490592326051601233650530
0,2328436271127275406223506030472419793328679888885209821/3415006308841615047261817596681389004791849988161962230
5812767987546628871000155432842865230606/48342756196961721020324494826534321255825,59271985321520889604579205484025099870741/96685512393923442040648989653068642511650
1,34263534051899986/39212336082459729
19005646771608772970583817655731721879050875986367862563696991783/388377854734284263212517087043036827101201637366148281072232228388,144565651993919096134675086942375543513914349075356053788439155424/291283391050713197409387815282277620325901228024611210804174171291
10
4 6 13 14 9
4 14 8 1 13
4 9 7 15 14
3 14 8 15
5 16 9 6 2 17
5 3 17 16 10 5
5 9 7 4 18 16
3 16 10 18
4 5 0 11 12
3 12 4 11
31672/62305,43014/62305
68157993604604057/174300078698547181,102759931482134911/174300078698547181
2339660421/2742940610,1719859519/1371470305
545814421547408080221348097/478094764188441010765920410,128859966175206916220428662/239047382094220505382960205
66486262023909131092935795588170160939155206125/274122426011408963644591187980239439628354483771,520710036735622903807160909004401216525038436666/822367278034226890933773563940718318885063451313
107/148,0
52465/74204,1
35163109971626085120425354805252767770037876869155/174849194000351842840526104619753920775482943558768,22109655065813462840871118492076127374390257990349/32784223875065970532598644616203860145403051917269
45938110057179998052472614718120036579/172951376457756250181576997208191350987,721110455569082614396051460036404392908/1210659635204293751271038980457339456909
1262947432384175958684109285/13285784059517754567430250972,8579970776337581719074200867/13285784059517754567430250972
783201638142027141951220761673743682979063662192698/1495853118271787392587185861858250122901575075995019,708157184163310738467393689524645977033239665853459/1495853118271787392587185861858250122901575075995019
64258256549350741149001000/510169681725857852087736679,291560426432276296731811678/510169681725857852087736679
2387975750144791056212875/11648868799599770644178489,4442828609630579017948223/11648868799599770644178489
236675923/575960518,1
1116627825521401404001474639367/14099541498118465210320246730106,48217262109176904517553062802113/70497707490592326051601233650530
10363088232966398973884841179713051952858977917599387/75889029085369223272484835481808644550929999736932494,1261167047319634771214954192225718841527300392139958198/1707503154420807523630908798340694502395924994080981115
1116627825521401404001474639367/14099541498118465210320246730106,48217262109176904517553062802113/70497707490592326051601233650530
19437384336210551/26141557388306486,7376930409569488/5601762297494247
17305392593762403713562881376695637215342758547892400155624852382/97094463683571065803129271760759206775300409341537070268058057097,906834470672371445131961795898786182585529219911759856352550056307/1165133564202852789637551261129110481303604912098444843216696685164
