19
0,0
0,1
1,1
1,0
0,5/17
116959/219549,0
1,95/806
16725137/137190434,31116155/137190434
99685698146299/324360080541842,0
1,234336803/423712930
78028845843/115184529560,1818622665/11518452956
75190922878983/100078882514860,0
113857/3158960,1
332861243/585807190,20085925/117161438
588516332632915049/1337714816510919570,4568320306491981/89180987767394638
13219677209768460232261/30741206459667065841330,0
0,569434770605/995323494434
977422955544144908/3311468236846206325,564425734490768169/946133781956058950
18296279674268736294122/35072349464229974105915,1
11
5 16 4 7 13 17
4 17 16 1 12
6 10 13 17 18 2 9
3 18 12 17
3 10 9 6
3 14 7 13
5 11 10 13 14 5
4 11 3 6 10
4 8 0 4 7
4 7 8 15 14
3 14 5 15
641955787275/2579196452417,1162749652885/2579196452417
280909237268750894591844/3989866095921619274578505,598689673189482917236217/3989866095921619274578505
-257156595963/704779261325,86949178346/704779261325
193590098337268282909/284760853825468988225,147227686877951897622/284760853825468988225
0,5/17
3453551118367431960799/8505653427133312554775,6057157720842972263026/25516960281399937664325
178942444242981691/311950961709421775,290686394290019231/623901923418843550
16725137/137190434,31116155/137190434
66921650858387/162180040270921,61868344334965/324360080541842
1,234336803/423712930
78028845843/115184529560,1818622665/11518452956
78828168208983/100078882514860,1465809867990/5003944125743
1335463533922884450963897823191/12603827402372558423622514154800,35106852642572365043550960573/225068346470938543278973467050
332861243/585807190,20085925/117161438
211005722490795683/445904938836973190,85440306680704807/267542963302183914
2568960445200179190781/5123534409944510973555,1693542688833352030271/6148241291933413168266
0,569434770605/995323494434
977422955544144908/3311468236846206325,564425734490768169/946133781956058950
-29098646990751815084166/175361747321149870529575,97915856446774628100142/175361747321149870529575
