11
0,0
0,1
1,1
1,0
1,223284799/492388458
199779800/423064599,0
54442301967988396193/104523789238381718889,1
27020359348632412454246808076/28209145441553438499917171463,3923555317632712896594595626/9403048480517812833305723821
1,534788185292423929757324125698885613/1428619892555058760858204828898886751
0,409901177306524901083/639279470299812978569
409901177306524901083/1224995471146623091263,0
5
6 6 1 9 10 5 7
3 10 0 9
4 7 6 2 4
4 5 7 8 3
3 8 4 7
502127085818161960304423740189874756537829/954646072738273275335599424807966840111465,262041407503784959193351685322262323890227/954646072738273275335599424807966840111465
0,1
1099954080711460722919898765784935129527/2844856354109890265759748141578446997775,512113906969888470895947835631922291613/948285451369963421919916047192815665925
77500753531729121/140476682832882855,73295238582966628/140476682832882855
425506002135224746074548831995874673263616587969/466924811143890276835550861966725734423053893650,90338733376329197118613940122631237245792765579/233462405571945138417775430983362867211526946825
199779800/423064599,0
54442301967988396193/104523789238381718889,1
27020359348632412454246808076/28209145441553438499917171463,3923555317632712896594595626/9403048480517812833305723821
3950570803199569200787889171693035711/4285859677665176282574614486696660253,1994594256667424276208950913379715003/4285859677665176282574614486696660253
0,409901177306524901083/639279470299812978569
409901177306524901083/1224995471146623091263,0
