18
0,0
0,1
1,1
1,0
1,11000000000000000137/24000000000000000312
0,3666666666666666715/8000000000000000104
2317792836426429335819828978271958/3173559287183515261520434532548271,1
11087033199274383138788754388053070825977454643335335/38082711446202183643613682168341644512728666884336988,34909152159018668338934971762497282664986135006937055/76165422892404367287227364336683289025457333768673976
75720627878500949252125184510392446107215044529736206343355573413354435/114248134338606552446946449838312131174483547598247631856430582824411216,0
0,125/232
28000000000000000335/180000000000000002224,82500000000000001025/180000000000000002224
0,78900000000000002119200000000000014209/208800000000000005500800000000000036200
0,215673/323032
603571/6536433,8558915/17430488
0,704937539/1473076184
0,1447914000000000042013167000000000301660233/5814576000000000158593464000000001078405624
10864278000000000279906492000000001808050705/117655794000000003059050644000000019896902052,33385645500000000876271081000000005753629421/78437196000000002039367096000000013264601368
0,1452110166750000038170355656500000250606877833/3314421414000000085876239132000000555885620704
10
6 6 1 12 13 10 7
3 13 9 12
4 10 5 14 13
3 13 9 14
4 7 6 2 4
6 0 15 16 10 7 8
3 16 11 15
4 10 5 17 16
3 16 11 17
4 8 3 4 7
11000000000000000145/36000000000000000936000000000000006088,33000000000000000864000000000000005655/36000000000000000936000000000000006088
0,1
11261724721300277044648832685736295899534355096635521952558564295479/16693375856220725893799331530380307716671790951913288477936853105125,21097671591684453692704017549145911443521950720203326754805168611553/16693375856220725893799331530380307716671790951913288477936853105125
356422878946964113098566055816346151036392781629785339005751046377993036466201428949089933296968570651823/600961530823946147801775736516290616025630999376625649460853399730651394446757821645100253679561704001000,749167433573690081250412238534274381803469211358460180812139747395290632612460837795897211593744602639911/600961530823946147801775736516290616025630999376625649460853399730651394446757821645100253679561704001000
14487869722968637200902407154197091270260381217913823100407110301372927902206928907787/100160255137324356664879305967498466016378605081143732768020812879986501279074542199750,153833187350103017459326557029595862104069398402420488939751402236008219909010372965687/133547006849765808886505741289997954688504806774858310357361083839982001705432722933000
140000000000000001675/2132000000000000027716,356523809523809528415/609142857142857150776
2317792836426429335819828978271958/3173559287183515261520434532548271,1
11087033199274383138788754388053070825977454643335335/38082711446202183643613682168341644512728666884336988,34909152159018668338934971762497282664986135006937055/76165422892404367287227364336683289025457333768673976
37860313939250474643517168334705557223075008146116744504170854210145745/57124067169303276223473224919156065587241773799123815928215291412205608,104727456477056006378261849489219913213422303758205188934459265270545145/114248134338606552446946449838312131174483547598247631856430582824411216
12859683726/121529488225,16750968006301/28194841268200
28000000000000000335/180000000000000002224,82500000000000001025/180000000000000002224
78973587117317649133526700097741190092469410077/746334033570000019662041436120000129393160992500,886815953274758846803042808179270740914641046347/1492668067140000039324082872240000258786321985000
0,215673/323032
603571/6536433,8558915/17430488
9053565/184134523,844966011/1473076184
101425000000000001278146/726822000000000019824183000000000134800703,3882114000000000104333271000000000700441785/5814576000000000158593464000000001078405624
603571/6536433,8558915/17430488
40741042500000001060815953000000006879322417/828605353500000021469059783000000138971405176,1901173524750000049219222051500000318504982905/3314421414000000085876239132000000555885620704
