15
0,0
0,1
1,1
1,0
1,1704661450916/2467769458489
1810233692011/3514895142927,0
1,5547987467874/6832265137013
1498411546300/13519051060027,0
1,19451137035981502878329911031913504709/42537227775880787597597105372208496351
165995712387340250821852063598661684193/204897986459303256578511885662488693611,0
10700343730022553163533211/15737870791049856902073700,4089532990567940761510539/7868935395524928451036850
743268237027666161851652/797711051932383252070355,473490945235364933781091/797711051932383252070355
348506832299899668561636168725928163655/400831443862965174118674752489929165949,1
13756475535716519297173225904044953350411392609559/14513758714953616520982763976052994708231985308250,9625742958511547855780996331766037109010063229149/29027517429907233041965527952105989416463970616500
1,150096382480362240914514681914608421745131575348889540277303099/397506145685438010916626454453901664067540440972265080159588146
8
4 10 7 5 11
4 11 10 6 4
5 7 0 1 12 10
4 10 6 2 12
4 5 11 13 9
4 13 8 4 11
4 9 3 14 13
3 13 8 14
291702271728437441132401440/2893684964560625943966734561,-319411403022916797627899280/2893684964560625943966734561
15867566992537880996288785956/14468424822803129719833672805,-2906420445337278738251836717/14468424822803129719833672805
18957414861644898189248609518402973657448132608473/15098978391755547441687504519492586420012444510765,8485302697213574055499862215580109324263122609319/15098978391755547441687504519492586420012444510765
3131811093548404235744725932138501960812558996567921/5337220762621393047604445748117441177301872322524245,1052468159029541640123054301218704072744597556732016/5337220762621393047604445748117441177301872322524245
13413422727937616857847933613538049/12876590985507414910115724325752485,7064227480519943647709238933381322/12876590985507414910115724325752485
1810233692011/3514895142927,0
39471075217787918038883299831411909/35650122571711181657157246700077745,15919854128497310737867659713363292/35650122571711181657157246700077745
1498411546300/13519051060027,0
180677510104801828119703022976991356726781832945542668781226/221955289155234385442126548204480875898957044793006170004115,110255294445385783011125133908687093597503104095051411569218/221955289155234385442126548204480875898957044793006170004115
424938588589752296201994150365493393251/1024489932296516282892559428312443468055,94791379263397325841062896967381516666/341496644098838760964186476104147822685
10700343730022553163533211/15737870791049856902073700,4089532990567940761510539/7868935395524928451036850
743268237027666161851652/797711051932383252070355,473490945235364933781091/797711051932383252070355
2355661370567526633329358415110323263039/2004157219314825870593373762449645829745,1332788357771427275212589638683076154627/2004157219314825870593373762449645829745
10700343730022553163533211/15737870791049856902073700,4089532990567940761510539/7868935395524928451036850
87293562951388885648246679607014777072611910419006971022993523/116913572260422944387243074839382842372806012050666200046937690,535916244001265739271029624748279407999023156208832876535257894/993765364213595027291566136134754160168851102430662700398970365
