9
0,0
0,1
1,1
1,0
128981070658/134808905639,1
801/4721,0
248147136367747472214151148661/429680524447131491257734340912,222644958785813604288247842729/429680524447131491257734340912
703342154348331629/900716388754941832,0
0,8431137229064780503491948866813084927921/14106253970964689384500611617708840814792
4
5 3 2 4 6 7
3 7 5 6
4 8 1 4 6
4 6 8 0 5
10167175580187010669688389907425729353769252941677648762481/7750103148111795870100699333377787334758154677869792317800,2074701104938362635335089822803816030272131554895876287217/7750103148111795870100699333377787334758154677869792317800
17387796983551513640462/14716215553498083055861,1030242024898263625119/14716215553498083055861
1,1
1,0
128981070658/134808905639,1
3055422885946117584489149294912486258997/2486253128681488248568314091769559945800,1033555353304925249349981596965301593629/2486253128681488248568314091769559945800
248147136367747472214151148661/429680524447131491257734340912,222644958785813604288247842729/429680524447131491257734340912
703342154348331629/900716388754941832,0
11150814630395911394899425533441403399793/14106253970964689384500611617708840814792,-929284062544365350536753373081547611/37920037556356691893818848434701184986
