22
0,0
0,1
1,1
1,0
1,68727026113/98398927150
21473980921/31364614600,1
28202/80815,1
0,43959/58060
26841752494032116402/28541512593989788125,14373532341875362849/19027675062659858750
8749706/269891019,0
1,1577307306269852742034875309/1891540360317986964609604000
4166697407/14101062610,108609636479/112808500880
21895372531343/41174150927902,136836989730955/329393207423216
1,6112884172397246245469/60184278917976835691604
192322259627729/749776092666355,1
14502292684932481734/75202751272529468665,9575904568809438927/10743250181789924095
2516590919727338734181/6702959778232020249805,5211950781625955419254/6702959778232020249805
3944325975651923374386950356/9386967304751960424011706735,1
1025915044758684507091007168355473523599/1193731999399147591843329698956183913125,233734605749445427158794653631566764982/1193731999399147591843329698956183913125
448929084723814259692394763512833/479460796345454917663689417535917,0
1,329331050589334305938485308363863555057888/1663426055397376260468169184199573629074553
386843121768956260990254/2268377608582207514455805,1
13
6 15 7 0 9 12 16
3 16 15 11
5 12 16 17 5 8
4 17 6 11 16
4 9 12 18 19
4 19 3 13 18
5 20 4 8 12 18
3 18 20 13
4 7 1 21 15
4 15 11 14 21
3 11 6 14
4 5 2 10 8
3 8 4 10
0,0
911657852/4002983725,2693057229/4002983725
129521138624807335213/185360003053298055625,126966338482462606534/185360003053298055625
108619325388564225855001207565328420919797179687/744970365472049635087996024765641879946910200625,633832304765133384265631841860502705353127878284/744970365472049635087996024765641879946910200625
7844446388036312748216097901/8761946358902548504592009375,14445368384403001957410907161/17523892717805097009184018750
21473980921/31364614600,1
2479656617735620/10701065759788859,50797162033044919/53505328798944295
0,43959/58060
26841752494032116402/28541512593989788125,14373532341875362849/19027675062659858750
8749706/269891019,0
5111378819279261515826818163/5911063625993709264405012500,32742499846817852232668203547/47288509007949674115240100000
4166697407/14101062610,108609636479/112808500880
21895372531343/41174150927902,136836989730955/329393207423216
86606116737163374197250153755184451509228128062341233/419595271874008814171728723391747209782896956473830700,242097572245687839449375393574187765114765048078810352/314696453905506610628796542543810407337172717355373025
237566423169971/749776092666355,684766474767139/749776092666355
14502292684932481734/75202751272529468665,9575904568809438927/10743250181789924095
2516590919727338734181/6702959778232020249805,5211950781625955419254/6702959778232020249805
343326061589750879193665794/1877393460950392084802341347,2808434095385655717954081653/3128989101583986808003902245
2516590919727338734181/6702959778232020249805,5211950781625955419254/6702959778232020249805
472045315800195657620321729686199/2397303981727274588318447087679585,710248492657363897689413798865104/799101327242424862772815695893195
10650759378854270131889066305186566765768903/41585651384934406511704229604989340726863825,35427433084696120443155885855389499460368496/41585651384934406511704229604989340726863825
130198484353081281155126/453675521716441502891161,269833075051454926981851/324053944083172502065115
