11
0,0
0,1
1,1
1,0
0,51829035822394119862605292212189/254587981657291472180721604703000
20679785293135253825179511592663411/71744346736684830391124993855256800,0
1,120474383425324272791967453216/187210339671376064125098829475
0,570426383287539282348655923543/1497682717371008513000790635800
1403897165782196337653682112382782865899/1844508166224980870384917552216246486895,2142516948792697852690532409875023373277/3689016332449961740769835104432492973790
1706965298/2578860829,0
31452044851995561261098593150150193978255978559588317196317233402386/74867369256387915343555020511611201414567915564204850994801640145715,1
5
5 8 7 4 5 9
4 9 8 6 3
4 7 1 10 8
4 8 6 2 10
3 5 0 4
1854572108138613995537159898412286415461198786112267486294169211181/9666169085052460973075204883143093496853308125102717966749740597025,2100665094755292136441453028266941505362106022339171052151775151267/7732935268041968778460163906514474797482646500082174373399792477620
11223187814638892990661111340773717853592800328953515605586/36889114516218738613915912272754174673818192302372523314065,-1168243472938467020772885587923519730473927563469698924883/7377822903243747722783182454550834934763638460474504662813
14559434876307567602647139884087447383703553740614641732400622053152092047639/50498308223397873785570573172545072586366794868475585664414083693097476656281,122347642500885242794529851247071527600060195642060720027486443962583853881233/252491541116989368927852865862725362931833974342377928322070418465487383281405
180585683297233003/526508334355087649,59094528595545164/526508334355087649
0,51829035822394119862605292212189/254587981657291472180721604703000
20679785293135253825179511592663411/71744346736684830391124993855256800,0
713244228553343835527157319183177280920542322733/1281381453487543179100983049464730088712085505575,184331155138033037065006020806292684499057826084/256276290697508635820196609892946017742417101115
0,570426383287539282348655923543/1497682717371008513000790635800
1403897165782196337653682112382782865899/1844508166224980870384917552216246486895,2142516948792697852690532409875023373277/3689016332449961740769835104432492973790
1706965298/2578860829,0
244733341121779673635565621055482368891960517114933916035613523572/365206679299453245578317173227371714217404466166852931681959220223,720148316948962678729990775598855233769970107921673166390621714279/14973473851277583068711004102322240282913583112840970198960328029143
