12
0,0
0,1
1,1
1,0
0,10159705009/22555439032
314950855279/1147922745266,0
1,1543426974010319714357923/2370657167227750162669630
206389102276479471419380301662484797/1733330924520769986824195201371565510,220957585986369882912776117563964607/866665462260384993412097600685782755
0,29463190020293392487868554731454516115737372387/183800590357915817810910021886101676581089345302
7123464164940280032562712110276990331984497866139370/8456415413985923341686189300609124128954324360772447,1
9792244275317340178927545087032959657247103730752702114940738735959879537599/10782955027620859252104920483739221079323801234535954837911905489824843752895,13149651396433098446626749203502109141990072798818255215199585004690622418371/21565910055241718504209840967478442158647602469071909675823810979649687505790
1,900965637817469638806881437445696828828664402966976634988201702562979308156976745797873185162781271/1817533745539129852992043023060578521506351347200438358036390871413286547045877240604547351578428870
6
5 9 1 4 7 10
4 10 9 2 6
5 5 7 10 11 3
3 11 6 10
3 8 4 7
4 7 8 0 5
9072643867403536170285195018745114670730891542559742813683393828450517/30515211534411590681869266021510329424005659275751101538159442256760690,14424013446586782378366400454889766530912984961419022335008225392034193/30515211534411590681869266021510329424005659275751101538159442256760690
0,1
50996732345223513361405428481831852135982480692061102048405006108670227539321857678274883675750932068847/73540711322266248100477341743097039459490545304608273322348777720116969194919567821178008094062044927685,69742619139790637397787498028372081288842090258198877336554518193844766777886241157410529502833767351089/73540711322266248100477341743097039459490545304608273322348777720116969194919567821178008094062044927685
173291745291459906049667327139516732811720010129/337813009884508917561692956077789517447402252090,365893621803020290720354807240748207955902197849/337813009884508917561692956077789517447402252090
0,10159705009/22555439032
6091395983003133050766193836558187958631138907973317580057/193891618846597935126838328529695451358569698989671893052970,988329594097980478097373656412841384639046462662026327897/1829166215533942784215455929525428786401600933864829179745
70414183836416580753817279976548820124200076737597282728675287585534992015584187884716414807168379328164409532184677242402354651/87169907189578718354041592529563161972982711432578617971486279311957631755678667930816043250604732762423906749376652089947853275,107858883509207737976732685708997630644421016024796694898578590451843882679256021791384363678716219484813857699679879891924355439/174339814379157436708083185059126323945965422865157235942972558623915263511357335861632086501209465524847813498753304179895706550
206389102276479471419380301662484797/1733330924520769986824195201371565510,220957585986369882912776117563964607/866665462260384993412097600685782755
2235082498850958160126675674347950678634233217/8669839167826217821269340655004796065145723835,291627051312723661320524759475740847069859153559/919002951789579089054550109430508382905446726510
7123464164940280032562712110276990331984497866139370/8456415413985923341686189300609124128954324360772447,1
9792244275317340178927545087032959657247103730752702114940738735959879537599/10782955027620859252104920483739221079323801234535954837911905489824843752895,13149651396433098446626749203502109141990072798818255215199585004690622418371/21565910055241718504209840967478442158647602469071909675823810979649687505790
803162274327568219093405529789178429573824492245275419370559420686274218672950823569000039335259363/908766872769564926496021511530289260753175673600219179018195435706643273522938620302273675789214435,1370692746937056395835845523366178711294297633611678585240344176443800555675963854993965758250913367/1817533745539129852992043023060578521506351347200438358036390871413286547045877240604547351578428870
