12
0,0
0,1
1,1
1,0
1,453081667177/478861194360
0,34235125901/239430597180
1,3118522227050282125291741010608370469317/3437026735828938908601634825536332626343
1269118760975973697687173477896179074205470624621994/1333033286293766499187122746614206480584883699813585,1209934516588414307396855647965700971883384795191722/1333033286293766499187122746614206480584883699813585
27381529360222626610539212960488605866502182611728430494222029/28176018940035112448302514876854005938467236713248330804297805,1
21976881628053311445018281805602179967674038083068495485938715674808096630168147111215215349092238/31272504766029935472520530229045645179413015165122481842274079763513389433991700290860773209840845,132737368770869636250941840645505252560618536924654135950107313714338637851564794249982607331339349/187635028596179612835123181374273871076478090990734891053644478581080336603950201745164639259045070
1,37130781543050892270213105593451059574374335001226838048876097257093444778244467909373/80276337155283597933123256582634770323523169886418307400078025571014909394279946982822
3869333332125578823864515037154390384883355819517226654514432341205522812517628494243348665657920744766157119/6990425473794628898665335219634549108407169849932655602602678448876089961163870116253145744819864240739945180,1
6
3 6 4 7
4 9 7 6 10
5 3 10 9 5 0
4 8 2 4 7
4 7 8 11 9
4 9 5 1 11
5168086603117271321192653529728878518603759009232626287626656996395163511576182400569641551737/4120810793779567840100055455880882601662630035328177701148522816813005233432664972591943434725,1148060854077211789750861389499474635944963201626253170721783814911228216915386941008454710634/4120810793779567840100055455880882601662630035328177701148522816813005233432664972591943434725
151967459517900417680671873111365269770553548410696989421051241237488016655823626421547828427155382467629119957582138/103633991619105070872117518268921049657400408069569067438071405203067151453645177308240873929493683582019317444520875,112873535409536978020860633938516042052097231308988710140835550225642376203179165969971270872888148008950133843880366/103633991619105070872117518268921049657400408069569067438071405203067151453645177308240873929493683582019317444520875
5294189135676670873033/5029786457341953096003,23502956929791436641631/25148932286709765480015
6011264175422767905285648486878603756531827240439157012867964098064204947555080583040348791413/4120810793779567840100055455880882601662630035328177701148522816813005233432664972591943434725,5181686168814712426086719813564719278344831795166671705607318718477276158048965694777396198541/4120810793779567840100055455880882601662630035328177701148522816813005233432664972591943434725
1,453081667177/478861194360
1099306391174826836954218895983035168630046535287660821712176681486605561706721289939016858808933362322453/986648189220431757237479028752676864261555570248030084267150389904393587431248275706557349032987099075500,25312265519622155253344538513120228084049185771297708361987181472541583454836756939381039699241896571683/82220682435035979769789919062723072021796297520669173688929199158699465619270689642213112419415591589625
1,3118522227050282125291741010608370469317/3437026735828938908601634825536332626343
1269118760975973697687173477896179074205470624621994/1333033286293766499187122746614206480584883699813585,1209934516588414307396855647965700971883384795191722/1333033286293766499187122746614206480584883699813585
88457280353640770257926050076198678043528930780602205829245237/84528056820105337344907544630562017815401710139744992412893415,76668426968725132565556732699597312518623158381150720366454391/84528056820105337344907544630562017815401710139744992412893415
26474583578986715712692624104563841494864469296534142424351284430169747959176701815752443980624423/37527005719235922567024636274854774215295618198146978210728895716216067320790040349032927851809014,6950223171936673850166773534372334919030690661159669681381692066537442038478928657326069329934766/6254500953205987094504106045809129035882603033024496368454815952702677886798340058172154641968169
80758526887483129799021527149492277714960825837272257677853256002828734364194458386363/80276337155283597933123256582634770323523169886418307400078025571014909394279946982822,54270221388844577573851384950467351242666801055543829744104776082342750045376244757753/40138168577641798966561628291317385161761584943209153700039012785507454697139973491411
336159141085767506635411832198194361102307003151465908018174536103165525297204678598214107224011984741961245/349521273689731444933266760981727455420358492496632780130133922443804498058193505812657287240993212036997259,613588248093660317048772251127868822499919407496724816458014561785653559204945115770219005463304549479150865/466028364919641926577689014642303273893811323328843706840178563258405997410924674416876382987990949382663012
