12
0,0
0,1
1,1
1,0
1,109/274
0,629/1918
127/512,1
0,93094210193948452839916639210138/111430668980164735223899638073281
66166176188115058685006591593978697028329/387152720437137689160952384546144995930544,22958728094875524683139918121054400682974/24197045027321105572559524034134062245659
1160107179751/2641129927536,947197646771/2641129927536
4769880674433653054576740209382793167260385284176248603385723974585219913/38551183946226826605470496054722142591786454752761634050861996710976439728,1
433106148585381/1299420389993504,0
6
5 4 2 6 8 9
4 9 5 7 8
3 10 6 8
4 8 10 1 7
4 9 4 3 11
4 11 9 5 0
66592915550162876301467/124154005912530130693000,56943990031251956841997/62077002956265065346500
1524145526953759539615418136200641266529458398167937606152937213453759831795890291/4804428972308400647332000469660134329435058041764631923693027596004182280970625000,2034133698143267467159112924270958066012540596921270116777866969620081364835350231/2402214486154200323666000234830067164717529020882315961846513798002091140485312500
1,1
873049/924170,731717/924170
1,109/274
193538948757839961757/257666212212290802200,86248482883935611287/128833106106145401100
127/512,1
11038404387362186384637032960782216215041463774803/29939435245464709664866547590558440521833666189800,5005265095126509740180494312496484869973139508641/4989905874244118277477757931759740086972277698300
66166176188115058685006591593978697028329/387152720437137689160952384546144995930544,22958728094875524683139918121054400682974/24197045027321105572559524034134062245659
1160107179751/2641129927536,947197646771/2641129927536
7699178278662649375366209915856268725015969987323784370530646056670739273/38551183946226826605470496054722142591786454752761634050861996710976439728,2133476028255423582102195550250473756567882741532436641300721820425788513/2409448996639176662841906003420133911986653422047602128178874794436027483
92410976562931/324855097498376,908362543253389/1299420389993504
