31
0,0
0,1
1,1
1,0
1,8780/13949
1783/10563,0
1820841/9958870,105877/9958870
61/302,0
0,3435933395/4384463354
33360737/160539436,4742107/160539436
2171/10202,0
33610211382653/192440600794815,17408985272657/384881201589630
3361632629252147/24141892080995830,0
77920/198373,4807/28339
614797/2914840,32421/2914840
2558772530131/13258709830746,80962425205/4419569943582
6294376/31560567,0
38581/193246,251/193246
85187962410539/446191421149400,16745596769923/446191421149400
0,48549653541498/972215985467485
282525222399106931/1727385467837787160,53648312205031581/1727385467837787160
31149969740467283/179277487733930665,672834593086066/179277487733930665
262346914426/475753083939,6564398569/22654908759
16013351/17552808,0
985238122554034/3949369904310831,1
24070230478619031/30707027252973775,9499780828979899/92121081758921325
4662169937726/11582040688649,0
14029729809634659648815/17508296604271715497876,8386174143935367491413/17508296604271715497876
2043793277131145313264442/4700502301765354192538375,723125579954650847889212/1281955173208732961601375
472577455061144306610709/2944395896742751821380470,309354612135450522871173/2944395896742751821380470
0,22990517898455993971280421/110845803410981473905188045
21
3 13 9 14
3 25 23 26
6 26 25 22 13 14 10
5 23 3 4 27 25
3 25 22 27
3 15 9 14
5 14 15 6 7 10
4 16 5 6 17
3 17 16 7
3 13 9 18
5 28 24 1 8 29
6 29 28 22 13 18 11
5 24 2 4 27 28
3 28 22 27
3 15 9 18
4 18 15 6 11
4 19 0 12 20
3 30 8 29
5 11 29 30 19 20
4 5 12 20 21
4 21 6 11 20
883392370598/2963087970245,453144639521/2963087970245
-918797161408/8349518692825,7834919526481/8349518692825
-74681135038037979/245083422190492225,268962294098768411/735250266571476675
68376405/320211877,3544299802/4803178155
-23020469883/4466635472273,9894689788658/66999532084095
6302306792751037/27362898225376350,327741255398497/9120966075125450
32459374389545253/145389073932778255,5285639864847092/145389073932778255
1636389/8236295,62499/16472590
-48073990151152/597876384109825,865806493623653/1195752768219650
33360737/160539436,4742107/160539436
55690919/278234045,8072829/556468090
13285631371/68571737655,2266089811/137143475310
2466580994392586/12070946040497915,1207374912083211/24141892080995830
5685499644400463723945/65624295603642977468393,2807895173172043877912/9374899371948996781199
614797/2914840,32421/2914840
2491378529831/11048924858955,789462313714/33146774576865
2110759/10520189,68272/31560567
38581/193246,251/193246
614797/2914840,32421/2914840
29132490452212956350829901440017/321621335670203610158819719336385,71723436166050875443735348438904/321621335670203610158819719336385
614797/2914840,32421/2914840
83504794841603711/358554975467861330,10854122632570153/358554975467861330
70872317681945848762177877341/786925665659079263148418903995,18679184454985886588272362382/37472650745670441102305662095
3244807/10970505,2956543/4179240
246070383327122/1795168138323105,304834850812717/313442055897685
19467130242/51178805245,956114073374/1688900573085
2618629768475/11582040688649,2344891714947/11582040688649
20434183500145357899691/87541483021358577489380,57707586570841550128237/262624449064075732468140
19467130242/51178805245,956114073374/1688900573085
3299430045013235/19234890069273542,1420582426752991/19234890069273542
5450895364805870829663856/22169160682196294781037609,5522137172433276837190276/22169160682196294781037609
