9
0,0
0,1
1,1
1,0
1,33054253/45414221
31461928/64516181,0
1,3504649698585710068/5684887137567064999
357715019620305086973238053/415212543185170579921865491,220526072964092609078689045/415212543185170579921865491
320263481796800988527826734540448/333379175169629855061115180448719,1
4
3 6 4 7
4 5 7 6 3
4 8 2 4 7
5 7 8 1 0 5
-1066648509116500697558591063138665649369208253199182/9102582804963235143446593742198919135114765344552473,7180895183333417859135462856401530000338512435292420/9102582804963235143446593742198919135114765344552473
5526128040811276205585884984627526424647158447956993/9102582804963235143446593742198919135114765344552473,13457224610947519497818562052490495015666153820883072/9102582804963235143446593742198919135114765344552473
3909812472573009/3112394539930801,2551076221625873/3112394539930801
80141489028314197505724115762240203349/178402045106756480452373708368270648453,159388303945345555483267610376997679456/178402045106756480452373708368270648453
1,33054253/45414221
2521405757623826390759966530589759455155096754/11509818632877665415788304048728563812581117993,5014663342766984614292263500585713436896943820/11509818632877665415788304048728563812581117993
1,3504649698585710068/5684887137567064999
357715019620305086973238053/415212543185170579921865491,220526072964092609078689045/415212543185170579921865491
25816286165121948491212977909503691/20336129685347421158728026007371859,15915362493182444245676240277052576/20336129685347421158728026007371859
