22
0,0
0,1
1,1
1,0
1,223284799/492388458
199779800/423064599,0
0,214288163/472934937
22221762808232806/30471060423736173,2243309295372231/10157020141245391
17543704095055387221160055/22954904862807450652933713,0
0,1784101033823587/3917203032678757
2447861382677874040562552/3243031913718830316670861,44882327334668359679433992/184852819081973328050239077
1239157777913081140854051544043844656847958/1758214181958755995561371672579691467553279,1053973390141761905400898614479324773600847/5274642545876267986684115017739074402659837
0,11919408085185444820277064451503259/26446322570552860942828819522055265
74815267012270678496913186555936280/95314190994467665611685018023857013,0
319808963898629523802434760987739746692907325213205/430208438764237659047775641751274520186820199369348,0
1,18174992/18943635
2060954250355773318103880/5325974375334440594949349,5535284905261550011210202/15977923126003321784848047
231145606351052368238634235173535169373543494406615/590742465746398294861913065568240567542071564188431,582173947411212199895475909348812670844377676624652/1772227397239194884585739196704721702626214692565293
155889241782397598728673/361428872454976802820045,0
27508444384510527706753430730363421798183/72891920537705303368927904081390557563349,69180838596837492026011895442042525004133/218675761613115910106783712244171672690047
1,9406564586070892335856/1010444890152549924935817
366977409947104473357325/371680692240139919525253,0
13
4 4 15 16 10
5 16 9 1 2 15
4 10 7 17 16
4 16 9 6 17
4 11 5 18 19
4 19 12 0 18
4 19 11 7 17
4 17 19 12 6
5 10 4 20 21 13
3 21 3 20
4 8 13 10 7
3 11 5 14
4 14 11 7 8
942143915923497283050837363269/1091344960474823450100547520501,241675960289323778872911864169/1091344960474823450100547520501
248911720428020/239223027103503,-9707260959347/239223027103503
248929564666667/239223027103503,229515765478633/239223027103503
2099591925772903029243510226103/3733917478304547756972662126785,1908613310427315370236249327196/3733917478304547756972662126785
1,223284799/492388458
3747789420314415149933699/5790112561457397147178599,1060939340278380459534447/1930037520485799049059533
2926149598456103633604211563931100887861101901150980131180/5876299333413140647709164218814632558784220817430363874279,-693011054855358141579793926323647636920332255975855479379/17628898000239421943127492656443897676352662452291091622837
10604334411330675831310789721492566637678960613347306/14243922719555615104195915013667749578802292344116773,1304932458941918217800362187648502300348072423776591/4747974239851871701398638337889249859600764114705591
5658397641047473663276735495713145522134822092179591256493991/10730440173518908190348214890183045088374841280094714391902313,1173895001561953411264624897693469850970988009146070159411836/3576813391172969396782738296727681696124947093364904797300771
464750630262888537776194214540/937085167256434433628788385771,-37987248487832204092817736689/937085167256434433628788385771
2447861382677874040562552/3243031913718830316670861,44882327334668359679433992/184852819081973328050239077
1268483466906862131545766232835787470345648/1758214181958755995561371672579691467553279,1330236932782237028076039017435740114260977/5274642545876267986684115017739074402659837
348356665013344584051297226906492923580217879692/702952149009261131474835212785373895730937899255,-16512037842566209119137595866135062072090743047/421771289405556678884901127671224337438562739553
16499256196966577994185502019779112/31771396998155888537228339341285671,29466053263691471418594503511552448/95314190994467665611685018023857013
56526587220180003508552830190746340365320777157954/107552109691059414761943910437818630046705049842337,132238442626479600995327369790973404154304703168383/430208438764237659047775641751274520186820199369348
1,18174992/18943635
2060954250355773318103880/5325974375334440594949349,5535284905261550011210202/15977923126003321784848047
236301367290759965513904680567531855819009757749305/590742465746398294861913065568240567542071564188431,637074819504889845857432480860197083774107411580924/1772227397239194884585739196704721702626214692565293
1431491980882404992443/2331799177128882598839,5313502404282940760152/9267406986025046226155
2060954250355773318103880/5325974375334440594949349,5535284905261550011210202/15977923126003321784848047
188920023575333422816485/336814963384183308311939,525794096399970616944460/1010444890152549924935817
204347360368059244069195/371680692240139919525253,63092933109166172170820/123893564080046639841751
