17
0,0
0,1
1,1
1,0
0,10159705009/22555439032
314950855279/1147922745266,0
607/1937,1
770/1937,0
20321744186833680543959001/466771956953771565036684169,0
0,20321744186833680543959001/743591090958915455002283333
1,9/35
2958211/8479927,4904841/8479927
1356023050480487319229/25786049976399801011198,853514935070648194269/2344186361490891001018
0,2618354158314831779980767945433243/7757594594784614448815560838205819
819741/1251542,1
1236761373/3724247036,2896094713/3724247036
0,207256106593/222374453306
9
5 10 2 14 15 11
3 15 6 14
4 7 11 10 3
5 12 4 16 15 11
4 15 6 1 16
4 11 12 5 7
3 8 0 9
3 4 13 12
5 12 5 8 9 13
180769625207872174179607/451658323414543631912705,110109749621986967673884/451658323414543631912705
30039234020070845/43392508444456418,41258504784361075/43392508444456418
1,1
62467580/51880637,21458115/51880637
30433477939641101/42613291744547608,776979131184665/1521903276590986
100704101626066134316240693/112515345866610240272022898,44040597096774345455885186/56257672933305120136011449
23719499168515/44488788445114,30290116867279/44488788445114
6473871328/7730214913,89611445070/100492793869
16084720580263389081618060872275884/24216426460498248346590103055535653,18903772143308355410299195833571994/24216426460498248346590103055535653
23954419067514966780102239273713083/38577979466473474634663295770523121,29044249953800453866492931491662013/38577979466473474634663295770523121
1,9/35
2958211/8479927,4904841/8479927
17450918413184060292839/25786049976399801011198,10743061778869893376349/25786049976399801011198
1613366427354383129719187661256739/2585864864928204816271853612735273,3434235476473421167394236315149067/7757594594784614448815560838205819
819741/1251542,1
1236761373/3724247036,2896094713/3724247036
140918045853/222374453306,109557232820/111187226653
