9
0,0
0,1
1,1
1,0
32799649300072769723823/201831907899761805608494,1
144989316990377923970711/201831907899761805608494,0
303433290026/809364567987,0
19333551302399741542898076681234989/48620294828547882109762180900870758,56106696062398082972896846845147913/97240589657095764219524361801741516
1,1101666428224928910531423851330839416156210394766856340519/4693945683430562974150256525390067617268290084778635094951
4
3 6 5 7
5 7 6 0 1 4
4 5 7 8 3
4 8 2 4 7
54575145265503903555036/72898728201492503119141,-6452824076423908405160/218696184604477509357423
60312471329785817014176/72898728201492503119141,211564993927620679058863/218696184604477509357423
1020483922761505157571357427533773950979945933211583958703172584811032/971788170710022074517675012108724258298119642084061224585286462053445,688935956111319323480321654881802524851479143674549716815654481321243/2915364512130066223553025036326172774894358926252183673755859386160335
7594335859126455420002830947439482698207593744/13330660145729758049056948165096294674015658145,-3188575692389869170802641715892266901685484652/13330660145729758049056948165096294674015658145
9789345168073770938326875966766520978684504301/14713289396373403463877413250572415402483583654,21632556608849521565614551012015299212072029491/22069934094560105195816119875858623103725375481
144989316990377923970711/201831907899761805608494,0
303433290026/809364567987,0
19333551302399741542898076681234989/48620294828547882109762180900870758,56106696062398082972896846845147913/97240589657095764219524361801741516
1738446022403824568853173258624472441697047489265588784008/4693945683430562974150256525390067617268290084778635094951,-60129842637772103833864895583277102320342584249841614213/521549520381173663794472947265563068585365564975403899439
