22
0,0
0,1
1,1
1,0
1,1704661450916/2467769458489
1810233692011/3514895142927,0
255822080/595028819,1
207772168/595028819,0
1,196016766003763091601833423730321/5010743968502768611623785093240309
2084575105662605784491689593432191/2280591871666368876093523017162512,0
0,346375/609584
5970744896963/14622317270152,85686687490599/116978538161216
847066222305874245380253037959761655/1003285510717221853879866030404875766,470533303797607337322252788126750431/1003285510717221853879866030404875766
1,575548517841102792591828549211533335364187133433/1678341784963791914929062392680021007276096038682
3910935/14153803,0
553453485885/2187116094698,5861695966615/8748464378792
0,485713036233451915/509875969365371402
12403172111681321692153/29292926362282873769739,0
429906771640204982504537138247/779418384146670310497027738490,2013765728758404191020953933551/3117673536586681241988110953960
338840355373903997269766300001340590/342249016758572487393524113148656421,1
1,44203256506232781324730537233120264536509346146/235880686826784142390156111234570049737657606109
48981704798929529738244901369619108251400926633/71083333052045920400610169986179240519655599706,0
12
4 10 0 14 15
4 15 11 7 14
3 15 10 16
5 6 1 16 15 11
4 5 17 18 12
4 18 11 7 17
5 12 4 2 19 18
4 18 11 6 19
3 8 3 9
5 20 13 12 5 21
4 21 20 8 9
3 12 4 13
0,0
5105768024779797105993343/21648812638911430785198737,5510650836109884476653705/21648812638911430785198737
10255654032586356638715860068/38464783742721085600208524465,3801124829665743775622138329/38464783742721085600208524465
3230480728851913011074093/9222186983011454026145225,4206711465634050373025924/9222186983011454026145225
1845986587915844720135875371732227786884/94922218547671304106988805964474758433385,27018105961961731769347767288814293849932/94922218547671304106988805964474758433385
77448457064790780417154650127/417532155606860345918280004045,4761661597856902367930181136/178942352402940148250691430305
-1213428504091059872209028592809683/12881667417283742105717047157401603,975456821194070543666843610352765/1840238202469106015102435308200229
24302325185935509937478/119345925290197207572971,-603166204626272105880/119345925290197207572971
133919274319201389415731784942719841530030300490/1005013297201723758085432815299431619442434132381,462933294215512206531899313612136843685152176836/1005013297201723758085432815299431619442434132381
4212937308579324201849369594684434902414211470/28588882845072487749516420897786734094991374713,167988605645750600906639800852871418247549114073/457422125521159803992262734364587745519861995408
0,346375/609584
34392171863259559703020631/366602828461725517416522521,16930088625317714335087116351/23462581021550433114657441344
-64474408611068130360346143278262951/1003285510717221853879866030404875766,544142254660848736834041351574059919/1003285510717221853879866030404875766
204088101795888040663644573237656445960451936823/1678341784963791914929062392680021007276096038682,517885196367262059091507874574603721876593254344/839170892481895957464531196340010503638048019341
3910935/14153803,0
553453485885/2187116094698,5861695966615/8748464378792
67868340613619895/254937984682685701,148336646493730075/509875969365371402
455286809951086877946725/1650168185075268555695297,58971397577964366531536/4950504555225805667085891
553453485885/2187116094698,5861695966615/8748464378792
93300207512785914389079496800902205/342249016758572487393524113148656421,36546008549212301197443695108331437/342249016758572487393524113148656421
10265480234141394603475997747697370577475691547625/39863836073726520063936382798642338405664135432421,21587284419013662115713689641590336916471106607956/39863836073726520063936382798642338405664135432421
540812014621717720466568580961363898608752698625/2002180547632626757950519787944048607970299391719,2146883958816933127973828909122970460164364296129/12013083285795760547703118727664291647821796350314
