9
0,0
0,1
1,1
1,0
1,223284799/492388458
199779800/423064599,0
0,7696180/32653741
10313068048922240/14521039557457689,2969370212158820/14521039557457689
3141713557746827911085500/4565128751626443029952783,0
4
4 6 0 5 7
5 7 6 1 2 4
3 5 7 8
4 8 3 4 7
0,0
-35804990525235/534162489439153,-280795243446548/534162489439153
496299321330693/534162489439153,-327641443166083/534162489439153
39355914183247174526805443127808/75037374610167033568335099421815,-7328263970895626345333836869619/75037374610167033568335099421815
256978541291238076619959/263015444496385830496074,-3022607947889156771577/43835907416064305082679
199779800/423064599,0
0,7696180/32653741
10313068048922240/14521039557457689,2969370212158820/14521039557457689
2304223279020483839343380/4565128751626443029952783,974722413330676153933040/4565128751626443029952783
