9
0,0
0,1
1,1
1,0
1,1349140940329598491015665172400945138633427626149/5396563761318394088183627199926841727974906365527952754275341606698
45/5396563761318393964062660689603780554533710504641,0
429612346192915375769166285945375979701490333400132026838728532296261893/719437501276400389405453720951242175879144682376007596073862498802011540,859224692385830731776164647016645128551193785405427837/5755500010211203115243629767609937407033157459008060768590899990416092320
159217/266628,0
1876322462795643660079535607321632498796210268702832184986924505564873338589392430681437531771181170338129861298287203654848481102304060007/8282646075566246896759552964109595591089191454023208753020334912938197378944832970961025306622139144229015030674954920927451334329379707588,1
4
4 3 4 6 7
3 7 5 6
4 8 2 4 6
5 6 8 1 0 5
76081041935390257638792517264045234648383639200688245217399195831305459669273092469335516425925353997543190317364145872502215141827422213426717/72453378478829503940689873391971251224737147672303688395884580825244209783146975629258969551381860739134633387256731613260085646893041254031490,-14098339709046918738532564820581285362030015023281893948502255830870770580143452712107398396826184143075042101607603887001047302493402617548112/36226689239414751970344936695985625612368573836151844197942290412622104891573487814629484775690930369567316693628365806630042823446520627015745
375210079207707658820711775044105937199481058105576597793183382520804288971625067357138857457520242861293003217613166468921848786395653163194201/941893920224783551228968354095626265921582919739947949146499550728174727180910683180366604167964189608750234034337510972381113409609536302409370,-540475965293747147082391448512723546777315457572977154776259748359538813241136994313895267276103268202294142001187226194571596118291626345995331/470946960112391775614484177047813132960791459869973974573249775364087363590455341590183302083982094804375117017168755486190556704804768151204685
465966406879598930106874027707135062980938737309961940172257801125831814027004144828560832842117309876234462910536918451248087563773417/465966406879598929873890824267335603460852805151631572312952221661172012376847513286748359372331940887413046891275186292400728777950145,-465966406879598929640907620827536143824275271273401477343787615247008581500405577030243203711148904458325354705994369355031923385800319/465966406879598929873890824267335603460852805151631572312952221661172012376847513286748359372331940887413046891275186292400728777950145
1,0
1,1349140940329598491015665172400945138633427626149/5396563761318394088183627199926841727974906365527952754275341606698
57273340320362319088003806876188514333836924154224413224759/54542457587555010996618209399716960723692689130275625385730,-10613143400349781198899185719949600627864345637327844642624/27271228793777505498309104699858480361846344565137812692865
429612346192915375769166285945375979701490333400132026838728532296261893/719437501276400389405453720951242175879144682376007596073862498802011540,859224692385830731776164647016645128551193785405427837/5755500010211203115243629767609937407033157459008060768590899990416092320
159217/266628,0
9381612313978218321104293225523779258455082869481687057883138264433418181204648533153082366725657710770256354969273997212565289517297210437/41413230377831234483797764820547977955445957270116043765101674564690986894724164854805126533110695721145075153374774604637256671646898537940,-3451102531485936206592246555296572408996583838777713868266043226802889071269720428700790514649244535741768808764204768540973659356941456757/3451102531485936206983147068378998162953829772509670313758472880390915574560347071233760544425891310095422929447897883719771389303908211495
