11
0,0
0,1
1,1
1,0
156009184278857875442/345856458058123761177,1
0,4004461949460064623069486711277817716572176444555567130084149845579/5219320218437783119174750435817191699577897475721251511183054387807
1,14109926169923322210994875017615989079876945872435412906055906731120732580/47006952855847391445022809451158069022984870456962521071823959070640508913
944840729361867472700182339137548090482253824585311018793631427561/2733179202125915852514700506472150514508136055788826384143322089156,0
1127639576122385005779741994787527760718968455750720585293505144446427421411957378623085/73827523410837148971397297256257418313876551743102334239813723776422664528272546356420909,57225169913027211635260047296295601701961698498061759596494833409360969119493339571406063/73827523410837148971397297256257418313876551743102334239813723776422664528272546356420909
0,2397537769163033/9007199254740992
0,88355378095887691535690895420084095316908624874356536671617693284075523340531368049513081766126053905157273165086607621285667868074469001694768981114403819/112511138122813400925025939606139122778462114489837931378036565092894455790370461296179381825906717724339989689852244029381606367915297146937542322661161892
5
3 8 5 9
7 7 0 9 8 4 2 6
3 7 6 3
3 5 10 8
4 8 4 1 10
-29682401363960161296100488004212783028901790/1859510095195003176385788756063354577231115761,890809476505883035156298711036001989427200/1859510095195003176385788756063354577231115761
-976155777252757622712401093583805278934041382229580951876389445779484453887228093118108170732592353700230882597492003096839703452991105169750096711492511554838070330721384184818/5831207453364585657480535109320307694592339003628923065306235915583638271907551293223853087970234525087398758311077293853583098168829665960777966097295202634211892869404573557023,3749945463358976122697911398671341325531953442740993105309529758140819727017556015800949692523449448335952146655194586539246020612817085174902145780268893848870325012942851122711/5831207453364585657480535109320307694592339003628923065306235915583638271907551293223853087970234525087398758311077293853583098168829665960777966097295202634211892869404573557023
-1774333408439814233071226304670451908710075791/1859510095195003176385788756063354577231115761,1968566710577464057760196609835097131704219121/1859510095195003176385788756063354577231115761
413227407418887300411853713964166089618187741572816398391496516300422982368903300951235994934177415962657587281426021027809730736882004066800601517/534937855590191890837229807782671661458498785551418697590833407181252498619995227597842267660665860698785295526881210197085837826061794939595285805,265305853707629182745402772727633784454615908529195013905859255548989262624754490965059886053339940331097884002994543317820484796766009718631794216/534937855590191890837229807782671661458498785551418697590833407181252498619995227597842267660665860698785295526881210197085837826061794939595285805
-104636402326713226501345606238756973168342471862096166493011776/257558500299346551286693248128274661334977763963110016990630601,219890391971221835150352041093103408806039192125542026539865559939/214374525082489446187624346858767276451146492205295237475201536899
0,4004461949460064623069486711277817716572176444555567130084149845579/5219320218437783119174750435817191699577897475721251511183054387807
1,14109926169923322210994875017615989079876945872435412906055906731120732580/47006952855847391445022809451158069022984870456962521071823959070640508913
944840729361867472700182339137548090482253824585311018793631427561/2733179202125915852514700506472150514508136055788826384143322089156,0
1127639576122385005779741994787527760718968455750720585293505144446427421411957378623085/73827523410837148971397297256257418313876551743102334239813723776422664528272546356420909,57225169913027211635260047296295601701961698498061759596494833409360969119493339571406063/73827523410837148971397297256257418313876551743102334239813723776422664528272546356420909
0,2397537769163033/9007199254740992
414133364867857040473946765606265990519904481890914761627097408714573690038457531571691243719621875148842710524555873043194076722711676990425777799490345/28127784530703350231256484901534780694615528622459482844509141273223613947592615324044845456476679431084997422463061007345401591978824286734385580665290473,85145098802015232077153074298735341047106597756318020997795495576313097430222190876157157848359742985339842327191571859343648583413724846844845162965644949/112511138122813400925025939606139122778462114489837931378036565092894455790370461296179381825906717724339989689852244029381606367915297146937542322661161892
