9
0,0
0,1
1,1
1,0
1,53/90
100660870672319/133202401415841,1
1,465731/492980
4069392841402461284/4763664201063425889,26490605875260432497/31757761340422839260
0,676199488858692040091080226245299/1505066294318035797863231632905620
4
4 6 2 5 7
3 7 6 4
4 8 1 5 7
5 3 4 7 8 0
57464173197252343501193002655309040803/38306931877784199587059419519618870675,46947911718117269228063230935257029051/25537954585189466391372946346412580450
525814498124011457222227658/470753051110157453335892331,261072177110475191136149617/156917683703385817778630777
1,1
379800937233818569294333612017794536/722772299580833954472819236219223975,777941547886506922853996388516748487/481848199720555969648546157479482650
48405114/73641385,689649121/662772465
100660870672319/133202401415841,1
1,465731/492980
4069392841402461284/4763664201063425889,26490605875260432497/31757761340422839260
361368599186160292599989191199896/225759944147705369679484744935843,2107813242977249231143678483566899/1505066294318035797863231632905620
