12
0,0
0,1
1,1
1,0
1,109/274
0,629/1918
1,7/12
12091840757/14943278437,11490749529/29886556874
1,3940865898123/16813901853278
21063/23822,1
130165215/303967634,54389411/151983817
105284270479/137395916826,0
6
4 9 1 5 10
5 7 10 9 2 6
3 7 6 4
4 0 5 10 11
5 11 3 8 7 10
3 8 4 7
-42143/924170,603211/924170
0,1
35386074161/41827114165,46400702947/41827114165
25807629244743809/38655364097868050,38210097913489763/38655364097868050
59799120916411329/73406060135595809,84517342875337573/146812120271191618
0,629/1918
1,7/12
12091840757/14943278437,11490749529/29886556874
8215904602079/8406950926639,9409923368363/16813901853278
21063/23822,1
130165215/303967634,54389411/151983817
32665363135/45798638942,7451349307/9813994059
