14
0,0
0,1
1,1
1,0
6085095671365380043277/7375086645367077751281,1
0,3551652336663587036821/9636748008028967080098
1,1077756248600350636257341081/1221961535485843302383631041
264755829614337119199409643/3498024575415389027971432886,0
0,31545350468077716859739216960482995123019152142212681645581621528327809/42551140690575029872795950840261489147296197144315595562244661466768495
5502895111248656506528366939889247012138522501051456958331519969220343/12883196183111470461218134668123314927429302884359088138746826200598555,1
8211923047622889523655270020757974/28107203943584409796134541815911121,11095766637665591865547975868494905/18738135962389606530756361210607414
7598018653937376402153695523840824683667/21963027866792111954916574773419688612872,2831951703505249547009235692864592668871/10981513933396055977458287386709844306436
1,15989358728812284043587096008029245548419995501273929046080537114019/132199068439231886340706355556285380142915744226499918425033380501934
0,56801433000194386863094561508477559820070332651875036427/78457183435725343301604092792015898670157558062113516946
7
5 6 2 4 10 11
5 11 7 0 5 10
3 11 6 12
4 3 12 11 7
5 13 8 9 4 10
3 10 13 5
3 9 1 8
5225685023795624010573678/6918479240287901602218445,840784812285232644113739/6918479240287901602218445
76634990225695317629235426000580808069052378591980222919443906433862132125980293699252164427655558/252056884981407474245044494619721339130471040840883676482616765813242933432861376286485098751243375,44001199288628948343169644879360558116193862138936355718084362075302245964827847811651355498926477/84018961660469158081681498206573779710157013613627892160872255271080977810953792095495032917081125
1,1
62657219333833616035526756633152505495086935704844009087185686729746645865793179/177631164944204161464364150453754609863061494919900671073428359417092232440295625,170687360866342960169878214760043636887272988638292087334324372143076318261833297/177631164944204161464364150453754609863061494919900671073428359417092232440295625
6085095671365380043277/7375086645367077751281,1
2369506476335469937027240414232656759778905356/3703980057635233180777132114938853568378222645,31434369836176743944499200758319158209704479949/66671641037434197253988378068899364230808007610
1,1077756248600350636257341081/1221961535485843302383631041
16540309038268244669356572969131414182235964211347467/24201010407028270246405724029827099634330103028782270,1183267700757847834750645635797058200698757128799883/12100505203514135123202862014913549817165051514391135
25519984198764577389530634559408748494479366835694577282372433415505146/70918567817625049787993251400435815245493661907192659270407769111280825,57688745174656629264194924552348637259096308258578553724181521026355241/212755703452875149363979754201307445736480985721577977811223307333842475
15483746226881134670861329736520711536365329171657477021208323037499521/21471993638519117435363557780205524879048838140598480231244710334330925,13224008537118485500589051535046246055079393732274145605128499092016397/21471993638519117435363557780205524879048838140598480231244710334330925
8211923047622889523655270020757974/28107203943584409796134541815911121,11095766637665591865547975868494905/18738135962389606530756361210607414
7598018653937376402153695523840824683667/21963027866792111954916574773419688612872,2831951703505249547009235692864592668871/10981513933396055977458287386709844306436
15850378966981605087934010164693722016529418389969187307632777415337/66099534219615943170353177778142690071457872113249959212516690250967,121310291018861831460494078554598457128517701200005267940090123828449/132199068439231886340706355556285380142915744226499918425033380501934
40375762667537123845489613381871917732881280858046309796/117685775153588014952406139188023848005236337093170275419,21629773857409033447553185170445803434716152049417169115/78457183435725343301604092792015898670157558062113516946
