10
0,0
0,1
1,1
1,0
1,88453253257908164/355957340801351895
0,29203141839898256/39550815644594655
4884805843957230294040663845713/42786275340352032668050949657957,1
0,499280386952178456432448894459571/553013251235707989666896196762414
1,20784223185304189346071552290355194687501305207953245127691220349943105819/22872572931564909901982120348967813028525083159336837133418513964869163067
10069223627356654509684484089781133693172526165150294937914424160865445056609380821911417608/15444366956843651523596668324290798808087194148603538268548107659194341384617239974326015625,6470986776063331079357892603115910043375514435296890718583884306604401386779243560711755344/15444366956843651523596668324290798808087194148603538268548107659194341384617239974326015625
4
3 6 1 7
3 8 4 9
6 9 8 2 6 7 5
4 0 5 4 3
18332274739679316874342593845322624/31422455444331100061658593385078125,37422261764549575667119058590062432/31422455444331100061658593385078125
0,1
309067283576989916518763507176853365946820390956126915091121236057951004925993957/1478127055588891469851656668073454174302877190820078156726341684327828107017962125,2910951621180607352081609633013641323633187137525280657287032348740746122636431549/1478127055588891469851656668073454174302877190820078156726341684327828107017962125
37592070683496128228077384308280909/31422455444331100061658593385078125,12594233925965402455545356382948312/31422455444331100061658593385078125
1,88453253257908164/355957340801351895
0,29203141839898256/39550815644594655
-11789222267282506593615818845005955249873542227/20677705500478076093745316597658316195282874757,49433120212689149583021522965692855191296742337/20677705500478076093745316597658316195282874757
-5555436115914305274150098316198772633452579542731/7750529968374050019031962146066741948565569084406,3047862484254483910211984455607880393577704047786/1291754994729008336505327024344456991427594847401
3789307277605540638599002174409549130426858614077543559988392769586720963/22872572931564909901982120348967813028525083159336837133418513964869163067,43207086378407483835449144589231222170181727746267966734305473315595508747/22872572931564909901982120348967813028525083159336837133418513964869163067
-46133520872937567510209939766375983373013334314292464353876011167260562423255393549739042/123554935654749212188773346594326390464697553188828306148384861273554731076937919794608125,200625656266465742019900460619991405735793137741326652551620484593078797485017688676777764/123554935654749212188773346594326390464697553188828306148384861273554731076937919794608125
