18
0,0
0,1
1,1
1,0
1,453081667177/478861194360
0,34235125901/239430597180
1460312317800458/5831821213435005,2006759089491991/5831821213435005
9/20,0
0,6808407711231197200843537/11858130897251373686744531
1,171/2522
282621562732058/813014912924475,137298087212323/325205965169790
4571482159/35768783270,0
224285019892602429802/1682638678153894336095,76497124012411195403/305934305118889879290
4193275242503212533400911/23121658010003029228656350,1
0,3253238050040896236512732000331/11768307158410696869225175002578
1044562776769073246927594779202/1638964948388962907223490064295,715546407164275382418216611721/1092643298925975271482326709530
1,4611912930100586403/7498141556685193058
127262805545947928955266860936446331925257/188594513983488042221239077533910412970910,1
10
5 3 9 10 6 7
4 10 15 16 9
3 16 4 15
4 7 11 12 6
4 12 5 0 11
5 8 1 13 10 6
4 10 15 17 13
4 17 2 4 15
4 6 8 14 12
3 12 5 14
14156070261389/25671034981250,4262880709673/25671034981250
4209094433981672080780/5029786457341953096003,-1053773967670238996369/25148932286709765480015
139372787464777132958893909513663813424875949719081319/173714954101246361202315661899465327398086072600932375,-6781842551295717453831603475173884231210335751480308/173714954101246361202315661899465327398086072600932375
1,0
319587492817592579993060425806592502017141/413463628648141662915085136228965684428375,6711576653218939968905824953354237573693/1102569676395044434440227029943908491809000
86937151440964156172957/204881041192978586762500,71156449588600654843511/307321561789467880143750
1460312317800458/5831821213435005,2006759089491991/5831821213435005
9/20,0
14977407665034158885419780/35574392691754121060233593,8887862249728330541317471/177871963458770605301167965
1,171/2522
282621562732058/813014912924475,137298087212323/325205965169790
807261217563/1323444980990,37013514974/132344498099
24292793217341518941118/62257631091694090435515,9937808533630882222331/24903052436677636174206
60760835661732402213439483/69364974030009087685969050,937711345109857775244497/6936497403000908768596905
1664203974364224316005704195780224/3265705236458968381209986063215395,436557069707261373912255951656783/1306282094583587352483994425286158
169419206119698471100906684174/546321649462987635741163354765,172096725857842064916059965547/3277929896777925814446980128590
2027867151217395139/3749070778342596529,-1725131664950155065/7498141556685193058
33299811492176147368212103198644916137059/62864837994496014073746359177970137656970,-20403012764773801250220622275964932932972/94297256991744021110619538766955206485455
