14
0,0
0,1
1,1
1,0
1,83401792252/110555433143
0,26993446194/110555433143
864437052993857201591527931673654/1468908211883842796838049601404591,799710667296539089730738527764102/1468908211883842796838049601404591
27480017295440442499/623634745445936629875,0
0,350590677562010755316643241667510427460893322/778146385328445311075012894084363868196917815
1,521/27280
993439428409099976218432881/3766684015401967299516939944,413731600853288396440667709/1883342007700983649758469972
18258768894768108357345870865395271229278898396427214171512771/80898128970202384699851262759726498911408363988165977488402104,14534185044550363345000547348089501189079685792294002400018129/40449064485101192349925631379863249455704181994082988744201052
136254124723989256641409781/407439508842345302112280360,1
7831098692218597190137007327103102994464151663893/58023527219456830642446066185811843212952540342472,13695763065590162047147116491267715623893592587197/29011763609728415321223033092905921606476270171236
8
4 3 9 10 7
4 10 6 4 9
5 7 0 5 11 10
3 10 6 11
4 8 1 12 13
5 13 6 4 2 12
4 13 8 5 11
3 11 13 6
1037709511915688528181033974096471079705309000/23549901746886625520496807003999109748092325989,-1037709511915688528148204037113885110098833684/23549901746886625520496807003999109748092325989
9427186954226543194084/15404405302435426997813,-3072058020437389103601/15404405302435426997813
670803815907492550931416175425/769674394615474248099555498532,-227526630866821886952029752861/384837197307737124049777749266
1,0
3463702210203748699/5523854014821144652,-1697443484558953121/2761927007410572326
750417430245020797935888176935086314093306278056844044000/2603569588102143236132162322875597711386740717668250853427,-114724424566450064906389473700410708099765459212979474678/2603569588102143236132162322875597711386740717668250853427
27808488993948967353155939018603239199271/73393358362795823988553726944554176913324,-8253433965451764748568150949435934964061/36696679181397911994276863472277088456662
27480017295440442499/623634745445936629875,0
130030571815027151934961002482187877208949152/778146385328445311075012894084363868196917815,19148422009151842881866653962641431150037586/155629277065689062215002578816872773639383563
1,521/27280
993439428409099976218432881/3766684015401967299516939944,413731600853288396440667709/1883342007700983649758469972
32633088058238727054923113661136894359668053701313572067402771/80898128970202384699851262759726498911408363988165977488402104,7347025462815053996439305571820664350465134598418650134903309/40449064485101192349925631379863249455704181994082988744201052
65862039788407104796563625/81487901768469060422456072,7266614876154363759701809/101859877210586325528070090
993439428409099976218432881/3766684015401967299516939944,413731600853288396440667709/1883342007700983649758469972
