15
0,0
0,1
1,1
1,0
1079962389931/1514492480956,1
386961038299/1514492480956,0
0,343079653185143878461/703001260697327906047
114359884395047959487/1713216673285265707692,0
1,196831773502475112510072917374136917125756033/753964977160239626601440998959642045241866703
13974576487202510867233479536791458722584751/23347518082558468605808380364131311919049324,0
0,46823274793283957649843/127139356732218716829385
16053157806323770453320065199167977927613796/1029487027100870781051320295797473441606263493,385046876174656388657623624640737328419602591/1029487027100870781051320295797473441606263493
2351036842830752282677744799785884712214280382831396583256226591033436927843645/5706349643316687296731267327124613440072443764281864699998649930893114920193668,2927467532763830478557932831995448950965909507602291165552832710090006193310601/8559524464975030945096900990686920160108665646422797049997974896339672380290502
23707657379713174143312995783010089051683297292/32969507629209151021565481957289131738077598853,0
248224726013525659403992148793805924143689418413083454288484003015697/356966692935827467733166155896862699882224247148998492336855054024810,11238208633788449283356863650070057550333588459677917879845143537113/178483346467913733866583077948431349941112123574499246168427527012405
8
3 6 10 11
4 11 7 0 10
5 11 6 1 4 12
4 12 11 7 5
4 8 3 13 14
3 14 9 13
5 14 8 2 4 12
4 5 12 14 9
-39410871434116391621523850983788820822472002084/165158879295600722484237336934461559755751486429,107155458671652606377166825227440216986054657990/165158879295600722484237336934461559755751486429
-3699742194393054112711395489119154842349072/26910213099145728155142477639745051950867985,26404162411479179719837729177032523422442901/26910213099145728155142477639745051950867985
-1310064488637060730019877569375897873150291778153906389122684541321/1866181801873102983067002038659096380925439949111338380200401310490,979011534788309684543275579251939657370000400138342785223073613099/933090900936551491533501019329548190462719974555669190100200655245
-80167179456869578167853/346742293529504866467170,97672601721109987670778/173371146764752433233585
-33597791692901576716644507159172867344809222545944448709/40755315399579863437870871830278238920395162420282593660,49976253826233277446427043877731704254230961765882193/63284651241583638878681477997326457950924165248886015
-2417231251936954855562317791827527981629730057864745527484928859538212648126678420619126434362735800521/6731102216733347993560610862154068241013733961480599528903306809635441285145419655276567316780411440140,1031293825408487693984654154741366037020972731869414657215997100338899642645708014140130209499848968003/1682775554183336998390152715538517060253433490370149882225826702408860321286354913819141829195102860035
0,343079653185143878461/703001260697327906047
-53132818919032840423625123798656802810001356185899774182039885061701/282952945750331817894718531886970712686637880861390625160449618911868,16318204049532028788995322722469532750979529675667014514528416978845/23579412145860984824559877657247559390553156738449218763370801575989
-2206193829688803373149904436548638699690965/65562171926977358834907912953012351760162322,553440374116053740707562824717717818729833319/753964977160239626601440998959642045241866703
-912720556198657912829964875409114674980841783149449730911374822975805350178430984151553/19573857466239235230000425873929588733029679263885341747970398204508793711164909307449868,2306399495971638328864957242920150332624379204204130184967358212601100044443838153167931/4893464366559808807500106468482397183257419815971335436992599551127198427791227326862467
0,46823274793283957649843/127139356732218716829385
16053157806323770453320065199167977927613796/1029487027100870781051320295797473441606263493,385046876174656388657623624640737328419602591/1029487027100870781051320295797473441606263493
-2040944778322422241621703958785854919833642787391472357041922532639995235506579/5706349643316687296731267327124613440072443764281864699998649930893114920193668,2026364752019392718246256706227925217814240518364028413448754851254542315367959/8559524464975030945096900990686920160108665646422797049997974896339672380290502
-3135470721879949055498116767072534865789959423/65939015258418302043130963914578263476155197706,11565512244237517216362528022272151190810453802/32969507629209151021565481957289131738077598853
16053157806323770453320065199167977927613796/1029487027100870781051320295797473441606263493,385046876174656388657623624640737328419602591/1029487027100870781051320295797473441606263493
