18
0,0
0,1
1,1
1,0
0,107/201
107/148,0
1,761115655/901412574
1474526462/1895417219,1
80386082406593228551478355588032198/246953674144634720661938680551552857,0
112856675179596445650335429983771/594089025747308431190708824981421,233157899643690189956000998186139/594089025747308431190708824981421
12515312661281/47922755924124,0
0,12515312661281/105523634777968
5463948281953677238899696272338772387557654870972767067378227285178507140399/15369646077668045960417478421787773242002853439175484304435298550829547586256,0
10449683767511323451662368310232653992403851216207480322992790958386880017/22854480340216454496513675263383103231602089991232838432572939416825211616,3354015667207032687615420683834176324274827048743308300307356178205370897/17140860255162340872385256447537327423701567493424628824429704562618908712
0,43054711093218049554157575026899701990612144849/68048490377026537512281776040936349823620108257
1136080876536749452642009137001665810591271064/3798379013235252530561875329037536562758942033,1
3739440845602541569906799683115305430997701/7209308145991038195294362796377283061232416,1
1,2827515343507517065861652392916669969105573/6297382643896013691249215506178647599340288
8
3 6 2 7
7 5 4 14 15 16 17 3
4 17 6 7 16
3 15 1 14
3 10 0 11
5 9 4 11 10 8
3 12 5 13
4 13 12 8 9
31672/62305,43014/62305
969706833107611782043511790845533007825954304202442279590707123699158231396/1064929353088850721023538041621147170374555061607448027767759225488426785625,1590036376658726467805466369329657556965034554326381682987155602761233939697/1064929353088850721023538041621147170374555061607448027767759225488426785625
1,1
3912259679998844783/2181101618233888649,2469885198066885492/2181101618233888649
4711418466723216641125/8374752490297105922246,12982780090504859989441/12562128735445658883369
242795372214162888348479568801714331884975989892708932475656430/325308776614044121427071760924280247337689768837713623080936813,977241271628778213223340364606052219561933602851646869365409827/1301235106456176485708287043697120989350759075350854492323747252
32230384335312591591186164042709260991611161378057322657/27129074927788643945342046105136394604635346329625342000,3005388079232657456154994437346567262308020023753599977/2260756243982386995445170508761366217052945527468778500
104859702903565375039524494535762386855048350576571443869/114089634950381283069746504406687823010564156273241254000,38907116212482148379247095598130082507843036302126811677/28522408737595320767436626101671955752641039068310313500
485396602658564399942800611212024934470134683023390331/752885292148088695345032863870218327558403139980488226,6404302726817737127562979225700088145263437623736808236/15434148489035818254573173709339475714947264369600008633
4588207600464465269647435260530967495043651139601343/6750812140889352459705921448682844912945517082795918,30768499464113916555174799727586019181198918169306513/37129466774891438528382567967755647021200343955377549
477300208437809/814686850710108,29939481155632/67890570892509
88592548383091/224237723903182,1175306381458063/1793901791225456
591388678449815346753111649261638404962718263445551374422125866691645590324/960602879854252872526092401361735827625178339948467769027206159426846724141,6264253110001723099144482443678159471125940806778600442503272117495865692463/15369646077668045960417478421787773242002853439175484304435298550829547586256
8038214279827649250108946292682282688290643932574739850437704169197911223/17140860255162340872385256447537327423701567493424628824429704562618908712,13078390852769181715528745929294456158402129949231627968467791947727598993/22854480340216454496513675263383103231602089991232838432572939416825211616
58373148163680613231523653435021423788926720644/68048490377026537512281776040936349823620108257,126337097490130984141557555355051300410887867721/68048490377026537512281776040936349823620108257
2334444288864101854887094078871642862414419116/3798379013235252530561875329037536562758942033,1836037720455500536911741265286037385314738403/1266126337745084176853958443012512187586314011
24854225063841823098861677793610183332167631/36046540729955190976471813981886415306162080,11207727925617594681980601681216521766413117/9011635182488797744117953495471603826540520
10797207104934681101706085948321803523895477/7871728304870017114061519382723309499175360,4404711853992748065506233193442340438087207/4498130459925724065178011075841891142385920
