20
0,0
0,1
1,1
1,0
1,1704661450916/2467769458489
1810233692011/3514895142927,0
1,5547987467874/6832265137013
1498411546300/13519051060027,0
1,19451137035981502878329911031913504709/42537227775880787597597105372208496351
165995712387340250821852063598661684193/204897986459303256578511885662488693611,0
648771351207137900818345487/2918980192517341945027820028,49504242130623573015248821/486496698752890324171303338
6282366119023/23643294993096,0
0,72537110248701711884327292988208049627115/327457157993307422124673393482676091581262
1203190966061878085/1631865360349643334,172224681430147163/543955120116547778
586667036015614744820557967635704354383162936/669916946909519545406614195538976643284862175,211662913401104477651784681645799725941241271/1339833893819039090813228391077953286569724350
1,10738123511364113116707814452750480429278302903845772381093/64600423029296901957716945762462040195005507785176689659138
24162236634342626605987/25078021785894337794019,16018776829621797371660/25078021785894337794019
1,3191799999255965714771126825947324/6272100061070168697998286751073871
651489326190785776750206186173599028/1166592953739951754360294047944483411,72174812748976334530011675356452915/1166592953739951754360294047944483411
714346037887355199302824007944790244617974143697/1019338999405442560018419823499100123292632130204,0
10
3 10 7 11
5 5 11 10 6 4
4 7 0 12 10
5 10 6 2 1 12
5 13 16 17 8 14
3 17 4 16
5 9 14 13 18 19
3 19 5 18
3 15 8 14
4 14 15 3 9
291702271728437441132401440/2893684964560625943966734561,-319411403022916797627899280/2893684964560625943966734561
-391653923552184977675211277420991249915389786926519336/2390729920786695181547497849328380032793875767479829725,-1767190122367412109807240915568051250528214225072264252/2390729920786695181547497849328380032793875767479829725
-61112072565399435629418765481299474946415552876368919/64614322183424194095878320252118379264699345067022425,-7487214057236866050840524882872310979817556025596808/64614322183424194095878320252118379264699345067022425
138814664486362321721834533280509261030198683777235414752040924316/196337821863128037129250899834075805992768835863528013969033655345,99416749055095369058643193850251390149392613290985295982031753734/196337821863128037129250899834075805992768835863528013969033655345
141204191589169114342132498902865/140205072206857834494234084316369,83080145705863139906097115754756/140205072206857834494234084316369
5862630414027438178773124466851244416057470026/7346158862569158654365700470672894014349970027,1352927619729837404161276652055905042972883558/2448719620856386218121900156890964671449990009
-935483337460211374522830750705276799351/1128948098348704736516861543395891768685,35126590760987732525945880099265105333/1128948098348704736516861543395891768685
1498411546300/13519051060027,0
165976846073045124509251328568203343566/212686138879403937987985526861042481755,130049769079424342851107577550941496868/212686138879403937987985526861042481755
19819807369968665520702608243476346341789359304067876/37687427740764456618463177749458054116275562405130955,7076488503297195595625384814923979499789217175928904/12562475913588152206154392583152684705425187468376985
648771351207137900818345487/2918980192517341945027820028,49504242130623573015248821/486496698752890324171303338
6282366119023/23643294993096,0
52624638139512040464642126880773969288894/163728578996653711062336696741338045790631,-42709914754677262610506906284404605841491/327457157993307422124673393482676091581262
1203190966061878085/1631865360349643334,172224681430147163/543955120116547778
78611269223654831927/145283748452205396686,28542901818774440223/72641874226102698343
212264548637514382460117896374519895400617122480260617678001/323002115146484509788584728812310200975027538925883448295690,11233540759484526357854095318008645255822161807470705789746/32300211514648450978858472881231020097502753892588344829569
24162236634342626605987/25078021785894337794019,16018776829621797371660/25078021785894337794019
1733045711339636649100633182374661/2090700020356722899332762250357957,3945115541768310086961477325148540/6272100061070168697998286751073871
907095932481662306945033480482094963/1166592953739951754360294047944483411,729431867872672443704050038195511817/1166592953739951754360294047944483411
158701896138068068131459584322008677297694997583/254834749851360640004604955874775030823158032551,625909453170160980551157361756526161253121113963/1019338999405442560018419823499100123292632130204
