10
0,0
0,1
1,1
1,0
1,1349140940329598491015665172400945138633427626149/5396563761318394088183627199926841727974906365527952754275341606698
45/5396563761318393964062660689603780554533710504641,0
465966406879598929640907620827536143882521072133351340898717128720789014636510918451473646541601578939040189912176710123569068227049111/465966406879598929873890824267335603402607004291681708758022708185448816286667549993286120011386947927861605931438442282416427012872383,1
125998970699261865170911327863891900664758113822346640906820675833160379/157147936729591635844966096811951106408215123288339923802277075362016415,31499742674815465568233750445217267096813268215261917/157147936729591635844966096811951106408215123288339923802277075362016415
449/560,0
246589422520683753519651252098099994781632198995802687162194826526814440200780404098750770118575297100796230403498582050534279032108587251/339223544208348020935494935479151248730078819674848011363764718993755864879845631976616293664264160087690655763408825574017821215372252576,1
5
4 3 4 7 8
3 8 5 7
4 9 6 4 7
5 7 9 1 0 5
3 4 2 6
1584038262035301918619679791703090243094341132505450799172824913427221779004580046195795450400423295628783374254943926515665624132764589827786/993355107614845951886968315317118584163104844519935763593480866325054735909173935232416027232046561226782219384617593816306844421223344263465,-118585281979291146380182072318431893198683505112015204058954612341756432339375306578076682490782057909419328780553646369735393800740274554394/993355107614845951886968315317118584163104844519935763593480866325054735909173935232416027232046561226782219384617593816306844421223344263465
1436136796760462180995126446026757334128126347039385958125423082819055760823156212063075317653251638332731624716586518033121845183640601748602/993355107614845951886968315317118584163104844519935763593480866325054735909173935232416027232046561226782219384617593816306844421223344263465,-1100868095833864068421536261231890181763727094830249996922118640065611650209801510785852740287141637089399562774705340801641044373767708647107/993355107614845951886968315317118584163104844519935763593480866325054735909173935232416027232046561226782219384617593816306844421223344263465
465966406879598929640907620827536143940766872993301204453646642196512210726690881744935885902546571898591630872013454133553369992126873/465966406879598929873890824267335603460852805151631572312952221661172012376847513286748359372331940887413046891275186292400728777950145,-465966406879598929640907620827536143824275271273401477343787615247008581500405577030243203711148904458325354705994369355031923385800319/465966406879598929873890824267335603460852805151631572312952221661172012376847513286748359372331940887413046891275186292400728777950145
1,0
1,1349140940329598491015665172400945138633427626149/5396563761318394088183627199926841727974906365527952754275341606698
91727250669062635734696681296472681785920237043322361129/57522431839812473326430845616645313252121955634361313485,-6866943903109771493874957597057364227105292470927097906/57522431839812473326430845616645313252121955634361313485
1,-465966406879598929640907620827536143882521072133351340898717128722731777590585540323705443072093897417876795665831113365016225150878081/465966406879598929873890824267335603402607004291681708758022708185448816286667549993286120011386947927861605931438442282416427012872383
125998970699261865170911327863891900664758113822346640906820675833160379/157147936729591635844966096811951106408215123288339923802277075362016415,31499742674815465568233750445217267096813268215261917/157147936729591635844966096811951106408215123288339923802277075362016415
449/560,0
1232947112603418768446315121011370006587426152621453463555009793436033594054962962824715799495959530462129703318572313371358732633459561473/1696117721041740104677474677395756243650394098374240056818823594968779324399228159883081468321320800438453278817044127870089106076861262880,-106007357565108756503812570068377929613633940496130504239793810506701875206211513746974255763872033302172883978885336357135153509065777971/106007357565108756542342167337234765228149631148390003551176474685548707774951759992692591770082550027403329926065257991880569129803828930
