15
0,0
0,1
1,1
1,0
1079962389931/1514492480956,1
386961038299/1514492480956,0
0,343079653185143878461/703001260697327906047
114359884395047959487/1713216673285265707692,0
1,196831773502475112510072917374136917125756033/753964977160239626601440998959642045241866703
13974576487202510867233479536791458722584751/23347518082558468605808380364131311919049324,0
0,2793227885824573/9310330518899112
1230542240313361278294813971580933701/44111750684736503322355226493148990032,24017692414632346292381092262653457757/84547522145744964701180850778535564228
109717938639361546911346475561198783088917507545046654528951880361464175/158208481965815116126223836352629710574489191129827457094827391053934116,908625713923572148801845570673026119938549655170674834908445679473458153/949250891794890696757343018115778263446935146778964742568964346323604696
9352187999732650925063458831102352717651/14224677505840341863702876330850099049584,0
4735967374796694258461815006842248727131386608018435708984211/7647704802013620959375033199584720430044510210866954692624720,197503657506625662908457124110957487922865935461651406024507/14658100870526106838802146965870714157585311237494996494197380
8
3 6 10 11
4 11 7 0 10
5 11 6 1 4 12
4 12 11 7 5
4 8 3 13 14
3 14 9 13
5 14 8 2 4 12
4 5 12 14 9
163774666635122641705577680518485/633623618045026297885396188504606,191070941471300383006319582590057/422415745363350865256930792336404
-3699742194393054112711395489119154842349072/26910213099145728155142477639745051950867985,26404162411479179719837729177032523422442901/26910213099145728155142477639745051950867985
-1310064488637060730019877569375897873150291778153906389122684541321/1866181801873102983067002038659096380925439949111338380200401310490,979011534788309684543275579251939657370000400138342785223073613099/933090900936551491533501019329548190462719974555669190100200655245
-80167179456869578167853/346742293529504866467170,97672601721109987670778/173371146764752433233585
-33597791692901576716644507159172867344809222545944448709/40755315399579863437870871830278238920395162420282593660,49976253826233277446427043877731704254230961765882193/63284651241583638878681477997326457950924165248886015
449554472180419311069870826962362072698749772327174239348598436921827529121266583476341/1844537885574854980217458396312805656147148550385640742002317003949247189826149038314140,108009577364065034299626380025546024471130631130998729401693503811237527289638205928789/187127031869912824080032011220139704246812171778253408608930710545575801866420916930420
0,343079653185143878461/703001260697327906047
2518806226766235259727935065218373868619720405351017/8615353547794236572005597791617224470804792585647852,23810606748491270808605135663575021689410349482623477/60307474834559656004039184541320571295633548099534964
-2206193829688803373149904436548638699690965/65562171926977358834907912953012351760162322,553440374116053740707562824717717818729833319/753964977160239626601440998959642045241866703
2819312639871646069101735913340058268349263466748214760963194995240568075/55614807818956285257976215901093903928070727943456563558877100886468854084,723946206770211999838758359373331681592877086905785216855769910393278063375/2465589813307061979770278904948496407477802272159907651110218139300119197724
0,2793227885824573/9310330518899112
1230542240313361278294813971580933701/44111750684736503322355226493148990032,24017692414632346292381092262653457757/84547522145744964701180850778535564228
-125620983361833584770463097535692192260348295928203475665870176882299397/158208481965815116126223836352629710574489191129827457094827391053934116,715487786377331787204795586707752236180425366356531476247100124788037399/949250891794890696757343018115778263446935146778964742568964346323604696
-103415198090159733959936349157564402907/14224677505840341863702876330850099049584,180278923990066891206912617166488939399/592694896076680910987619847118754127066
1230542240313361278294813971580933701/44111750684736503322355226493148990032,24017692414632346292381092262653457757/84547522145744964701180850778535564228
