14
0,0
0,1
1,1
1,0
1,83401792252/110555433143
0,26993446194/110555433143
1,1402648845964204535078097668380/1346807197148014647620935346300083
80498446433922789655003861193293/81129638414606681695789005144064,0
0,102088219446162331029687979431595764071086665301150775848/129821319589569802084867640544199967194604262008072849135
27733100143407471055179661112604203123517596706922073287/136513237938201791735917290544749610459855995987335210436,1
80514904497130731954657603065577850354632155727790071125856288795099033/161679925518377183605664850135967861418398119368757365984448810630501950,0
9242450383214921398618950169612893131628082557552078909112536156505772574615138471/17161816128778192341326881815191497526356605439447435792967959096358636393134722986,4453005482915606430010968942183119550927303410219535191493060010215641855191120107/8580908064389096170663440907595748763178302719723717896483979548179318196567361493
0,107855689891530385248460849/122512947442465599503834500
19407945897437350251935321179497383101469960900371268554471/519332520113970130422149577075001607151147430100950392566162,1071995994015157119131089494350284350866163452819328130846258/1298331300284925326055373942687504017877868575252375981415405
7
3 3 6 7
4 10 0 5 11
5 6 4 11 10 7
3 8 12 13
4 13 9 1 12
4 13 8 5 11
5 11 13 9 2 4
5224647881697392481836444588990607437924794248184740321932450201600/149557867021178916411944259568349618582947242125226413696914124796409,-39029719325918813003745420684128351157898496819522478784624179594840/149557867021178916411944259568349618582947242125226413696914124796409
371073917224989076904508932771/765261725694565107858896975617,-187468991649736783063381312587/765261725694565107858896975617
1109863280995124933618334078425943865715983147668825932589517516490524229989062064216758535564098/8803916262140435780442075360703780110543766044250559404638139173755125854630536628782091997089181,-8573419164755171937290251435346032018866604116839487400974017255855479264257337449319055315845789/8803916262140435780442075360703780110543766044250559404638139173755125854630536628782091997089181
1,0
23159012326353465484240215622836875175611964096407786324627462450783657598282891919086/63184573283186465782121597806468264991903376073783655371354560279927652143341495337391,-64690491567486527256868499750758943283209092964700351205357390300164050690508551607074/63184573283186465782121597806468264991903376073783655371354560279927652143341495337391
1639420745216646588250107482090221282375806256323347941894317282829662033018880/16534434768469630258421889035351314296096574226671702013206848989341753685983487,-8209892677916170851657423634016888328905642137397643983019502273975948058800266/16534434768469630258421889035351314296096574226671702013206848989341753685983487
3872245177321066511032597706719304180702/66906834741903560798109416815448269983047,-2047460723884247428515686680905550102886/6082439521991232799828128801404388180277
260142290883190725759294563062176188527/4030367020291417925411711038548372094976,-335004854190727471250030514116579811787/1007591755072854481352927759637093023744
56993359355460391004724688012128633582218418507976784168/129821319589569802084867640544199967194604262008072849135,-1922757736225079946274668797012863213866909341904418596/25964263917913960416973528108839993438920852401614569827
1955373550015145925608343459761425874695040183613143245410754577/6781719514236923873852198374666740526132266292962401203577545524,-109450342400282796997240446545326312265852560348365321431251681/565143292853076989487683197888895043844355524413533433631462127
1083267447529319200722131057037411727338687724710341627652521938948946629/2101839031738903386873643051767582198439175551793845757797834538196525350,-27321665522841627919296587507155693130661795609687109749550829851386408/210183903173890338687364305176758219843917555179384575779783453819652535
154166681327631481188314325404355306446581463327245530031635454712606536775421737083/223103609674116500437249463597489467842635870712816665308583468252662273110751398818,-69161512345983074658200397926389080855456083541643787703438259886088808030683557511/111551804837058250218624731798744733921317935356408332654291734126331136555375699409
15776977777269037342481231/30628236860616399875958625,-3166061159708242541023941/24502589488493119900766900
83063400385914927857632516380701377247/168566234761384776928271758577922280370,-1127013807201774503784795674067551932/16856623476138477692827175857792228037
