14
0,0
0,1
1,1
1,0
1,68727026113/98398927150
21473980921/31364614600,1
31/149,1
9/149,0
1,367/12463
3267557524898/3320714317597,0
0,169218902763212/246801679384959
262024728907/1457760783183,1178265343568/1457760783183
13065607888203602991250892556671889466076283345107734907125989246505730/13437720378620027507760252115162480194688943113925659903178836162173149,0
8336151526095385058290457326684375101463462540436768003391126397401259/26875440757240055015520504230324960389377886227851319806357672324346298,1
6
3 3 8 9
4 12 7 6 13
6 8 4 5 13 12 9
4 10 1 6 11
4 11 10 0 7
3 5 2 4
14100511334864526010502/14103019281106997496515,29357900113266741371788/42309057843320992489545
9238/22685,21321/22685
129521138624807335213/185360003053298055625,126966338482462606534/185360003053298055625
1,0
1,68727026113/98398927150
21473980921/31364614600,1
31/149,1
92166731225259651287/92631689349126851531,209560653681315660640/277895068047380554593
61551345547486111770204519175907127061164335038569720696402841638358313626319118545847956664883/61599337282309057009322608643194086354508652112444788194393610393006159510528861395022117627845,-312423663787831356244481444119690174673254923935261206361288767291982829724417980227313617814617/6344731740077832871960228690248990894514391167581813184022541870479634429584472723687278115668035
127933832967476961392424813075894228533919149744626302634258375884891204851118140110499788710614992917602/130040560246567298656812012732236582661880539175975440140041309419852851850237494916684214107610409142205,-2533591594061798647183314925620650413125086613483717005066020817702600076824688591961244339283220047616/130040560246567298656812012732236582661880539175975440140041309419852851850237494916684214107610409142205
78083369214286/246801679384959,17521090521256/27422408820551
262024728907/1457760783183,1178265343568/1457760783183
66539969162210726290113866260411684077938803907422818793965070816086698/67188601893100137538801260575812400973444715569628299515894180810865745,-6396228891878374150736697708392933212235180308245918730659231087008/652316523233981917852439423066139815276162287083769898212564862241415
147118028727848108358934945349685206975856429064553692171764721056903733/67188601893100137538801260575812400973444715569628299515894180810865745,-28283769821752976710359501172678113484971242043275508705161200090261/1304633046467963835704878846132279630552324574167539796425129724482830
