15
0,0
0,1
1,1
1,0
1,2626604/22674247
0,81851987/90696988
1,1210628994819463835955120439877/2014497929569322558084949758909
111613732761171313142453105783938582229/200248982897570283205083987351819912561,30973581502721167864731927274699306557/66749660965856761068361329117273304187
9872807473252409825461752440121952941849254593/18683453809471752344464090457537371038649308639,0
1,104/111
771016849469490611686974339288663/921272781969988732186607151489041,507162694389620022126159586902350/921272781969988732186607151489041
1,1903302758030342036846921227381260023682833370809919697359251764/4270882479377391809142103662188653512764361006878217033470033289
6614247715506775242748171882382077788530567736003/12267791938336312769558493037846300162935034580585,2109985897415587646924196412698863035478440384494/12267791938336312769558493037846300162935034580585
138722104860701709/452245395507993589,0
33573403943524302041935368277677604009658261128412344430792297971173011155980501/46662175624306808074878661623627318968239917228920466984621518124755352240760393,0
8
3 6 9 10
6 10 7 5 1 2 9
3 10 6 11
4 4 11 10 7
3 12 8 13
5 13 12 7 5 0
3 8 14 12
5 12 7 4 3 14
131660595049857655413/108513177054610119565,105593776431353722789/108513177054610119565
14202/8149,2155/8149
42586/40745,39968/40745
11494368317538053925187280937383028769450618510354449803422507660674335522097120781/9650284030601308792681085601892041870761994907693305360619398252180644640066117725,8606501842463215098880070166217844801143656757520552184737510067593831144519579708/9650284030601308792681085601892041870761994907693305360619398252180644640066117725
20330478590605709457074578586985128401276548358493245044910196177682103951/16432165787372403351779686530135471848079484814905444315506967430199267395,12908883563520338845461049092481060701702452144506789540131369905701922388/16432165787372403351779686530135471848079484814905444315506967430199267395
6182181003687/3695448776060,181462434319/923862194015
1,1210628994819463835955120439877/2014497929569322558084949758909
272894423181068285808664395830319779008336/281349820971086247903143002229306977148205,27187639577444777499339392263751823712076/93783273657028749301047667409768992382735
18712118906159128925846352893497536460302090781/18683453809471752344464090457537371038649308639,3745614066492431638898102975000367613878067088/6227817936490584114821363485845790346216436213
1,104/111
771016849469490611686974339288663/921272781969988732186607151489041,507162694389620022126159586902350/921272781969988732186607151489041
1298772367541570724770910301492893771461667578012834812704208687/1423627493125797269714034554062884504254787002292739011156677763,3114063817741387425141024735044119613997498368995406836953922172/4270882479377391809142103662188653512764361006878217033470033289
771016849469490611686974339288663/921272781969988732186607151489041,507162694389620022126159586902350/921272781969988732186607151489041
2146652515384785009/2261226977539967945,1847157856913004992/2261226977539967945
43573461717803274765690399557566711463660179828635356972880320561048707658050281/46662175624306808074878661623627318968239917228920466984621518124755352240760393,36401211779436745760998809779128841432364688788583284984799125456934316286363256/46662175624306808074878661623627318968239917228920466984621518124755352240760393
