9
0,0
0,1
1,1
1,0
1,11000000000000000137/24000000000000000312
0,3666666666666666715/8000000000000000104
0,164267821010207803638079946250047601987590296913228203726203/186963038484241527296937413043303105546867647390696168115080
117864642557395656949345421343413847731977583959732534749709735329765949118046/207905932098129572696191867550766372137646547592174164579339931377125774586145,762321751026475099710335088931841330054700326428639038780785081206284864667863/1663247456785036581569534940406130977101172380737393316634719451017006196689160
0,128069356806244739567042426155207224376388959286079675263929823613405212126111462185960882399443/3365334692716347580506822902189527825495351043735724490984156663397853279157278108296141938992680
4
5 4 2 1 6 7
3 7 5 6
5 0 8 7 4 3
3 7 5 8
11000000000000000145/36000000000000000936000000000000006088,33000000000000000864000000000000005655/36000000000000000936000000000000006088
0,1
1,1
36000000000000000947000000000000006225/36000000000000000936000000000000006088,33000000000000000840000000000000005343/36000000000000000936000000000000006088
1,11000000000000000137/24000000000000000312
155585767443226757164500765059416769964242371586124919089771023698440439224360978606824849742391531407550298690157462743876378998543316/386901671618815925029599924087330213208436272315825284691486156051590426095471229806020166319718275278591707073010352735919678570138135,21683186479490801233595305692644247469103368298907180375995499827138031821273113487511586418327738374015851745926375944582329051567463271/21666493610653691801657595748890491939672431249686215942723224738889063861346388869137129313904223415601135596088579753211501999927735560
0,164267821010207803638079946250047601987590296913228203726203/186963038484241527296937413043303105546867647390696168115080
117864642557395656949345421343413847731977583959732534749709735329765949118046/207905932098129572696191867550766372137646547592174164579339931377125774586145,762321751026475099710335088931841330054700326428639038780785081206284864667863/1663247456785036581569534940406130977101172380737393316634719451017006196689160
117864642557395656949345421343413847731977583959732534749709735329765949118046/420666836589543447563352862773690978186918880466965561373019582924731659894659763537017742374085,34786126802161653448530600191818641625172028628997423548634937258403986269042975118505141261527/39592172855486442123609681202229739123474718161596758717460666628210038578320918921131081635208
