10
0,0
0,1
1,1
1,0
1,732533699407/943149324200
0,82780532587/188629864840
1,5496304198458/8284126582667
0,1181258595440/8284126582667
0,402202765132213836533576792464389035/570088655943126212273447591485504592
1,500875187614442585241088758575841267/570088655943126212273447591485504592
4
4 3 6 7 0
4 7 5 4 6
4 8 1 2 9
4 4 9 8 5
0,0
21079301528526555582135/61941024071383606240424,-453804792015277148701/61941024071383606240424
70329608424507537546711/61941024071383606240424,37110776047698766879099/61941024071383606240424
1,0
22480061114163400890327595052895720971/20571589149050208922798444695549563650,9851037812754318557494793897201057889/16457271319240167138238755756439650920
998811720890913907459170649613952861/4114317829810041784559688939109912730,-89573663138888708179574136969122651/3291454263848033427647751151287930184
1,5496304198458/8284126582667
0,1181258595440/8284126582667
92192656563485656899591995647056555/570088655943126212273447591485504592,64656040177599308345054227524075205/285044327971563106136723795742752296
605319940630851117930522402360187363/570088655943126212273447591485504592,198295211960427271678709151008075021/285044327971563106136723795742752296
