16
0,0
0,1
1,1
1,0
1,11905883851741/20363223535660
356513971735/1438867049166,0
1,1411232/2416235
9369224886211157533/9371236925666816334,3043095274150787361/5206242736481564630
100067988295138685724559259680201/198529950819205869144918052603755,1
1,237963843881115012297017/1048654533570613207112388
13590426876769622095890226787156420/17991030638830285150436630084912953,28394011323321020819260476489749401/71964122555321140601746520339651812
321021271423868050749533721945024504894993944628340070131/587510508922868947406138461378076696532025788910208622500,566649935911390710618148511010532924400776745886865032479/587510508922868947406138461378076696532025788910208622500
1,572002069308712752348254864919466016074334478818777588006125711/647114848085824533706379250104123548899041358105988566516076440
41733618817868885/78039173688819654,5802909094814029/26013057896273218
9643/21162,0
0,647173628422044349362373986357/3718198231814875110531706803784
9
3 13 5 14
5 14 13 10 9 3
4 10 7 6 9
3 7 4 6
4 5 0 15 13
6 13 10 11 8 1 15
3 10 7 11
4 12 2 8 11
4 11 12 4 7
31035060493055805849042105/166292954342378423727099469,-39928755350141768025135550/166292954342378423727099469
-8272474590089627189704845806690562/20958743309583696889042523836880485,1317899319752447471802416488648839/20958743309583696889042523836880485
428200607557877676707852023608584558734/516987622400275150749087039944304518605,106538203862758764020224949771908234441/516987622400275150749087039944304518605
4152526/126035065,43219288/126035065
852282256344245524308322374827837144380543801353468449123908999379199219/1278954320646928473477304435163802732590201373341166635129476211615381420,62903056176149991666036146127756146611481101347576587879958261509902159/639477160323464236738652217581901366295100686670583317564738105807690710
356513971735/1438867049166,0
1,1411232/2416235
3154213824986464211012828685840960516973686543509294523677409332827/4733028666744733221453749650519018341258102133876931643680799497310,15476510098293984662898595490316882643261243399061953053788050015/157767622224824440715124988350633944708603404462564388122693316577
254135827793861613893185560959074/198529950819205869144918052603755,20733459802538520436561833155/13235330054613724609661203506917
1,237963843881115012297017/1048654533570613207112388
13590426876769622095890226787156420/17991030638830285150436630084912953,28394011323321020819260476489749401/71964122555321140601746520339651812
4437903240094219956830155223521/3532984973694382271068008552500,181535979721960038093883414271/3532984973694382271068008552500
188984282166227462901878571757229808910763367830066448229543091/215704949361941511235459750034707849633013786035329522172025480,25222966825464774680168143115837726887224856765058766468063521/80889356010728066713297406263015443612380169763248570814509555
41733618817868885/78039173688819654,5802909094814029/26013057896273218
9643/21162,0
330270209277171084639501299505/929549557953718777632926700946,-1052488389458537142629629891843/3718198231814875110531706803784
