12
0,0
0,1
1,1
1,0
1,10015/10658
0,3767/21316
44083/56832,1
21232967/28573728,28332331/38098304
1,201856431134245/285421683800704
1191143882229853853927526227093252731098368780455951277356457305846597/1750014513557239746074625248018356685698650665771868634951312194317104,4872185706375349099246851630794280127768734947366816433009881441354051/7000058054228958984298500992073426742794602663087474539805248777268416
18804876806811808898047449094597128257024467091253738084855150049/41677484818502616965027952412175190600556296737659762028210882240,1
1,32308425631725577452719097149454442348125988674202944805844786583489639205/114612017890632456455591519375352111810855136072774643973408968174943934016
6
4 4 2 6 7
4 7 9 10 6
4 10 1 5 9
3 7 4 8
4 11 8 7 9
5 0 5 9 11 3
894174953511959705669235203404151764956224268623225109835584995421250924465670432592853134583333397117091939662991888759388520243/3000134596318241660324085800353540967109782912749277342390602105800198089335161609593861062794046337526217607020794293587572961600,14830586724000103955750974621078765584801945141917543337814634314828442727772183836346162445938875959889244394610525359840501808903/9750437438034285396053278851149008143106794466435151362769456843850643790339275231180048454080650596960207222817581454159612125200
58521450240240537786224497178697654396737460582004007061850640255342363818080480400355991477774853300459957928390461125911/54255225164054203385176788673096757414907613743832586808312581177602841345755925421637486002620065357003124357406573047872,18581013223803009196470515554897166806071524557326736825908803095852866562542375887556573391109338669003707654541130767143/13563806291013550846294197168274189353726903435958146702078145294400710336438981355409371500655016339250781089351643261968
1,1
9896961374706025850010230271977827621688331645331287921179629765129236803744124552221362253015694328885628182785963141459072636907/7800349950427428316842623080919206514485435573148121090215565475080515032271420184944038763264520477568165778254065163327689700160,2497831736917053265009813350239378153014338533772255364876553085249812966865637170589689712411367157107824225076632814224078225259/1950087487606857079210655770229801628621358893287030272553891368770128758067855046236009690816130119392041444563516290831922425040
1,10015/10658
73902872174021446301917297449217247859473151272894926467445973174595440267979171734846575929262070458731155821776408323999479/289126094899244849839607106838932620264042673640883855101497745095445541531533326571906162907962328287469649700619627772109888,97541520912224430646043325693386508399368826393136952721384955374479477035459106370598733420656748202959485981977309248012055/72281523724811212459901776709733155066010668410220963775374436273861385382883331642976540726990582071867412425154906943027472
44083/56832,1
21232967/28573728,28332331/38098304
27679063133507/35677710475088,285727385685381/285421683800704
9004949041472779403035638756844153727478039801437520064258039934387495/11375094338122058349485064112119318457041229327517146127183529263061176,3878423577267069261825300907405887620662360356166174529302957621981453/5687547169061029174742532056059659228520614663758573063591764631530588
590477385838824218650294963248471111218228890269760299358936518073/541807302640534020545363381358277477807231857589576906366741469120,99566381699061956768313805011527449529826051495845408739175273931/108361460528106804109072676271655495561446371517915381273348293824
447393440494171497028537949567211341182862334061549670467644287408650913165/372489058144555483480672437969894363385279192236517592913579146568567785552,375184543551225018306298682519243989582042632239977338654460181930415609137/372489058144555483480672437969894363385279192236517592913579146568567785552
