14
0,0
0,1
1,1
1,0
1,10015/10658
0,3767/21316
0,58217/75728
238921549/307912432,946798139/1231649728
29688670752561/52504815775996,0
46550521551136877/300525988479657957,1
12697863188447840434677/68274211367607710816612,52486121008547225719007/68274211367607710816612
732420696360429489740629486533/6181014494013546152795435415569,3302236759603930676415111892469/12362028988027092305590870831138
1,23288616099936030891030615/602071609704643413708073883
30435725946948192412637453776107/49079396467939660364690022899300,9801799904594578062461933165751/49079396467939660364690022899300
8
5 4 2 9 10 7
4 10 6 1 9
3 7 11 10
4 10 6 5 11
4 7 4 12 13
4 13 8 3 12
3 13 7 11
5 0 5 11 13 8
41115642904675198833693022045288717377359645808037206/106608155305646515183414069416580697810379993525203125,296135158596313232985041992336103943932064590371643891/213216310611293030366828138833161395620759987050406250
125906773530591274933460353042622601/413766108276107440554981683690452901,430691848407303296948818907628484490/413766108276107440554981683690452901
1,1
9773660662710611654016283624518973054256482/59487734728238094659543696413441998663095905,71229060042681083112646238465418754117153729/59487734728238094659543696413441998663095905
1,10015/10658
660532076549058532786974097908483859112370306541/3161211978828698401674038455260048623056942292500,2195284843572635124951444488821109448240772347269/1580605989414349200837019227630024311528471146250
11448113658863245645002156089505485324667/31333679847533064258347652942510617286928,6406799965304218305293018250286771254895/7833419961883266064586913235627654321732
238921549/307912432,946798139/1231649728
2094773775783246043447139392321307063487524680467/5431178322346958761072270017864828362568751091099,17889189176225265490490325496855249511135845191917/21724713289387835044289080071459313450275004364396
46550521551136877/300525988479657957,1
12697863188447840434677/68274211367607710816612,52486121008547225719007/68274211367607710816612
1465496492573021666669049996823/12362028988027092305590870831138,15704587160747924515674773659993/12362028988027092305590870831138
6067629448939552435939379/46313200746511031823697991,709039693461273884311864007/602071609704643413708073883
12697863188447840434677/68274211367607710816612,52486121008547225719007/68274211367607710816612
