25
0,0
0,1
1,1
1,0
1,8780/13949
1783/10563,0
1820841/9958870,105877/9958870
61/302,0
0,3435933395/4384463354
33360737/160539436,4742107/160539436
2171/10202,0
33610211382653/192440600794815,17408985272657/384881201589630
3361632629252147/24141892080995830,0
285220575240945870112/1364565488336730264865,1
1,2157867901620768403427/3237212814716552798180
1,313005393/904765936
9099354474501/12677087165624,752877675797/1811012452232
2787189883163996732341959634757/3820560497891076494339344460250,1704176188360555484471443344653/2183177427366329425336768263000
10188933652312515363335717362172732969411549/10834229399876631908139460718586835223307760,1
302359007332000000972668308873/4807804255280000005169675411020,1244658791251999999969419621253/2403902127640000002584837705510
0,243593718720715999974120681049859/415140255628800000302501143349632
27218886038046851715352096671256739619/51397300059618263023742315861570702012,14041989190163419004798311560492105449/51397300059618263023742315861570702012
1611441154346214847871185720916223/1671151835779948644568156595370700,0
3528143263835380535653648266123574036959455059903469331/10675584407084272484622457030210349919668922078778549375,40515905890427937182224890441707320170793448716513490193/42702337628337089938489828120841399678675688315114197500
10114843506340879775246723417499236218123255723069104810083349664411/23670134447122140247865898683805402713369131713007258270989583488960,1
15
3 15 4 16
4 10 9 21 22
5 22 3 15 16 21
4 10 7 6 9
3 7 5 6
4 17 14 4 16
7 11 9 21 23 13 1 8
4 23 17 16 21
4 14 2 18 17
3 23 13 24
4 18 24 23 17
3 11 6 9
5 11 19 20 0 12
3 20 8 19
4 5 12 11 6
883392370598/2963087970245,453144639521/2963087970245
11958311946713984250847329/8310407533071532201200820,4137759895087171129825601/4155203766535766100600410
481782616197431634819031468729844/644992192839630411165465257572157,7300335361594775280909231391436726/16124804820990760279136631439303925
210426747537011571212189556494421754437014808770171/181669028883617187153051355805917097718643683663188,62672851788605506783044686667959224871800281971627/90834514441808593576525677902958548859321841831594
1,8780/13949
6302306792751037/27362898225376350,327741255398497/9120966075125450
15833126682889/66637214195975,1325869774552/66637214195975
61/302,0
260037507890160000059312184650871999947758879329887/296389722730400000111716126259920000082362144104890,-32510838785359999774175916440615999983218953076661/296389722730400000111716126259920000082362144104890
33360737/160539436,4742107/160539436
2171/10202,0
537869/2514318,-8330/1257159
2466580994392586/12070946040497915,1207374912083211/24141892080995830
516847345483219251444177152732350016349/370407877171526417675616669690829564900,20938166065622969381480781236291804763/26457705512251886976829762120773540350
578096525821643811833/558140140468371172100,2506272277397748786556/4046516018395690997725
360433656932687166825047702909181782435417/378452451275385010346476897413398788688798,2930637487348154583532856602094593150118657/3027619610203080082771815179307190309510384
29019365162052158702568950957116520695172082291/42421355817817840787432604895280859177698035256,36315101753149368342734782445256840265096117691/42421355817817840787432604895280859177698035256
341093155469719304626183280128431011284891379577768862891/334076283349945088241966971931006150671878008000979679400,83233959213013325293570518126969920052011894403037774411/83519070837486272060491742982751537667969502000244919850
8385175570499316839163917166087124227362201332877051619585686427365275119047/11329561909101192163586594798289903883509792135651538595833104449825994176075,159417051911344784329065733792647830733678672010859564562777583396106822130193/181272990545619074617385516772638462136156674170424617533329671197215906817200
50132000000000000013733/78520000000000000084430,-38051999999999999996313/157040000000000000168860
1519055540865020000355287597192719/2075701278144000001512505716748160,-15717449582099999990047943536421/64865664942000000047265803648380
7936578679164912807804397433126750685/12849325014904565755935578965392675503,32355437760373583865818316893152580423/51397300059618263023742315861570702012
94385416481713470263665433270582/83557591788997432228407829768535,558750348754828009067913004816199/835575917889974322284078297685350
18410502276520266943607590226785720255686644126/13948103427441868071586184621180090527928923675,2575764579015961729272228390967761335310299311/3769757683092396776104374221940565007548357750
7164401136157768157569529645804509098654991287380902355957065616197/5917533611780535061966474670951350678342282928251814567747395872240,26625363186014558687335877913510049342873835367326813428237823171461/39450224078536900413109831139675671188948552855012097118315972481600
