16
0,0
0,1
1,1
1,0
0,107/201
107/148,0
52465/74204,1
0,75743/128208
51057734008000000194362530294/286318074432000000441499882981,0
67123178666666667676766840/4035992757333333337886921447,6297268576000000005040882127/12107978272000000013660764341
174810454520686823813986685578397608728079433254953488/1155095097074097900761264950947652360857611705621546255,100265843489707385836851686841497950939844197429508401/1155095097074097900761264950947652360857611705621546255
21983118914044931020065092/79087955637873689373273385,25914973402854900358062779/79087955637873689373273385
0,1157591545159607102663455226773106451717173263339465346784690134108289574936399/6958433193969359727536595401394209928942530498353259658755500943308236582203297
27095/251482,1
2866167996665/4463704149724,2147976231737/2231852074862
2892449928436995574/9049081423737170519,2687408571797024381/9049081423737170519
8
3 6 13 14
4 14 7 1 13
6 5 15 14 6 2 3
4 14 7 4 15
3 10 9 11
4 11 10 8 5
4 9 4 12 10
4 10 8 0 12
378022925684875581175054450102763627542688093750339379674976281814746072275950935460760904671633025513/1259689934510609244596358006334283215771616136497158332194339801684360827978552161068525082580449782425,702973714043498376985892047191355913074242035972767043809844685129295157566970814163641014897192138191/1259689934510609244596358006334283215771616136497158332194339801684360827978552161068525082580449782425
3066257155500/2891149013533141,2934747784767991/2891149013533141
2339660421/2742940610,1719859519/1371470305
-38726187/2742940610,2403050622/1371470305
-4339215339640362731965156007696720/448429977856100033493113245693603041312883829570585047,683201016721872065833849164922786401271239451882961087/1345289933568300100479339737080809123938651488711755141
-94462330648076479293156342848808518450274833198/1900078610998236775595800851725187126090811662065,5872671251695314975552768688703086687437361314821/7600314443992947102383203406900748504363246648260
52465/74204,1
5347104303689225/91658860713911212,1562163657423556189/1099906328566934544
117574759668857647860968784850125620032940245019880237011371814856379404901617/249958282051285233518097444728716285037871844840951333306635613331814310428865,152722974411389827127626068176892957985839433903156027064484097588043638920229/249958282051285233518097444728716285037871844840951333306635613331814310428865
67123178666666667676766840/4035992757333333337886921447,6297268576000000005040882127/12107978272000000013660764341
8720500446435515454457861607869461231066245449200/18539364370020028902355588651755916232366771617391,9642184189933865485789407428411610773404486007209/18539364370020028902355588651755916232366771617391
21983118914044931020065092/79087955637873689373273385,25914973402854900358062779/79087955637873689373273385
2431834195467162780981574205363507468153549679054228025932650398613369708755264/6958433193969359727536595401394209928942530498353259658755500943308236582203297,2777772417894684504620952959390608598535406459782187524844390120440709270424791/6958433193969359727536595401394209928942530498353259658755500943308236582203297
27095/251482,1
2866167996665/4463704149724,2147976231737/2231852074862
-1728839171683527115/18098162847474341038,834403918862837029/822643765794288229
