22
0,0
0,1
1,1
1,0
1,223284799/492388458
199779800/423064599,0
54442301967988396193/104523789238381718889,1
27020359348632412454246808076/28209145441553438499917171463,3923555317632712896594595626/9403048480517812833305723821
1,534788185292423929757324125698885613/1428619892555058760858204828898886751
159930039/782979025,0
12267455233262978762006466031/17011806472243214157439079490,87283036221809129353464126479/119082645305702499102073556430
1,427255926377951317427875885345393816048301787962/515654154078378720016905881832747013003995605943
1,150211986242394809723852/8027721654269728100502403
3857322793874825420785377/4007534780117220230509229,0
29527067/210218230,0
6045701753758908924629643157/9642947633346101845987778370,24836047002560491585856895617/28928842900038305537963335110
91665389224248309956446170087622562659443683/113247454877905134780076495425450131410702278,23223230303175439053180199281992974248931919/37749151625968378260025498475150043803567426
186330427126659520132715/671148962766296642834712,0
1,7449908800882601831417547092235333915365936587/7870907048475243182172505754955912413854885458
1,537343638429222554612872644695920054251103261624829117638770987/765069251252889260021609184804442299920894622333480804465319088
1,16683618022863180522469258358143136276077/105478527478851690754134902146944882782814
49688538728964279284843608988113223561075/66372156751827459807312867346256359837152,0
12
5 6 1 0 14 15
4 15 10 9 14
4 16 7 5 17
4 9 17 16 10
4 15 6 2 18
4 11 18 15 10
4 4 19 16 7
4 16 10 11 19
3 12 3 13
5 20 8 7 5 21
4 21 20 12 13
3 8 4 7
0,0
0,1
1099954080711460722919898765784935129527/2844856354109890265759748141578446997775,512113906969888470895947835631922291613/948285451369963421919916047192815665925
77500753531729121/140476682832882855,73295238582966628/140476682832882855
425506002135224746074548831995874673263616587969/466924811143890276835550861966725734423053893650,90338733376329197118613940122631237245792765579/233462405571945138417775430983362867211526946825
295860844588195857905507/2588871082379459296451309,9801632976723923195540771/38833066235691889446769635
54442301967988396193/104523789238381718889,1
27020359348632412454246808076/28209145441553438499917171463,3923555317632712896594595626/9403048480517812833305723821
3950570803199569200787889171693035711/4285859677665176282574614486696660253,1994594256667424276208950913379715003/4285859677665176282574614486696660253
9844015460518945284578/91424080781163417662765,25018720321648132572492/457120403905817088313825
32735388166992106620702852091182622611481373/69523071732752840508296401611715986539913390,12163406559555257079047085201108092253482755/13904614346550568101659280322343197307982678
529052117620878723016865771897818003896846371255014948184341399/1505251275332828478419059082374421790178537686402471755390016195,182198485958308693666736555172337965347644147611435936376844135/301050255066565695683811816474884358035707537280494351078003239
25646677871392400540903570853097655118562/70301411299809447028287837937838713692285,44664519746179528354220548498523272039612/70301411299809447028287837937838713692285
12207753985201054661027147130521316354266/35095306365718933240624746989693604028755,20952742827147551399393190455902996334216/35095306365718933240624746989693604028755
29527067/210218230,0
6045701753758908924629643157/9642947633346101845987778370,24836047002560491585856895617/28928842900038305537963335110
21914707942353988845356605138414489693309269/37749151625968378260025498475150043803567426,439741727522072441362574775413071566915027509/566237274389525673900382477127250657053511390
5023044827965446902584/27964540115262360118113,231917976484323364115951/3355744813831483214173560
97676442987928951475987968130121608579682375191/223009033040131890161554329723750851725888421310,175639422139001191894537299872837730144740120423/334513549560197835242331494585626277588832631965
91276911443468948093503689029838381283235330761555605820688393/191267312813222315005402296201110574980223655583370201116329772,6820047165941948942790614800880732365791278299244622734604078067/11476038768793338900324137772066634498813419335002212066979786320
17724654808656640720699231107231051307669/35159509159617230251378300715648294260938,169228561388803154207899549494985178907386/263696318697129226885337255367362206957035
1978454043123477629280460879682420192013/5531013062652288317276072278854696653096,127225127557775228858096369612790998852921/331860783759137299036564336731281799185760
