9
0,0
0,1
1,1
1,0
1,11000000000000000137/24000000000000000312
0,3666666666666666715/8000000000000000104
0,326275272081/470665978852
221106730214333336129276496311/303140942183333336960388262482,1667275182008333352700849464977/3637691306200000043524659149784
0,3786067507200000102929026242320334030563305620557/16943975238672000444181047511672002908939138400760
4
3 6 5 7
5 7 6 1 2 4
3 8 5 7
5 3 4 7 8 0
-10329408641720809685092510873779803773738142339337647307984705/79218023119234189364871997100088883331936205719381453168840968,40541004145662627353103031866372391212416310599028969286743303/79218023119234189364871997100088883331936205719381453168840968
-393936614037705130710150/2200500642200949647366761,977224362089862901642705/2200500642200949647366761
1393039089438148824205361/2200500642200949647366761,-306878792455662190719095/2200500642200949647366761
54001716683409934395293619288712111509315815012058227395203775/79218023119234189364871997100088883331936205719381453168840968,-5686709417976277130954903904818607570066985553297158339361265/79218023119234189364871997100088883331936205719381453168840968
298370709259567849053442333036722168543974/314357234600135667996181335516049345109699,15865593126250209053617927862107838605856785/52812015412822792223358464366696289978429432
0,3666666666666666715/8000000000000000104
0,326275272081/470665978852
221106730214333336129276496311/303140942183333336960388262482,1667275182008333352700849464977/3637691306200000043524659149784
663320190643000008387829488933/4235993809668000111045261877918000727234784600190,2349181958983200061412185969964867067812941178821/3388795047734400088836209502334400581787827680152
