9
0,0
0,1
1,1
1,0
0,2281027464627/7504867188848
2281027464627/7633354252624,0
16/17,1
417273230218045/2117680669976992,219230179793323/2117680669976992
7563968052165404285579477/111354544272547075380240164,0
4
4 6 1 4 7
5 5 7 6 2 3
4 8 0 4 7
3 7 8 5
1088243168591415698870703/3580972770884380865826640,1069925511008769640554981/3580972770884380865826640
0,1
18392/19769,20912/19769
-1039/19769,17272/19769
0,2281027464627/7504867188848
1443926804979093/18862972527515482,27842232833752021/150903780220123856
16/17,1
417273230218045/2117680669976992,219230179793323/2117680669976992
134847223785467006857969755/445418177090188301520960656,102830836446009849790653869/445418177090188301520960656
