28
0,0
0,1
1,1
1,0
1,8780/13949
1783/10563,0
1820841/9958870,105877/9958870
61/302,0
0,3435933395/4384463354
33360737/160539436,4742107/160539436
2171/10202,0
33610211382653/192440600794815,17408985272657/384881201589630
3361632629252147/24141892080995830,0
285220575240945870112/1364565488336730264865,1
1,2157867901620768403427/3237212814716552798180
1,313005393/904765936
9099354474501/12677087165624,752877675797/1811012452232
2787189883163996732341959634757/3820560497891076494339344460250,1704176188360555484471443344653/2183177427366329425336768263000
10188933652312515363335717362172732969411549/10834229399876631908139460718586835223307760,1
1,339599/659394
3397625051046353/3448056915540264,602664579365813/1724028457770132
78651530600022148274105/93744316176306398863308,0
1,720541547976545/1126393522398468
191767345662189255551783/263907009535502305453620,364840655470858652485807/527814019071004610907240
8028872646024313938067322808239/192420512829389724587446375109382,116846458416952901445808293068893/192420512829389724587446375109382
1,69092144407188766855082558426136125806831/98864365707858918186685697520823107740700
110015283539502301443897475048507451271012357190717/138998111936885449208480360938864436077038676840500,234921414981495514871579488617505808415950352039263/277996223873770898416960721877728872154077353681000
877977835170555154310613555113608523489347371982958168441/1303670733644010091162079101207047867877131195935537029170,1
17
3 15 19 20
4 20 16 4 19
4 20 15 3 21
5 21 20 16 9 10
4 10 7 6 9
3 7 5 6
4 17 14 22 23
4 23 16 4 22
6 23 17 13 1 8 24
5 24 23 16 9 11
4 14 25 26 17
4 26 18 2 25
4 17 13 27 26
3 26 18 27
3 11 6 9
4 11 8 0 12
4 5 12 11 6
883392370598/2963087970245,453144639521/2963087970245
11958311946713984250847329/8310407533071532201200820,4137759895087171129825601/4155203766535766100600410
93290993725681439455831738311957187561019397278/75344579914804493745242759160352298191098439875,10279842256334326484615185403680794677385767993/25114859971601497915080919720117432730366146625
63040938855842501/54289498061836052,17699788585668303/27144749030918026
66486258700829693/65177939013777915,13636556394717023/21725979671259305
6302306792751037/27362898225376350,327741255398497/9120966075125450
15833126682889/66637214195975,1325869774552/66637214195975
61/302,0
19233543483/21922316770,-4109622067/10961158385
33360737/160539436,4742107/160539436
2171/10202,0
537869/2514318,-8330/1257159
2466580994392586/12070946040497915,1207374912083211/24141892080995830
516847345483219251444177152732350016349/370407877171526417675616669690829564900,20938166065622969381480781236291804763/26457705512251886976829762120773540350
578096525821643811833/558140140468371172100,2506272277397748786556/4046516018395690997725
1,313005393/904765936
74660964564713315973985607/59234813546016760939964040,7261215033189094935433157/19744937848672253646654680
107039728859069491798021/99834483890213634882600,1169880221415961029347/3565517281793344102950
65850394554917581946410031985687946493920159728984659/54882802769750847250407414266391051660494870464216500,26617823211232953935630897276969958925704698776637691/73177070359667796333876552355188068880659827285622000
1,339599/659394
3397625051046353/3448056915540264,602664579365813/1724028457770132
15916944403615100784269/15624052696051066477218,34079398890247255334123/46872158088153199431654
379170053177905/375464507466156,176465360216716/281598380599617
3397625051046353/3448056915540264,602664579365813/1724028457770132
65751310096200004310651653/62851388555475879018829260,16293256488726453120255286/15712847138868969754707315
498176937416222551390343479695010403634161/494321828539294590933428487604115538703500,24849375312796422024317973946289609005864/41193485711607882577785707300342961558625
3397625051046353/3448056915540264,602664579365813/1724028457770132
13069634342944035697167889065558595084962522219260637807977/13036707336440100911620791012070478678771311959355370291700,590549099413551089422929496518834603609895695243313993873/1086392278036675075968399251005873223230942663279614190975
