15
0,0
0,1
1,1
1,0
1,53/90
100660870672319/133202401415841,1
1,465731/492980
4069392841402461284/4763664201063425889,26490605875260432497/31757761340422839260
0,676199488858692040091080226245299/1505066294318035797863231632905620
9222341/10686000,1
80085911576907246257/99969196268835975000,615536007168450610073/666461308458906500000
1,1911472070441381/2416960983695200
18304550579941067157124920703/20236530451289322016276260360,101121397040949405450676460407/134910203008595480108508402400
0,93600112932386144329328410510969/120673611249166560680739360940000
0,231103690821197722650393660085845236078429/5532755385059593660288375473345745553048800
8
5 6 2 9 10 7
3 10 5 9
4 7 6 11 12
3 12 4 11
4 8 13 10 7
4 10 5 1 13
4 12 7 8 14
5 0 14 12 4 3
112418644394906263487123416319274179628384692321/72471427223891296287805424048848415128192023000,4340880515921636609674949099238228816988130241/2415714240796376542926847468294947170939734100
32501821190219910952209733798320149753/22264994748731066389416245091865719000,1028597501337249760628578278518622919/742166491624368879647208169728857300
1,1
2097741418205470778507363464973590603180925557/1367385419318703703543498566959404059022491000,36330546615547334005877246681936244637371357/45579513977290123451449952231980135300749700
1975526600284089653/2089790024448219000,506027938343057251/626937007334465700
5577193456520715986770883/6300013905481993232709000,187949808057299040751909/210000463516066441090300
1,465731/492980
4069392841402461284/4763664201063425889,26490605875260432497/31757761340422839260
361368599186160292599989191199896/225759944147705369679484744935843,2107813242977249231143678483566899/1505066294318035797863231632905620
9222341/10686000,1
80085911576907246257/99969196268835975000,615536007168450610073/666461308458906500000
2573507632160459/3021201229619000,11917578400277823/12084804918476000
198905043763558282655489392937/252956630641116525203453254500,610700973987999291934449436901/674551015042977400542542012000
11892570503479093547138627923921/9050520843687492051055452070500,187828374839749847078122869934169/120673611249166560680739360940000
31317802458907289237571617722523479143849563/20747832693973476226081408025046545823933000,49729742893136497951999917153606343111008487/27663776925297968301441877366728727765244000
