12
0,0
0,1
1,1
1,0
1,2626604/22674247
0,81851987/90696988
1,1210628994819463835955120439877/2014497929569322558084949758909
111613732761171313142453105783938582229/200248982897570283205083987351819912561,30973581502721167864731927274699306557/66749660965856761068361329117273304187
9872807473252409825461752440121952941849254593/18683453809471752344464090457537371038649308639,0
108943/944703,1
4434997911939/19353830572207,13977664065155/19353830572207
0,248191106973340031578/327804280848941114507
6
5 6 2 9 10 7
4 10 5 1 9
3 7 6 4
5 0 11 10 7 8
3 10 5 11
4 8 3 4 7
11679553499999154/13316134133588185,14847457365430312/13316134133588185
102918778929/521167858949,563343289368/521167858949
1,1
197619864167192412284285060434366271575497434186300492619104743165595283269113/236845846867132379253431969613254187526371208926084313673319382799868563997205,246885642386306866328059288934059716813013144795114830978342213882475665846856/236845846867132379253431969613254187526371208926084313673319382799868563997205
292815661080220118159765071355917102776624665770400372597783464548055/403292815986560396411331121122480595117915936063454272070363662540171,403828837565165964406368221259443876427685991846868699361600249976148/403292815986560396411331121122480595117915936063454272070363662540171
12569267497207527351/47268355049083145612,11952356738859856081/11817088762270786403
1,1210628994819463835955120439877/2014497929569322558084949758909
111613732761171313142453105783938582229/200248982897570283205083987351819912561,30973581502721167864731927274699306557/66749660965856761068361329117273304187
18712118906159128925846352893497536460302090781/18683453809471752344464090457537371038649308639,3745614066492431638898102975000367613878067088/6227817936490584114821363485845790346216436213
108943/944703,1
4434997911939/19353830572207,13977664065155/19353830572207
46304993913818878854/327804280848941114507,307055636592728793490/327804280848941114507
