26
0,0
0,1
1,1
1,0
0,107/201
107/148,0
1,761115655/901412574
1474526462/1895417219,1
0,113439681816523/364034483819724
1289620729/5450018584,98072030149/273863433846
1,49624181195208516034957/51286358439418552119808
147012182822805780379506836496925/155557698734254494064464174929542,14456433722899279765611245821967/16374494603605736217312018413636
112083065343303241219144081261457375730513245/256598272799726627928006172832487501316315162,27034133131248431561849095687513609534153637/128299136399863313964003086416243750658157581
0,615788857/1299072106
616339397629182223/5920292760281418900,1965955401263195711/5920292760281418900
5548521213270154979853039/262363242822082566191983561,0
3077/3354,1
500902860659/589679027720,3360746760457/3538074166320
4550038004500288752523947098072819969786843/6021581576930805335555749405923689425572558,21576655753936903034163914588580078981746825/34122295602607896901482579966900906744911162
1,4793275562057182049589890463313212615178402075524944850392727020255/6093317326053916007363169506198562129432780093012321091017749570412
63655/449086,288293/673629
2736182773651534/25152388987827795,11167314369257129/33536518650437060
0,1776898156287613/5468172790223397
236688884284920386413169/2975950077091976654949360,162309885811845455220263/495991679515329442491560
5231021234213674573461301/13012100151287914891372506,0
0,3749884583404334975205529620161507/12609741045022263503077510759528986
15
3 16 7 17
5 11 17 16 2 10
3 11 10 6
6 12 4 1 7 17 18
3 18 11 17
5 3 19 18 12 5
4 18 11 6 19
5 13 4 20 21 14
3 21 9 20
4 14 13 22 23
3 23 8 22
4 21 14 15 24
4 5 24 21 9
5 15 0 25 23 14
3 23 8 25
-808250043046595352366875563192/7150608287292040581928281390195,8380531176975072915476952571027/14301216574584081163856562780390
5589685691891898356/10905508091169443245,18880448252424642373/10905508091169443245
2506292/2661135,2871101/2661135
210818654204053249886707666411236681599321588406330914146154168/255050207121761636537603531043339323645380769435670244407062675,448751040740532624754795602456174691777080064744875502561023676/255050207121761636537603531043339323645380769435670244407062675
0,107/201
-14485141687752219248197147/32324435419951239961545460,4723638352452100212072287/16162217709975619980772730
12927659006502791788297478035953270279967252495943955390479/15583600074967609887780350717612186344907726817361959027875,93113810417536626861515269502578293391472664800239657139557/93501600449805659326682104305673118069446360904171754167250
1474526462/1895417219,1
6645465665609261294933087489/50172232879902796248314252940,3659902259355019984588884947/8362038813317132708052375490
33372627812839513/323905586234566760,65500914336546589/121464594837962535
1,49624181195208516034957/51286358439418552119808
67365762152802711947191880394847237921/82792007324236066612447574430225350034,175689209441872000980183345636747575567/165584014648472133224895148860450700068
360137753422177082712436468526803113010989075/256598272799726627928006172832487501316315162,203986953306571095823561198351064532494763407/128299136399863313964003086416243750658157581
36170756/649536053,714036451/1299072106
21108525374039/95021150152980,9357317681389/19004230030596
-79897748711276718223240400/787089728466247698575950683,950387527663555046260502741/1574179456932495397151901366
3077/3354,1
500902860659/589679027720,3360746760457/3538074166320
52375046458990023212219905/46933570610393477449447614,17935003532053748400903181/15644523536797825816482538
448535088581678313879592009110204274994238303294019642834904193895/507776443837826333946930792183213510786065007751026757584812464201,5940173709731903963029252754240454387063263576912670824473688129719/6093317326053916007363169506198562129432780093012321091017749570412
63655/449086,288293/673629
89886025976/403697760819,262479371823/538263681092
7692257839910107/54681727902233970,7786327656057217/18227242634077990
1629635182722396659/7960704269566317992,22659620558552733721/47764225617397907952
-8746435143772511355467261/65060500756439574456862530,4864295891271592710334769/21686833585479858152287510
1719166173468047819788313805510899/12609741045022263503077510759528986,41444254264656040990156713967381/97749930581567934132383804337434
