15
0,0
0,1
1,1
1,0
1,53/90
100660870672319/133202401415841,1
0,6190744087378521441956118323630857122119/19690977938038720406978059203648381597654
1,5399389310203111687048560452889490052983/9845488969019360203489029601824190798827
0,7759710486440066383571748215372963845460215/7908877960491907814793084686277398038461619
66296655134151747209482875957526308000624/1037305284179266391099051819664751774753249,1
1,49473565674270383/78731325942722709
7856033510503393340418955107577/7938079397721276191746118167263,4812713825842055258695778696929/7938079397721276191746118167263
0,6470027235482850519905660288176273231400651/9703733819731558391341336363285111652919391
1,965135276152670574301779277030244034354804876376734665503572473/2000075133075888924715079652499014112743118574184470893385177787
182134958654985782792490624477668264657033329438488564139002793/1147270234807656357094269901507912299011838205815223229642575266,0
7
3 4 10 11
4 11 5 2 10
5 6 12 11 4 7
5 11 5 9 8 12
3 9 1 8
5 13 7 6 0 14
3 14 13 3
465183138500314747057732228766209668636114919077152/302385658295168923228641636131835442547689158024375,12352996770087554061616634897937880284358684220876/7753478417824844185349785541841934424299722000625
82231699829636074998293516738996073581878519073362508774474/71972264421025104066369000706671004880501583853866162655707,39300934013157369849735337104971925399510138064811173963585/23990754807008368022123000235557001626833861284622054218569
14799273878279458448539448962696967/11515262584397354521576993809729375,9979594411030979625003731140348619/11515262584397354521576993809729375
2072311475432620509843858047470216984647784703897471994382177235294514179521027/1401579977670328448079684704114445015930151330251068817726437491036611955010175,71546860604190429391739125337547860110672722599183739679547588306361313012178/107813844436179111390744977239572693533088563865466832132802883925893227308475
1,53/90
737182666375792410986877451322800418682793850003/511286876391903689560214061141729531020349343125,347244092705379087850812129799117750091753599921/511286876391903689560214061141729531020349343125
5641963302339825323618896649018607094562/3281829656339786734496343200608063599609,289088453906649946500911759376429872789/216384372945480444032725925314817380194
3398503952593339256156754026645745224693/3281829656339786734496343200608063599609,61619661795850943102278331109561567493/108192186472740222016362962657408690097
26894864960282792987949339251216498952951886/23726633881475723444379254058832194115384857,13087104548765208400927168466808689904446495/7908877960491907814793084686277398038461619
3380819405358054669244969566882902380932874/3111915852537799173297155458994255324259747,1667588872893696772541525974619030037501209/1037305284179266391099051819664751774753249
1,49473565674270383/78731325942722709
7856033510503393340418955107577/7938079397721276191746118167263,4812713825842055258695778696929/7938079397721276191746118167263
697628352801581028421637837542418935511284838/494890424806309477958408154527540694298888941,1735512048989305938902213870799456833995149/1153590733814241207362256770460467818878529
49885916911551220594871666453858071004728614818301769300912545407/50001878326897223117876991312475352818577964354611772334629444675,184452285009584730522630371154007044095105089679832075902518121/295869102526019071703414149777960667565550084938531197246328075
525173627431342507760426757953654717393286984859628040287863540613/372862826312488316055637717990071497178847416889947549633836961450,552284487357352724298581205515173735856683180886092162554694094/367714818848607806760983942790997531734563527504879240270056175
