21
0,0
0,1
1,1
1,0
1,1704661450916/2467769458489
1810233692011/3514895142927,0
1293365265954086843/1620064964708684192,1
0,661157999567168867/1954523265521255710
0,467/637
491604719274139848291/2226195097752919069114,1160537876254495695401/2226195097752919069114
3055129422105432853934406799880717025043056810605403/5670384001885969956333309452725791891186298698476920,27424383950567793450843814222262564101279488677507/810054857412281422333329921817970270169471242639560
1152783599462685/1873397672590639,5695779212002/39859524948737
296793933232368175313842921/328315533947919075966021497,0
23945085510573606942386003305528549/27620289557287987392016347974230225,506630434163173582045268248904932/27620289557287987392016347974230225
8376252392768054894568335149813/9981431618418701649807770673691,0
265826361857237550746185/317523910486530089045613,6938197456301358208408/15120186213644289954553
3763010844462690482/6614715598021895673,169168625411286033/2204905199340631891
25276621361727633186326809002667/43908168229059181794024205053069,0
82113109530612533114740/118477623716317515775333,30046073957209476174653/118477623716317515775333
3852453121248611078279748064289762753331619/4561344249720488171069181834109398401687875,1593168004503526722103840418087680157903842/4561344249720488171069181834109398401687875
1,1718118859075206031911322468399119192222339103294/6173353462105522283966971612401769554662671547901
11
3 8 7 9
4 9 8 1 6
5 5 0 7 9 10
5 10 4 2 6 9
5 16 11 13 14 17
3 17 16 5
3 14 12 13
4 18 11 13 19
3 19 18 15
5 13 19 20 3 12
4 20 4 15 19
-535559455617824834402935603118725232/1611192921335105801547956318799574241,646124346169761931610877527728990285/1611192921335105801547956318799574241
-1598/5993,4327/5993
-20751587005740628138438120328411267415719/48279395887806445343384511092829242131565,-5854818168336712831152883898615960671968/48279395887806445343384511092829242131565
2329913199517008689017508617471849409219013/4259534467711143959337814493784696989191625,1417552271454973544084689304553487726534884/4259534467711143959337814493784696989191625
3104139210676780685858093012841538323776023/13019946812558439547412307028694714193216305,4914680345050294873252617189331807612412646/13019946812558439547412307028694714193216305
19438714717816607312063297/40150299131884442122219479,1563498051532956693350118/13383433043961480707406493
-354068725503490197313/1517038958359241306665,-3671957185927023498657/48545246667495721813280
0,661157999567168867/1954523265521255710
0,467/637
491604719274139848291/2226195097752919069114,1160537876254495695401/2226195097752919069114
-1773069274832054994242026895559113829649724081769/8901701729805290355311317822175497474389793875160,5240440034741456197412263856142575870456015153660579/5670384001885969956333309452725791891186298698476920
1152783599462685/1873397672590639,5695779212002/39859524948737
2289239904016726754395729550203462580217/5060639055581139864587623740848783986973,1766361080792451582948848982136831506548/5060639055581139864587623740848783986973
1236151817/2994982601,77692080/230383277
4041636421361919666640921842007/9981431618418701649807770673691,434755213112315309064810839806/1425918802631243092829681524813
313760822188139187227312317392751589/1209014728193145473124560259141193367,26480674823805561388152736759881682/279003398813802801490283136724890777
3763010844462690482/6614715598021895673,169168625411286033/2204905199340631891
21708961482965035115604325971121/43908168229059181794024205053069,834938334249075637130997968274/14636056076353060598008068351023
4629485978356192706586/9113663362793655059641,7183099514930340674079/118477623716317515775333
5524944715283/16506106567319,245098111122/16506106567319
237389147686483092150966483475083601143773214901/474873343238886329535920893261674581127897811377,120370864385921647791939114667721531480255496546/2057784487368507427988990537467256518220890515967
