17
0,0
0,1
1,1
1,0
0,107/201
107/148,0
1,761115655/901412574
1474526462/1895417219,1
0,113439681816523/364034483819724
1289620729/5450018584,98072030149/273863433846
0,518893328799862395087937/1658138472287823548106470
31954273456784737772274676030249/11733425360960802272037582707397750,2441749171709783905632114775351237/7822283573973868181358388471598500
0,310103932948338938588593593661272669024469/1000326924561747791406940581555658245414870
23978959276747194113699189130664371956270526697291/35466844004703815376310488658758573542403281437215,0
157349941682445257137742337640156724106195887057/230007802085031749362274228029885584250549197825,19746917225320882468320543708277049956593625117/690023406255095248086822684089656752751647593475
0,51478540478123721189510702138691/81988666506846576708871230134808
30510126028722855519360527996117/61041464666606450071273364632944,1
8
3 6 2 7
3 15 1 16
7 3 6 7 16 15 4 5
4 10 4 9 11
3 11 10 8
6 9 11 12 0 13 14
3 14 5 13
3 12 8 11
-4587593896267879468129/46022238173115825177615,57509780535521560994761/92044476346231650355230
5589685691891898356/10905508091169443245,18880448252424642373/10905508091169443245
1,1
-209441099404812698563804705739919170122107/665323950474605799015729357418271864257930,7049208223531400557458555592430217214675571/3991943702847634794094376144509631185547580
0,107/201
-9131060220197513024498443251118244245736965692166730638443593493640841641/70014413630869770681660033774611301063968037793595985800039557053735259500,-383342877434233190691216974984690654156161119129406411391286333188941021/35007206815434885340830016887305650531984018896797992900019778526867629750
1730017223228218993643835989701/9165572872708633104913090016506,59837339612477084965279247104285/54993437236251798629478540099036
265857419668019531867543210614761/578178687962186281539679442582830,3800624441453985264283800432910877/3469072127773117689238076655496980
4854894879515978574886675198812463865552792343209101/23268031518325288692378898621058592152302900563277525,166544742378402389963200414653390099489526575440716217/279216378219903464308546783452703105827634806759330300
1289620729/5450018584,98072030149/273863433846
868489054009442835947204/4145346180719558870266175,4953470696106041840647631/8290692361439117740532350
39748609037528016738684049517/188322371574685856224020266550,426940068026906742104812749/717418558379755642758172444
523070764052371289098463090648843423736353/2500817311404369478517351453889145613537175,498500442810586103262831857508439066504043/833605770468123159505783817963048537845725
-28041762633703969787398631971815552305211841179638/177334220023519076881552443293792867712016407186075,-5764516295896542014909792688552723214558970714281/118222813349012717921034962195861911808010938124050
-89917950244474283677268319232692812561191718254/690023406255095248086822684089656752751647593475,-2095392550564688664862670292702227496541170431/35385815705389499901888342773828551423161415050
5891975703587402226458692700029/6832388875570548059072602511234,152353236318365808753513463944715/81988666506846576708871230134808
5956482514231483873964246860597/8720209238086635724467623518992,2138881510963975351343452123125/1695596240739068057535371239804
