17
0,0
0,1
1,1
1,0
21950465583959/23370460976937,1
0,9810701450/191219507929
27998232108206106487183343732944101/42684745995699279246594338601234050,30470041790976380287775836572142993/42684745995699279246594338601234050
1194055603075952737389/2160241753233702053990,0
0,328372012881727321780519568167348682483929975/536288768354779205443348640220099193023889962
107852823/196319308,0
12926989108692803252476804113/23293672423773435362843249620,713999130334783790597146521/46587344847546870725686499240
952227114362662630422570811364081030708651717241/1712911100133744893350168729864137177421865766460,0
477747736460368181479177/3596959996185708524180317,667102205416861831245011/3596959996185708524180317
12765183478336094270443982226056/22687502112126275681725089193145,18666066215492742909923395358489/272250025345515308180701070317740
1,1769441904276350033254302750660810572894725826374807/29927414709239882340181192596602124332152747520136360
570256222086134139713725253331063093880088539656723751923/49074208262923515610600401766718626334750869254078496562500,22602472527700163936110332587512210223187221130941381180948/36805656197192636707950301325038969751063151940558872421875
0,27696554550972118271887693790559001273506561851401899976647230175838940300/28209728816510320944739459963850879335345496064275887650296408315181324627
10
6 12 5 0 9 10 13
3 13 12 6
3 10 7 9
5 10 13 14 3 11
5 14 2 4 6 13
3 11 10 7
4 5 8 15 12
3 12 6 15
3 16 8 15
5 15 16 1 4 6
0,0
4263938037957991436691921093185693953763073741538090742774498109697836708042484153862/22446205387769394368671733163377068631231262566608982743731477067689515952709676400625,3800734237044322186223071579287018185069171869098263928820574411324847867255205038396/22446205387769394368671733163377068631231262566608982743731477067689515952709676400625
-11251048199732796954506490690991940032261159665441417822770316/129713843118938555029819785535370420237330106236899790100950125,-94645604969208333004703461205916348385995487539545825811525137/129713843118938555029819785535370420237330106236899790100950125
29488395645766004525801211313644084515626/238207961942455734331526493249461335044425,30171443539026397108092271265472374517978/238207961942455734331526493249461335044425
-2441905346132062474613163302436766981272132929050812748109960403399265782638/87912696954610763438191639966670139574328693710051592894303811904622955746625,-21811907937400613529336974124160002982536469526785328272931827226578527577247/29304232318203587812730546655556713191442897903350530964767937301540985248875
0,9810701450/191219507929
213183835373938206933272212073253120703404506849209644631/674063409193966894862158247148987618627220264515482809250,-360674001714615315284419655090442838461431565953616539783/674063409193966894862158247148987618627220264515482809250
322286509408114951694111249664471945/589408816062517079512414435034028847,6382306850222650703930422876259136/2947044080312585397562072175170144235
72703510100895040501000877849606119009741244293/129603119019071641315475921386523971647440074150,11066389976261971510029506495325418310145199886/194404678528607461973213882079785957471160111225
107852823/196319308,0
12926989108692803252476804113/23293672423773435362843249620,713999130334783790597146521/46587344847546870725686499240
1437163377362782416160956739392249967885934908749/2614443258098873784587099640318946218170216169860,11148154237303366123288531690249163827974601869/12418605475969650476788723291514994536308526806835
477747736460368181479177/3596959996185708524180317,667102205416861831245011/3596959996185708524180317
12765183478336094270443982226056/22687502112126275681725089193145,18666066215492742909923395358489/272250025345515308180701070317740
350490525609756917899706532562580395428735763564519/2493951225769990195015099383050177027679395626678030,5487615795136843705410050835794350106826845707760911/29927414709239882340181192596602124332152747520136360
12765183478336094270443982226056/22687502112126275681725089193145,18666066215492742909923395358489/272250025345515308180701070317740
8416646120307511689529838936824642294266779557489546770740169419755716289/40531219563951610552786580407831723182967666759017079957322425740203052625,582210522659497953009900600455792651222725088889930707996706921335354637056/3526216102063790118092432495481359916918187008034485956287051039397665578375
