18
0,0
0,1
1,1
1,0
0,107/201
107/148,0
1,761115655/901412574
1474526462/1895417219,1
0,113439681816523/364034483819724
1289620729/5450018584,98072030149/273863433846
0,518893328799862395087937/1658138472287823548106470
31954273456784737772274676030249/11733425360960802272037582707397750,2441749171709783905632114775351237/7822283573973868181358388471598500
0,310103932948338938588593593661272669024469/1000326924561747791406940581555658245414870
25485405675366759574670850522600980921239977492785125997790680063328643987/286044299216188795878541987870357963123005151083265659567694907223468507396,0
479819364619134090829348571652840514455458866992132858348018897617809151/2012135511826234011441198756841089745506518885954189333248454881580419380,538377738066325349930838352154388830708170180903964909037604012991302684/1509101633869675508580899067630817309129889164465641999936341161185314535
404504/439977,1
2469354780353480/2849746117343567,2672826940969064/2849746117343567
161504543403692216242815940/360496925142909755694144149,72987555057437292812620223/360496925142909755694144149
9
3 15 7 16
4 16 15 2 6
5 17 4 1 7 16
5 3 6 16 17 5
4 10 4 9 11
3 11 10 8
6 9 11 12 0 13 14
3 14 5 13
3 12 8 11
-4587593896267879468129/46022238173115825177615,57509780535521560994761/92044476346231650355230
5589685691891898356/10905508091169443245,18880448252424642373/10905508091169443245
2724230791447/3005162265625,3244351312729/3005162265625
459143062675686509960386180541/504197252354623586429446953125,950037647124942785293078682212/504197252354623586429446953125
0,107/201
124411959454829868086192583637881209866801822315580292427881215323308891089534862956293965359574911747678180445139979822467/326543566545839263350873257650543715278522867923646091125455669319322807773125314615835198026998035300718989815839293050340,153496073228063685790742427955447149400189968737543123391844227957292475635144119408965094229166833875188079388991851780321/163271783272919631675436628825271857639261433961823045562727834659661403886562657307917599013499017650359494907919646525170
339906216007525489459/451481842190783828125,77223202244216129219/73213271706613593750
1474526462/1895417219,1
4854894879515978574886675198812463865552792343209101/23268031518325288692378898621058592152302900563277525,166544742378402389963200414653390099489526575440716217/279216378219903464308546783452703105827634806759330300
1289620729/5450018584,98072030149/273863433846
868489054009442835947204/4145346180719558870266175,4953470696106041840647631/8290692361439117740532350
39748609037528016738684049517/188322371574685856224020266550,426940068026906742104812749/717418558379755642758172444
523070764052371289098463090648843423736353/2500817311404369478517351453889145613537175,498500442810586103262831857508439066504043/833605770468123159505783817963048537845725
-153583361694290118376025495750268575891375988312988660657319742590080977509/1430221496080943979392709939351789815615025755416328297838474536117342536980,127776415626497464880899105502889327671448366623541001845237318716462898703/238370249346823996565451656558631635935837625902721382973079089352890422830
1419288319365859402803546778357591054256920794765780417038110107874153553/6036406535478702034323596270523269236519556657862567999745364644741258140,9193742236986677256673561513162364364018247038749248205547536264159851/25796609125977359121041009703090894173160498537874222221134036943338710
404504/439977,1
2469354780353480/2849746117343567,2672826940969064/2849746117343567
6631728236337204830118253080/4686460026857826824023873937,7414993906848455084143001579/4686460026857826824023873937
