9
0,0
0,1
1,1
1,0
1,83401792252/110555433143
0,26993446194/110555433143
46013751634209310379/102054639255770693824,24197662146045490433/51027319627885346912
14592977/31327552,0
0,9114853049387243978003649415121/11072393095079308257626610975104
4
4 3 4 6 7
4 7 0 5 6
5 8 1 2 4 6
3 6 8 5
6007397636245901/6454611671369888,94666903710435/3227305835684944
9427186954226543194084/15404405302435426997813,-3072058020437389103601/15404405302435426997813
18467789246663801913169/15404405302435426997813,9400440242207464096987/15404405302435426997813
1,0
1,83401792252/110555433143
653178870531836520995087563/713592389098161140007397984,97409152598958192685133541/356796194549080570003698992
46013751634209310379/102054639255770693824,24197662146045490433/51027319627885346912
14592977/31327552,0
1297779812804670905532081567991/2768098273769827064406652743776,-1059287435521624832543691567273/11072393095079308257626610975104
