19
0,0
0,1
1,1
1,0
1079962389931/1514492480956,1
386961038299/1514492480956,0
0,429/2452
311531511439819/576339204196972,359005526038423/576339204196972
305425242193220978581395533/551992093979483365911473872,0
0,2999/3199
80882912562509/148479118792804,70390478445808/111359339094603
1,838105961463964255397632349/1793541180230289393584834349
0,11754916969/24937644845
18124806769483/118822384172908,35809302677719/118822384172908
10552125598717047694293088585/34800544207741555446727819492,3628651158385791186670894861/34800544207741555446727819492
1,1432585360408285408974617707242037/12945428090562766784158838612045962
11348150164290453838028842280808112219/20600373005379029531415212292192715180,2453476071214986303240756409692861607/20600373005379029531415212292192715180
1,1130194716392245793584063433987381178997527/1222702413649002047630084762566631198152202
887983303781284081007951232274971970919139/980491001038040335053972560854221990073814,1
11
5 9 12 13 7 10
3 13 6 12
4 10 9 1 4
3 7 14 13
5 13 6 0 5 14
5 7 10 11 15 16
4 16 8 3 15
5 11 17 18 4 10
3 18 2 17
3 16 7 14
4 5 14 16 8
248295099102028957912237247/883786185713032347829920898,271225692943304623511525023/441893092856516173914960449
-6456000/121046809,109530409/121046809
361412292513523191998654119917343208942403227937134/2926190050454311917525797080542353265160628890480109,2470297958672166609815287691856836980049278833118473/5852380100908623835051594161084706530321257780960218
-8037199317304776604655428099751279737640563/120870185452567854040902353755659650026818505,171915273143244579442456116436487744590295333/241740370905135708081804707511319300053637010
58430710885871671379/183324482074217069404,1941501679363206703/6547302931222038193
8776419095243246374417479872413666573/334621883258792630581704610885312854622,30565042705898249656578313970728435003/51480289732121943166416093982355823788
503747587687089362567297/1709475309244197854071156,187769613907313445230693/427368827311049463517789
311531511439819/576339204196972,359005526038423/576339204196972
11449258844490425795875883236308739410347182735/48104448182908322360109633534161360109312169802,147909569423413227507920819379410572401158389619/384835585463266578880877068273290880874497358416
0,2999/3199
80882912562509/148479118792804,70390478445808/111359339094603
20908738980709149900404123/170813445736218037484269938,1558336494061858267813788239/1793541180230289393584834349
0,11754916969/24937644845
18124806769483/118822384172908,35809302677719/118822384172908
-26921656752213576628994119/2047090835749503261572224676,16914091270646357955671703949/34800544207741555446727819492
-1908932507665983401115699438345593/12945428090562766784158838612045962,8229642527508686813258474930105497/12945428090562766784158838612045962
18124806769483/118822384172908,35809302677719/118822384172908
58649574661335504737316912020770436830447/1222702413649002047630084762566631198152202,510982579206768877190416291952734070099457/1222702413649002047630084762566631198152202
63110904132268218300452614923599428731202/490245500519020167526986280427110995036907,160750423318020947490195539604389524634737/490245500519020167526986280427110995036907
