22
0,0
0,1
1,1
1,0
0,107/201
107/148,0
52465/74204,1
0,75743/128208
0,6073629475337092929098/6945835275829882873889
1262947432384175958684109285/13285784059517754567430250972,8579970776337581719074200867/13285784059517754567430250972
7207267093702289025002266467411983/17164112941783262284748126972852398,1915135708713607683501776489846351/8582056470891631142374063486426199
0,204290767199712114495668428/510169681725857852087736679
2387975750144791056212875/11648868799599770644178489,4442828609630579017948223/11648868799599770644178489
2495245513894787848048112352711/9057459920508595089692022800149,0
5408884807189219634957259699/13509988128240139536879822439,9627668332204334693618903963/40529964384720418610639467317
13727/31861,1
233030653/557544668,464260517/557544668
1,43947133832679/79129511268806
18962013295604199736976869689839/33473720088797056031380394801350,0
790130102892927252584952376699/1209768785774338921713541976750,31109464800251321494467760599/604884392887169460856770988375
4661189047960613729821018464555205274537044619892431610074779934971622206208872575884232857736169036663233/46464560011552907543106377989960208177855266443482458922775258040902195586491416666333708884142431608386750,18173167599659858183296208501730756925501004846144322856224487690067990730678303351500877247566702874061081/46464560011552907543106377989960208177855266443482458922775258040902195586491416666333708884142431608386750
13147523694000720733065776878582917412634092151621192943313109836274861917523650817/103822221220535679339086298063723110004727891792170667562277607690344188956400595710,0
11
5 15 1 8 9 16
3 16 15 6
3 9 7 8
6 5 10 9 16 17 3
4 17 2 6 16
4 9 7 4 10
3 5 18 19
4 19 14 13 18
4 20 11 0 21
5 13 21 20 12 14
3 12 4 11
1433847668738741586018582720950507834248258449513753482782/1680561795085900646677417569573589416948445327376757910045,580668633769653776809690799729141391583602104477291407746/1680561795085900646677417569573589416948445327376757910045
0,1
36807656833769609/700231957063480825,1842520632608024601/1400463914126961650
-38726187/2742940610,2403050622/1371470305
66486262023909131092935795588170160939155206125/274122426011408963644591187980239439628354483771,520710036735622903807160909004401216525038436666/822367278034226890933773563940718318885063451313
107/148,0
87973303061/557152293295,2322831652993/2228609173180
35163109971626085120425354805252767770037876869155/174849194000351842840526104619753920775482943558768,22109655065813462840871118492076127374390257990349/32784223875065970532598644616203860145403051917269
0,6073629475337092929098/6945835275829882873889
1262947432384175958684109285/13285784059517754567430250972,8579970776337581719074200867/13285784059517754567430250972
-940540123098285564843984645100055/8582056470891631142374063486426199,9766456633149979460714094868989869/8582056470891631142374063486426199
64258256549350741149001000/510169681725857852087736679,291560426432276296731811678/510169681725857852087736679
2387975750144791056212875/11648868799599770644178489,4442828609630579017948223/11648868799599770644178489
129731133281979448436088794149915492169950496785170947486960031318140678573093536826/147580493476512827949176789809997055760039312687752107165270853045505646168507384125,1823714793906335389518493363074588504438976460650616493659381053839559313549486138/5088982533672856136178509993448174336553079747853520936733477691224332626500254625
635748098015316011423010929873069736826568440978328146252084321820476684327805608/660387370960252531506877772098686292924492439442625999865747698815329490439276125,22753638491717646575162985509689716813690006645237260220092093990890220485611797/220129123653417510502292590699562097641497479814208666621915899605109830146425375
13727/31861,1
233030653/557544668,464260517/557544668
36989094822951/79129511268806,116756396294139/79129511268806
113226869639769781009609262723803/167368600443985280156901974006750,12506004849701031240776039760798/83684300221992640078450987003375
790130102892927252584952376699/1209768785774338921713541976750,31109464800251321494467760599/604884392887169460856770988375
1626035016393571476665861190955863198107099155079219915595504311873315566727838560064808547882996872307/2535583083850090452556964692494417908750628455306000486918158692545822405811264210986832681262888491590,23036706430967221933749845286675659417792929165795044700024239347958957424997632107907686467704510519/12677915419250452262784823462472089543753142276530002434590793462729112029056321054934163406314442457950
380129371196883922001052398156627132210704429184698526859614223459049047375083976551/519111106102678396695431490318615550023639458960853337811388038451720944782002978550,99439812040053830285720284667503773209593457416224557879229084152226169061514606684/259555553051339198347715745159307775011819729480426668905694019225860472391001489275
