10
0,0
0,1
1,1
1,0
6085095671365380043277/7375086645367077751281,1
0,3551652336663587036821/9636748008028967080098
889249/905543,1
0,15315/904564
0,7140250240506262023002639469070132341793016318329/10901356232461255868888936261362657826675869006728
3761105991954993845886296792292525484882852688399/6249153428383369850761289621371755236588188928181,1
4
5 3 2 6 7 0
4 7 5 4 6
3 8 1 9
4 4 9 8 5
0,0
29918738547778551005264183616576717081458558/49086271732307360478099270180424306548276855,3330860890836672109159975039929476501558697/16362090577435786826033090060141435516092285
1,1
1,0
3955613661037326123912058440246251/4027397529661847729990484245411515,10186275952187900523984138969037121/12082192588985543189971452736234545
2775588948665857275697895392314482/7893673048415663624608186068892305,30366363231017559959266960382397/1754149566314591916579596904198290
889249/905543,1
0,15315/904564
3767575364235236300435629818479234398367988662149/13626695290576569836111170326703322283344836258410,16009455766229249681594333209230536415646741300277/54506781162306279344444681306813289133379345033640
7986040871793509188123477924184002960143434913509/10415255713972283084602149368952925394313648213635,8171022780506404418240810476080043695029959189483/10415255713972283084602149368952925394313648213635
