16
0,0
0,1
1,1
1,0
0,51829035822394119862605292212189/254587981657291472180721604703000
20679785293135253825179511592663411/71744346736684830391124993855256800,0
1,120474383425324272791967453216/187210339671376064125098829475
0,570426383287539282348655923543/1497682717371008513000790635800
4445492850771547150756776585032743209897/6159594345105104134254987062136013530385,702727318237989946631024413965368807301/1231918869021020826850997412427202706077
3333746259/3860700130,0
8525502336207332767137608518691315352754080343462707796797883986887/14143197530488358100249467316820244947365077703727711452592758578795,1
859887458410228623345531910732827/3046325090528792083910343179923435,1386112677693426026191421000406834/3046325090528792083910343179923435
11948319767511/15366866669542,2657444177394/7683433334771
1,27817115228033196492532/52010840476723194439369
374123320932633971870094892613475552029317312737698134016151687770977797/566870104328199694387198248201656588077533488930370158364216775035708230,44978024777057768564975055235493052810490072652135210797225756268011746/56687010432819969438719824820165658807753348893037015836421677503570823
1,1799242125815724708017126262783328295559382196291764228065173834428899240177966028/2471862870692313571234235178446483853559936053502835706373971815091316834533603815
9
3 8 11 12
6 12 9 5 4 7 11
4 12 8 6 13
4 3 13 12 9
3 14 8 11
5 11 14 10 1 7
4 8 6 15 14
4 14 10 2 15
3 5 0 4
1854572108138613995537159898412286415461198786112267486294169211181/9666169085052460973075204883143093496853308125102717966749740597025,2100665094755292136441453028266941505362106022339171052151775151267/7732935268041968778460163906514474797482646500082174373399792477620
384122271798731656240763985522626320127772472743916603603122659042/685905313025788941259261367605470661403446691303585498607346960825,687494327103163724342866726773725101884957724761382809790524988419/685905313025788941259261367605470661403446691303585498607346960825
5939682846570732751327998871662908714538567843295948414244006243255241909096829235677/10855072626861097118371401239084941344885307944810611303508586098614106577136481061325,7275429638281022146645643095828643262085276182097757561674412559029531457995676162239/10855072626861097118371401239084941344885307944810611303508586098614106577136481061325
270236311591166942247726497/294262217166761623789921405,215470683052401063879775194/294262217166761623789921405
0,51829035822394119862605292212189/254587981657291472180721604703000
20679785293135253825179511592663411/71744346736684830391124993855256800,0
3905567665990421174691129199254692632829443269/8844098906293971704209001619941228266958669585,1495388115968746544515687513178036828908014211094/2962773133608480520910015542680311469431154310975
199493890351173040616163403290015864/3480933828799363480403170731103454875,266392717459647478473413211060492027/415633890005894146913811430579517000
4445492850771547150756776585032743209897/6159594345105104134254987062136013530385,702727318237989946631024413965368807301/1231918869021020826850997412427202706077
153200697806367/153059103007850,22380994862012268/35892359655340825
3579108808230754127746275596506220209725256734541032907744076811555970301/3924991681173567708214910771583539889239504210823738314546734897766171425,134869886473249248620130403399692199385331392661761736424358469131641726369/262974442638629036450399021696097172579046782125190467074631238150333485475
859887458410228623345531910732827/3046325090528792083910343179923435,1386112677693426026191421000406834/3046325090528792083910343179923435
11948319767511/15366866669542,2657444177394/7683433334771
25614871538558836511309/52010840476723194439369,21255998520665048018630/52010840476723194439369
11948319767511/15366866669542,2657444177394/7683433334771
83543409915657624882780706505162446753335399017011551875211636004706965308888367/190143297745562582402633475265114142581533542577141208182613216545485910348738755,79934414174330332125793211467733994765016576928336934524230631067133756573950274/190143297745562582402633475265114142581533542577141208182613216545485910348738755
