18
0,0
0,1
1,1
1,0
0,107/201
107/148,0
333228438332785759102921148161158342971476349488728/1290160257004764276568364539563703766938774901865557,1
0,692835158359181468344793943253278708417337062410305/1026063596691967227447715091414437051388813411899033
0,643542587/1094950720
12192332947/628369727360,81381959641/157092431840
0,26310168650657/50843668781632
404285598966954612349868700712461324836932044992112185856702396191297973539800183829124324976394246235462106613081586746683/1652992190827826010741997568895903636127162073426846050508999353111580067974822262520130273770586721165193431008903312774739,1
225049765270158261288292438784229842964271162289002069717328771366393/906731910817991378290126919681532750751464155120830808737478062030021,895233017701997890491215812472071615372202730303392195973496310705282/906731910817991378290126919681532750751464155120830808737478062030021
483919679526268910879/4357126247733058112320,490786562111379874637/1089281561933264528080
2543438516565332466499610874629849800045435274325026109328981926055183/21221948440731082674163734455028190465604128675268619952304392887169376,17527914796719195789610843364838175096985310538690998926737510226830867/21221948440731082674163734455028190465604128675268619952304392887169376
0,104003267615301154887941/251726915114508121784480
33941156396135189701/49679411150552530720,1
1,12253315927996397263/59468080191248420320
9
3 8 4 9
7 5 13 14 6 16 17 3
3 17 2 16
5 14 7 8 9 13
3 11 6 12
4 12 11 1 7
3 10 4 9
4 15 0 5 13
4 13 15 10 9
-79200180255295228517/162217682076607527760,133956974530569678599/324435364153215055520
740442250676999796446189783211524863313085702521590085737717468860143804077042039794815243471187506315477451524503260715005673054693285770997048/2175022261760584710724116147667476990645486115770581462272174314313392727325866007904890677854772485854481163470684751544057446833044938111541653,2649379210696734067151357065691327005509188156978575233886783144234611282341460377308564717575834479753323035301944899615968224695455900901078599/2175022261760584710724116147667476990645486115770581462272174314313392727325866007904890677854772485854481163470684751544057446833044938111541653
-241570657763435666640313/494484303031590081111200,128474997572921845357833/247242151515795040555600
-7190505706679689/13018030822294160,-11253723288380093/26036061644588320
0,107/201
-151815301565652593/481667140424883920,-278466360324762161/963334280849767840
333228438332785759102921148161158342971476349488728/1290160257004764276568364539563703766938774901865557,1
54371349745338569177413026253935086040449584917321222292376351707169040977120405601214529536/1642582522752464815376029466005478526646515952855962952103523719392768407039949037829690674521,2173255967607906950381286001278843733677839195703725804981776600839065866247341935404890037779/1642582522752464815376029466005478526646515952855962952103523719392768407039949037829690674521
-884330470667369/4587001773434000,8533795971722057/18348007093736000
-58081468020498793/421181775745678720,22006444250153689/52647721968209840
-32509785162570638519/212995886124662200400,366895931525448230037/851983544498648801600
48004740026748810801459167906953693830802851722318467607031273923445360073610754678353453543583605408150707337100183022924/183665798980869556749110840988433737347462452602982894500999928123508896441646918057792252641176302351688159000989256974971,1630917018406766338629081054406413932680851031618566442981433213096305110168146333509517685478020627682201880301613894983662/1652992190827826010741997568895903636127162073426846050508999353111580067974822262520130273770586721165193431008903312774739
225049765270158261288292438784229842964271162289002069717328771366393/906731910817991378290126919681532750751464155120830808737478062030021,895233017701997890491215812472071615372202730303392195973496310705282/906731910817991378290126919681532750751464155120830808737478062030021
-105386627889246156541/4357126247733058112320,899529947738371162039/2178563123866529056160
-10901044608624610887873813623490528392526493838566844228830156003771/48297561312542291019944775728329973749668021564107009449941722547040,2978079983661509111182410367130340440308195856869554344205821597183353/4081143930909823591185333549043882781846947822167042298520075555224880
-54803748035320206273019/629317287786270304461200,161037292656979566504609/314658643893135152230600
-39641815967223150293/49679411150552530720,29190980221214893791/49679411150552530720
-19589918522683138333/29734040095624210160,-7607097099910113369/29734040095624210160
