17
0,0
0,1
1,1
1,0
0,51829035822394119862605292212189/254587981657291472180721604703000
20679785293135253825179511592663411/71744346736684830391124993855256800,0
1,120474383425324272791967453216/187210339671376064125098829475
0,570426383287539282348655923543/1497682717371008513000790635800
72765694434293253910931531424278801/147095576409116924853110771919704905,75136704064074611842795709989944267/147095576409116924853110771919704905
154568116827623311535800094046090405937/914747882944743981299672416010897003600,809088638204640804549954835604017008697/9604852770919811803646560368114418537800
0,3788373558608610086609942587235818237987083527086845144718075501/5240850806382926202813716267536140224173931535000507053910302145
571030789331581274908239589205295780183406865769489634995278060416596749/5006557376344893527745852158892934497927331815784055266363027059233228600,0
1,5335499203/10759076425
289068339971923/630547817864375,292155687151581/630547817864375
110513292355749862616590029886522358670464431907/245091503093868752658266220974639969224097106955,7954383920395700402157634501757680303759373753673/15930947701101468922787304363351597999566311952075
1,57716312265173802450544966115669455119855522425856628475765420376041/71479295390419812691396295311190979894503451842248413154586858604475
2045948097472682225929816619973061736436435981459250467470770402510893631/4652070132230153017490971298910444017794927588965759693565708197139986875,2485746708345995057277976489449737204216150458511497253893501379911099593/4652070132230153017490971298910444017794927588965759693565708197139986875
10
4 12 6 8 13
5 5 9 13 12 3
3 14 8 13
5 13 14 7 4 9
4 15 6 8 16
5 16 15 2 1 10
3 8 16 14
4 14 7 10 16
3 5 11 9
4 9 4 0 11
79387737374620832584287335900668231272211385385552533070329606364135538116088/230952410814533905634868143381335285576887363585444566476635924835156984769125,143821099497447302195627135748202539760395245796945693662018914987520175292389/923809643258135622539472573525341142307549454341778265906543699340627939076500
7914517199758315889430421083427080144451401823032975468174054166166015280378/34285164590926002882348378948015601965148635341109812316457731830867469051125,36412762797931086785128690851105472698049307545740742180519243318047253279801/34285164590926002882348378948015601965148635341109812316457731830867469051125
39578560210672871346351489122988901533781543942551209642161833983450793691653/34285164590926002882348378948015601965148635341109812316457731830867469051125,23265105545407377806027059745369758771877149686707533063781311261778889040601/34285164590926002882348378948015601965148635341109812316457731830867469051125
4370860711419810601/4647057138746461625,4592403495248287142/4647057138746461625
8192110191864035511397404984442791514661/24929650156092128876207432052494335373750,-287926844403519885512882880983314644449337/6082834638086479445794613420808617831195000
20679785293135253825179511592663411/71744346736684830391124993855256800,0
1,120474383425324272791967453216/187210339671376064125098829475
147577889618728901865946243203933833082830634694114956179/332579854243700002425646209363471633894590902670994127750,1235736177435938790047060280816193424740498442542611315007/1330319416974800009702584837453886535578363610683976511000
72765694434293253910931531424278801/147095576409116924853110771919704905,75136704064074611842795709989944267/147095576409116924853110771919704905
154568116827623311535800094046090405937/914747882944743981299672416010897003600,809088638204640804549954835604017008697/9604852770919811803646560368114418537800
35690635253928961970716812763947006048773243297381880940386735775289461819122362/286523919445963849193269121540799344930239419661319298291158156069938914745855125,5922218393235998377365380615163395504367067163819070674804973041375641281378811/7346767165281124338288951834379470382826651786187674315157901437690741403739875
230301229466448044770692795775144449458361547965528092302481048332856129/1001311475268978705549170431778586899585466363156811053272605411846645720,70912608377535846183722234141497267565431617439236546318707912936751/431972163619058975646751696194386065394938034148753689936413033583540
1,5335499203/10759076425
289068339971923/630547817864375,292155687151581/630547817864375
39438800484706801659610456096543696212035092836431/79654738505507344613936521816757989997831559760375,37082659001072165623866474789220063750980660582717/79654738505507344613936521816757989997831559760375
3089495579932612724889757087960132633656460772634743523708046212259/2859171815616792507655851812447639195780138073689936526183474344179,35793372339766339161198672864664751811273750345740863916576683016041/71479295390419812691396295311190979894503451842248413154586858604475
289068339971923/630547817864375,292155687151581/630547817864375
