12
0,0
0,1
1,1
1,0
1,2626604/22674247
0,81851987/90696988
1,5396563761318393964062660689603780554533710504607/8094845641977590946093991034405670831800565756919
662579200254156428411003054926289521650819094931062845645/1066983463185282036791369577831619040842033609285331977057,441719466836104285607335369950859681100546063285212822253/1066983463185282036791369577831619040842033609285331977057
57158420382526797731026358765945391481387424692042897596555253304/121683005807251024533417779294936419769860254298437800273884742047,0
180196409175826889/474184292662959152,1
4492617614957960572788174/7470442734476901183111083,12831394690320429577186561/29881770937907604732444332
0,3420456036231139845627197217859171/6713609226852223117638907041076484
6
5 6 2 9 10 7
4 10 5 1 9
3 7 6 4
5 0 11 10 7 8
3 10 5 11
4 8 3 4 7
11679553499999154/13316134133588185,14847457365430312/13316134133588185
10680788353180579436959850153779766/16168440090342467113204665530264225,40624482371037223339825963323104849/32336880180684934226409331060528450
1,1
352919097843733337674417096692301954711061025504788350863536583107539325952398724396195203266057004066986224919034/630182228787603730169180620554801584037512840271781812805893134367300489669327588016347532014481369213635656256385,612508024597745335622470252269960798836178541465255184244950011745629154487886525259681156099960565947245797904353/630182228787603730169180620554801584037512840271781812805893134367300489669327588016347532014481369213635656256385
527453888707496942891114639903283915988117902402758190840591894260842852980672781029576318357483647296314/1073052236271693936261875508112430704569766994252802601605785378282721234380499287011260538014140463517087,942700802332878038079067367162098298288865117768865824862049122200095614779308647564791976457750069411391/1073052236271693936261875508112430704569766994252802601605785378282721234380499287011260538014140463517087
266291088244248888530533351393486263833556/366607204213127413914179547785597012913575,1736668332536494072195125063650461594706743/1466428816852509655656718191142388051654300
1,5396563761318393964062660689603780554533710504607/8094845641977590946093991034405670831800565756919
662579200254156428411003054926289521650819094931062845645/1066983463185282036791369577831619040842033609285331977057,441719466836104285607335369950859681100546063285212822253/1066983463185282036791369577831619040842033609285331977057
120187875549001645075431206281226043259380159285814186916878836230/121683005807251024533417779294936419769860254298437800273884742047,80125250366001096716954137520817362172920106190452375834652947928/121683005807251024533417779294936419769860254298437800273884742047
180196409175826889/474184292662959152,1
4492617614957960572788174/7470442734476901183111083,12831394690320429577186561/29881770937907604732444332
58277885277060697829283515650428/152582027883005070855429705479011,6680191123530586010224334368418467/6713609226852223117638907041076484
