16
0,0
0,1
1,1
1,0
1,1704661450916/2467769458489
1810233692011/3514895142927,0
255822080/595028819,1
207772168/595028819,0
1,196016766003763091601833423730321/5010743968502768611623785093240309
2084575105662605784491689593432191/2280591871666368876093523017162512,0
0,346375/609584
5970744896963/14622317270152,85686687490599/116978538161216
847066222305874245380253037959761655/1003285510717221853879866030404875766,470533303797607337322252788126750431/1003285510717221853879866030404875766
1,575548517841102792591828549211533335364187133433/1678341784963791914929062392680021007276096038682
0,4740438517/33958379520
4740438517/22471853560,0
8
5 10 14 15 7 11
3 15 0 14
4 11 10 1 6
4 5 7 11 12
5 12 4 2 6 11
3 8 3 9
5 9 8 13 12 5
3 12 4 13
204858538777322251/1594380521198500100,77393081851688448/398595130299625025
32276530043/107935544393,27711546865/107935544393
10255654032586356638715860068/38464783742721085600208524465,3801124829665743775622138329/38464783742721085600208524465
3230480728851913011074093/9222186983011454026145225,4206711465634050373025924/9222186983011454026145225
1845986587915844720135875371732227786884/94922218547671304106988805964474758433385,27018105961961731769347767288814293849932/94922218547671304106988805964474758433385
77448457064790780417154650127/417532155606860345918280004045,4761661597856902367930181136/178942352402940148250691430305
39123972789106850017/64224759508288861867,35612242259492771875/64224759508288861867
207772168/595028819,0
1939599756659735252586001783308440/5010743968502768611623785093240309,2352233546425344207903887687979404/5010743968502768611623785093240309
108181925768892551448763876033765/285073983958296109511690377145314,122275802116465837017745266024071/325798838809481268013360431023216
0,346375/609584
5970744896963/14622317270152,85686687490599/116978538161216
-64474408611068130360346143278262951/1003285510717221853879866030404875766,544142254660848736834041351574059919/1003285510717221853879866030404875766
204088101795888040663644573237656445960451936823/1678341784963791914929062392680021007276096038682,517885196367262059091507874574603721876593254344/839170892481895957464531196340010503638048019341
0,4740438517/33958379520
4740438517/22471853560,0
