14
0,0
0,1
1,1
1,0
32799649300072769723823/201831907899761805608494,1
144989316990377923970711/201831907899761805608494,0
0,10/33
1167149964480669697460261539920975054403/6951830031728200157969657562737921966294,3442264336361612593793801562107253946527/3475915015864100078984828781368960983147
1,402923250202851684786484019497880085685971407258660054266865262/561370936348901422626184040208586041839486656930272187438762933
32342393265715/203103572592612,1
102355100474259629388515046161/647242653578315335337425155540,922711465032409202881580270957/970863980367473003006137733310
12362442514195017260236703057271640996387813729419364874200627513897/71404894936286477670401411339553641408404788171775963609078313364390,140080842548387264092563020307924581553598640549264747874238458132863/142809789872572955340802822679107282816809576343551927218156626728780
232836152576494575338680097791836691649508474495673809957889/1378291248683495788007615733441840131224944900218034819467652,1
5356533023925468166588661329664205393346327681633680987167015537835327098777/25884515540018461239500031591580397561893714163694823949485681862916278619900,4217139420206610140471041450516485896960152754416616097005548063836829126619/4314085923336410206583338598596732926982285693949137324914280310486046436650
8
4 4 9 10 7
4 10 6 1 9
3 7 11 10
5 10 6 0 5 11
4 7 4 12 13
4 13 8 2 12
3 13 7 11
5 5 11 13 8 3
280305133661277249820445966918492967764402966658225029539877/675350491674989890589280540826670105287674263805977641221900,4911509218021843453431129891981175715739108085011597586137/225116830558329963529760180275556701762558087935325880407300
109480926974365866532698293/343928136532422869597417340,113832852029166559746878413/114642712177474289865805780
12977394494205744085539561768891280230245601867124831321809670718839679513/22923945513339361869802580720654081933484896467708066942453598061676171500,2062785779284255490640389217164751882705605559215505448092552558682682753/7641315171113120623267526906884693977828298822569355647484532687225390500
1859070352144000125284583325601981706147163984461833457239490993160686330104100349506325895353669679208593/1800573576754156896998164801154212891902691317664853015362154362812171350519772369872338814386722097475100,26919709094729938994334955069196207253356562592189897963257626513491611999364981867947328614258259996133/600191192251385632332721600384737630634230439221617671787384787604057116839924123290779604795574032491700
32799649300072769723823/201831907899761805608494,1
72691110673792458188189063359845147513845888159359496791925441090635588951013163499/68153639117902705815714472353841527679958319870871592114104281449556854173589409300,7370009546784981384633344144940305829492045984180927694085692852436909311637551869/22717879705967568605238157451280509226652773290290530704701427149852284724529803100
5436589154470461158011144871/18916047509283257827857953700,5611487829741595566683419553/18916047509283257827857953700
1167149964480669697460261539920975054403/6951830031728200157969657562737921966294,3442264336361612593793801562107253946527/3475915015864100078984828781368960983147
308929880708231159635821948826698782061687635449728501303305775451081663057443834387560473/965356300209695183855214568607862348014450397981500185226827131142052931471809706617291100,42388495758593255674172139106746240054455402200679652209337349617888388640497385905468213/321785433403231727951738189535954116004816799327166728408942377047350977157269902205763700
32342393265715/203103572592612,1
102355100474259629388515046161/647242653578315335337425155540,922711465032409202881580270957/970863980367473003006137733310
56729049610185672145805135851917728615404046140163866585533916582591/357024474681432388352007056697768207042023940858879818045391566821950,702887645501754605984903269370769547934152410913848247626256230706501/714048949362864776704014113395536414084047881717759636090783133643900
24368168252663076673987342883853370902506651844857848201643/153143472075943976445290637049093347913882766690892757718628,342693649067721125518566702255203394943126210096564780453687/344572812170873947001903933360460032806236225054508704866913
102355100474259629388515046161/647242653578315335337425155540,922711465032409202881580270957/970863980367473003006137733310
