12
0,0
0,1
1,1
1,0
1,815364849418259011207/5984157256963759964610
0,22481250620038318038452/50865336684191959699185
5786147926619303791105463336/14375099893169868194068001281,22922473417502582429475927136/71875499465849340970340006405
19069/29122,0
1,1304597758044309236159295967483085518288622947954244/2562650304378390426177663530215718029120342522323245
26833345633502621/233494480038999020,0
3018115193704115011541577499094149281053/13020340259454878545848539563799742919870,1932788789590841712872847053793921583799/5208136103781951418339415825519897167948
222193965458424261708700569274773953695770472920439613089706993/531190032632953502030782848533766741992908971778358461136814020,1
6
4 3 4 6 7
4 7 9 10 6
4 10 5 0 9
3 8 4 6
5 6 8 2 11 10
4 10 5 1 11
4358384261253734706663/5305568428918218448052,2220754435377926160189/5305568428918218448052
11477468199261869691441799156918415260613451337614513127525379842003/12008008869336705116257796781816646574149144571791735957126102261300,1635249374292764669321396534428240636637900668923888195224460302461/12008008869336705116257796781816646574149144571791735957126102261300
3996894065276472449355280762982831728306741793079339937419/3195534344892973303379847007374835042277070332559315936025,1987769298325542176408067476766142376642593534533319747/3195534344892973303379847007374835042277070332559315936025
1,0
1,815364849418259011207/5984157256963759964610
7388902104426086455189296820418239843984937/17991301629196303905416367880521478631282508,68943382885775805844903882264901607503420461/269869524437944558581245518207822179469237620
5786147926619303791105463336/14375099893169868194068001281,22922473417502582429475927136/71875499465849340970340006405
19069/29122,0
405679036279579411360215423144765303688619529913119/512530060875678085235532706043143605824068504464649,-442921976127479152251617633062655010858362444345056/2562650304378390426177663530215718029120342522323245
181907306278020509/233494480038999020,6133665507248352/11674724001949951
5091174066105070912546850545540950560477/13020340259454878545848539563799742919870,2588757059043327241614684094293951487817/5208136103781951418339415825519897167948
555219512917880197849712085709155316360877318747462273541707367/531190032632953502030782848533766741992908971778358461136814020,14469754200374993603518124183747423076611044085003758314328804/26559501631647675101539142426688337099645448588917923056840701
