22
0,0
0,1
1,1
1,0
1,68727026113/98398927150
21473980921/31364614600,1
28202/80815,1
0,43959/58060
26841752494032116402/28541512593989788125,14373532341875362849/19027675062659858750
8749706/269891019,0
1,1577307306269852742034875309/1891540360317986964609604000
113219356997905467010585572581/141269161180508946680846889600,190140087727524959537380003/214044183606831737395222560
283180523275513/51546275415552764,0
1,89433866400960933300438537978048611/157851288192588580409392154637286301
6828388249555757536667416452095857/96262254650516690837105954430144468,0
123299350812895626343555188412234443353/134695411464655114346567849714172390300,1
322500119502900567359730/3265045458011508748316263,13482566040952580756357466/16325227290057543741581315
17301160042523058831188009539013840983/40223841338256692974362347058675269608,4765589998859932038062816070886653315/10055960334564173243590586764668817402
13284735632029381674663951115386244067855168978486862809066018/25529935269694606146515991270328152445682851256736649748051103,1151469936188347788131304357740262889839334624196616872268792/2836659474410511794057332363369794716186983472970738860894567
6653921077660904804130649051676745287/8377747578414389392591670251486739538,0
4088808177293576321849875444471366848475453996469090113/7163475260610339793214466598294620652996397970915001000,545898148236331197339538382947559396887731060112589671/1790868815152584948303616649573655163249099492728750250
5158109193212544411077731101/418267474303411439726250970420,1
13
5 16 7 0 12 17
5 17 16 6 5 11
4 9 12 17 18
4 18 8 11 17
3 19 14 20
4 20 19 3 13
4 14 20 18 9
5 18 8 4 13 20
4 7 1 21 16
3 16 6 21
3 5 15 11
5 11 8 10 2 15
3 8 4 10
0,0
911657852/4002983725,2693057229/4002983725
146427700051314659680719792898298957189070225178334429/239831644156697774024787420834774765083781394123360625,1282636271145211842699325821179356522239168031145907496/1678821509096884418173511945843423355586469758863524375
-80377685970297538950450488435167809545021162475232106309/2423552274640759436710370364251885408959584817048263528625,1754460709870549576331191868462317907230620210402394145012/2423552274640759436710370364251885408959584817048263528625
7844446388036312748216097901/8761946358902548504592009375,14445368384403001957410907161/17523892717805097009184018750
21473980921/31364614600,1
-99113093164564082453195425128346755871655038/1099775768250101153268902579869597867498726135,129032338178821712508633227400006926302700329/219955153650020230653780515973919573499745227
0,43959/58060
26841752494032116402/28541512593989788125,14373532341875362849/19027675062659858750
890183472907913984493841514717559256258/349203742790642258453501235900114096550467,21807705044681413543364673043819785996010/814808733178165269724836217100266225284423
5111378819279261515826818163/5911063625993709264405012500,32742499846817852232668203547/47288509007949674115240100000
113219356997905467010585572581/141269161180508946680846889600,190140087727524959537380003/214044183606831737395222560
283180523275513/51546275415552764,0
4569199332554901212491018923284997366900215432134867649225664383301419071/126360512383964994231354342288774983221904838919073986477540549766530012837,347154864605619143361911075017896004786438970348860089281225349579709882905/2148128710527404901933023818909174714772382261624257770118189346031010218229
542208463606778540028802785484681/13751750664359527262443707775734924,303809816459021189459069421153740/8021854554209724236425496202512039
93609537730105780317464991056006568233/134695411464655114346567849714172390300,157041208984338504592461752209582504/204083956764628961131163408657836955
322500119502900567359730/3265045458011508748316263,13482566040952580756357466/16325227290057543741581315
17301160042523058831188009539013840983/40223841338256692974362347058675269608,4765589998859932038062816070886653315/10055960334564173243590586764668817402
153065930484933160908862418575138271194178966918569070801480266/434008899584808304490771851595578591576608471364523045716868751,80460697469892931784323165343792109806377830252643297292210038/144669633194936101496923950531859530525536157121507681905622917
1433023418898564658198903579522087793/8377747578414389392591670251486739538,1045959174914258123232865059770010568/1396291263069064898765278375247789923
17301160042523058831188009539013840983/40223841338256692974362347058675269608,4765589998859932038062816070886653315/10055960334564173243590586764668817402
19409995346355915574284774775/83653494860682287945250194084,71557886151246029747143408017/104566868575852859931562742605
