8
0,0
0,1
1,1
1,0
156009184278857875442/345856458058123761177,1
0,4004461949460064623069486711277817716572176444555567130084149845579/5219320218437783119174750435817191699577897475721251511183054387807
1,14109926169923322210994875017615989079876945872435412906055906731120732580/47006952855847391445022809451158069022984870456962521071823959070640508913
944840729361867472700182339137548090482253824585311018793631427561/2733179202125915852514700506472150514508136055788826384143322089156,0
3
6 6 2 4 5 0 7
3 7 6 3
3 5 1 4
0,0
594886703662694428463799170395189525435512058476004824779280368053656395470405423116024485018651155955479257436762932161675806078128/3135883730038625237657818632026498683658101243147011975317656906797229976214224570701462764591066674926940318888720916064843710691343,1983022943527401095733625764681177869424381768992678160311346235478621016069272190805890787779253100027497421107820923445956779816071/3135883730038625237657818632026498683658101243147011975317656906797229976214224570701462764591066674926940318888720916064843710691343
1,1
413227407418887300411853713964166089618187741572816398391496516300422982368903300951235994934177415962657587281426021027809730736882004066800601517/534937855590191890837229807782671661458498785551418697590833407181252498619995227597842267660665860698785295526881210197085837826061794939595285805,265305853707629182745402772727633784454615908529195013905859255548989262624754490965059886053339940331097884002994543317820484796766009718631794216/534937855590191890837229807782671661458498785551418697590833407181252498619995227597842267660665860698785295526881210197085837826061794939595285805
156009184278857875442/345856458058123761177,1
0,4004461949460064623069486711277817716572176444555567130084149845579/5219320218437783119174750435817191699577897475721251511183054387807
1,14109926169923322210994875017615989079876945872435412906055906731120732580/47006952855847391445022809451158069022984870456962521071823959070640508913
944840729361867472700182339137548090482253824585311018793631427561/2733179202125915852514700506472150514508136055788826384143322089156,0
