8
0,0
0,1
1,1
1,0
0,37/326
37/304,0
1115855873731354661494503809449939/1325024448137878912681290910158653,1
0,418337148813048502373251341072219/2650048896275757825362258959972097
3
3 6 1 7
6 5 4 7 6 2 3
3 5 0 4
5624/49673,6031/49673
0,1
11828290506338391241743031128465908807851434645515172631505704857109/14045518305304724514812256575660644245648690414161626550533541675045,16262746104271057787881211893902820624157786197562982854959000688077/14045518305304724514812256575660644245648690414161626550533541675045
-443445559793266654613845089438947087559451132881530282110637512851/2809103661060944902962451315132128849129738082832325310106708335009,3252549220854211557575900140499975196589175401839517411476699233570/2809103661060944902962451315132128849129738082832325310106708335009
0,37/326
37/304,0
1115855873731354661494503809449939/1325024448137878912681290910158653,1
0,418337148813048502373251341072219/2650048896275757825362258959972097
