21
0,0
0,1
1,1
1,0
0,107/201
107/148,0
1,761115655/901412574
1474526462/1895417219,1
80386082406593228551478355588032198/246953674144634720661938680551552857,0
112856675179596445650335429983771/594089025747308431190708824981421,233157899643690189956000998186139/594089025747308431190708824981421
69291797369/79429201602,1
72292549640533381261/79891595981741881246,145566785712504057805/159783191963483762492
0,64770492578460051595212818399/70940857545495508165542072112
1,1805/1849
12074762948707/13662673155622,6618104824630/6831336577811
1771924228746450681595285447316630/2074964223017285933642842022773907,1964416974543152040744929179223119/2074964223017285933642842022773907
25132708873501044625860660903245/29799678529127854162492996334678,13576173510554475738546438005108/14899839264563927081246498167339
1,2128263295126187197255/5669170404096836404379
1,19376511432135231930925/48484938054723019972874
60032689592724693441938071/60643393015407404674568980,12427646788339180427088019/30321696507703702337284490
209436324621502740363959777827/231959263873535879474546769232,0
12
4 6 13 14 11
4 14 10 2 13
3 11 15 14
4 14 10 7 15
3 18 17 19
5 19 18 6 11 16
4 3 17 19 20
6 20 5 4 12 16 19
3 11 15 16
5 16 12 1 7 15
4 8 0 4 9
3 9 8 5
31672/62305,43014/62305
161072481053996635874010428976387332332335553/205935604072068475974694705561252430275800845,26121510878805184318730610021980884032519081/205935604072068475974694705561252430275800845
3443109/3432725,3270013/3432725
795892096326705323143183/440418944261877965449325,406139596085813026437406/440418944261877965449325
0,107/201
242795372214162888348479568801714331884975989892708932475656430/325308776614044121427071760924280247337689768837713623080936813,977241271628778213223340364606052219561933602851646869365409827/1301235106456176485708287043697120989350759075350854492323747252
1899114211412709/1507017747951589,12765899242431239/9042106487709534
2223598704203034268972624345248688813/2326503509557986866469574026100152035,2059338974690054418591105023738465671/2326503509557986866469574026100152035
149400820701125524778454651051129342/246953674144634720661938680551552857,93729475656763456362312401270827878/246953674144634720661938680551552857
112856675179596445650335429983771/594089025747308431190708824981421,233157899643690189956000998186139/594089025747308431190708824981421
79655594795338759/90886202023075150,127655461778716007/136329303034612725
72292549640533381261/79891595981741881246,145566785712504057805/159783191963483762492
5519232160169515186852230337492583/7914414794580484718695713308446619,18520336779113556890500336755422073/126630636713287755499131412935145904
1,1805/1849
12074762948707/13662673155622,6618104824630/6831336577811
146971221667222292576760675663497/159612632539791225664834001751839,155007633992082221860807312430311/159612632539791225664834001751839
12074762948707/13662673155622,6618104824630/6831336577811
8168242183678584721529/5669170404096836404379,5693749621084605738955/5669170404096836404379
34376828868541662509509/24242469027361509986437,48294385445435833322797/48484938054723019972874
7812925/5560804,2786101/2780402
414249608824112104646540196125/231959263873535879474546769232,11995515966498682759555864751/14497453992095992467159173077
