17
0,0
0,1
1,1
1,0
0,51829035822394119862605292212189/254587981657291472180721604703000
20679785293135253825179511592663411/71744346736684830391124993855256800,0
1,120474383425324272791967453216/187210339671376064125098829475
0,570426383287539282348655923543/1497682717371008513000790635800
72765694434293253910931531424278801/147095576409116924853110771919704905,75136704064074611842795709989944267/147095576409116924853110771919704905
154568116827623311535800094046090405937/914747882944743981299672416010897003600,809088638204640804549954835604017008697/9604852770919811803646560368114418537800
0,3788373558608610086609942587235818237987083527086845144718075501/5240850806382926202813716267536140224173931535000507053910302145
571030789331581274908239589205295780183406865769489634995278060416596749/5006557376344893527745852158892934497927331815784055266363027059233228600,0
211154455836797/715188978028804,89257650425115/357594489014402
1735038547/2694339644,0
1749962377918063377191410986133140498858997772563/17286480596046034616968349923489144487385437046890,56348623812887436604106599736297783761335721978683/138291844768368276935746799387913155899083496375120
55752182450497655752945978687211219250817698719735897319004002029131/154797912254731197775391917082470534581081194103748211513047605236740,1
5082138444912481236434791906006933542437646678968150353116225910669851739/26382688111241998148260822423323949367305927557845931135344858537108328260,1689232068817856562040266679786344164199566141444773694714647479292150983/2638268811124199814826082242332394936730592755784593113534485853710832826
10
4 12 9 5 13
5 13 12 8 6 3
5 9 4 7 14 12
3 12 8 14
4 10 1 15 16
5 16 8 6 2 15
4 16 10 7 14
3 14 16 8
3 5 11 9
4 9 4 0 11
79387737374620832584287335900668231272211385385552533070329606364135538116088/230952410814533905634868143381335285576887363585444566476635924835156984769125,143821099497447302195627135748202539760395245796945693662018914987520175292389/923809643258135622539472573525341142307549454341778265906543699340627939076500
11223187814638892990661111340773717853592800328953515605586/36889114516218738613915912272754174673818192302372523314065,-1168243472938467020772885587923519730473927563469698924883/7377822903243747722783182454550834934763638460474504662813
9880372357093032488708456775118812213424918434755554129626973830957840221359/19761777214515489727644568618911083490048584897182292683978898089568900140282,-30148348194361046464048262319673301088907506828972084992349738230343281535007/49404443036288724319111421547277708725121462242955731709947245223922250350705
2032367013458961947/2678537757503909314,-451369323789664016/1339268878751954657
8192110191864035511397404984442791514661/24929650156092128876207432052494335373750,-287926844403519885512882880983314644449337/6082834638086479445794613420808617831195000
20679785293135253825179511592663411/71744346736684830391124993855256800,0
75020259094617232311097404350917546721898730801/501449963404912793742640484014590548917950230150,-407540697831280887715279501546202518070169584/748432781201362378720358931365060520773060045
4469778312015331707986791180799173909027/8945980335347593758134713598586456406750,-22746097961838739207471337572290275019/35783921341390375032538854394345825627000
44248336899169773020441692206348784457982341255909027/394001055373620993247541574438865560184667046760985170,-4610334476472190588641426939818591002186613808120357/197000527686810496623770787219432780092333523380492585
154568116827623311535800094046090405937/914747882944743981299672416010897003600,809088638204640804549954835604017008697/9604852770919811803646560368114418537800
293576876598319091863069674357347838325909065407434706509670566/1746950268794308734271238755845380074724643845000169017970100715,435145159478124222559731526099125642296091541347590596741100861/5240850806382926202813716267536140224173931535000507053910302145
230301229466448044770692795775144449458361547965528092302481048332856129/1001311475268978705549170431778586899585466363156811053272605411846645720,70912608377535846183722234141497267565431617439236546318707912936751/431972163619058975646751696194386065394938034148753689936413033583540
211154455836797/715188978028804,89257650425115/357594489014402
1735038547/2694339644,0
313436191157263243515172737765518287107620639807/628599294401673986071576360854150708632197710796,2877190264436949269507466984334683024585054717849/27658368953673655387149359877582631179816699275024
19130453929862514697721975119318393012257063324439881296449768017305/30959582450946239555078383416494106916216238820749642302609521047348,144264156499054103485511823826515018719242291254171298702955107441/7739895612736559888769595854123526729054059705187410575652380261837
211154455836797/715188978028804,89257650425115/357594489014402
