21
0,0
0,1
1,1
1,0
1,8780/13949
1783/10563,0
1820841/9958870,105877/9958870
61/302,0
0,3435933395/4384463354
33360737/160539436,4742107/160539436
2171/10202,0
33610211382653/192440600794815,17408985272657/384881201589630
3361632629252147/24141892080995830,0
285220575240945870112/1364565488336730264865,1
1,2157867901620768403427/3237212814716552798180
1,18581372956/828028220759
100/101,0
2901978013959740442452241940319569/4630521588357730680531098537927750,15260985936842456946030790244501407/18522086353430922722124394151711000
361173636165871897709/32426540480851856273395,47768758223003247440221/64853080961703712546790
13285516120113345969957669048359965691466230121/26688240292585535631112037082608229032400023555,1
0,4223161863703782551921951/5762779210454067807305180
12
3 3 15 16
5 16 10 9 4 15
4 10 7 6 9
3 7 5 6
5 8 1 13 17 18
6 18 11 9 4 14 17
3 19 13 17
4 17 19 2 14
3 11 6 9
3 18 8 20
5 12 0 20 18 11
4 5 12 11 6
19568426762040570368406383993567443278/12467796201839365981942854060566488165,-5087096033751011797280156843080804561/12467796201839365981942854060566488165
166177116/153075785,-66369883/153075785
100986247690359670094876117373777196076082954823712261626308/67848400830950300977039958038931400206330839524139648376725,1704396075610687150372103571250833926197000739107110052546/13569680166190060195407991607786280041266167904827929675345
1,0
85008218435057882819398714845/58693258845459612751552315933,25333198620305560080312667292/58693258845459612751552315933
6302306792751037/27362898225376350,327741255398497/9120966075125450
15833126682889/66637214195975,1325869774552/66637214195975
61/302,0
19233543483/21922316770,-4109622067/10961158385
33360737/160539436,4742107/160539436
2171/10202,0
537869/2514318,-8330/1257159
2466580994392586/12070946040497915,1207374912083211/24141892080995830
7793390496617986986476/6822827441683651324325,-226501788596855896249/974689634526235903475
96493227713800029741238808832035654177976095157/68106161614451761050548454095271340806670925300,7683085402157789845051126587489638173771339894/17026540403612940262637113523817835201667731325
1,18581372956/828028220759
100/101,0
131407242009086648420980049/120999453659054714121664600,6576112421274312672824229/30249863414763678530416150
353778803424233/423666492787894,-74446270748214/211833246393947
133165217818972495264121982648834526012127427628/133441201462927678155560185413041145162000117775,2368973696880206529405660897463043830345252352/133441201462927678155560185413041145162000117775
4839483540058228392028071/5762779210454067807305180,-490830454415583705975709/1440694802613516951826295
