26
0,0
0,1
1,1
1,0
0,10159705009/22555439032
314950855279/1147922745266,0
607/1937,1
770/1937,0
20321744186833680543959001/466771956953771565036684169,0
0,20321744186833680543959001/743591090958915455002283333
1,9/35
2958211/8479927,4904841/8479927
1356023050480487319229/25786049976399801011198,853514935070648194269/2344186361490891001018
0,2618354158314831779980767945433243/7757594594784614448815560838205819
1,24548929165973489/61011939317994132
125682902564190009989/152662043388589878638,157700534520646250549/457986130165769635914
228296228369663306205089/241873580721866976752604,0
0,1102281737271/1132322714716
6008195489/22314452327,1
1,78193615/127333856
85145475191/246489644388,11736781847/18960741876
2490075515673165325/7012745496061155188,272080112368177565/539441961235473476
3898044718772745/5212300207112336,0
0,132127881658647/236882534388292
313200347344945296071558246549827/1809353323835799353619825211008940,1203214967656072739719871888051111/7237413295343197414479300844035760
0,184065909850762614788576900005387482584430213/1127279299996582698919048992205862475149653088
15
5 14 19 20 11 15
4 20 6 2 19
3 15 14 10
5 21 11 15 16 22
3 22 21 7
4 16 3 10 15
5 12 4 23 20 11
5 20 6 18 17 23
3 18 1 17
4 11 12 24 21
4 21 7 5 24
3 8 0 9
3 4 13 12
4 12 24 25 13
5 25 9 8 5 24
180769625207872174179607/451658323414543631912705,110109749621986967673884/451658323414543631912705
428968849181881679/685240217157091349,685029903702866760/685240217157091349
155007177744321/155911800440890,17790358188721/77955900220445
4175524305269129605484380166507511442219/3565751666419152683746175409250252995375,1833779302408945121128130484474293639483/3565751666419152683746175409250252995375
30433477939641101/42613291744547608,776979131184665/1521903276590986
355833132445981090910730622599783939363/398692503438469393144849284134740352255,1960051302265700780028479330978199359366/4385617537823163324593342125482143874805
7146895878873849/23230858265692610,213128656607673/893494548680485
200868842356509949801567/241046344976169570598514,40847917529117544275978/120523172488084785299257
2498487650298319860837663170587615649927057840367/3775626649700691058732959543102174159560514051170,854455560891759332884261380991230347150219096902/1887813324850345529366479771551087079780257025585
3722483701020356905957389040182274571212799878509/6014762235989564449518187069191347208993738817690,1446581999389095468383561627205463292974356955229/3007381117994782224759093534595673604496869408845
1570331967400893339168715940311256/1718247824529965140822276049371875,6246198005284019564172819231690769/12027734771709755985755932345603125
2958211/8479927,4904841/8479927
17450918413184060292839/25786049976399801011198,10743061778869893376349/25786049976399801011198
1613366427354383129719187661256739/2585864864928204816271853612735273,3434235476473421167394236315149067/7757594594784614448815560838205819
1,24548929165973489/61011939317994132
125682902564190009989/152662043388589878638,157700534520646250549/457986130165769635914
70742447651734146767125/60468395180466744188151,5276902501267778383755/11517789558184141750124
709704912631/1132322714716,290500984235/283080678679
7963372297/22314452327,22478981919/22314452327
1,78193615/127333856
85145475191/246489644388,11736781847/18960741876
221921167189542591/539441961235473476,4337442697511350535/7012745496061155188
105312709807753/100236542444468,3198802952493855/5212300207112336
12686675803459/18221733414484,36501648528695/59220633597073
1439093523926028845811720369831911/1809353323835799353619825211008940,4455509933230227287506817285798073/7237413295343197414479300844035760
109600123523773560890158609901372946899193837/176137390624466046706101405032166011742133295,3477224673054004636434405591211441080705743143/5636396499982913494595244961029312375748265440
