17
0,0
0,1
1,1
1,0
1079962389931/1514492480956,1
386961038299/1514492480956,0
0,145728957243551941/442796295550697231
272335278622952106630741367781/661008505101290104245986709956,56516915135198065757716133314/165252126275322526061496677489
41123114598244627317772358126502195016681/59662436300143505692576603433046494364924,0
1,260236240061156819799838671/3535149904353000728339556146
1244067904555070753020512119/1330813317908789692953791676,0
0,52643763/108807928
22361992058932144358796015/134438431003368816425253232,11236233389200882607895113/33609607750842204106313308
0,3315479431300904597510058971006978144324813/20112734958682961114040313952029435256496888
1,7258469885233582401373160092081/75488472430014486008251333631976
13210413048038449584061886090490310061823063026969/23307744952308098794241510635508548797806232196720,880334393554490167272252534705303214587543639563/5826936238077024698560377658877137199451558049180
1650090465535770869120370117722731038757997593609920216750387285299/2976714446903576781086176524234300116290345865324886186059385247600,0
9
3 11 6 12
5 7 12 11 1 4
3 13 6 12
5 12 13 0 5 7
5 14 9 10 8 15
5 15 14 2 4 7
3 10 3 9
3 8 15 16
4 16 5 7 15
-206703929406767278131973837879848468927949085641773/1181453363782741382269678274998263485388897621707450,1147949321541056992685381530740667150826495927960653/2362906727565482764539356549996526970777795243414900
-617939721602193/1203963967075090,1032928989312653/2407927934150180
-70269126256729149571173108062062205639/104366306817624497349687447221602448825,-48694763640624604520277110281215913267/417465227270497989398749788886409795300
-1731391933688927279914097768824321/12875808227836650777379807145728610,3543270707022395111545625557329909/6437904113918325388689903572864305
-1994230967829163344766662847/4558485938692952382117465100,-1276729348714672194095555429/4558485938692952382117465100
-20927752420971958422858003592514289277855623912536167538766841/127807302574938256643466702925289606612743943971257422237737300,206272164321677119839349927521294615038431535165715752887010791/894651118024567796504266920477027246289207607798801955664161100
0,145728957243551941/442796295550697231
28282251147223963589889134558599279238168731/153044311936946942187287995591487557212037700,13655656867651742365001583065560680979960117/153044311936946942187287995591487557212037700
-152191537390753187923237295004668733401/5423857845467591426597873039367863124084,1631929107448470732838720692498945977852/4971869691678625474381383619420541197077
-97403544768340728012764326393/555018534983421114349310314922,339392334194171073601409005527/555018534983421114349310314922
-39403296644663306377341040733/208937690911679981793745293132,1278619703908042005783329128/2487353463234285497544586823
0,52643763/108807928
22361992058932144358796015/134438431003368816425253232,11236233389200882607895113/33609607750842204106313308
-8607714420685662649794050562188883333475/838030623278456713085013081334559802354037,9916684261187079454162023516370752113881123/20112734958682961114040313952029435256496888
-996699539629427235422522163041/6290706035834540500687611135998,1099379432598326027927418509539/1755545870465453162982589154232
22361992058932144358796015/134438431003368816425253232,11236233389200882607895113/33609607750842204106313308
797650792809454555323005577944305675135019461655103794188909005561/14883572234517883905430882621171500581451729326624430930296926238000,405254145876165293419793821159198831507370953919864440212396040247/930223264657367744089430163823218786340733082914026933143557889875
