9
0,0
0,1
1,1
1,0
123576598528/822310069415,1
0,22756431717/30479969125
0,127777/131730
1435094823687544/11217362282341395,107947270297039367/112173622823413950
14947637931547983784563283357/20438482267704547388708318280,0
4
4 4 1 6 7
3 7 5 6
5 7 4 2 3 8
4 8 7 5 0
-154135188145028321256511868010124/265297928428449442695007040415135,86250601123362296431191074098667/53059585685689888539001408083027
0,1
-47025197412327909759997/182805030166741230888445,63821645545975249523449/36561006033348246177689
-207434704784781073355997/182805030166741230888445,46287143558419326225760/36561006033348246177689
123576598528/822310069415,1
236073098496600988/8846882014187354475,52717728266218248856/44234410070936772375
0,127777/131730
1435094823687544/11217362282341395,107947270297039367/112173622823413950
-1370587533393286668942652051/1362565484513636492580554552,526436714525086317611127020/510962056692613684717707957
