23
0,0
0,1
1,1
1,0
3837277/13239952,1
0,4891855/16403686
185033874038188177192353804404548435045357/305762323007251404237664407558112527248611,1
1,127214980862457196203753217062222660755947/167457797185478271885523418113410691490365
8489/57560,1
488540975317/1917503642920,438696018883/479375910730
436332845353676529927225612022538628926587317/508395266156401311009656499954255731519991748,6451191254797390020071308576720966638627095033/7625928992346019665144847499313835972799876220
21777650120458735770928880795778917399077701890860126429534717103489744491/28852634971203303210373648811648072328922868353121083302305541915990533380,1
0,3113880258201260335105/80292082003601533504171
7473312619683024804252/2282406397209768196207027,0
20015113777997958827217/96840389429451143111236,38671996657278815706281/48420194714725571555618
39206495409874150577/194440494920303121860,186112375733522372949/194440494920303121860
5862642056362439075065730414059/21043028378343348555591733114940,10235587960108501382518483960807/10521514189171674277795866557470
28914420171796468557429551318285897/89770642704305335539097208715969380,4791760955405110332774121889697143/5280626041429725619946894630351140
0,31820056757167229803268/331330315017031181223883
31820056757167229803268/49275142383276389932181,0
0,2547/5426
3809245753/71842020834,10216066511/23947340278
1,1048979797685797253/3201995952049253950
14
3 20 5 21
6 15 14 21 20 1 8
3 15 9 14
4 15 8 4 16
3 16 15 9
6 18 5 21 22 3 19
6 22 7 10 17 14 21
4 13 19 18 12
3 17 9 14
3 13 12 0
5 10 6 4 16 17
3 17 9 16
4 7 2 11 10
3 10 6 11
-60980391343006397360333011801896960/284094689214717594217736174382548713,26102811071268561368552309399291165/284094689214717594217736174382548713
-6305010/12156469,4345742/12156469
-115972758544593343898232806852581789537038641099976524878336143157669/374571567010294897388685994617021442235281528878177579572248839182981,412770868513903290068956230325586266349627264218937972155582502050238/374571567010294897388685994617021442235281528878177579572248839182981
-424298399654975/461686968761833,365898249583373/461686968761833
256888565353037/1424963404950800,306896142427289/356240851237700
0,4891855/16403686
-2886717576309452868432739036029747789345010779754/32907983420036514813767975469459607810472188701275,67635650149100381171140988639104849974161138142121/65815966840073029627535950938919215620944377402550
-4933160151440974884233029303280768554631/12881369014267559375809493701031591653105,44571520982539199362467794764336219955726/33491559437095654377104683622682138298073
8489/57560,1
2180893467871731052628259246624721789688583/14416725419781105647281550395310454975117800,3286458090580784243782941392574392273554539/3604181354945276411820387598827613743779450
-1220398327973689903115115243983/5505843791950984983173464313780,4267935258748806178242624111791/3303506275170590989904078588268
-109792916352070900273991113511723821898592444708015308000723156013599842/1442631748560165160518682440582403616446143417656054165115277095799526669,33954635844726920431427241483216868011389010862017924449924451541268079079/28852634971203303210373648811648072328922868353121083302305541915990533380
-14698486849116619117800/80292082003601533504171,9184127918415295285030/80292082003601533504171
-485577835614713112975900/2282406397209768196207027,18511135995642007096717/207491490655433472382457
20015113777997958827217/96840389429451143111236,38671996657278815706281/48420194714725571555618
39206495409874150577/194440494920303121860,186112375733522372949/194440494920303121860
4295634622680808916794058109903/21043028378343348555591733114940,4622455198681122464543587401284/5260757094585837138897933278735
39206495409874150577/194440494920303121860,186112375733522372949/194440494920303121860
-47268291336172915753272/331330315017031181223883,51341129764962146071875/331330315017031181223883
-32916228337653326775940/49275142383276389932181,26735084173062375565273/49275142383276389932181
0,2547/5426
3809245753/71842020834,10216066511/23947340278
-1101254053473081361/1600997976024626975,656191271592098877/640399190409850790
