17
0,0
0,1
1,1
1,0
1079962389931/1514492480956,1
386961038299/1514492480956,0
0,343079653185143878461/703001260697327906047
114359884395047959487/1713216673285265707692,0
1,196831773502475112510072917374136917125756033/753964977160239626601440998959642045241866703
13974576487202510867233479536791458722584751/23347518082558468605808380364131311919049324,0
0,243347981/644935619
100380702124233381655621322504/7322323201749851621543765974555,2839565927548704372479639514033/7322323201749851621543765974555
2674796301456345903196355456086760179541830729371439172140703831/7266882922710002038357448419355500945814002149959578394202812036,3575630329602404607930960481333202506289891533095633025697781067/14533765845420004076714896838711001891628004299919156788405624072
13780222514855677025471992862433/19374019630435475340143514039682,0
1795120153816936866188518808895772753346720985082728183/2538959140939050932835869492419473052143705834962859350,89556648122262048785091541696547105644218224671484247/1269479570469525466417934746209736526071852917481429675
0,45138845801072311474045218687827180713149951181423313466722016033369986093/50151803696488425474535864268626633279217677464366626318750832065133110286
10025915790832228000981291161598905132135452565886625704057632063526248386/94720501291546915110198573417147606254445238752084524799257042847112157629,1
9
3 6 10 11
4 11 7 0 10
6 11 6 15 16 4 12
3 16 1 15
4 12 11 7 5
4 8 3 13 14
3 14 9 13
5 14 8 2 4 12
4 5 12 14 9
-959317514869406564/2635058599320273965,1255550246069081912/2635058599320273965
-145155853085577658176045412759581206023522513739989799864281801247722721404624849289622754500816575408732/707270022383084809913137462340064060153199733963344754018443570290646183424893856200512941030094145716745,603021628327996030107846817388563993408300549851451313294955311151668843834855120749692944641208643523709/707270022383084809913137462340064060153199733963344754018443570290646183424893856200512941030094145716745
-1310064488637060730019877569375897873150291778153906389122684541321/1866181801873102983067002038659096380925439949111338380200401310490,979011534788309684543275579251939657370000400138342785223073613099/933090900936551491533501019329548190462719974555669190100200655245
-80167179456869578167853/346742293529504866467170,97672601721109987670778/173371146764752433233585
-33597791692901576716644507159172867344809222545944448709/40755315399579863437870871830278238920395162420282593660,49976253826233277446427043877731704254230961765882193/63284651241583638878681477997326457950924165248886015
-9519379009167181359612158577442268707433119630868984573919670220225554267/21478528862334581319411269053081395461770753569163915693793757006394412380,2033879704612799814066498994012734850374728030563482907806944438450827889/5369632215583645329852817263270348865442688392290978923448439251598603095
0,343079653185143878461/703001260697327906047
-17980772060643282975282748728238414701/51889957786657605516216168595276411940,21049852979022216173714515803215310821/38917468339993204137162126446457308955
-2206193829688803373149904436548638699690965/65562171926977358834907912953012351760162322,553440374116053740707562824717717818729833319/753964977160239626601440998959642045241866703
-6483594926682751129506916733483166998404847642678187740688779/61522078296231286809217112109477236646890592160302762028049660,6742955279230572797026402704809777695078955713159258589095553/15380519574057821702304278027369309161722648040075690507012415
0,243347981/644935619
100380702124233381655621322504/7322323201749851621543765974555,2839565927548704372479639514033/7322323201749851621543765974555
-10521541467390942375818037083597695925691385722672072825231850097/36334414613550010191787242096777504729070010749797891971014060180,11341293024829673227796404969407066573961699488360689325752783497/72668829227100020383574484193555009458140021499595783942028120360
-11924803866672380740080342100486/280923284641314392432080953575389,96887071449443317108586122143894/280923284641314392432080953575389
100380702124233381655621322504/7322323201749851621543765974555,2839565927548704372479639514033/7322323201749851621543765974555
-924824222232602051761739743831406059382990201562519362739582455178155580/8358633949414737579089310711437772213202946244061104386458472010855518381,44379861132885290106469233385329180782369487449831897446566051326096635783/50151803696488425474535864268626633279217677464366626318750832065133110286
-22680278759676612657240178545124585151914169324592220409575687195576006990/94720501291546915110198573417147606254445238752084524799257042847112157629,90246948440128271243901391813002458877752147041546810352385862965890937857/94720501291546915110198573417147606254445238752084524799257042847112157629
