8
0,0
0,1
1,1
1,0
0,2281027464627/7504867188848
2281027464627/7633354252624,0
1,3038328744819696988324981681/4946271487256188659719069739
0,3041248728752877133349808601/4946271487256188659719069739
3
5 3 6 7 4 5
4 7 1 2 6
3 5 0 4
1088243168591415698870703/3580972770884380865826640,1069925511008769640554981/3580972770884380865826640
-176591614195942512902170635761908612760398308959840/388343018284916167063137111605815219277023245515908167,89207788032247537691898589545739263541560700559574739/388343018284916167063137111605815219277023245515908167
388166155994333874385484298384744049628973222573402727/388343018284916167063137111605815219277023245515908167,88749279039487692252499575560022374314104042721969219/388343018284916167063137111605815219277023245515908167
1,0
0,2281027464627/7504867188848
2281027464627/7633354252624,0
1,3038328744819696988324981681/4946271487256188659719069739
0,3041248728752877133349808601/4946271487256188659719069739
