9
0,0
0,1
1,1
1,0
1,453081667177/478861194360
0,34235125901/239430597180
81746714008581242/191034454451539745,278917338263874752/573103363354619235
108910/406619,0
0,19005556412985782312697425048/42843361027694184539491896195
4
4 6 5 0 7
4 7 6 4 3
3 5 8 6
5 6 4 2 1 8
0,0
-15846126158800968628550974927790444/73726851068595786752093890242449175,22415433070940036929779828902515417/73726851068595786752093890242449175
14087729564677921929978993737060701/73726851068595786752093890242449175,89792082216002555157419295353923057/73726851068595786752093890242449175
-942122757927/2931609589945,1274106398136/2931609589945
14054614503753512581568/58493086234928856112925,1679047945467880393577599/1403834069638292546710200
0,34235125901/239430597180
81746714008581242/191034454451539745,278917338263874752/573103363354619235
108910/406619,0
76219925762656415469807020/259656733501176875996920583,669484954184791915882509400/8568672205538836907898379239
