9
0,0
0,1
1,1
1,0
1,153427019/190079848
82342192/235769211,0
299136470711954162283504708585187157456393882935618791808585557143264633092/836466808319286340192908667810516130596097695189850724593774984074234957647,5789353496074512793192262003480991687191030080078211922965967054102860929/557644538879524226795272445207010753730731796793233816395849989382823305098
1364378839759404032246943975271223024820389781148157458617951403283/3836297788369486274058483604704363127468669832516549306814100670702,0
139783156376065587656197719479331477906710189484560561231041924844011487312319278447/419584640732886246377466981202498129873798612806298851228853653965029408024578865626,0
4
3 6 5 7
4 7 6 4 3
3 5 8 6
6 6 4 2 1 0 8
527602401552044383763188400246551889698047135690550417864710176048342258563188314224287812651634609249655654997774275318257866793038188226662928776821/3146366573234643854509792515512560029511602468453618765726241589401347081532342559973661284236179277088819180875720896431672365592399135050693875281250,-921284649682824118541548898450256015121224166476746589684809660636435545588961969071580132993682050964662427726575786304260850197741147419329271089547/3146366573234643854509792515512560029511602468453618765726241589401347081532342559973661284236179277088819180875720896431672365592399135050693875281250
-417836672517218018444898097964675962811946918449890334450344315859108264572876211097368268847386718288099166428129166198936760060203219520179970808521/629273314646928770901958503102512005902320493690723753145248317880269416306468511994732256847235855417763836175144179286334473118479827010138775056250,165145696142422460897539682519752259589810570588322057495642848665140536061592155732703469664823040983659980991696489244225282903056783833132167327697/629273314646928770901958503102512005902320493690723753145248317880269416306468511994732256847235855417763836175144179286334473118479827010138775056250
-342170232191153669195243178774362500989457572831094795088697675333403096967458307751743862919136335557533499455587598469296535587991031015909746314573/3146366573234643854509792515512560029511602468453618765726241589401347081532342559973661284236179277088819180875720896431672365592399135050693875281250,3442514244850246780475377302668693001706834580881612377594645998669586261735530148374646505212683405608451392096902552534068081609338204993223619457911/3146366573234643854509792515512560029511602468453618765726241589401347081532342559973661284236179277088819180875720896431672365592399135050693875281250
-8368590648877041221280359590036489796826735508245285577641594521016418638008475357100109374148474504178229823895894153575211341991683/34304986731239638132572513816227761890004739653351684617759966677774441040798858000060348040693200114080915118398078915455601012069938,8094155440530749294922553755489279017357024960248486943016957798376090235312265082067838806110398852937742793625955460755481758144139/34304986731239638132572513816227761890004739653351684617759966677774441040798858000060348040693200114080915118398078915455601012069938
24043507582538126756129991855266984240868177051570889583251729142758563550175826570033149790139519868283735457030006444678541186089115810471/465763333108289090558170519654748065245163830899190064477696611899745052237143480516075353314432949451291643243286345981557535080207141457816,804535404041527715202789972955434437386850577596414373890699130883962823867166139815913703705144899594140990673025830204100636084134976689599/815085832939505908476798409395809114179036704073582612835969070824553841415001090903131868300257661539760375675751105467725686390362497551178
82342192/235769211,0
299136470711954162283504708585187157456393882935618791808585557143264633092/836466808319286340192908667810516130596097695189850724593774984074234957647,5789353496074512793192262003480991687191030080078211922965967054102860929/557644538879524226795272445207010753730731796793233816395849989382823305098
1364378839759404032246943975271223024820389781148157458617951403283/3836297788369486274058483604704363127468669832516549306814100670702,0
147972864211883064526959794182527433888229717294104402291252797837198442316757620561/419584640732886246377466981202498129873798612806298851228853653965029408024578865626,-157205633221730284057720085199691767255790649226384907204165532402411368821351256/9990110493640148723273023361964241187471395543007115505448896522976890667251877753
