11
0,0
0,1
1,1
1,0
3837277/13239952,1
0,4891855/16403686
185033874038188177192353804404548435045357/305762323007251404237664407558112527248611,1
1,127214980862457196203753217062222660755947/167457797185478271885523418113410691490365
0,41277593089185671205810/45916554156038267963969
90497510167957032965693408633/355082479439482976440198664710,325022075811998666598376923943/355082479439482976440198664710
1,1004972323474296418304414979100269768/14060487674358208316026726280397309223
5
3 8 5 9
4 9 8 1 4
5 0 5 9 10 3
5 10 7 6 4 9
3 7 2 6
-97151888086440/461686968761833,40122226688765/461686968761833
13683704457575066130008845437536412594827741/1058515440199386779133443414346616201425091381,845510333145496460023245747014836886606318310/1058515440199386779133443414346616201425091381
-115972758544593343898232806852581789537038641099976524878336143157669/374571567010294897388685994617021442235281528878177579572248839182981,412770868513903290068956230325586266349627264218937972155582502050238/374571567010294897388685994617021442235281528878177579572248839182981
-424298399654975/461686968761833,365898249583373/461686968761833
1052400161476000773460252909221101376545931302446523/3503673404874687846290348100166327467322635370013428,11714243367642497196269389200509829629095554122680007/14014693619498751385161392400665309869290541480053712
0,4891855/16403686
20298299009816457584025132330248832717541/305762323007251404237664407558112527248611,33981415161654260670607408239888246231812/27796574818841036748878582505282957022601
-4933160151440974884233029303280768554631/12881369014267559375809493701031591653105,44571520982539199362467794764336219955726/33491559437095654377104683622682138298073
0,41277593089185671205810/45916554156038267963969
90497510167957032965693408633/355082479439482976440198664710,325022075811998666598376923943/355082479439482976440198664710
-12212704523715380121651994826156603057/14060487674358208316026726280397309223,11855394214098697212328248044192019323/14060487674358208316026726280397309223
