17
0,0
0,1
1,1
1,0
3837277/13239952,1
0,4891855/16403686
74254964/258368189,1
0,19/48
0,1892797451508237664487/10990573737140574137508
36391105142529345892084/124563678245454422024059,1
0,83584827/148765715
433650127726468/3523051319221825,16143068430483723/24661359234552775
524162395349545806639983219741/4190766315292210776067412746530,10915505783751011593051748638531/18159987366266246696292121901630
1870057132494978650583338203924/11385828190547308815473244236575,7259526866275962630837321120488/11385828190547308815473244236575
21732585983418191352116/85130358922223064066045,0
18098785127787642436836346960757899145054054481791689356225054519587778461/24767150738103277762706753841919598866979731273518237547414144548827661370,0
9535845242487724853159239653914477911630210057812612447908996222500248498/12383575369051638881353376920959799433489865636759118773707072274413830685,1
9
3 10 7 11
4 11 10 1 6
4 5 7 11 12
4 12 4 6 11
4 0 8 13 14
5 14 15 16 9 13
4 16 2 3 15
4 12 5 8 13
4 13 12 4 9
-97151888086440/461686968761833,40122226688765/461686968761833
1461073862342952/3469280458523725,1529944176992741/3469280458523725
18825496469223649263629905727732565587817717629929765822796637765715813870602287966840418793247213758288192830563883/29504710080766342671321769394196592971476595394734363618736285918152318534948110201682267838764966330963706248001925,15003458361836749676276215478407038135325810401010961890056073411132442939757007387335220865288246289314553436212186/29504710080766342671321769394196592971476595394734363618736285918152318534948110201682267838764966330963706248001925
-8050644940104501007364410142148896815811158573960866187000217960354651314243555294829678694666839532356150009151122/29504710080766342671321769394196592971476595394734363618736285918152318534948110201682267838764966330963706248001925,2829677523663601767798857266259543257160888683638345370966893739909657717258753346178049326616272558270835803995526/29504710080766342671321769394196592971476595394734363618736285918152318534948110201682267838764966330963706248001925
47170960502194247293128005092934016487/94001761997901011751970218415819548850,537883302463321669339820675104551300643/752014095983208094015761747326556390800
-50847842663656309210856/671400432723827385143435,34524773061538031932963/103292374265204213098990
448554567846246456487208/896351709201864441784025,642905784792812955753589/896351709201864441784025
0,19/48
-81427279077006660644/915881144761714511459,2296335928932804485005/10990573737140574137508
217029576721049534290750118223556395973/432146334778791866046853311713572299775,310084260391037318931810772788158366459/432146334778791866046853311713572299775
0,83584827/148765715
433650127726468/3523051319221825,16143068430483723/24661359234552775
21878477236814180804517193384499/272399810493993700444381828524450,4346982365599185698188655839563/6984610525487017960112354577550
433650127726468/3523051319221825,16143068430483723/24661359234552775
-6662659262771140862084/17026071784444612813209,52990903830514925829/198439065086767049105
-2003278713095779461703668154405332451515025762031209008993530963014696232/12383575369051638881353376920959799433489865636759118773707072274413830685,-284535762502359095882376484859952199405189297367668670880926946905815757/1905165441392559827900519526301507605152287021039864426724164965294435490
9076333781977062733765330672155205104608472361266143035891491117141545343/12383575369051638881353376920959799433489865636759118773707072274413830685,284857934009669290465224383931189048224220657870748918459640797382425459/952582720696279913950259763150753802576143510519932213362082482647217745
