19
0,0
0,1
1,1
1,0
0,107/201
107/148,0
52465/74204,1
0,75743/128208
51057734008000000194362530294/286318074432000000441499882981,0
67123178666666667676766840/4035992757333333337886921447,6297268576000000005040882127/12107978272000000013660764341
0,6146123463/10208431658
1476495787241/18887496492076,12012959723229/18887496492076
0,707834052637691766/1224865114244640631
1,414486724275139354871278968007000853631837565623/443283457610572610449639818473342491935970925440
106046101357381010799329953528437070453670465543/134842834692814266377690803994778708757803825360,1
1,7889709799379005709460532449816083846159527/12538414372155586919244970013792260188302196
4192055666115997630891476308762820517336038763/6291962325049556842182087101741336038134493726,394147240262200990608543479025563578467590237/9437943487574335263273130652612004057201740589
119048641489047923129819/196088119595972744229716,0
3276884009926988926403/5106952161881722102452,229347193478171283040/3830214121411291576839
9
3 10 7 11
4 11 10 1 6
3 12 7 11
8 15 13 14 6 11 12 4 16
4 5 16 15 3
3 14 2 13
4 17 8 9 18
3 18 17 5
4 9 4 0 8
12469424283282177574218117532420929479942487012920569204/24529789087203083921675523066672464871816705005614838765,8580691979505937418676970895254867964636205699077158902/24529789087203083921675523066672464871816705005614838765
1801725628328800713/6194165477493185426,2047185919254101695/6194165477493185426
6783194533497835482889760709532909685834045225159104606858768584/6808008657073410017615704370751980421859823990421964131903062645,36658206006164545249725952092364200930282095096187221668261583743/54464069256587280140925634966015843374878591923375713055224501160
880977607356130474860386205311321653700123063950283095327948167/2351684704981553688693882311037901103907773653867955918634884690,269149534190852541226107649156774897749317248192759755473399388/1175842352490776844346941155518950551953886826933977959317442345
-4339215339640362731965156007696720/448429977856100033493113245693603041312883829570585047,683201016721872065833849164922786401271239451882961087/1345289933568300100479339737080809123938651488711755141
16248293282602309567414911262819178091131/28228696197215074902325534660671395489876,961654826834033517083875840370076009504/7057174049303768725581383665167848872469
88866754571980364647997/114907963772976082837726,194726808153360794196289/229815927545952165675452
0,75743/128208
2731972976632000004796264124590/4867407265344000007505498010677,2531501967552000002026434615054/4867407265344000007505498010677
67123178666666667676766840/4035992757333333337886921447,6297268576000000005040882127/12107978272000000013660764341
0,6146123463/10208431658
1476495787241/18887496492076,12012959723229/18887496492076
-27390473349107791/2449730228489281262,104499482017716576/174980730606377233
92545295431920908827483613269050114211313835693/88656691522114522089927963694668498387194185088,79500686636390714463480237282839363897647299693/110820864402643152612409954618335622983992731360
28677503422003055861131018761828808664683563463/33710708673203566594422700998694677189450956340,7454504695169849619413511574072468507289268513/8989522312854284425179386932985247250520255024
2805538845885880847929684166586257540492061413/2879655834138399795786594779834289089913404348,906252154920786464511743352874032014746820506/2159741875603799846839946084875716817435053261
2235057754290748451711316309976659611531911488491/4335162041959144664263458013099780530274666177214,-994788250870612769536723098061176317214358580975/13005486125877433992790374039299341590823998531642
2295373982391969492326283/3333498033131536651905172,92197571778224855782080/833374508282884162976293
3276884009926988926403/5106952161881722102452,229347193478171283040/3830214121411291576839
