11
0,0
0,1
1,1
1,0
1,26129/70245
0,155255/224784
1,5/6
147554725/315041853,3070201615/5670753354
346865248857567/474545510614861,0
0,378738813788286439655040051866607386120748508333824970862890394226175/465370916870602654444163388409927594235671817954555919993700804250582
86632103082316214789123336543320208114923309620730949130810410024407/731693593354980005203458617603481348991238050865708329255864941557160,1
5
3 4 6 7
6 7 5 9 10 2 6
3 10 1 9
4 7 4 3 8
4 8 7 5 0
36128607496072813300/34982317240022496127,3534003897379761240/34982317240022496127
645174902199836033413580943741374994197878227852419405954358312364581546965133217054582829835414915348521821631603722169244062930/1068234385273650228600139156313116277808082264888584168000369905510027371146287790067017007170387847834869583863835198355412600409,106721568176575831937545920239853423844044459856750588521219469200526925852466062252772279172872215121537742973201446893396947364/1068234385273650228600139156313116277808082264888584168000369905510027371146287790067017007170387847834869583863835198355412600409
200726869/175978609,130908481/175978609
14210264991/11693372159,7896983040/11693372159
1,26129/70245
188427383825/549405217298,373503373025/5651025092208
1,5/6
147554725/315041853,3070201615/5670753354
472554390653083/474545510614861,394361257043520/474545510614861
103983803149217789697171944064852157208046402807817010363166558438350/232685458435301327222081694204963797117835908977277959996850402125291,-612937768104607358985114181087911653585/465370916870602654444163388409927594235671817954555919993700804250582
488409157913030639730994963083391957318205681789622287067725541886457/731693593354980005203458617603481348991238050865708329255864941557160,-4231221798795992692212997142500435678/2032482203763833347787385048898559302753439030182523136821847059881
