9
0,0
0,1
1,1
1,0
128981070658/134808905639,1
801/4721,0
15007935097377274559274459/31093779985571357356645166,12364763752050400206194193/31093779985571357356645166
44682850438149/83158512901720,0
0,428886899666612457512072221551528567/1229042772854485601735226504234140800
4
3 6 5 7
5 7 6 4 2 3
4 5 0 8 6
4 6 4 1 8
3083441277845250922401/14716215553498083055861,-2426983461188459317341/14716215553498083055861
-23772780680062328122888517798757994658840341311502/233302470506119636648660711155841498414882216874029,-24820792228726484267523701095606195459203427585992/233302470506119636648660711155841498414882216874029
-2821689635099772425240630771/15853428461821016692641478489,13286711375999786119975187090/15853428461821016692641478489
1455323531615098539126888949/15853428461821016692641478489,-1978882368294089812088647221/15853428461821016692641478489
-291423530531978943923682782353944984578/2137183341564266353425348939281049299471,1816092747086961526190959165401604325830/2137183341564266353425348939281049299471
801/4721,0
15007935097377274559274459/31093779985571357356645166,12364763752050400206194193/31093779985571357356645166
44682850438149/83158512901720,0
674401102126189760814741951877924767/1229042772854485601735226504234140800,-5096785097981014214960195377176159/61452138642724280086761325211707040
