18
0,0
0,1
1,1
1,0
0,50613970113579/60766281971503
50613970113579/55420590596096,0
1,3925379/14467646
10989805/21532072,1
1503904832811047218058936736351753/3362876983635176073071211293110040,0
0,1503904832811047218058936736351753/6160523995406203708494094243972270
1,4654692923587406/12543849665533173
128097027232382990602553/146200112633309689571262,66609854167245390497951/146200112633309689571262
2433294247658366678692991683508/2498287206192336256589498103501,0
58510737250495882840005347/69808323368917552503968480,1
52413491543132232823259904929863/75667938905964614460806053281250,55139707820572430214194207837809/75667938905964614460806053281250
29241564758384752562688681357603559000142847969481/168027730143377106295018743774292758276693432222000,643670146308019131404731552308254720246214998333/954703012178279013039879225990299762935758137625
0,25938152920456500785425556896142613440240210242443/616463647154161721338850742040725405843154024870450
23633451178155695843445298218871385216944915345363661903/141190798297600378118606618437200811321049957568105031250,21566531515240881242085173459851948714687499368553332619/141190798297600378118606618437200811321049957568105031250
10
3 13 7 14
5 11 14 13 2 10
3 11 10 6
5 15 4 1 7 14
5 12 11 14 15 5
4 12 3 6 11
3 16 9 17
4 17 16 0 8
4 4 9 17 15
4 15 5 8 17
77469417515186301739415339953422975082006864419034985456438225897871918384/100931082387029545696747018456438758051929991874873144613966372373709743125,95136234301563231294963232659634018809857835336820010964365816752382187987/100931082387029545696747018456438758051929991874873144613966372373709743125
23663327252596/33647145269725,49546806104628/33647145269725
8098798922886810201667113708144145170188348767529/10818335285103961877915981392654384839912579505625,12276725520548175934460520702394434361646677375472/10818335285103961877915981392654384839912579505625
8278525478721954064701786718431764246774588584/6468192787800540841331662251240551996702521875,1363481343883574225041940585259810616326236038/6468192787800540841331662251240551996702521875
8770978030574620232304491484/10223059584981163568493233375,14408398706341053963522198912/10223059584981163568493233375
-61216044387349402741369383382689471119085766199545218983824486680650975697/1800090943046858347021222168368835657659326155311598880959859886538388480000,215081502132665793402248222053559224489250825241743977428542219460691176513/225011367880857293377652771046104457207415769413949860119982485817298560000
607916282959009675280928804566089928167/556240493887320944657506299888337827450,6665116549986703592110652395981170166/16360014526097674842867832349656994925
10989805/21532072,1
2720441357039379842936365693043575793528936149211805646928927726254737382333653357/7276146146304880776982633476104064183323076341170194296415126042393967454384795000,664308877232934323610596254735913765164199599214732196530674667906018984633943597/909518268288110097122829184513008022915384542646274287051890755299245931798099375
45150581194399536878165816990490624/77006549942577546356176178049653375,136608942010685618826347009138633739/154013099885155092712352356099306750
1,4654692923587406/12543849665533173
128097027232382990602553/146200112633309689571262,66609854167245390497951/146200112633309689571262
1050139445192560191209330025248/832762402064112085529832701167,481843895101665552428059396673/2498287206192336256589498103501
58510737250495882840005347/69808323368917552503968480,1
52413491543132232823259904929863/75667938905964614460806053281250,55139707820572430214194207837809/75667938905964614460806053281250
10257098660837361181148792973528767145189313347891113/10921802459319511909176218345329029287985073094430000,1622293171911769816928707325485410876383625508025773/1365225307414938988647027293166128660998134136803750
6068403593764279704773354226370079121819001351348224/7705795589427021516735634275509067573039425310880625,13955938277048918735237568014491759519835356197217089/15411591178854043033471268551018135146078850621761250
52413491543132232823259904929863/75667938905964614460806053281250,55139707820572430214194207837809/75667938905964614460806053281250
