10
0,0
0,1
1,1
1,0
0,37/326
37/304,0
0,166130646823223/281006480151920
166130646823223/250963634196420,0
9736683870349412249488175585130029/13321438795942177214637580665755446,1
1,33798419212765373930421003219574657/37383174138358138895570408300200074
4
4 6 4 5 7
3 8 2 9
6 3 9 8 1 6 7
3 5 0 4
5624/49673,6031/49673
-2349273500608822266288292711949853547053716/2773848936467119588641555792866428914901285,1827782482092252008305771494993273443528003/5547697872934239177283111585732857829802570
-1041935425718178867187561487/3548684689411147973135512570,-795739182041570305046638081/1774342344705573986567756285
-2301926556921078635127936656924064324124551/2773848936467119588641555792866428914901285,-6017275608604838686299435779022485251769027/5547697872934239177283111585732857829802570
0,37/326
37/304,0
-497504591810387601254250388127/439300526437649519359816391920,202807217191464784945972238/5491256580470618991997704899
-21024355204900022520750700577/19616710717772343426901846821,-110968258551588129257758984209/130778071451815622846012312140
-10787347898679090950181956305887784/33303596989855443036593951664388615,-6030758570014725526994459389130279/33303596989855443036593951664388615
-12356961514047451425309051242770169/62305290230596898159284013833666790,-11686872013507917230328363073859681/26702267241684384925407434500142910
