17
0,0
0,1
1,1
1,0
1,453081667177/478861194360
0,34235125901/239430597180
81746714008581242/191034454451539745,278917338263874752/573103363354619235
108910/406619,0
0,19005556412985782312697425048/42843361027694184539491896195
16601571413979443184824989932543707/90883391256678150756566112420272985,210632437314864185410268968730675441/727067130053425206052528899362183880
0,27755/1939712032838706771430528
321713216613538437577256856641146526960265602803/599114872792146890723270783356588834836143817030,2752465620108152282219497974692897810596621533143/4792918982337175125786166266852710678689150536240
5263524952033071648298561413823727635/10633140952226165609838632542112479409,0
0,6427130060620627564158199688598300579327603021/28688931877080575992934406130275763724173150640
0,173104967273576320897213821959659953461158200705066437965777/265331289097363194601473983262956062503002917703984957968680
5232097972414238396448640600123545130999901874473906358161061755903/5517533751606173603370260715495568007996868472391431586843990887650,0
1,285435779191935206921620115372022876996966597917525228682929131747/1350417182551496006809241498311412549401122444835312113329741700160
9
5 6 9 10 0 7
3 10 5 9
4 7 6 11 12
5 12 15 16 4 11
3 16 3 15
4 13 8 6 9
3 9 13 5
4 6 11 14 8
5 14 1 2 4 11
0,0
357845847895790132601201653506773641841358928817038379391810433159005055097419312086/975101820246151735367551797116212429923457519218191541898367298422295405933804644775,-61321386538648779162965368774526269612480085590838926550686267496479615510420415927/975101820246151735367551797116212429923457519218191541898367298422295405933804644775
991277122362644248749893652721029793357068282605672252000774349244718621211790727581/975101820246151735367551797116212429923457519218191541898367298422295405933804644775,680020896333881930112716031023974386276626036766126881804188624916566005037541483233/975101820246151735367551797116212429923457519218191541898367298422295405933804644775
474115231371950574640770641066797064406573957114564969286344299874325368/1040244828694509414343036630884356344207274885213317726323160731347919325,-37085861253375129275547120664907483220365435761004722654007256049274176/1040244828694509414343036630884356344207274885213317726323160731347919325
2264373930617386955087288317444487078671676946782895722594220167524238474/2320866035893505310182857095733895164025508123291186150766818989483545575,4532534071669732718045815886661059420650990286054721427268594438958937477/6188976095716014160487618921957053770734688328776496402044850638622788200
102141568291446671081222660007443987205633804684498458418362/791669546945726540369542199326145602146309710840191781765535,13011414372101619509276163558506363052004388412383207159667/211111879185527077431877919820305493905682589557384475137476
81746714008581242/191034454451539745,278917338263874752/573103363354619235
108910/406619,0
76219925762656415469807020/259656733501176875996920583,669484954184791915882509400/8568672205538836907898379239
16601571413979443184824989932543707/90883391256678150756566112420272985,210632437314864185410268968730675441/727067130053425206052528899362183880
0,27755/1939712032838706771430528
23493924787215962409007445242369800014336390669/59911487279214689072327078335658883483614381703,596158341475605046120765221490589100533958332149/958583796467435025157233253370542135737830107248
904104749289765059881809167544443635/10633140952226165609838632542112479409,33345433158761320343179250536719000/247282347726189897903224012607266963
85135385053063649392932494661676812310923935/1075834945390521599735040229885341139656493149,2160310395721490103514001006402104535986558075/17213359126248345595760643678165458234503890384
681375719097653182169195460921728544085010364134491748755/6633282227434079865036849581573901562575072942599623949217,8644954436051474749218993256970146647280530267413900903875/53066257819472638920294796652591212500600583540796991593736
1486762401278089299005612848693297282914767146891461943952301362713/3065296528670096446316811508608648893331593595773017548246661604250,-1080267866615114324974290183098543284893459417698692789224477087172/13793834379015434008425651788738920019992171180978578967109977219125
531802744956017889375935237394651699984007816658668060519730787937/844010739094685004255775936444632843375701528022070070831088562600,566435132414180733116920527392765703188238026413025930464447619953/6752085912757480034046207491557062747005612224176560566648708500800
