13
0,0
0,1
1,1
1,0
1,8570763381510310276677332127/16302337653333402754996750000
0,15463213752996798290249855733/32604675306666805509993500000
1,60299064000004173410335161/271387200000014042384550248
211088135999997803690333303/271387200000001977100668464,0
5278229379517358062476022856088660447413329648121781587357892906135953277195983235/6973964619504147781728376121932330821960072360898167704899928354435942428313544848,1
1,254696640913988789599479751449972803064671463602956037580237592804720737658138224951/317438844793500009211816822286188606922900943975682323929292904391820336249488004632
221064724326357147619185359869/436913157069101899692048899647,10929563437015942728110834241021/21845657853455094984602444982350
505/652,0
518921463392370266438121979187842436417024062644696835717827/729586368003743456963743705537854187724971322516637066748468,1
6
4 10 5 0 11
5 7 11 10 4 6
3 7 6 3
4 5 1 12 10
5 10 4 9 8 12
3 9 2 8
0,0
57537475872695069541644347597074322270135139151548798214/1065881586412783370455817694698105442769684833122074207441,-51901990065462427711674737138833274109889521842454792559/1065881586412783370455817694698105442769684833122074207441
4081163091563323988039960502886642465937294077090355590800306769299632758527994236514691239922541619700649951/4906453616040416988568079611937107041266421596058336592922681489726981658919761896105600288955079570335566650,2658161128671305758564143546385374579215668823186990516717243753944929549467764256349545061685645257205372161/9812907232080833977136159223874214082532843192116673185845362979453963317839523792211200577910159140671133300
3580413636391393478485868448170437318232555066089231/4603188270240271717702434233614696590946391277530650,2045549267697847419098752309913963101538769240708741/9206376540480543435404868467229393181892782555061300
4726416002256264411679722225593/22318063270789961705618100717500,229009184442634696868625458989677/2231806327078996170561810071750000
0,15463213752996798290249855733/32604675306666805509993500000
1,60299064000004173410335161/271387200000014042384550248
211088135999997803690333303/271387200000001977100668464,0
5626794908328492801924328255835030506344127601850900372463689141541830327624737757/6973964619504147781728376121932330821960072360898167704899928354435942428313544848,12647732438299904683590105119536910386826964668268410746358912921807677971659053/435872788719009236358023507620770676372504522556135481556245522152246401769596553
40806825813027310623680838464868817039543987414713541897229582839996150095952667287/39679855599187501151477102785773575865362617996960290491161613048977542031186000579,4186682260783165076474781641095017206682896050291144213947639179732729051212327629/16707307620710526800621938015062558259100049682930648627857521283780017697341473928
221064724326357147619185359869/436913157069101899692048899647,10929563437015942728110834241021/21845657853455094984602444982350
505/652,0
555562709947886732795534123152767911683344588201163647846645/729586368003743456963743705537854187724971322516637066748468,4438734968477354274287373572151204559692747402673585937117/182396592000935864240935926384463546931242830629159266687117
