9
0,0
0,1
1,1
1,0
1,18024000000000000045209/93360000000000000204758
0,18024000000000000039893/93360000000000000204758
1,288964944546143514120037541202655/376436305021435706728786174055808
3615529404506711735920054326312518268424227974901454411/13711969035067512407078373349894095371768704334243558720,1323610378577853704206152037784430106538137991972363521/6855984517533756203539186674947047685884352167121779360
65426439525719936290233948578646281353384424499612145334160454917611068809401/128014942911390296103905929127344875965968477443621358050111681483165502073536,0
4
3 4 6 7
5 7 5 1 2 6
4 7 4 3 8
4 8 7 5 0
300290981433225199148358396228866706213458950498253847099775840667083946707330813003710037320434218579681771/776242063581725381864351974914960060982258186763982859854906810411415028688728449156383196529810761556966560,-42552566494743863473217134967283000610951620906542750720125777703929447312663314652081420516125274151875619/388121031790862690932175987457480030491129093381991429927453405205707514344364224578191598264905380778483280
1749683000811949146834324407471012937946199648527410321671275811/1781170454194792532787707198011911831886144832778401780051795360,-230534261796912607831543726076569935848627899753454185043515259/890585227097396266393853599005955915943072416389200890025897680
2182642105026396949555293748775866472901610179120859691624145027/1781170454194792532787707198011911831886144832778401780051795360,633339947937106835055557131270458635394531552085238996206438597/890585227097396266393853599005955915943072416389200890025897680
2179022400000000009510195648000000010368359083/2179022400000000009558103440000000010488524605,841360320000000003955635216000000004628452211/2179022400000000009558103440000000010488524605
1,18024000000000000045209/93360000000000000204758
16594375013379697461591807503978565752323354795496692488959121951065589995609903784929/83145036801812915612884621933204709026717916019357316529489429239819995839922757161440,-2606987571904970622886641068546054756351210945731199876279689943262628416250102877201/41572518400906457806442310966602354513358958009678658264744714619909997919961378580720
1,288964944546143514120037541202655/376436305021435706728786174055808
3615529404506711735920054326312518268424227974901454411/13711969035067512407078373349894095371768704334243558720,1323610378577853704206152037784430106538137991972363521/6855984517533756203539186674947047685884352167121779360
327132197628599681437097117348191666183802314032336665778088791457405175091733/640074714556951480519529645636724379829842387218106790250558407415827510367680,61786132472014211047853084072199281756121920941602099037548029480138604916459/160018678639237870129882411409181094957460596804526697562639601853956877591920
