11
0,0
0,1
1,1
1,0
1,732533699407/943149324200
0,82780532587/188629864840
1,3378165588923952/17302200156567241
1909160117546145/3035215313854129,0
1,10766449855589375/44191641377003392
332426505963842243449372460/1258155532440152230690914691,26577989776580336341421992821/50326221297606089227636587640
6925568722193756702134614137323112476161/12507722703773573787266269988997347927584,1
5
6 6 8 9 5 0 7
3 9 4 8
3 7 6 3
4 5 1 10 9
4 9 4 2 10
0,0
21079301528526555582135/61941024071383606240424,-453804792015277148701/61941024071383606240424
2993189201984212011808861287388787547117446975582281532377/3476194999624076065154316497185408350469423541781209301544,-384149935873639768448935458903716817487523691583158693941/3476194999624076065154316497185408350469423541781209301544
93406569220030529780892706553/111321758378278109569790206025,34041757240297069419547654896/111321758378278109569790206025
848745450738982966608137465976156374744382631/1323263141768731007869788596705601038651625505,-7980825467600976919119809008770110649662300833/52930525670749240314791543868224041546065020200
0,82780532587/188629864840
1,3378165588923952/17302200156567241
1909160117546145/3035215313854129,0
1,10766449855589375/44191641377003392
332426505963842243449372460/1258155532440152230690914691,26577989776580336341421992821/50326221297606089227636587640
305098908786384467676925853835778802832/390866334492924180852070937156167122737,4108424512523357440230209514103596182659/12507722703773573787266269988997347927584
