11
0,0
0,1
1,1
1,0
0,107/201
107/148,0
333228438332785759102921148161158342971476349488728/1290160257004764276568364539563703766938774901865557,1
0,692835158359181468344793943253278708417337062410305/1026063596691967227447715091414437051388813411899033
1081/2148,1
22667/46636,2034/11659
0,7719939/634843712
5
5 8 6 7 4 9
5 5 9 8 2 3
3 7 1 6
3 10 4 9
4 9 10 0 5
436131758969/898732304210,310448654346/449366152105
429918087640723118930826437090116786439464141651544564122074430430477499910419635832132183450342941496/1358659996605527694730433392209809595678178059242526856707154612059615897131041545681971636095144627669,1016746426649742135467830719181531048428923630081116930862469898477368140101821491913627899454037027645/1358659996605527694730433392209809595678178059242526856707154612059615897131041545681971636095144627669
100247/14424722,7361741/7212361
-501193/14424722,155652/7212361
0,107/201
258361367/1067429428,2676744/266857357
333228438332785759102921148161158342971476349488728/1290160257004764276568364539563703766938774901865557,1
0,692835158359181468344793943253278708417337062410305/1026063596691967227447715091414437051388813411899033
1081/2148,1
22667/46636,2034/11659
39417913/79355464,435990237/634843712
