23
0,0
0,1
1,1
1,0
1,453081667177/478861194360
0,34235125901/239430597180
81746714008581242/191034454451539745,278917338263874752/573103363354619235
108910/406619,0
0,19005556412985782312697425048/42843361027694184539491896195
727413845603289094/3085161298307668275,68358492391099617/205677419887177885
3055431839573/8687815308853,2214782509356/8687815308853
1,3465249412984401012/15422551564201377371
8091963050926623986748319205556109/43697855784356916946185543004814559,100995691824694886904092862471502948/218489278921784584730927715024072795
106351391232108619005807236032449240147424/382630740186122723871629122817861401539795,1
2824015690387764095/10021072174152051726,148042399566758020703/400842886966082069040
1168813814693135/4241601918266437,1297016541193734/4241601918266437
16546940991915041191142424276818/287225782010716808822234384332869,271796548978218525893092761255854/1436128910053584044111171921664345
52166836231913958386372452876691/71754903544690027254161282458785,417273937862638008667096385932121/574039228357520218033290259670280
5510410927357013015421488999/12434720860318994778826175965,3116930455698038720002440018/12434720860318994778826175965
9428032873077968834144808212169145/16761878658291182102970917625199508,0
4659698561057667185946238925055161215/21334351885932174648207180890793751311,40208326590716434587743341879998412042/106671759429660873241035904453968756555
12555337757676317515493920816802008051164948540247/62543990584059959934512778200664309106409016167895,34553543627496332751237020554116078435941484476774/62543990584059959934512778200664309106409016167895
0,522156561254186262178350540756654403740439347951239796398/736653729633267166810988811550842735180559760787034687695
16
3 14 9 15
4 10 15 14 6
3 16 9 15
6 15 16 5 0 7 10
4 17 4 11 18
4 18 17 6 10
4 3 11 18 19
4 19 7 10 18
3 14 9 20
4 20 14 6 12
3 9 20 16
5 16 5 8 12 20
5 17 4 2 13 21
4 12 21 17 6
4 22 1 13 21
4 21 22 8 12
2016901784745256580970187482905/11565945209244202552928111004097,8151493406066298765758994511483/11565945209244202552928111004097
91357041431198185967287428737620057101614555252/1022444905996048308463694553542340016596502827975,776605667432357417640037597837464567619077645961/1022444905996048308463694553542340016596502827975
14087729564677921929978993737060701/73726851068595786752093890242449175,89792082216002555157419295353923057/73726851068595786752093890242449175
-2928424273152303770632059/40655598986855229378841865,32844804801523761053210748/40655598986855229378841865
14054614503753512581568/58493086234928856112925,1679047945467880393577599/1403834069638292546710200
162429679301463136317411144793140837999779/553848233680099894740091635064054827329292,144312331515686614378607143947493447080189/230770097366708289475038181276689511387205
77122748436974803228637442732763204/477969140162342971795200694843248435,81715189125842237371894863629526864/159323046720780990598400231614416145
120337521563565848973282378856678675/4702933075037668397869075568374918043,2267160835431612678134450727443095527/4702933075037668397869075568374918043
7559492871764289392441242162308957341589801264683660554775/99104793245235865626136365090658394605346705393547188742183,13785517651995655047743593577763989323024011698478523410979/33034931081745288542045455030219464868448901797849062914061
727413845603289094/3085161298307668275,68358492391099617/205677419887177885
1383775981739083182995306271097/7245652143367828975573164727013,1961633773357351108608582660876/7245652143367828975573164727013
-2899321506959937189/15422551564201377371,9491482928737274292/15422551564201377371
1383775981739083182995306271097/7245652143367828975573164727013,1961633773357351108608582660876/7245652143367828975573164727013
-7811829037462094305448471464047960064844/76526148037224544774325824563572280307959,14234917032705412278834452511009338998611/25508716012408181591441941521190760102653
2824015690387764095/10021072174152051726,148042399566758020703/400842886966082069040
1168813814693135/4241601918266437,1297016541193734/4241601918266437
86094431128428021135105952122935/287225782010716808822234384332869,792375732112352453345243432709901/1436128910053584044111171921664345
4733166456779822511198758541860/14350980708938005450832256491757,98453577668457074748656498446747/114807845671504043606658051934056
1168813814693135/4241601918266437,1297016541193734/4241601918266437
1268565834822525950858626047814885/4190469664572795525742729406299877,9756531099091254213641057093301717/16761878658291182102970917625199508
1168813814693135/4241601918266437,1297016541193734/4241601918266437
1168813814693135/4241601918266437,1297016541193734/4241601918266437
44266935027915613562453255215300336433267574843068464945/147330745926653433362197762310168547036111952157406937539,82359879389746033382953633947321585858104581104314137261/147330745926653433362197762310168547036111952157406937539
