16
0,0
0,1
1,1
1,0
1,26129/70245
0,155255/224784
1,5/6
147554725/315041853,3070201615/5670753354
346865248857567/474545510614861,0
1,259625093773/373172894201
507026426258677835/642814108810781131,847154812995253781/1928442326432343393
0,245495509718141651651/307528545204991064757
1,94461505391604982683/102509515068330354919
286422659268509411955837/349107452614264800899366,0
0,8282766204438633228171586360549/15166669075829921102203820870423
24848298613315899684514759081647/41517401683096581223949531797646,0
8
4 9 6 7 10
3 10 9 4
5 7 5 11 12 6
4 12 2 1 11
4 7 10 13 8
4 13 3 4 10
5 8 7 5 14 15
3 15 0 14
44468825345477431393353533862118001071747888/108453230075812203551472978957609455689039651,66592494030376673444329893710738401058670402/108453230075812203551472978957609455689039651
160900028484889290706513212436854/545574166495270249297975836251917,84388895432850803531430937805809/545574166495270249297975836251917
556675515583239846567334687303729/545574166495270249297975836251917,459905785810730098412764883042101/545574166495270249297975836251917
34032824769745258829396702465686231/36252143402073508481487883215868067,32738557683805186381140703147194342/36252143402073508481487883215868067
49524785113459082280017883419/72591885917718288631955854395,3943206514245650209862502271/6222161650090139025596216091
188427383825/549405217298,373503373025/5651025092208
1,5/6
147554725/315041853,3070201615/5670753354
472554390653083/474545510614861,394361257043520/474545510614861
1,259625093773/373172894201
507026426258677835/642814108810781131,847154812995253781/1928442326432343393
44464351344216899930/102509515068330354919,2567642483738779739/307528545204991064757
110134798182213046339/102509515068330354919,80574772102924021707/102509515068330354919
373125565759321655426063/349107452614264800899366,136019176774517947077360/174553726307132400449683
7391477346548946975377781008300/15166669075829921102203820870423,1113318642524696474952792890461/15166669075829921102203820870423
41621259524595950708459000880503/41517401683096581223949531797646,14505350494024344804401193367860/20758700841548290611974765898823
