14
0,0
0,1
1,1
1,0
156009184278857875442/345856458058123761177,1
0,4004461949460064623069486711277817716572176444555567130084149845579/5219320218437783119174750435817191699577897475721251511183054387807
0,10738885872839412340162857985714091131070691/22017412735767560382307699277077317075292148
3579628624279804113387619328571363710356897/8249659608587283050153529416389642671523133,0
1,4295032831/59055669247
136366260205/144956325867,0
0,1103301781286300484801642424092550469809582800913230742341327169236517307810104136977801399017796377655495349472187568602793429881005440917/1349306227834257262377542456329098620310739564588148588168736226205102071548991769635590167242200407486174155599365266699453488768823551910
984017786191827110303600128946192602004627054699671383309636227874339054955550530631155072897616119322715224508710792386640235551272443972/10799790596100561921628063394283648689557178960232947964255873695375852535594920691585971521094688914274411886176133165152700387139917451105,1
145641779352832729603198353733643269750916247869125623405005734364406165679/407898061767342811053903446578119676965348784095907985895887100856609131293,70479254673000133025369546596398814549127594947862397036508156798171642683/815796123534685622107806893156239353930697568191815971791774201713218262586
20061058365334939326198779415169/22061937979995894684659853933896,1
6
3 3 8 9
5 12 6 5 4 13
6 8 2 13 12 7 9
3 7 0 6
3 10 1 11
4 4 11 10 5
531552918158351339422500376719937636764213112174964464720232084047408924600356388769418/1097278416495147925308962251723341937173269952214062808312526715559776784763550937675105,472884965169217622428666463137634591435339886682587609324312459607877269484217730468536/1097278416495147925308962251723341937173269952214062808312526715559776784763550937675105
594886703662694428463799170395189525435512058476004824779280368053656395470405423116024485018651155955479257436762932161675806078128/3135883730038625237657818632026498683658101243147011975317656906797229976214224570701462764591066674926940318888720916064843710691343,1983022943527401095733625764681177869424381768992678160311346235478621016069272190805890787779253100027497421107820923445956779816071/3135883730038625237657818632026498683658101243147011975317656906797229976214224570701462764591066674926940318888720916064843710691343
9568887437237307441304827458961345032397/4752036780950107554517812644598892858525,138891033289300609183757201710665675854/950407356190021510903562528919778571705
1,0
10934145868522282546522179904062/31070398895474044776112385093125,372899826034411997780460508051253/1025323163550643477611708708073125
-8265837045634553952134129767189842690117712508000598101430493840554510534408/1190242544329030791205211191742872770283753226814751341031792535714594088949375,78196420826350232317477664397534534473795975353168279023798394368192413993921/108203867666275526473201017431170251843977566074068303730162957792235826268125
0,10738885872839412340162857985714091131070691/22017412735767560382307699277077317075292148
3579628624279804113387619328571363710356897/8249659608587283050153529416389642671523133,0
14105974929801767900039383983/8026706086171213237571210143,-149501458111264903108877055182/200667652154280330939280253575
33106048961161214486580461885/19702118998926981517814182923,-131107659504711334035226805809/164184324991058179315118191025
27735779391868488174527410314962197106662818591708243388098120565293957799894466568258651755994081372592776641773198531377794778207180114/674653113917128631188771228164549310155369782294074294084368113102551035774495884817795083621100203743087077799682633349726744384411775955,199160132939213526471270668001986925222326781648439775203760546244386929715630926347225441092786641528499482552183885050809969636888637299/269861245566851452475508491265819724062147912917629717633747245241020414309798353927118033448440081497234831119873053339890697753764710382
523788004629220596357567386388346531872113694719575350004770486930970587085172677547327727338018252475854815728555488798577531373977437796/2159958119220112384325612678856729737911435792046589592851174739075170507118984138317194304218937782854882377235226633030540077427983490221,7631392774507099844475099773326784660091095810518605449119670798481270517864241129564319598295116917930183591492564771024090416576150778713/10799790596100561921628063394283648689557178960232947964255873695375852535594920691585971521094688914274411886176133165152700387139917451105
11658243063707155769476898765252451891047462474036959082549687612688909847813/10197451544183570276347586164452991924133719602397699647397177521415228282325,-11302947667198514802758469113055798914485931047443693507060558203850432257557/20394903088367140552695172328905983848267439204795399294794355042830456564650
1062545694718256747315494294039711/551548449499897367116496348347400,23606599883562773566208841984587/137887112374974341779124087086850
