13
0,0
0,1
1,1
1,0
1,7813840537381869321320/11001868109874757314769
1093553191319371946079/8907393728701241267399,0
0,1969039418546340706150/2211151274710432380577
72243370556822433613593517084944559605110799/135988784075491161033794287294392784300266070,44973196559644838603187489519917598664566159/135988784075491161033794287294392784300266070
67062628801381623138320035975968369259356876881891918118552095158/88422505271644524568757948296935799390968176654659922994537044309,0
1821220740999824866261507345093/7640847174762657647229265241908,715029240130266260377534574375/7640847174762657647229265241908
4296240520703226855578402651337/10627077508706233434501679340992,4936356945688917271528996359917/10627077508706233434501679340992
17835895107249422478701435044474455864937857559229329522873287822178849303/18527935896412906976656988791560345441187397825961602725238532457391816404,12598774627337491355509874299614675344803524146969602790967166189594899749/18527935896412906976656988791560345441187397825961602725238532457391816404
676843642133098389515963806401737778782537793224409741256583267361848998819/1064741587240673638531369790934053485687330967056441521770676247269265826752,190245467053960478411473952602170446566703567037588475834490014472569324695/1064741587240673638531369790934053485687330967056441521770676247269265826752
8
3 9 7 10
5 10 9 5 0 6
3 7 10 11
6 11 4 2 1 6 10
3 9 7 12
4 8 12 9 5
3 11 7 12
5 12 11 4 3 8
218529680028789/667334601255842,-97750577106385/667334601255842
104411151381793351243168344638807523364124454058516807837329/97721399592068867053147420798678953565756382530697415892994,36096963826947127579323323881144798989100502024367256372485/97721399592068867053147420798678953565756382530697415892994
35069272311066530487322361458526818616811374437980248269459/97721399592068867053147420798678953565756382530697415892994,-32759232300732587845162045882975715137536630454759336064571/97721399592068867053147420798678953565756382530697415892994
7360452146372321282242895905617441437326561357548318894716786055908507572538247559382149805358129463323/9790842122286034508046758353694390298842577707120426136359389161797702781862749067861977832508850687314,2496620474390442318766184740382572311112507125805781574240383709682064790541380365414139659049246447499/9790842122286034508046758353694390298842577707120426136359389161797702781862749067861977832508850687314
166312056883615734519203616962391049214844637284918202394494123756693563319493827/1075117949824310586866410031093324580392337482191380504294816497367748655679828386,-139348930747464311345319444951512479977158460670507313368049789328423081125065469/1075117949824310586866410031093324580392337482191380504294816497367748655679828386
59864386420922998406639911210944267363/243712693729036851144635986586448693278,-13394253064424406860540449425423840625/243712693729036851144635986586448693278
59972634891627655038654407904485472873/60498687923234559053826254321431814194,27047956136789025771833148319455612855/60498687923234559053826254321431814194
72243370556822433613593517084944559605110799/135988784075491161033794287294392784300266070,44973196559644838603187489519917598664566159/135988784075491161033794287294392784300266070
1502277087212568234961402308843514083248514339024735530609240969917384389455757783/2419303289197314926436029298828412540912270038332082064911195914159801470163230298,1108224757104623835171819403405501028945778360862853664890705200307149723921758693/2419303289197314926436029298828412540912270038332082064911195914159801470163230298
1821220740999824866261507345093/7640847174762657647229265241908,715029240130266260377534574375/7640847174762657647229265241908
4296240520703226855578402651337/10627077508706233434501679340992,4936356945688917271528996359917/10627077508706233434501679340992
38511103241027492939062636165223225509752052635404394766329170632446614477/240863166653367790696540854290284490735436171737500835428100921946093613252,-19711303735863586336966557090045942579979579662430656031162961730187640281/240863166653367790696540854290284490735436171737500835428100921946093613252
4296240520703226855578402651337/10627077508706233434501679340992,4936356945688917271528996359917/10627077508706233434501679340992
