10
0,0
0,1
1,1
1,0
0,652512290090911103647103868084407/19895752561052796375928191357340323
652512290090911103647103868084407/1447777080747401577672021396411144,0
1,295272232883531908657684739014663687089884335001951892452899204712151842615131/1660668400011914898389929872059940611862385055297172009320429945289184614893420
1019514810246147698214265680712858721653393351239835924521403515204681416643559/1314787043129679606871950419727522408743277686241787816974302719916833259258690,0
72145365070553241898701303088202085081450788846110710053948240214623931153955/179859637535413138848928117682569301615372865542921549800748821104145479947992,1
1,11710028543704176140537234577744761762919494033815963433940509023503006979639/29915257692694581258885428593694150472878154883981175785512438187929184240603
4
3 4 0 5
3 8 2 9
7 7 6 9 8 1 4 5
3 7 3 6
0,0
37544352117088700324084871104672796487227986536029545357121848591816070491599411102478656/182987901657043335838543957786207359804325709519423423451077868768447749426523778586995095,-84178253237208557661820250284181122300656455421370824683943754255498189331546647044629651/60995967219014445279514652595402453268108569839807807817025956256149249808841259528998365
22535004469858224497234762858963736436583528226235242335008440913319/26529135229745091608809989676360577971157683845098805408622368608871,-9453104321909764677191148451074037413455445890589294114765756724171/8843045076581697202936663225453525990385894615032935136207456202957
12044334821554207527140935140854526948939574468157075300217852333826477032518784737426902/15220383243757303090796500859663043790781312257146569230980044894095677025851546635851875,-1373663502974703447390011864116590008647445327824385773156959557861589259036299602079088/5073461081252434363598833619887681263593770752382189743660014964698559008617182211950625
53260732698442518450416749310391922316059911865467755776/45744448905025982162689233503075537710849445274685853745,-206498044869046284992734583996817737346322331487423609769/137233346715077946488067700509226613132548335824057561235
12531926677536539683683618351451404146328214814281631719/9986216579577229551086594144729769549226639663296499080,-441893747165644954801076295036119846119591905317886438/416092357482384564628608089363740397884443319304020795
6031170657780827435344445470044242928938930706227206718953519510129521233405929/6227506500044680868962237020224777294483943957364395034951612294834442305850325,-2121107339532736451798251608435148141302112689855258607534149812775102028289071/8303342000059574491949649360299703059311925276485860046602149726445923074467100
15225257202060783711662203480612329389365016757744364363025886770736032999223337/19721805646945194103079256295912836131149165293626817254614540798752498888880350,-154520333511269227608637993120466840981883252947563814255245671512018000606886/3286967607824199017179876049318806021858194215604469542435756799792083148146725
40765656323447155108145365815327851998064964387677401584739033522741201393597/158699680178305710749054221484619972013564293126107249824190136268363658777640,-110421208371968682616054163446679139626236982981056038828205139906219036243963/112412273459633211780580073551605813509608040964325968625468013190090924967495
420703355310160490037054143277217568337244527487093882345346563783208398059221/448728865390418718883281428905412257093172323259717636782686572818937763609045,-4107526917931104036030885392132779983240674068007683455296276278754053947773/8798605203733700370260420174615926609670045554112110525150717114096818894295
