12
0,0
0,1
1,1
1,0
1,53/90
100660870672319/133202401415841,1
0,6190744087378521441956118323630857122119/19690977938038720406978059203648381597654
1,5399389310203111687048560452889490052983/9845488969019360203489029601824190798827
0,7759710486440066383571748215372963845460215/7908877960491907814793084686277398038461619
66296655134151747209482875957526308000624/1037305284179266391099051819664751774753249,1
0,3149893885183682021883303484446850854984989/3774343640042033525570971293420780466489528
624449754858351503687667808973929611504539/1830894407174127109446697468372773385726221,1
5
3 4 2 5
4 10 8 9 11
6 7 4 5 11 10 6
3 9 1 8
4 3 7 6 0
465183138500314747057732228766209668636114919077152/302385658295168923228641636131835442547689158024375,12352996770087554061616634897937880284358684220876/7753478417824844185349785541841934424299722000625
82231699829636074998293516738996073581878519073362508774474/71972264421025104066369000706671004880501583853866162655707,39300934013157369849735337104971925399510138064811173963585/23990754807008368022123000235557001626833861284622054218569
1,1
4109126857920320379445557026666898169675807092451/5705389779154130626955502568525197029201682226875,148958557016882550842756680810174187863601457688/146292045619336682742448783808338385364145698125
2908239045838574999597692468249/12364821564725639931731993568125,369141892052435008364648091801901/222566788165061518771175884226250
7183568152401596937967803996995791173130991/13176191403998655275722019733137368043901345,5685183945584265084198892918478858561531531/4392063801332885091907339911045789347967115
5641963302339825323618896649018607094562/3281829656339786734496343200608063599609,289088453906649946500911759376429872789/216384372945480444032725925314817380194
3398503952593339256156754026645745224693/3281829656339786734496343200608063599609,61619661795850943102278331109561567493/108192186472740222016362962657408690097
26894864960282792987949339251216498952951886/23726633881475723444379254058832194115384857,13087104548765208400927168466808689904446495/7908877960491907814793084686277398038461619
3380819405358054669244969566882902380932874/3111915852537799173297155458994255324259747,1667588872893696772541525974619030037501209/1037305284179266391099051819664751774753249
1786605353963018087181936669904694622062159/1415378865015762572089114235032792674933573,5981051660015896609346196631072270515087549/3774343640042033525570971293420780466489528
7560703574586118341612796685653398251069/7925949814606610863405616746202482189291,832560780503285144156803407760811440327407/610298135724709036482232489457591128575407
