15
0,0
0,1
1,1
1,0
0,51829035822394119862605292212189/254587981657291472180721604703000
20679785293135253825179511592663411/71744346736684830391124993855256800,0
1,552492037676/720729672175
625171403817/1177663441493,0
4952701082538832474089777140414832213/25082554242278299117749806162862858535,1
0,87442062911927113287394072737800579042/92394763994465945761483849878215411255
9113736652908317730339643/15977225183537885864194800,1
825797606058243181915140070264462685/953284400997963095665349869177113776,13061259930583861407433973337885609799/23832110024949077391633746729427844400
1,3219270407294875271256800565440419481758353272197/6032418589198309002653281548355886438456388393200
797198839148755007481860064044240577276533043513904576695396185072551284822/17054455647643814616206067037883600166481484460284039353539362830626985291175,0
0,132866473191459167913643344007373429546088840585650762782566030845425214137/1239249600366628432867576710230205168893975344605742662003476423683385086500
7
4 6 2 10 11
7 11 7 5 4 9 8 10
3 9 1 8
3 11 6 12
4 3 12 11 7
3 13 0 14
4 4 14 13 5
1854572108138613995537159898412286415461198786112267486294169211181/9666169085052460973075204883143093496853308125102717966749740597025,2100665094755292136441453028266941505362106022339171052151775151267/7732935268041968778460163906514474797482646500082174373399792477620
24845278709714143388891392338480391462907244334974873382471665584315997591/916592694090989382936582492146204928521769079354956689914064866598020302125,825071964559727096764355787589904999492182067976338902233037348549696950662/916592694090989382936582492146204928521769079354956689914064866598020302125
1,1
523658124078644694961155659849612728897330986182438118825144924469787217/434475108067144541673683208229801178126103882809558775015566283595440200,217013700688036359316160610309545955318244162463299156415408215310463491/217237554033572270836841604114900589063051941404779387507783141797720100
5095510801970114868670825447530735838420597266/943153258427426396707241265940405880031598589807,264474675083360175672467829349033247822176713244941/943153258427426396707241265940405880031598589807000
84864808495039403034749381079164320731169506780198141/265785972919721375562320848858386669354871254750399200,146732614445590116645762969085071205798288766400000/332232466149651719452901061072983336693589068437999
1,552492037676/720729672175
73333886542315539340775590801339805744295560752581235605483/48800299443953044055174921654379979916754051302269781979800,170755041851234991161758466662339382221797281144529346653899/268401646941741742303462069099089889542147282162483800888900
4952701082538832474089777140414832213/25082554242278299117749806162862858535,1
0,87442062911927113287394072737800579042/92394763994465945761483849878215411255
9113736652908317730339643/15977225183537885864194800,1
825797606058243181915140070264462685/953284400997963095665349869177113776,13061259930583861407433973337885609799/23832110024949077391633746729427844400
191251231010058049736605527354820733163788496107/241296743567932360106131261934235457538255535728,996241593331105864321508439709662562682476011643/1508104647299577250663320387088971609614097098300
141546657403082561637918883210602067512654803855783379284981393375449249593/682178225905752584648242681515344006659259378411361574141574513225079411647,3105247437884401460039730262352808594913072243805646097421127473599861884021/13643564518115051692964853630306880133185187568227231482831490264501588232940
75030877466793597477911485960769499659577883269888446110554875254254329/826166400244418955245051140153470112595983563070495108002317615788923391,146108663122526507492461091352317246487856730987037154602752887789528828631/619624800183314216433788355115102584446987672302871331001738211841692543250
