9
0,0
0,1
1,1
1,0
1,7813840537381869321320/11001868109874757314769
1093553191319371946079/8907393728701241267399,0
436653871020095548974687839938635597232150437431007337585230478379101/764898759034900647873684358489127984957585899968484725474549111164904,1
3049168623071049761728516680991869227829489993581791494872311296159166907889350327090151405/7123004105258856301831710172726531265280012274614476863536897699983923928408918202810424744,1760679314308683341233312877088137191237020171749825333650562704756354270722907857485774451/7123004105258856301831710172726531265280012274614476863536897699983923928408918202810424744
1,18286635910141646681181186213458058602642436342606323869380570406229863526949697686794076009381769295405701579709/77983465680904003787213818858598312048267912713698705236162738353380791014338182187099618241877572286616869288664
4
4 4 2 6 7
5 7 5 0 1 6
3 7 4 8
4 3 8 7 5
27877777309715405303217790500526321587840316733429917452925557241016527472018192658882453256755093702481486321019101183277356839660393129/37882448779472581223964220403936124121098911298434726633553225616378165495610476256650377497012577295169308538359398814406862218762139940,-1321936645194852963620070103683878299925514492902896984992945423771454432170647117870433093293164451600908118000710935344049551724136242/9470612194868145305991055100984031030274727824608681658388306404094541373902619064162594374253144323792327134589849703601715554690534985
41749500508882081558414499128309551196697897529121862397731358238691402491556796128751510004367917458070723678883990246785868416979783913/37882448779472581223964220403936124121098911298434726633553225616378165495610476256650377497012577295169308538359398814406862218762139940,7490892146597345652106761181397500979358558357294525902246303473472707118489217195207838214016755540031009255336371207622997838206620311/9470612194868145305991055100984031030274727824608681658388306404094541373902619064162594374253144323792327134589849703601715554690534985
1,1
2907268471512013655428075514262946080050846649286572764856259560757547344724651238462721270812981699577714963546850378504501063178084564626327341339514204774819256976483098402400557/3795494914662539274142668438537278480152222800314754739043001480354728456687604584535135814520841649606898297345950678693970363796450353808255933624348173201349221755930247548883140,731249897703192751257572795615582640836977901133154637018427318123407168945711029607088883257958858851263870948325891625748026983057828532473120113924793643596805471002126224164534/948873728665634818535667109634319620038055700078688684760750370088682114171901146133783953630210412401724574336487669673492590949112588452063983406087043300337305438982561887220785
1,7813840537381869321320/11001868109874757314769
209769150579426347808473697052452982881493704259222422163712134771078197365376394824614451224420005789191233769358947976632715918810658799378674648968983678723/337433886686120061536604513634692899095991098374224995748660004638882769981700385483792952147157677654543192611387333649023937600340415268141828528442997816060,-7982643389762069506198904452164997745476705561237360096941438386161969730219542471635261341087104009863817061490636445583393814533427753960284415751434590574/84358471671530015384151128408673224773997774593556248937165001159720692495425096370948238036789419413635798152846833412255984400085103817035457132110749454015
436653871020095548974687839938635597232150437431007337585230478379101/764898759034900647873684358489127984957585899968484725474549111164904,1
3049168623071049761728516680991869227829489993581791494872311296159166907889350327090151405/7123004105258856301831710172726531265280012274614476863536897699983923928408918202810424744,1760679314308683341233312877088137191237020171749825333650562704756354270722907857485774451/7123004105258856301831710172726531265280012274614476863536897699983923928408918202810424744
41696209055103738537116858930024779051290086799143174373216584937771316988691999755476207192973463898377799713403/77983465680904003787213818858598312048267912713698705236162738353380791014338182187099618241877572286616869288664,2629434857770830432942225843233529917223072960475654249948964504731613409737980034652308537111421461008501800975/3249311070037666824467242452441596335344496363070779384840114098057532958930757591129150760078232178609036220361
