15
0,0
0,1
1,1
1,0
1,223284799/492388458
199779800/423064599,0
54442301967988396193/104523789238381718889,1
27020359348632412454246808076/28209145441553438499917171463,3923555317632712896594595626/9403048480517812833305723821
1,534788185292423929757324125698885613/1428619892555058760858204828898886751
127682634946368123014628879945890/1310442574359536002738571586218603,0
2812549691059011114087332819859562205428/3187840976761690677943432081814673431931,1123145690076673590542403489471936049034/3187840976761690677943432081814673431931
16489343733626780241838968744706955539292667426270/25178503016419714166084066587559463172928693147599,0
0,4475840581889385485509261823961922786002868654836008455294178333005/7749523325784474968248622685581135463046405113512246625447750204468
226167800122017279777000090600611367849572131612880863550300361841631404207204944343541/270003180934073137276310461686045297790476557803871566518436411818297001962518029960896,467831817646001920873794294114299578709061488764060424688227173517907012531486492558557/810009542802219411828931385058135893371429673411614699555309235454891005887554089882688
20336487843637779176012101454996392343773904454297336107600431918639024648923355248764951096339284440368321/21163695360443392151568562744533401403160526728026478474645964265492637725459465813651750408424431705126108,1
8
6 12 0 9 10 7 13
4 13 12 1 6
3 10 5 9
5 7 13 14 2 4
3 14 6 13
5 10 7 8 3 11
3 11 10 5
3 8 4 7
0,0
-122207527663211138685084710815090213684715765284152900060438812351552062099178530603702020828514651334524513377263/441581704241747571722485829249110135873984159713859643185139132364584472368046276896313912565537693841239723770275438736056810553268,68501104461848756045661914461358662110775600273863839761323191985782928074393663629887868003668682195867618086890386636305462548905/441581704241747571722485829249110135873984159713859643185139132364584472368046276896313912565537693841239723770275438736056810553268
1099954080711460722919898765784935129527/2844856354109890265759748141578446997775,512113906969888470895947835631922291613/948285451369963421919916047192815665925
77500753531729121/140476682832882855,73295238582966628/140476682832882855
425506002135224746074548831995874673263616587969/466924811143890276835550861966725734423053893650,90338733376329197118613940122631237245792765579/233462405571945138417775430983362867211526946825
50031171077881801015965218327802313561887247506242499127657785996120845542/144389293091392370657007175486816155763685935311337297507676546761547058397,121310158112614410900743031951989262236552044941478936431048051735749649278/433167879274177111971021526460448467291057805934011892523029640284641175191
11045738277290777930046848887898569860488931272314620839844500235634073447487824462250534864284076372261536825998542284263780622012880977714993659886213/21206715696127761505570535851630377803227521985512694166410755639999185265804041296701569243245480391832519433487331096641331712317948490800433403155332,1096575811632730017606572601366973474702205025324451559068193358571535227073108675655751619344131876840380830202994428885836990053346442793423420600387/7068905232042587168523511950543459267742507328504231388803585213333061755268013765567189747748493463944173144495777032213777237439316163600144467718444
27020359348632412454246808076/28209145441553438499917171463,3923555317632712896594595626/9403048480517812833305723821
3950570803199569200787889171693035711/4285859677665176282574614486696660253,1994594256667424276208950913379715003/4285859677665176282574614486696660253
127682634946368123014628879945890/1310442574359536002738571586218603,0
2812549691059011114087332819859562205428/3187840976761690677943432081814673431931,1123145690076673590542403489471936049034/3187840976761690677943432081814673431931
37747339403105641326878007156469614741535401443782/75535509049259142498252199762678389518786079442797,717960949281030554652996673628474229542566843304/3975553107855744342013273671719915237830846286463
0,4475840581889385485509261823961922786002868654836008455294178333005/7749523325784474968248622685581135463046405113512246625447750204468
226167800122017279777000090600611367849572131612880863550300361841631404207204944343541/270003180934073137276310461686045297790476557803871566518436411818297001962518029960896,467831817646001920873794294114299578709061488764060424688227173517907012531486492558557/810009542802219411828931385058135893371429673411614699555309235454891005887554089882688
63746846223777662063295972388104618947434138740918192906252218625242004546682952518059773658727799653774/160331025457904485996731535943434859114852475212321806626105789890095740344389892527664775821397209887319,4074458198903810590122080425944416338511372477047259207059145091115499926191029121250195348017397315183029/7054565120147797383856187581511133801053508909342159491548654755164212575153155271217250136141477235042036
