18
0,0
0,1
1,1
1,0
1079962389931/1514492480956,1
386961038299/1514492480956,0
0,145728957243551941/442796295550697231
272335278622952106630741367781/661008505101290104245986709956,56516915135198065757716133314/165252126275322526061496677489
41123114598244627317772358126502195016681/59662436300143505692576603433046494364924,0
1,260236240061156819799838671/3535149904353000728339556146
1244067904555070753020512119/1330813317908789692953791676,0
0,15473952679881875641/34473957047220233496
1827955111628074935451868223161034335/14284277637339212218450988669302107008,1189578312352289324949006066831881797/3571069409334803054612747167325526752
0,183746911305576539480784192022348641957918675842986913/909999258730843979213500515693957769927327751472318888
16003306699030212319867488679353762736517769014297/16040699641405779338526149619588793664704543450640,569294428016462161015959923735298319342980828633/8020349820702889669263074809794396832352271725320
1463490009857472850229046674717260103021904505401296829111761/2476481594691607693189297432711522274342684102713283129463680,75076092922834900687927432525880530040570113688181816977647/619120398672901923297324358177880568585671025678320782365920
1,297466506832173297466712924770933555981571889314639/4826507467865640586509591599014480513580951438671320
182985077828788991619747699389267046980033594847624539646247524880909053055211/315174624913552219235965222208491182197177293961344424386846710729089027681120,0
10
5 4 1 11 12 7
3 12 6 11
5 7 5 0 13 12
3 12 6 13
6 7 4 2 9 14 15
4 15 8 10 14
3 16 9 14
4 14 16 3 10
4 15 7 5 17
3 17 15 8
-4038831313861174379884825762487880/196260585215513405070288746783502961,129056484843821490690800083026750742/196260585215513405070288746783502961
0,1
36443830925576535342439/69348458705900973293434,42202477863078011454287/34674229352950486646717
-9951437130432359650793506858862545118813329112565126231396006783864599/86938676778033980667380604380663710929900097912522653865006599598431850,99543565601844496998315400352028173790468842313754915232741771401174539/173877353556067961334761208761327421859800195825045307730013199196863700
1079962389931/1514492480956,1
69679807121520514760059875800966422266158001259/297235180616919350784176993679435464417262110716,3850073947356744042815174914230071250776408236/5716061165709987515080326801527605084947348283
27402091177467126439175265172769550569942179493597261/229984810012020381618862134073709028197840356563531895,5511324042312028021885105924294608150148997785869587069/11959210120625059844180830971832869466287698541303658540
272335278622952106630741367781/661008505101290104245986709956,56516915135198065757716133314/165252126275322526061496677489
236094071270026342864253215171126503236668303050137208192103737322840302308377/2014232106251133292186643810277150397649431875589911892586831946105072438092700,328219215044057836552786733646705138883350945264045563890013330344663446376063/671410702083711097395547936759050132549810625196637297528943982035024146030900
-97403544768340728012764326393/555018534983421114349310314922,339392334194171073601409005527/555018534983421114349310314922
-84379486894797789167680791596364704846305296525161839048479744007/1007690771467083706671863988726734661397922482879072191868159797300,1481251584866663687198436279018540580518234533479485489556514380019/2351278466756528648901015973695714209928485793384501781025706193700
0,15473952679881875641/34473957047220233496
1827955111628074935451868223161034335/14284277637339212218450988669302107008,1189578312352289324949006066831881797/3571069409334803054612747167325526752
-301554700492196737485013889678068371767565706198975/37916635780451832467229188153914907080305322978013287,415007411837540201699735097410287715151478818808823023/909999258730843979213500515693957769927327751472318888
-16280620459582023390729841/92522313780224506024192784,28127347922641006955034501/46261156890112253012096392
1827955111628074935451868223161034335/14284277637339212218450988669302107008,1189578312352289324949006066831881797/3571069409334803054612747167325526752
-169750296374947849384875895117199925426214764043062/1005522389138675122189498249794683440329364883056525,14516896412437220440407694949480060191202432668365509/24132537339328202932547957995072402567904757193356600
59422136520757437867879029552072030204791929004380321502470345287989261392409/1575873124567761096179826111042455910985886469806722121934233553645445138405600,3142308049290534941573366438451038706619368365790137477293393956456989164411/7576313098883466808556856303088730341278300335609240970837661315603101626950
