21
0,0
0,1
1,1
1,0
1,732533699407/943149324200
0,82780532587/188629864840
1,5496304198458/8284126582667
0,1181258595440/8284126582667
0,402202765132213836533576792464389035/570088655943126212273447591485504592
1,500875187614442585241088758575841267/570088655943126212273447591485504592
16297355018155658629125435647084/27402438797226556582461799721127,12396381857808016148009661833176/27402438797226556582461799721127
1623295799224210612/4564442094035846139,0
36992356626744593832581162912602387006175413520126028445/195025666556664083103131806606880115647768009391822491856,98084739381503469919736372297758670738292491744692041277/195025666556664083103131806606880115647768009391822491856
1619278145036039659096276206424101719173/67088117017861374892621854963632753955732,1
816577767274515366008257303237449192748879615139924729/1697335121153626175840162668813078075173635380114237848,1338820861578869031926369706070144813062484236513852949/1697335121153626175840162668813078075173635380114237848
1,7017/10630
25359668499339659/25655665898373860,8433846376069893/12827832949186930
1,471542223834039484909367331459/706018195513274337283186475230
1,277283788604848420129850881/307594169776590052855637440
364914611522708095248680304611533413371/397284554744637693889508370222449229160,343448256932609267883104871046949831741/397284554744637693889508370222449229160
1,25188767761007357961602071581274274346768738758944057/29367982002513180144081000382638253533437112373270240
12
5 3 15 16 10 11
3 16 6 15
4 11 0 7 10
5 12 4 17 16 10
3 16 6 17
4 10 12 5 7
5 13 2 18 19 14
3 19 9 18
4 14 13 1 8
5 4 20 19 14 12
3 19 9 20
4 12 5 8 14
823271075227838705354600963751447452/1480789408455382780872078087086042825,-1305391565384355322994088108277823308/4442368225366148342616234261258128475
32856473402669435731983379421200554216255122685870884780941/91721612393784755817353555469504376966525071128501710157800,-4620289435775732509847424618662237484694809626759727345989/275164837181354267452060666408513130899575213385505130473400
70329608424507537546711/61941024071383606240424,37110776047698766879099/61941024071383606240424
1,0
22480061114163400890327595052895720971/20571589149050208922798444695549563650,9851037812754318557494793897201057889/16457271319240167138238755756439650920
9668329708116523929506029573378634092376555453696483714200690298823698719/24369753061607384085375501789049633141236366001561514375030469547170649000,-1984789965426571776878870194392585629149270904633553247169739732366583169/18277314796205538064031626341787224855927274501171135781272852160377986750
49342273318940894219/49270049953576549175,2490366260981581599/3790003842582811475
635797720224923245678526736209354852722537846228/943618992455152199342092579819298028604558824175,-7858115595834088479518110138185622507422215484356/36801140705750935774341610612952623115577794142825
275326839910598469320903372228007872878466152424954653482241743201554567/422090621800573051514343477047566798110359330960359598040967132823076200,-82208314266564879888962723622507919261288553746177182018548305286919161/2532543730803438309086060862285400788662155985762157588245802796938457200
3631748544485106083443178443133527182336639/3390616533438141725651636386549825698534800,1110547231225117882280514175860494364905611/1695308266719070862825818193274912849267400
16297355018155658629125435647084/27402438797226556582461799721127,12396381857808016148009661833176/27402438797226556582461799721127
1623295799224210612/4564442094035846139,0
78789151252659999972086406102848323360851120297932969393/195025666556664083103131806606880115647768009391822491856,17842264727551438545268456907108645386958669097276387815/195025666556664083103131806606880115647768009391822491856
16078956992723622179604891190315152818213/44725411345240916595081236642421835970488,981016902664931578337902797509301547289/134176234035722749785243709927265507911464
16297355018155658629125435647084/27402438797226556582461799721127,12396381857808016148009661833176/27402438797226556582461799721127
1,7017/10630
25359668499339659/25655665898373860,8433846376069893/12827832949186930
354286340031844462066444056233/353009097756637168641593237615,93327612798112090623318748665/141203639102654867456637295046
66173851845335955699788547/61518833955318010571127488,52097354364547303185740189/76898542444147513213909360
25359668499339659/25655665898373860,8433846376069893/12827832949186930
31369442329797934996225712301813371059979491541106443/29367982002513180144081000382638253533437112373270240,992279834949246410678501772190780394209273860266969/1468399100125659007204050019131912676671855618663512
