9
0,0
0,1
1,1
1,0
273814810714061696205925629/280555715924799461070149347,1
0,1500494076683416851970292323/5060086615966218902647325500
28860025619113896563913660677/223001979109157982423673501936,1738595281327209569927676425361/4460039582183159648473470038720
40/289,0
0,6927328255156516544952099322740745747544883407601063543211/15877697557352263278272563101646196102129008454799193174710
4
4 6 5 0 7
5 7 6 4 2 3
3 5 8 6
4 6 4 1 8
0,0
-11511690653160720130904294704157140762312782553567067218890966/29261317421757114213581323233414301618853563782030971000959769,1452264533150206464563686524375736586498504127098778302236849/29261317421757114213581323233414301618853563782030971000959769
-44453/57853,55493/57853
-543209/752089,-29880/752089
-157065694185196471131289763115981/211002867834166501876787552235883,202629193062302040096646648810163/211002867834166501876787552235883
0,1500494076683416851970292323/5060086615966218902647325500
28860025619113896563913660677/223001979109157982423673501936,1738595281327209569927676425361/4460039582183159648473470038720
40/289,0
210517973878642379454753951586112711617475136104649325894/1587769755735226327827256310164619610212900845479919317471,1335547889240702725333180199099105375532859742476558757737/5292565852450754426090854367215398700709669484933064391570
