17
0,0
0,1
1,1
1,0
0,37/326
37/304,0
0,166130646823223/281006480151920
166130646823223/250963634196420,0
9736683870349412249488175585130029/13321438795942177214637580665755446,1
1,33798419212765373930421003219574657/37383174138358138895570408300200074
1006102729417049634659352791145727642213/1303284393290281568677082596485133758300,1
120005229998480298636123449919236837943549771347/155186876126473287896925564692732830870979550480,458527776704800907529124595597686244232207947041/465560628379419863690776694078198492612938651440
158489705195563442450234255113108280207273/759281214148291755048123734306970266662620,10244689823746980210484265860640658549791/25309373804943058501604124476899008888754
0,8882985435459310764425123325841096588264820658575/24515145184821558046926996420871223241674897146712
65689185669184789543943587067185110302435410035896711221207449/900613776941717005640291126332452070927614664404967333985925380,947550764425897675207294564221804303571987740667709118752970721/1801227553883434011280582252664904141855229328809934667971850760
13523089/716609068,0
456007/7720504,112755/1930126
8
3 6 13 14
5 14 7 5 4 13
3 8 10 11
4 11 9 2 10
5 11 8 1 6 12
5 7 12 11 9 3
3 5 15 16
4 16 4 0 15
2019602803184/15232079659745,1478882856593/15232079659745
-2349273500608822266288292711949853547053716/2773848936467119588641555792866428914901285,1827782482092252008305771494993273443528003/5547697872934239177283111585732857829802570
-601189663595669583173378830672818043365191780600851/1969382234018072461940722789705877749621003229826540,3741375893833233894629494028916497454214840155877/656460744672690820646907596568625916540334409942180
-2689144880022699250583430848312827960240440302199212279490416488421/3078756944300248019947268415941246321814880646181901530200854206540,629633770564964013393018084508222995131834497283468639323605834667/1026252314766749339982422805313748773938293548727300510066951402180
4974124356/49983471595,-1147738381/99966943190
37/304,0
-497504591810387601254250388127/439300526437649519359816391920,202807217191464784945972238/5491256580470618991997704899
-1334094852341448560366255411263366826894751600971987/1209612542194653367128243630436910887547088601216118,4418831028619342416953956710623088043204340434131417/12096125421946533671282436304369108875470886012161180
-10787347898679090950181956305887784/33303596989855443036593951664388615,-6030758570014725526994459389130279/33303596989855443036593951664388615
-7245866002203042034179231983596992873029634801256115346587/34577017234472316873620779898069779616641463059610662519380,-964703431421483430592390507468225931226529584759407249/4939573890638902410517254271152825659520209008515808931340
-83223868616024012550645508028080341991/260656878658056313735416519297026751660,-24099318575106777603077052892084951339/108607032774190130723090216373761146525
-8866462525783255477/29153877132661278576,-58119719598068456483/262384894193951507184
-84533907865909630619373555217787905865531/75928121414829175504812373430697026666262,-61318130308268597748945446844588633945559/253093738049430585016041244768990088887540
0,8882985435459310764425123325841096588264820658575/24515145184821558046926996420871223241674897146712
65689185669184789543943587067185110302435410035896711221207449/900613776941717005640291126332452070927614664404967333985925380,947550764425897675207294564221804303571987740667709118752970721/1801227553883434011280582252664904141855229328809934667971850760
11725447/102372724,18379065/179152267
456007/7720504,112755/1930126
