19
0,0
0,1
1,1
1,0
1,68727026113/98398927150
21473980921/31364614600,1
1,5104000000000000066115/10208000000000000131756
0,5104000000000000068667/10208000000000000131756
343720296992032004730410560928349/1268205520313600016637882676756600,158525690039200002144876669778523/317051380078400004159470669189150
0,418650447437/2318853899150
0,1237546262078506227526557144222811403615076776513816447/1510200906440980198094697235169500000008403377277863095
12594037197046153895605572757671/18081718649936906609428332049600,1
1681815270910433520297/2435669885112577802150,220188492826030564219/221424535010234345650
0,10465945/31144264
5615218656421697691/49260773835460479275,31024437865008230761/98521547670920958550
872146125233302081299884357409/3826833329800682876020726983925,0
0,2244529514409600059944916706218133733139682044096/3380556212164266754246813624824000567016660005077
7314051400910443442538534531216299027660444526271862217989796/64164167760259762699592642457050378250859566623884192936649075,43958869702140705758403451474508568982928003584416399261676523/64164167760259762699592642457050378250859566623884192936649075
378668637226095169734673471714724782533759537503135593729063602840687924/1661535515621748480550236318179828976705059677030097611618037240597661655,1
10
3 13 9 14
4 14 13 7 8
4 0 9 14 15
5 15 3 6 8 14
3 16 10 17
4 8 17 16 7
4 18 1 10 17
6 17 18 5 4 6 8
3 5 11 12
4 12 4 2 11
-22885121056955260023976/128474741316449283164825,19415784448403591479571/128474741316449283164825
-29808803889623350628293194345776884422419994611819604049148768523/167343592334120906772789245270351443168932407478019168454407778225,50579702816102346790269632974930086404747038234778402823490217371/334687184668241813545578490540702886337864814956038336908815556450
365629001871009745855604977222097500407717/952563137707548679434856444643408755735625,906981330383822108007662363576721665257869/952563137707548679434856444643408755735625
-78108427771735744785870591038184118351/128904973083826671099395641939936846625,-37379929304868168943516335371662872293/128904973083826671099395641939936846625
6769277390965496548504193266323/19448887248326750939700517873075,48683082299864537900221174174077/38897774496653501879401035746150
21473980921/31364614600,1
-119459662609072759035009446453094996311198838583324909469/683919940353275818901577103199346261808717359375425760875,-1485410356779590498398070048491266068340358709955853563743/2735679761413103275606308412797385047234869437501703043500
-150582280361712146194521380982541902/2560546049278610393049304983224195395,1874367549969931653580582681465475731/10242184197114441572197219932896781580
49418176332541262425539997510354511379899225007/254490488613817630104782458089823099285448272600,5458094126587411743111677594061041135327994499/63622622153454407526195614522455774821362068150
0,418650447437/2318853899150
-1206114522145040304599010658297576641/7551004532204900990473486175847500000042016886389315475,2726546443624739713933654687021536666185839634530399649/15102009064409801980946972351695000000084033772778630950
12389342227075354565890948876743/18081718649936906609428332049600,203041571070708952438743029167/205474075567464847834412864200
1681815270910433520297/2435669885112577802150,220188492826030564219/221424535010234345650
0,10465945/31144264
5615218656421697691/49260773835460479275,31024437865008230761/98521547670920958550
-823774709466254677794968310119/3826833329800682876020726983925,1438822774244224744939756435063/3826833329800682876020726983925
-1385628520818666686860220700591/16902781060821333771234068124120002835083300025385,493924651197681172238760149609043561432026177443/1469807048767072501846440706445217637833330436990
5615218656421697691/49260773835460479275,31024437865008230761/98521547670920958550
-1788333615146571610449038188992451952914710851531508580874609079335080989/8307677578108742402751181590899144883525298385150488058090186202988308275,271612372090187238010964274157660945880788275980360038124686030629973847/722406745922499339369667964426012598567417250882651135486103148085939850
