18
0,0
0,1
1,1
1,0
0,5/17
116959/219549,0
1,95/806
16725137/137190434,31116155/137190434
99685698146299/324360080541842,0
1,234336803/423712930
78028845843/115184529560,1818622665/11518452956
75190922878983/100078882514860,0
0,29921782854830388886135992509839/74129626812627979199563308959626
16892540650442424448169024838208515745316/19239067385747610421165048362782836085235,15531366375305277415592177468075100441773/38478134771495220842330096725565672170470
46047333615816594933427179037282095737699827468558/49259882290291948370372266323894364629894742908685,2481857908201126768674875448849226565290070531185/19703952916116779348148906529557745851957897163474
16628360252288278680782572290743646241770138703969199/19021741303315517638745037979721795602328795264271055,0
346924679065669931598645445935093940384372/6223038692271871046759352321771326629444343,0
0,693849358131339863197290891870187880768744/7835800167573708986004373400010532727499029
10
5 12 4 7 10 13
5 13 12 1 2 9
3 10 13 14
4 14 6 9 13
4 5 7 10 11
4 11 15 14 10
4 14 6 3 15
5 8 16 17 4 7
3 17 0 16
3 7 8 5
271359726999210734116519400053865586448394495498298941155486101008540314787/1090246492170639398014161422068652604950523091333856798088654375566066928793,388633775085439403580372873958379593370763884294406563858351365062901397677/1090246492170639398014161422068652604950523091333856798088654375566066928793
782390422365101753367036646528330326/5495201571379493010763047490964946884404452234623142926576364677,-1059020378185359096897493461566394721330842327113480255102234647/5495201571379493010763047490964946884404452234623142926576364677
5495201571379493010763047491747337306769553987990179572948085401/5495201571379493010763047490964946884404452234623142926576364677,-1059020378185359096897493460254448586000952351239608813134773699/5495201571379493010763047490964946884404452234623142926576364677
1063816612586467245361933624751935922903500982026511866233515943246635026479412652881/1564818291409083297671483797514719915487163748939251531112508080832146694121818928325,454204928016160137801479921368278103808085493825991633256831454683842961394687366382/1564818291409083297671483797514719915487163748939251531112508080832146694121818928325
0,5/17
6947799827/12068535347,12539810465/36205606041
5818489945506037284180499629732006067137808564555041920108161968636385225999901/10143392988041175107403225670951297357121738868545640419969916638621916563341075,6925216854361940697115483874436698520203897406420580307113156947519987322155019/20286785976082350214806451341902594714243477737091280839939833277243833126682150
16725137/137190434,31116155/137190434
66921650858387/162180040270921,61868344334965/324360080541842
1164193979374904562752466194104481916004122062038693291952139494395973267/1164193979374904562752466194062953085842690880688609667614223173020086805,118387872660307169510656876971151635564082272443060465941132348700373291/465677591749961825100986477625181234337076352275443867045689269208034722
78028845843/115184529560,1818622665/11518452956
78828168208983/100078882514860,1465809867990/5003944125743
0,29921782854830388886135992509839/74129626812627979199563308959626
16892540650442424448169024838208515745316/19239067385747610421165048362782836085235,15531366375305277415592177468075100441773/38478134771495220842330096725565672170470
380775127137639187160581624022926804673376493034378/640378469773795328814839462210626740188631657812905,516966463784111445619453997130224961887004032617309/1280756939547590657629678924421253480377263315625810
181601801704272575359791374444804562298399612206736759/247282636943101729303685493736383342830274338435523715,99813498118419048520471871883913012763342617617337026/247282636943101729303685493736383342830274338435523715
22538554549161618299211728800866150138325561/80899502999534323607871580183027246182776459,32654384837715206867789530392568823167637515/80899502999534323607871580183027246182776459
17720826734527870436831072435467704637336515/101865402178458216818056854200136925457487377,41117088746554535150507780028974174941173413/101865402178458216818056854200136925457487377
