28
0,0
0,1
1,1
1,0
1,8780/13949
1783/10563,0
1820841/9958870,105877/9958870
61/302,0
0,3435933395/4384463354
1,7177/217557
2772792559/4582831046,1513930751/4582831046
13391925033631/38852862056579,1
79391994341167/95185436965175,9018416734093/57111262179105
318729713/569089775,0
436803131710786311288354/464946991434534752784655,38763157569239580327559/66420998776362107540665
7302051950024628102832/14570585484012180787375,26120273999286171643172/43711756452036542362125
2414957373004826747/18608153200221204020,2186032133093084667/9304076600110602010
0,177834592842904349493/643451205058717003375
1878476658742713033/2822531434120944835,514626758811464882/8467594302362834505
418962173/601270701,0
2230449649379078433659386834169/4213644903659057083862706090300,383475775639044775353475713201/1404548301219685694620902030100
1,87447622854882774538/270566741301041477481
92186813233264865137172154986/104659254274033881885506817395,108869319639995941411721444551/313977762822101645656520452185
1522668799204253810183346070325936496329/2179607222636168753136260917036886019405,8453022070709801878118316927079763990384/21069536485482964613650522198023231520915
0,665519540518194767/833326059317865369
156389231005963096171074521/432061214965239415559320475,598388269960308201627531866/1296183644895718246677961425
6128676422163198905645451520/8416828147150472197261401411,1
2228766513599036642796861530683335682/3204159501102468317244247239118256015,5684482880017810397888513195538490787/9612478503307404951732741717354768045
19
5 3 9 12 18 19
3 19 13 18
4 20 10 12 18
5 18 20 6 7 13
4 21 9 12 22
4 22 21 4 14
4 12 22 23 10
3 23 14 22
3 7 5 6
5 24 1 11 15 25
4 16 25 24 8
4 20 10 15 25
4 25 20 6 16
4 26 11 15 27
5 27 26 2 4 14
4 15 27 23 10
3 23 14 27
3 16 8 17
5 5 0 17 16 6
86382988264875147467357712428/153963329954247961722441715745,-9339752449632972103542066563/30792665990849592344488343149
166177116/153075785,-66369883/153075785
11554536044320984218862824364278318143/10466920792370198982807459552382417455,-2082708241398508973766034460459300591/10466920792370198982807459552382417455
1,0
4583475601557672145407138872943226/4768980218940961354899511157044935,681778520911064971838743592100953/4768980218940961354899511157044935
7013959766700096904455784/17707075118671025375591485,-3603049619626920593227148/10624245071202615225354891
4797737767231099816291/12621150828235301929070,-4186751001815655384451/12621150828235301929070
61/302,0
19233543483/21922316770,-4109622067/10961158385
1,7177/217557
206799049506497133181705605/238125879334432476578442446,-150873145028311450983418901/1190629396672162382892212230
45808718849716/38852862056579,-3955228158376/38852862056579
79391994341167/95185436965175,9018416734093/57111262179105
4073350372929336354846991469/5247160888060381140593926125,583670181443234037800783542/5247160888060381140593926125
761000716537325677312531282582721252324171/857387279002380879869761290745213990290345,138837396520594905472559736395231468056978/857387279002380879869761290745213990290345
79391994341167/95185436965175,9018416734093/57111262179105
116813098651/303904258930,-61541897051/607808517860
323274269573403871207/643451205058717003375,-4276461776960220793/128690241011743400675
1878476658742713033/2822531434120944835,514626758811464882/8467594302362834505
418962173/601270701,0
3290402048884603595347844412499/4213644903659057083862706090300,-229607554092613267540486128491/1404548301219685694620902030100
68966143849705854/95640417568413389,-12782432902824111131/270566741301041477481
1878476658742713033/2822531434120944835,514626758811464882/8467594302362834505
1640227753026421933351850091706623784694/2179607222636168753136260917036886019405,-2282868214733293980610101128047276279569/21069536485482964613650522198023231520915
8541675259585034/9578460451929487,-315817300629944267/833326059317865369
1878476658742713033/2822531434120944835,514626758811464882/8467594302362834505
35900041460567935819787696383/42084140735752360986307007055,-4260980104361121293455496512/14028046911917453662102335685
1878476658742713033/2822531434120944835,514626758811464882/8467594302362834505
