11
0,0
0,1
1,1
1,0
0,652512290090911103647103868084407/19895752561052796375928191357340323
652512290090911103647103868084407/1447777080747401577672021396411144,0
2614511260888/6412085111295,0
36371642814831261075972316158502784448829219793/88805659503960266954338262971088233951474873974,132911619786432787142678052513271759851513731/44402829751980133477169131485544116975737436987
0,250968492593431651106939439953719039846595702584908624446942164114325555755392914/258486894434744690423954135201837771093312088063551282288552933496115569242186901
1,50614260076793666469245909573341540608492866422608659015097050563391097/60984655046702320625694009658095635899300167563258379216705534422905822
84158606161099000726995499692982229941231444912931555096970259422131537/134772866237892667196241409266323770549724311335540214112067309985522634,0
5
3 6 5 7
4 7 6 0 4
7 5 7 8 1 2 9 10
3 10 3 9
3 8 4 7
14901749981558277564915520/25006707339156846919585621,-27137462429786472667552672/75020122017470540758756863
-18573281482409356792557871561454925198256434701529442070840913551936/132645676148725458044049948381802889855788419225494027043111843044355,-40864496151301344249049315725732560578466726608326699458945841896519/44215225382908486014683316127267629951929473075164675681037281014785
22535004469858224497234762858963736436583528226235242335008440913319/26529135229745091608809989676360577971157683845098805408622368608871,-9453104321909764677191148451074037413455445890589294114765756724171/8843045076581697202936663225453525990385894615032935136207456202957
6619754835112399096046727964975390133038548909095087502667281426202543885651/19672938994802503616136600177144489815589511127381244244511873144491700977734,-1760099771748816830276625079880608023819997012727932457384576753661900781407/6557646331600834538712200059048163271863170375793748081503957714830566992578
1699220906129830919875928235377284178383522790738407445260/2718728205390861181434070856672424201807864470207059203801,-2826943322691955052401126136465366670215803093311543285959/8156184616172583544302212570017272605423593410621177611403
652512290090911103647103868084407/1447777080747401577672021396411144,0
2614511260888/6412085111295,0
36371642814831261075972316158502784448829219793/88805659503960266954338262971088233951474873974,132911619786432787142678052513271759851513731/44402829751980133477169131485544116975737436987
-35105353904295738050411322506709773755052868181695826364552390147541421180382128/258486894434744690423954135201837771093312088063551282288552933496115569242186901,-13615233991871730415760956712923155619170748439604122044689523054761039295510736/15205111437337922966114949129519868887841887533150075428738407852712680543658053
4237695411200596966894302613408291670574739885866835300239092478196181881/4848280076212834489742673767818603053994363321279041147728089986621012849,-2911326300956208739172967572888848424628651459869686125289262740744316913/3232186717475222993161782511879068702662908880852694098485393324414008566
13341995530438613620614000052343525099822958909780506731458876395775577711/21428885731824934084202384073345479517406165502350894043818702287698098806,-89835204641779558411974168843968880528967587405888140696157584039964654/3571480955304155680700397345557579919567694250391815673969783714616349801
