17
0,0
0,1
1,1
1,0
1,338877125498219/650617442999190
0,33159595816343/325308721499595
1,2336965238207993901331533946177157/13305931597400812708773728282476461
4730228566675981604493529313636772359971170874/31654602477867286699422992255798449343472228713,5208235667661500895759235322749199291175989384/31654602477867286699422992255798449343472228713
38886294306627763364828289302351538769738730126151558912649231/39147077211232545085183279989169502861812120603612274904972053,1
48277261744569871/336369891308419827,57718054349581279/356156355503032758
124/1231,0
0,7458638567620819744139244575624/30557737169639881122090516927011
284155243769807981800026661415110345120832618/648157486066865529049051692030447647402604991,109087770297180794178941218069623757589021188/648157486066865529049051692030447647402604991
9962377336/24413383009,0
1431417342254435267969434499080738515767568876665785035191816182568350198204420316528560088/3440637767612050524064076036999651410694868707303770200145101808463690204559910181209877881,16156216040484299184110546964981499203464211188239525076954106093370328942566999863416076161/58490842049404858909089292628994073981812768024164093402466730743882733477518473080567923977
0,731704728119517336520072800505746162288/1199319073770757228570583726715160000787
395957869284637557546888927004533796910296909271534804536866320012377418/1115976666967156603079389647063196169375134845801705423630676489012623091,6978805280129502522144866031976619097969658767826686440119810554626233796/18971603338441662252349624000074334879377292378628992201721500313214592547
10
5 12 7 9 10 13
4 13 12 6 3
4 10 0 5 9
3 7 14 12
4 12 6 4 14
5 11 15 16 7 9
4 16 8 1 15
3 9 11 5
3 7 14 16
5 16 8 2 4 14
88228232/468476005,-23297616/468476005
454179887296468036387270669350525557544109922756/72048173706347519337408292121935643393640721591345,-1753516048365935279984192273448888458104329867129/4238127865079265843376958360113861376096513034785
-198984334754737849811840805609546805429558554948184041755886701012053690822224549879689779818653037487929251153277419/490697854320487175564312038062142631907149883786981381320700771349355960464056015069919259336829110754564556224726725,240589984874419575839726689182126751921366942785076803314248173686822499940714378795604068943178956893928980311424317/490697854320487175564312038062142631907149883786981381320700771349355960464056015069919259336829110754564556224726725
-360885518773260139171/2461497972108186341285,508691467415983672548/2461497972108186341285
-2336568208165670007932977714088387562532738769041446144230790533530722131146640110367783248710420459799/10907277615217089081726782976005480426522113277093638784445216334417962569178415079429625409688656695750,92708366370156110286072760647261735046323561702268534356700911154694320666591932540253561255548270097/1817879602536181513621130496000913404420352212848939797407536055736327094863069179904937568281442782625
237717236830262044804/996074053854822710575,5930389633037330492459/152399330239787874717975
-2793580985319202408108621180118110270271927030890249043/32752523644012341010709628316842611771046947294724992385,4053025673947697531436477775165429268402546139014175873/10917507881337447003569876105614203923682315764908330795
4730228566675981604493529313636772359971170874/31654602477867286699422992255798449343472228713,5208235667661500895759235322749199291175989384/31654602477867286699422992255798449343472228713
-38486870720040058994451193359865443407663995296761335646129442726036233989854170503/96360451169411504403061861099733700984282734051132820826067178952861063469245108105,47501967607047781795497353453719522181750267147391659211656032447333128660479397439/96360451169411504403061861099733700984282734051132820826067178952861063469245108105
48277261744569871/336369891308419827,57718054349581279/356156355503032758
124/1231,0
182122501228865068559161759948/1797513951155287124828853936883,4002564998391970792318865632/1797513951155287124828853936883
284155243769807981800026661415110345120832618/648157486066865529049051692030447647402604991,109087770297180794178941218069623757589021188/648157486066865529049051692030447647402604991
9962377336/24413383009,0
24499256556983810490644370373904295109800143704234460723253102456141650426081514264037611121/58490842049404858909089292628994073981812768024164093402466730743882733477518473080567923977,3500320016960509860954909539270639852443920305299174650564599194749133854582576548036528786/58490842049404858909089292628994073981812768024164093402466730743882733477518473080567923977
25552580287822722328445788699194270316/70548180810044542857093160395009411811,-17954584716863344345250022807169572216/70548180810044542857093160395009411811
284155243769807981800026661415110345120832618/648157486066865529049051692030447647402604991,109087770297180794178941218069623757589021188/648157486066865529049051692030447647402604991
