21
0,0
0,1
1,1
1,0
1,68727026113/98398927150
21473980921/31364614600,1
28202/80815,1
0,43959/58060
26841752494032116402/28541512593989788125,14373532341875362849/19027675062659858750
8749706/269891019,0
1,1577307306269852742034875309/1891540360317986964609604000
0,436679642941269493/1057704502986833960
18865342588503280124177913/47818790448794211581193185,115237501422353141640964187/382550323590353692649545480
16471961635975102231818563883252289/38984015924409142687174919092090186,0
246181579342/9928330862465,1537675089736/1985666172493
16479803913913375372942717/49952504508704182162123670,3192109337847973786691241/9990500901740836432424734
0,651079294178776669989563991133851860189433/3856996022233584518424120331835858036563885
5596200333530581598731346/8735868016838664309858379,0
3564958100885256801448303081094185010626531/8896055631397272738247423492664466693083750,2085051444516310394721930450453029147095733/8896055631397272738247423492664466693083750
29233873889346576801592295909640448641860424393092050239409/123664621823742535272308119253084991616916772953363191991691,0
0,132983094550365146/164432039897263115
12
4 14 7 11 15
6 12 15 14 6 5 8
3 16 11 15
5 15 16 0 9 12
3 17 13 18
6 18 17 3 4 8 12
3 13 18 19
4 19 9 12 18
3 7 20 14
4 14 6 1 20
4 5 2 10 8
3 8 4 10
-5762312779979699727987415474596807938491706753858/148812452825877896814809534460196391337770322265625,88312724047359800472039997729785796411930625457781/148812452825877896814809534460196391337770322265625
412437754110266155123471/9860083477478706413496425,5403883431857642661630258/9860083477478706413496425
129521138624807335213/185360003053298055625,126966338482462606534/185360003053298055625
-91549411182265983128640780559422/438669045643182721589993756949125,294604021968651280976625167180321/438669045643182721589993756949125
7844446388036312748216097901/8761946358902548504592009375,14445368384403001957410907161/17523892717805097009184018750
21473980921/31364614600,1
-8728449473966652677/28437453551598355685,22296596936231292292/39812434972237697959
0,43959/58060
26841752494032116402/28541512593989788125,14373532341875362849/19027675062659858750
-2819219361809546418310422808969238392084653156739595686/84199464429906949980976518965153079660950954851630859375,425469098941793379541705374138965825559825341425088406793/757795179869162549828788670686377716948558593664677734375
5111378819279261515826818163/5911063625993709264405012500,32742499846817852232668203547/47288509007949674115240100000
0,436679642941269493/1057704502986833960
303711508760940781083815217948234596284727/942291646448644768064240576173200323137640,59553225842379965911299744800037455991811/235572911612161192016060144043300080784410
20156674808089833608430506272388339/194920079622045713435874595460450930,37385489418341524413756703831277896/97460039811022856717937297730225465
246181579342/9928330862465,1537675089736/1985666172493
16479803913913375372942717/49952504508704182162123670,3192109337847973786691241/9990500901740836432424734
493169972954248292153311410822945739747751/3856996022233584518424120331835858036563885,478831114997479888525274319731959817443273/771399204446716903684824066367171607312777
1250042125100808683561666/8735868016838664309858379,5224278678713287278021760/8735868016838664309858379
16479803913913375372942717/49952504508704182162123670,3192109337847973786691241/9990500901740836432424734
35131225068079572112377856930048992544577954487073234158186/206107703039570892120513532088474986028194621588938653319485,68910933611624547461570041446504868277856143017006802156084/123664621823742535272308119253084991616916772953363191991691
7958065733809492/164432039897263115,24309690510617586/32886407979452623
