21
0,0
0,1
1,1
1,0
0,107/201
107/148,0
1,761115655/901412574
1474526462/1895417219,1
80386082406593228551478355588032198/246953674144634720661938680551552857,0
112856675179596445650335429983771/594089025747308431190708824981421,233157899643690189956000998186139/594089025747308431190708824981421
69291797369/79429201602,1
72292549640533381261/79891595981741881246,145566785712504057805/159783191963483762492
0,64770492578460051595212818399/70940857545495508165542072112
1,1805/1849
12074762948707/13662673155622,6618104824630/6831336577811
1771924228746450681595285447316630/2074964223017285933642842022773907,1964416974543152040744929179223119/2074964223017285933642842022773907
25132708873501044625860660903245/29799678529127854162492996334678,13576173510554475738546438005108/14899839264563927081246498167339
1,2128263295126187197255/5669170404096836404379
422744395570998401/5002801111217271904,0
4824135660527713059448639275711826428492368060651/19890793209032921051671780571180762050638767072695,4779027376290777532495104978496657985612708111047/19890793209032921051671780571180762050638767072695
33916322786943884728441840477494086012444732655385433832666993739076429963491/64497051065343041862256229885673621006318552426033006612288118310647545035135,9361038266288609649015045806457476208130670032778544777513002914706346687377/64497051065343041862256229885673621006318552426033006612288118310647545035135
12
4 6 13 14 11
4 14 10 2 13
3 11 15 14
4 14 10 7 15
4 16 11 6 17
6 3 17 16 12 4 5
3 11 15 16
5 16 12 1 7 15
5 18 0 4 9 19
3 19 18 8
3 9 19 20
4 20 5 8 19
31672/62305,43014/62305
161072481053996635874010428976387332332335553/205935604072068475974694705561252430275800845,26121510878805184318730610021980884032519081/205935604072068475974694705561252430275800845
3443109/3432725,3270013/3432725
795892096326705323143183/440418944261877965449325,406139596085813026437406/440418944261877965449325
0,107/201
1894972031920416749220476933682616232807115547363991011311776945808961361583064776744861874/3004733801468533163781547855645804145342384001483962554894772035466086512569641525249487245,10168322574446771895769774437464920021798474620910799613561810894964982529618408909505251973/12018935205874132655126191422583216581369536005935850219579088141864346050278566100997948980
1,761115655/901412574
2223598704203034268972624345248688813/2326503509557986866469574026100152035,2059338974690054418591105023738465671/2326503509557986866469574026100152035
670073501756173955164034030408246770950180333774902562295728686/2281002252145185503184583443530370643437606436381517761709037305,1448742933024087449922294815295682071681471952036361794699766868/2281002252145185503184583443530370643437606436381517761709037305
112856675179596445650335429983771/594089025747308431190708824981421,233157899643690189956000998186139/594089025747308431190708824981421
79655594795338759/90886202023075150,127655461778716007/136329303034612725
72292549640533381261/79891595981741881246,145566785712504057805/159783191963483762492
5519232160169515186852230337492583/7914414794580484718695713308446619,18520336779113556890500336755422073/126630636713287755499131412935145904
1,1805/1849
12074762948707/13662673155622,6618104824630/6831336577811
146971221667222292576760675663497/159612632539791225664834001751839,155007633992082221860807312430311/159612632539791225664834001751839
12074762948707/13662673155622,6618104824630/6831336577811
8168242183678584721529/5669170404096836404379,5693749621084605738955/5669170404096836404379
2668617604997194337/5002801111217271904,381267326938061979/625350138902158988
112027297945315424457723740251146298055876891/319248747436528706390687433932762411534206999,123693686943265489033745615759581782720831499/319248747436528706390687433932762411534206999
34866628235906680810344424193040790966513184869366778560532992186118841970273/64497051065343041862256229885673621006318552426033006612288118310647545035135,39885874368787154097386659378144263768211610309212730012931820843503360316259/64497051065343041862256229885673621006318552426033006612288118310647545035135
