9
0,0
0,1
1,1
1,0
1,88453253257908164/355957340801351895
0,29203141839898256/39550815644594655
1,5/8
693292561973264504068243299/2995740068730941639998283315,374467508457347620256848644/599148013746188327999656663
23501039480001268726915237457142371533071669/32810943637069059994457172644617901966420165,0
4
3 4 6 7
5 7 5 1 2 6
4 7 4 3 8
4 8 7 5 0
416210185309050346153174523482019093584574367471446418/713405520137573420551440478420412031686984117469765625,42133669053180033349925116043375164323105832376100576/713405520137573420551440478420412031686984117469765625
64424509010/295147900781306331161,73786975023527892249/295147900781306331161
295147900845730840121/295147900781306331161,73786975195326582809/295147900781306331161
37592070683496128228077384308280909/31422455444331100061658593385078125,12594233925965402455545356382948312/31422455444331100061658593385078125
1,88453253257908164/355957340801351895
154065013771836556459609622/2334668042338112288035566239808108891,1990809749184572460252519128681566128/3891113403896853813392610399680181485
1,5/8
693292561973264504068243299/2995740068730941639998283315,374467508457347620256848644/599148013746188327999656663
436109074265583222557667205167175420258240017/426542267281897779927943244380032725563462145,53317783410794083952072800906965203039032152/85308453456379555985588648876006545112692429
