10
0,0
0,1
1,1
1,0
1,153427019/190079848
82342192/235769211,0
83372514798733858580141697064420/93354172687091954828759099688603,1
1,158383644774050227132353139385313/168365302662408323380970542009496
1,5890605248527928916146061169589375509323419729295648536599629398437668820422370254755445461740733/6820095935190215088021815547940706869047802167160820079615987611799515169729309056278256203024261
10521790050605835142323170063880910275056800454723126454461267815427520570237148692959137950799008/51756026790301337555345598251006538840320738559792666210658673604491202313193740476247256182984139,0
4
3 3 4 5
3 6 2 7
4 4 8 9 5
6 9 0 1 6 7 8
510959992586214309339005802947245329372407066942813305976957923043201258487156591000573965940513032816067274141642400304172482204850148137187481426936/226981505221669659232156969445439843323303789318015900099562766237567127200600885207452749025438574059938131685127539075856009812308901285219789453125,374098925327267088322395996727463927012577705628774997836493180952571978308093354669755890505442921877214762799269714610241911593479343448747868032352/226981505221669659232156969445439843323303789318015900099562766237567127200600885207452749025438574059938131685127539075856009812308901285219789453125
58366383470989994483004334440117777559055606118922903701552142456567068536511670677764969576355482692944154582406876203968308417435305216119371746489/45396301044333931846431393889087968664660757863603180019912553247513425440120177041490549805087714811987626337025507815171201962461780257043957890625,86657842943561984833709740693684528084066202530801852543097805255481820057354339742541916743017967944485235301067254863826366238932033020855579312248/45396301044333931846431393889087968664660757863603180019912553247513425440120177041490549805087714811987626337025507815171201962461780257043957890625
109000686619761463/91717469471265625,77783541141085641/91717469471265625
1,0
21458367795785461633460364533570731/18253071121270127324463247286338627,621587648506425250296413892848561997/646680234010713082352412189573139928
57853138091571551100844725246876408952/28074281177718753300329967676980975735,4682715497976976698316394556400727104/3119364575302083700036663075220108415
680899429399439052098496344800063346757734181009227865412344653246570494737594280091502290386222525052420986665017484978392396969146841/646739419588902860061491722552984456676122694907570240110221512249197766963814132704543639941313225582549798149276243695335463095880065,2030906041492214556467893802767597291985874827191115925129130071896304119034195422869025017798246640413107576863506883707553339737306796/1940218258766708580184475167658953370028368084722710720330664536747593300891442398113630919823939676747649394447828731086006389287640195
3786738571540389380105963873277386615747485271640418772905574470739348660035117476707534969613888527633603329641925113095371616726349561/3499205498433554904919496051109103542466666245917028991830010710699070881247224812701673674100025537487572329359490218978045856226209240,405933204931732025610411004090750081429052334890790370482341197707317238051446521417429284823402938845141560287682308695334733308667734/437400687304194363114937006388637942808333280739628623978751338837383860155903101587709209262503192185946541169936277372255732028276155
7887496052162319629220636152757638780482861202076866431526260852378060039905494606299321825773853/6820095935190215088021815547940706869047802167160820079615987611799515169729309056278256203024261,6192498779959407000285209064128311480113705894818049466018635168238916951299476159678793748333949/6820095935190215088021815547940706869047802167160820079615987611799515169729309056278256203024261
113764648982498445895660004217755323321048472573559351228936737588689178923718801740539778438862472/51756026790301337555345598251006538840320738559792666210658673604491202313193740476247256182984139,75143806906325468624288257761324645234299417516806350653739056735139650802661280732214621645459776/51756026790301337555345598251006538840320738559792666210658673604491202313193740476247256182984139
