14
0,0
0,1
1,1
1,0
3837277/13239952,1
0,4891855/16403686
185033874038188177192353804404548435045357/305762323007251404237664407558112527248611,1
1,127214980862457196203753217062222660755947/167457797185478271885523418113410691490365
0,41277593089185671205810/45916554156038267963969
90497510167957032965693408633/355082479439482976440198664710,325022075811998666598376923943/355082479439482976440198664710
1,1004972323474296418304414979100269768/14060487674358208316026726280397309223
2652811943561410146558139240420969720917022364692479121/10777941368705809652911069267121213975327313036481860820,1
30072160500467111769258036790529705011409063015217179971221667/110422720652732773686564763836774439810839304370798081701417558,105746587859955115870501588543043696034933834099370266362358847/110422720652732773686564763836774439810839304370798081701417558
609650790867536361131063759977499027761776583613554632155748403390901/1353355806304259826455955419596167674761035079151717978241080481445484,1
7
3 8 5 9
5 9 8 1 11 12
3 12 4 11
5 0 5 9 10 3
6 10 7 6 13 12 9
3 12 4 13
3 7 2 6
-97151888086440/461686968761833,40122226688765/461686968761833
13683704457575066130008845437536412594827741/1058515440199386779133443414346616201425091381,845510333145496460023245747014836886606318310/1058515440199386779133443414346616201425091381
-115972758544593343898232806852581789537038641099976524878336143157669/374571567010294897388685994617021442235281528878177579572248839182981,412770868513903290068956230325586266349627264218937972155582502050238/374571567010294897388685994617021442235281528878177579572248839182981
-424298399654975/461686968761833,365898249583373/461686968761833
7305545964787273436539520996468298562026066426101161117471039089128129/31395173620471680763342155276138665150237834263021363087755574159505137,435286617922889598178548943740932233063440163604855065234613121112413947/502322777927546892213474484418218642403805348208341809404089186552082192
0,4891855/16403686
20298299009816457584025132330248832717541/305762323007251404237664407558112527248611,33981415161654260670607408239888246231812/27796574818841036748878582505282957022601
-4933160151440974884233029303280768554631/12881369014267559375809493701031591653105,44571520982539199362467794764336219955726/33491559437095654377104683622682138298073
0,41277593089185671205810/45916554156038267963969
90497510167957032965693408633/355082479439482976440198664710,325022075811998666598376923943/355082479439482976440198664710
-12212704523715380121651994826156603057/14060487674358208316026726280397309223,11855394214098697212328248044192019323/14060487674358208316026726280397309223
138516761841205757094436194489795318966123823650296740/538897068435290482645553463356060698766365651824093041,8948534592173863502486986310682365255671511629749325871/10777941368705809652911069267121213975327313036481860820
30654100815909921210875645858537662176147916031450603040373337/110422720652732773686564763836774439810839304370798081701417558,96687910834725281322433476632314461079491137536154474545560077/110422720652732773686564763836774439810839304370798081701417558
68336797287590042490258269384561470798230648370815117276839410162009/338338951576064956613988854899041918690258769787929494560270120361371,959345552063493701118941109796967722371216058287916284972046909793899/1353355806304259826455955419596167674761035079151717978241080481445484
