9
0,0
0,1
1,1
1,0
273814810714061696205925629/280555715924799461070149347,1
0,1500494076683416851970292323/5060086615966218902647325500
6268793133947583177100421065027601381196073122917361693631/8388204736312514949895009929994507519398061768973259898833,538910601965049983932502946483509562723805966711294865377/645246518177885765376539225384192886107543212997943069141
934599476707862436869885007509/2397306295748391592528679505374,0
0,78182794739864051954096163026579156340584216936988909039425521833353167150249484536233/101109045160153346368742669398822043578111443533007066384970535489149158853595932513663
4
4 6 5 0 7
5 7 6 4 2 3
3 5 8 6
4 6 4 1 8
0,0
1025224540902230177893268376848906869919114790961885996582248244288353416368827568603456612344948324383311803895150/4070202074741231266464446901694574004420786156002066656977547440228623111743199858575123675015159642260555961403429,1025432313850929183448765339449947971040051091388110682806001428883594256840141276979372953080427026616351855208697/4070202074741231266464446901694574004420786156002066656977547440228623111743199858575123675015159642260555961403429
362039642556683434953003287354090486863547391214374858662617/523071836457020069852247332259794886001269452236657307002745,591996357081165738923820196353661223074825123477276432607529/523071836457020069852247332259794886001269452236657307002745
-3279671666133336512509412525473437030698271993418720107959/104614367291404013970449466451958977200253890447331461400549,46180485611179476298344377467036879774949904366832985002674/104614367291404013970449466451958977200253890447331461400549
104006391058381019550127685473000979435751984874612721330859150366590139099922201924261/146750793557298884923172652686080753974005401464960820327284045640974301069466088957515,163536947093656957610833035461820965900466900871225115182313972864978862029368853425747/146750793557298884923172652686080753974005401464960820327284045640974301069466088957515
0,1500494076683416851970292323/5060086615966218902647325500
6268793133947583177100421065027601381196073122917361693631/8388204736312514949895009929994507519398061768973259898833,538910601965049983932502946483509562723805966711294865377/645246518177885765376539225384192886107543212997943069141
934599476707862436869885007509/2397306295748391592528679505374,0
3517491491358262965216715455919047272297606897564156058256043203027799181324057417914/7777618858473334336057128415294003352162418733308235875766964268396089142584302501051,14741522269165863616394287957037082353299175892593170130472888365851071489904416755233/101109045160153346368742669398822043578111443533007066384970535489149158853595932513663
