15
0,0
0,1
1,1
1,0
1,1704661450916/2467769458489
1810233692011/3514895142927,0
0,203219/271296
2977820403877477041/4851737248273329332,682376644502203195/4851737248273329332
4124685749460020934010401664989/4532471655260811721780727988448,0
0,29798467380490197855441/31748140037298943239973
3899345313617490769064/61120019493651024194547,1
0,17274983/32200924
1392904339791/5266891649996,2564476401791/5266891649996
1,7958814091829309313891301586306471920252127/9050972477644548070987580714488576802076348
1047689305137444498121533005412810839965443/2139847690952683255217812133594915721789664,1
7
5 11 0 5 7 12
3 12 11 6
3 9 1 10
3 13 2 14
7 7 6 9 10 14 13 4
3 5 7 8
4 8 3 4 7
0,0
-41193596931/164168296370,61306503169/82084148185
-224369618991691589138870023968757469/189255405287508930253370679603310250,60486991269859903517723157399702329/94627702643754465126685339801655125
448091692725809162359408201884938651/1513990725806580539668839026460333250,303817820404094674216612553619123116/756995362903290269834419513230166625
1597565082504044790467/23831147519650386140290,-2983477702306492981748/11915573759825193070145
1810233692011/3514895142927,0
-8651211558944803366179459133936159130240011/26225553424669246051612225750209106735638000,222096113290339018313449378002874087503748253/944119923288092857858040127007527842482968000
2977820403877477041/4851737248273329332,682376644502203195/4851737248273329332
215775424506550345769310076653/566558956907601465222590998556,1683948242488742837492595672355/4532471655260811721780727988448
-48502343709088331098155128518641417039/191678346377738852793259391402523332290,78298462015317710999384922880127806143/191678346377738852793259391402523332290
-15101085827769114172925506686207942703/52715728288579628664964515434206335330,60332088751550261787208948615844709659/123003366006685800218250536013148115770
0,17274983/32200924
1392904339791/5266891649996,2564476401791/5266891649996
-8984545289483534345214249914347723985336767/7542477064703790059156317262073814001730290,34382162688112119125029599651234689850774707/45254862388222740354937903572442884010381740
-1032795452645827745164858245544993207136223/1528462636394773753727008666853511229849760,1773735092161743561627515222404122736799269/2674809613690854069022265166993644652237080
