28
0,0
0,1
1,1
1,0
1,223284799/492388458
199779800/423064599,0
54442301967988396193/104523789238381718889,1
27020359348632412454246808076/28209145441553438499917171463,3923555317632712896594595626/9403048480517812833305723821
1,534788185292423929757324125698885613/1428619892555058760858204828898886751
159930039/782979025,0
12267455233262978762006466031/17011806472243214157439079490,87283036221809129353464126479/119082645305702499102073556430
1,427255926377951317427875885345393816048301787962/515654154078378720016905881832747013003995605943
1,150211986242394809723852/8027721654269728100502403
3857322793874825420785377/4007534780117220230509229,0
1016/2087,1
5203856565968/7863991195785,5101774598953/7863991195785
64372867578533531753687906498630784703924/80829968338217378484878075662690960095495,51130638942414379664166312338653532669558/80829968338217378484878075662690960095495
10186448161953934840297399811535248413024823/18005023049490589479629608928513319821735979,1
6104457541365155945286778909294301400650464693526569/7457308440664397116775711076470640961138621828126125,5715117033188743136001115802843407332135013678804058/7457308440664397116775711076470640961138621828126125
0,147/620
36063827619/88255383980,25578463959/88255383980
1057842289956446331/2242851239326084412,0
5908/88609,0
2122313453596/5682685703385,9545400746051/39778799923695
55203440695010614/131749832187774345,40121969584295711/131749832187774345
0,156519167/322580480
3677562618371645051983/12525994633865014576640,0
5021123096673488269734209524822102/8366517229715066379560710127921475,919595663176120855519615839546581/8366517229715066379560710127921475
17
5 19 0 22 23 20
3 23 9 22
4 24 20 19 25
5 14 1 25 24 15
4 10 15 14 6
4 21 26 23 20
3 23 9 26
5 24 20 21 5 27
5 16 7 27 24 15
3 15 16 10
4 17 2 11 18
4 18 17 6 10
5 4 11 18 16 7
3 16 10 18
3 12 3 13
5 13 12 8 7 5
3 8 4 7
0,0
-39289410904018/101049770655125,49286775755427/202099541310250
1099954080711460722919898765784935129527/2844856354109890265759748141578446997775,512113906969888470895947835631922291613/948285451369963421919916047192815665925
77500753531729121/140476682832882855,73295238582966628/140476682832882855
425506002135224746074548831995874673263616587969/466924811143890276835550861966725734423053893650,90338733376329197118613940122631237245792765579/233462405571945138417775430983362867211526946825
295860844588195857905507/2588871082379459296451309,9801632976723923195540771/38833066235691889446769635
1412989358519430255769497267/3030136044228705403830588139,8843485181361954683339380265/9090408132686116211491764417
27020359348632412454246808076/28209145441553438499917171463,3923555317632712896594595626/9403048480517812833305723821
3950570803199569200787889171693035711/4285859677665176282574614486696660253,1994594256667424276208950913379715003/4285859677665176282574614486696660253
1616652108521891057/16196489437875820625,2162758719437251376/16196489437875820625
5786692319304021138330214493554314857/10356588248823555838390058990548661790,6753613248168680912671501207622075341/10356588248823555838390058990548661790
203025206111595413296524786938772239294208695228/368324395770270514297789915594819295002854004245,1268566360634314217087418167344708374469181781127/2578270770391893600084529409163735065019978029715
68660696900559634162043867/120415824814045921507536045,62488963376450589251085856/120415824814045921507536045
32824950488901700298331481/60113021701758303457638435,29137137948305390321543108/60113021701758303457638435
1016/2087,1
5203856565968/7863991195785,5101774598953/7863991195785
48600824899948026113694518707566379249279/80829968338217378484878075662690960095495,62252461737724067001939094984897341585779/80829968338217378484878075662690960095495
3050558195455178615005237236135433398022913/6001674349830196493209869642837773273911993,5743012993575707070631373078304242501355597/6001674349830196493209869642837773273911993
5203856565968/7863991195785,5101774598953/7863991195785
0,147/620
36063827619/88255383980,25578463959/88255383980
64186564772956983/560712809831521103,2824506717002263251/11214256196630422060
5908/88609,0
2122313453596/5682685703385,9545400746051/39778799923695
55650572959108736/131749832187774345,73313389075070531/263499664375548690
2539537/40322560,-932127/322580480
272849113062023516991/1565749329233126822080,1054052681463422678639/12525994633865014576640
1781842439644330338673307415929696/8366517229715066379560710127921475,1914728708094199823618713745186681/16733034459430132759121420255842950
