9
0,0
0,1
1,1
1,0
427290810010461/1455546622257980,1
372180172840471/1455546622257980,0
1,14326149419342176298516696632233773/16489354056840362383233353992346773
7015952924334506559759941008415887429998797998313/24090442659389418241102465864202947240151763774500,5652545189767875487211015625899378472673420223044/6022610664847354560275616466050736810037940943625
0,327560705096229835968457251549739794236769365586541194075329342/351448348757248825734272362404714023218136263190172264632311935
4
4 6 2 4 7
4 5 7 6 3
4 8 1 4 7
4 7 8 0 5
4037372829900718588147762839304598436591589471755335792082976395646391704872594844635122773059778/5824604613770218750946061834445342578047810983020941333933239165505586676249018435202049480369725,10689910127298805848958902021864033545767464684993781713528331250093184488194848661124616695577111/5824604613770218750946061834445342578047810983020941333933239165505586676249018435202049480369725
62194169523260277637924072878/106082657594794850127491514025,103727830715139085410757987486/106082657594794850127491514025
1,1
321020844801716021434789691363049851860706304804820818031298779325329/274531424166357526870908616252562928852371837927669530367027339196745,472457900093462233336817760250066032741411070861422592496042836329058/274531424166357526870908616252562928852371837927669530367027339196745
427290810010461/1455546622257980,1
175546871505620005812519581429026198315066854906467896102219679553780855931443225103/399593287149014481087662181239269274754332349768885752006633249193556091111366275100,186413637912744787421106999374072223065757192117524731888837716092594455485307274024/99898321787253620271915545309817318688583087442221438001658312298389022777841568775
1,14326149419342176298516696632233773/16489354056840362383233353992346773
7015952924334506559759941008415887429998797998313/24090442659389418241102465864202947240151763774500,5652545189767875487211015625899378472673420223044/6022610664847354560275616466050736810037940943625
1021204658093608815651523926800588810121814252969593875629078774/1757241743786244128671361812023570116090681315950861323161559675,533046053959892083440873029711239180754344163606006989221741341/585747247928748042890453937341190038696893771983620441053853225
