11
0,0
0,1
1,1
1,0
189745651857/458341037158,1
0,32046184969/221791836826
189954464/625732717,1
41857088478328190965/175136568669064872162,55902148101667703924/87568284334532436081
34496678334627803631403673558941/61694343584236288438979056860634,1
795494847972355942804303118769889114361346789922487835616134818131774433/800576434663355953150602421742380718801994065681339984559790897643634688,1
1565258594494564308451349879610777214928974148154472831117479673318087951/2401729303990067859451807265227142156405982197044019953679372692930904064,0
5
4 6 1 5 7
3 7 6 4
6 0 5 7 8 9 10
4 10 3 2 9
3 8 4 7
-253242787166354656519/2235070045049328848890,122544521164487273593/2235070045049328848890
0,1
750962492356578734550301160403364150531023089980817565727980527056308640371804205019105341365805026195286666702524461529/12424812545006057696286334293549518286051915054906525200167965584705940700562163148252792765098653571410937698582733993265,36107510182927075166429993892056485712945795406755035501082383598773608129207814429460738104380908978082825569780873817019/24849625090012115392572668587099036572103830109813050400335931169411881401124326296505585530197307142821875397165467986530
-2231825131499527527094895861756360001495560791596735877928029330072644191873432682500092835065837307280568249927698670424/12424812545006057696286334293549518286051915054906525200167965584705940700562163148252792765098653571410937698582733993265,11984579617217547173963248824645205249057027394685119786388605718552426802614621898778377371559372124845998084696300196027/24849625090012115392572668587099036572103830109813050400335931169411881401124326296505585530197307142821875397165467986530
148133029893181620379457562757/740728287535171185328661783246,384517390425741025909404750149/370364143767585592664330891623
0,32046184969/221791836826
189954464/625732717,1
41857088478328190965/175136568669064872162,55902148101667703924/87568284334532436081
19982788610870059289044419069135/61694343584236288438979056860634,34358817052252854726037297937158/30847171792118144219489528430317
1697433472605589691584693725888871537347837720926520362399753527250583/31272516979037341919945407099311746828202893190677343146866831939204480,831778468912891484748673202571993129662932454478587377383275399757138381/571840310473825680821858872673129084858567189772385703256993498316881920
-16190408417513874091133555774848111838899431966638610051349145087996717/31272516979037341919945407099311746828202893190677343146866831939204480,970803523201726728050022182465510512777039032601600146928368858265171043/1715520931421477042465576618019387254575701569317157109770980494950645760
