14
0,0
0,1
1,1
1,0
48769/174950,1
0,187191/235960
1,12337643378444072/19741210822926875
1096976784530917/13434620162974989,0
539/1450,1
81/1450,0
123493753229392135899957351/749714245534947645705702310,25838228885215685098859448/74971424553494764570570231
828203061308298421778927374523779432884/1618974874178832781623743678184094338203,2368298423700915714899943164630339736163/8094874370894163908118718390920471691015
0,110205692471710266453905680497/258189293855043115990814128340
61581797115683369763590868415842302409989313819312236586/138672883925173445414342124654113314589063863121284442515,0
7
4 10 9 7 11
5 11 10 8 2 6
4 9 0 12 10
5 10 8 4 5 12
3 7 11 13
4 13 3 6 11
3 5 1 4
58725/578066,-18549/578066
170642731/862846241,3163477881/4314231205
38407999034198370932129668428157586071509602641/49833619692944309546214019639585719868982551625,-26267686831288012859590970013753583744358381587/49833619692944309546214019639585719868982551625
3662299289847179132635767501340180615503051826070012148817750290825839722037213/14207675198418398457303433041348658203978181999172348278897790507118187028943625,-3084462055093384789599154839573436568728091033485972121149512205215612378214666/14207675198418398457303433041348658203978181999172348278897790507118187028943625
48769/174950,1
0,187191/235960
173312657212984494719942549125313378502128172032857319810274043/196755198485594811381987174109551454425531956874437377657484375,-33175130482398528883905661727542700492788975831608473122058326/196755198485594811381987174109551454425531956874437377657484375
1096976784530917/13434620162974989,0
2458943253057333131709484192278115197497833941727/14451749710953849768402065695479858762004939971250,-2475668586558999680289025456580697115772490423157/7225874855476924884201032847739929381002469985625
81/1450,0
123493753229392135899957351/749714245534947645705702310,25838228885215685098859448/74971424553494764570570231
828203061308298421778927374523779432884/1618974874178832781623743678184094338203,2368298423700915714899943164630339736163/8094874370894163908118718390920471691015
17906594218261859705493815895/51637858771008623198162825668,40962811491089733666407723559/129094646927521557995407064170
29764607360689163930507716051690874227484343191884409379/138672883925173445414342124654113314589063863121284442515,9350615694777035040752082180406655049958877299788416125/27734576785034689082868424930822662917812772624256888503
