25
0,0
0,1
1,1
1,0
0,10159705009/22555439032
314950855279/1147922745266,0
607/1937,1
770/1937,0
20321744186833680543959001/466771956953771565036684169,0
0,20321744186833680543959001/743591090958915455002283333
1,9/35
2958211/8479927,4904841/8479927
1356023050480487319229/25786049976399801011198,853514935070648194269/2344186361490891001018
0,2618354158314831779980767945433243/7757594594784614448815560838205819
819741/1251542,1
1236761373/3724247036,2896094713/3724247036
0,207256106593/222374453306
7218894303379909/10746351970513805,1
78172094548595043236/188277265027396302167,102737525878194984980/188277265027396302167
130477857873366620129065488685/412360246689090239510113058678,397434228526922338851455236805/412360246689090239510113058678
11747901652018412897591471/21095562973939152131020535,1
316093968739741431669731695/872957136156862782638040254,367502928784694414030801855/872957136156862782638040254
0,7855696611128627621044/8817932294408948474853
102765075716994942880641250/355706400221043984398745923,190318515402979846811280654/355706400221043984398745923
0,153874565005172139326217240965228/160629432366839027438988546719871
15
4 10 2 17 18
5 18 11 15 14 17
3 19 6 20
4 14 20 19 15
5 7 21 18 10 3
3 18 11 21
4 12 4 22 23
5 23 11 15 16 22
4 19 6 1 24
4 16 24 19 15
5 23 12 5 7 21
3 21 23 11
3 8 0 9
3 4 13 12
5 12 5 8 9 13
180769625207872174179607/451658323414543631912705,110109749621986967673884/451658323414543631912705
30039234020070845/43392508444456418,41258504784361075/43392508444456418
1,1
62467580/51880637,21458115/51880637
30433477939641101/42613291744547608,776979131184665/1521903276590986
100704101626066134316240693/112515345866610240272022898,44040597096774345455885186/56257672933305120136011449
23719499168515/44488788445114,30290116867279/44488788445114
6473871328/7730214913,89611445070/100492793869
16084720580263389081618060872275884/24216426460498248346590103055535653,18903772143308355410299195833571994/24216426460498248346590103055535653
23954419067514966780102239273713083/38577979466473474634663295770523121,29044249953800453866492931491662013/38577979466473474634663295770523121
1,9/35
2775226614491238260504165164877090979497/5812079934604659914115284204735890525919,2939526295737784786489500236235764605843/5812079934604659914115284204735890525919
17450918413184060292839/25786049976399801011198,10743061778869893376349/25786049976399801011198
1613366427354383129719187661256739/2585864864928204816271853612735273,3434235476473421167394236315149067/7757594594784614448815560838205819
5506193749976769900380549916935108427/8092431431057981938518947227413238279,845480609784761251041320234704330162021/857797731692146085483008406105803257574
1676409350225249710511582153648632788473721/2552571675374856236018524895530970662126492,1516976915544721490665255989414914476267149/2552571675374856236018524895530970662126492
51733289205917363723845257202325278259216808/76206911806462690046827009105559554452432341,146293017074141619980640541134839037926587605/152413823612925380093654018211119108904864682
7218894303379909/10746351970513805,1
78172094548595043236/188277265027396302167,102737525878194984980/188277265027396302167
103177999707607057335562277359/206180123344545119755056529339,143625611903209823024287680775/206180123344545119755056529339
26158566395002828315540553/42191125947878304262041070,60353567231501801641811/66442718028154809861482
420620627272811715110919669/872957136156862782638040254,579362486295144167577562925/872957136156862782638040254
5648518496338927825174/8817932294408948474853,2777007890321699696690/2939310764802982824951
78172094548595043236/188277265027396302167,102737525878194984980/188277265027396302167
210758370737925299259825795098891/321258864733678054877977093439742,104106358876286191158055054775985/107086288244559351625992364479914
