13
0,0
0,1
1,1
1,0
189745651857/458341037158,1
0,32046184969/221791836826
0,53442438796949397113508726245177/155711295212076540582548624850480
3431571848553861764542207283151164402526541/13239186395619338583752976906511374508941490,4502184671900747873277865341990183655356844/6619593197809669291876488453255687254470745
8901164868056023466564419468511425368679348001928845/100345391697002898891218395963828292601476612538135249,0
8764769025874026108592884183717492988847201134962044385344979095313382777611121827299/432368272134511592124723167028193659327624436606273090387545184075129789169484759705435,1128184431272683451168744586938257435011202034264276720452963424958164764932313177316623/6053155809883162289746124338394711230586742112487823265425632577051817048372786635876090
0,1802830086862629885984958273602870405984852319569971289592850240996870583071/8648337714966755562113739702957700742139653959016692005165980832139324629340
275654154967253910986954535494009969/515888372908709889551627728809154280,0
21320205590505484806869337123906953401657654722234866303322453200981/159887501282145545681487447158241592140980843702992677021829961791000,508433756361306987472730796334691535207791452826723534665856563843/2855133951466884744312275842111457002517515066124869232532677889125
7
4 4 1 6 7
4 7 9 10 6
3 10 5 9
6 7 4 2 3 11 12
3 12 8 11
3 12 7 9
5 0 5 9 12 8
-48371520837967135512658478353902292498700118187995762103950034835693998628585152192874880726433811947480371/640551960522100481400726506042097787082501332846027578845740849078396232245677784655018939459518398135327550,44979906700840090754423482133148300361247629196728793120664893778432508429834540428388285393721778207983437/91507422931728640200103786577442541011785904692289654120820121296913747463668254950716991351359771162189650
0,1
3262887569074052610531/64817031306430536617810,94603163240878532065123/64817031306430536617810
-47565262692929316779723/64817031306430536617810,54381941375773500324451/64817031306430536617810
189745651857/458341037158,1
-17237603402904849281352036383306657294314220474632079291541508647775644746744268027687510180908109/113506506542134999848698148489164781198575641355541603593456548191541293788492641540606491857572625,83739546620600136458531614273455438778881321532697753553655127344425244143634561977876931269373661/227013013084269999697396296978329562397151282711083207186913096383082587576985283081212983715145250
0,53442438796949397113508726245177/155711295212076540582548624850480
3431571848553861764542207283151164402526541/13239186395619338583752976906511374508941490,4502184671900747873277865341990183655356844/6619593197809669291876488453255687254470745
-64789600578912265028113427138762935587719778708158011230004477127089810417/314998616282447728544800740386075923781369186688622502699500326729340778892810,11116722110199137983557966473217532814210501992745592540705431704553412316909/24999890181146645122603233363974279665188030689573214499960343391217522134350
-338955872703257998707797230722211945819714602690225988206011320918932245101929405372532/2161841360672557960623615835140968296638122183031365451937725920375648945847423798527175,9763683064961264104331823557074182595832303715842999660954207683841299705737708454875419/30265779049415811448730621691973556152933710562439116327128162885259085241863933179380450
-28736054131571766062783763108166539050025357580047887926566387973621409813/220620860075682539849840298544839304646419743852466632784846449799472567075,13347207416447119247136334942336222468224766377609632586351022734057793890619/43241688574833777810568698514788503710698269795083460025829904160696623146700
-286881624674576981238039462445879651/644860466135887361939534661011442850,174605236628706891700253622722088329/368491694934792778251162663435110200
-69568764684546625831663854964545181907432267/1233375688916217076261734843093267260672310550,190219940319617010463323047240535968227931097/704786107952124043578134196053295577527034600
