17
0,0
0,1
1,1
1,0
0,5/17
116959/219549,0
1,15016111450067685257875315/28979673656163395825240416
35677648358134972777593410215039/80399351404567915467439744042684,3949186118882996421592758760075/80399351404567915467439744042684
42305881644962671517348721361463317701/96831875912254778221576657156133498656,0
1,62725082979/116303377223
138683592693572710/323057880702505197,6149869660042685/107685960234168399
64805543193765066123420796662532511132118191583748739662681414877/141423383627401531197666398489462121643142339432432581890579352987,5815877466938714031555934418613888322642142655464057291917350100/141423383627401531197666398489462121643142339432432581890579352987
1,25367393591964073206415387125559535894205814264761200057920/51037675509413241886558667236608263210775016529128285152813
163820039670815466301580/388884644154731878626873,0
77120466146911567649490453927393492105687614442943623875126624645753693/170416806985117414247274727365519570385866649594920744635243711245212883,0
1264234923491194720317/58784776831490787462836,1
0,92016467301769413227413/100866111766207776269632
9
3 15 1 16
6 10 4 16 15 2 9
4 7 10 9 6
4 5 11 12 3
4 12 6 7 11
4 13 0 4 10
4 7 10 13 8
3 14 5 11
4 11 14 8 7
641955787275/2579196452417,1162749652885/2579196452417
0,1
-18983716952265856332239476439626663556168867913/22437602734014218252200632043159348386942799666,16295440599834093688940292815890397784304422465/11218801367007109126100316021579674193471399833
1352078060352311166049382004805588932283550748103/2763387297013438540191797250280767430445202673250,836850018091423130397759041975253822039456205252/1381693648506719270095898625140383715222601336625
0,5/17
1078866148974442391789048222264620685310520792541842953/2629028643245348144929131876174866237209526474073911750,52020965878490789122771283367474669628873671080425996/358503905897092928853972528569299941437662701010078875
14950433762941262659246405901968696328213301347/15269036098020642841062119452053670382433639080,4996038589401836898160732421046670532062306913/9203254634423401164475798025895362970233974240
789963444395147134708129191780483581470259154220238407/1863903196096860479863063911568702381235682445940399980,135526884268807555205322691816144416865524081128171501/1863903196096860479863063911568702381235682445940399980
259098243173834155489023338027457121943766455056505449152447/561214860082353694524520517166695706634804716336489658463080,235166509673218455226557957357502637851306340720414597857759/2244859440329414778098082068666782826539218865345958633852320
1,62725082979/116303377223
138683592693572710/323057880702505197,6149869660042685/107685960234168399
25415388543126671603460239740887660537962912282498488346440683298613/57983587287234627791043223380679469873688359167297358575137534724670,1877055072183199994469515718374372555531318127203292489323338055712/28991793643617313895521611690339734936844179583648679287568767362335
1862699680900405863076758793711189575946433334453065154183917/1902313359896311743044459415182671628765250616085690628423030,1819566104391935786084369517704257581137490455866494209109196/3487574493143238195581508927834897986069626129490432818775555
184073005680706138037555/388884644154731878626873,719282605568932394915/7625189101073174090723
32841612237804461709483051605993424789857216197622223842959040782025576517/69870890863898139841382638219863023858205326333917505300449921610537282030,3197958226122094452716953114301474896360218901622258823946401961615212408/34935445431949069920691319109931511929102663166958752650224960805268641015
1264234923491194720317/58784776831490787462836,1
0,92016467301769413227413/100866111766207776269632
