22
0,0
0,1
1,1
1,0
1,26129/70245
0,155255/224784
16601889373951/20257039472400,1
34377656159577517/39566068369816052,9167760405182129459/22156998287096989120
1604829631468582171975793/3088212566317039594717200,0
1,400/813
14775130817582163/17043128868342160,7445185983063647/17043128868342160
1147521240159872442094792613843/1861348173677209262231049850189,110384723741444325505358794091197/223361780841265111467725982022680
1,5069997626704/31014549928607
2893074088175323219624701571/3387958026392463633908698480,1341845790077344188747756881/3387958026392463633908698480
1,217878977/466961304
14176756831445/16245874716211,53619447319937/129966997729688
103068948850597218624083053/119186724056840923475145760,12970130993217227951623279/28043935072197864347093120
1,31393245173929/60692833312352
5455829284821663062506606281058789951673/14261744241515180893754103909596406409999,973382174582206310166070154802220817696267/1711409308981821707250492469151568769199880
1,10901928272650216145/52921182246978956568
19838631167909912693224657777172994501/23692810253747546196954022293665229280,35671191861440658724604024919209578289/94771241014990184787816089174660917120
1,2567667243724798178600363/21039372522715318233464352
14
5 14 9 10 7 15
3 15 14 4
4 10 16 17 9
4 17 2 6 16
3 7 11 10
4 10 16 18 11
5 18 5 1 6 16
5 7 15 19 12 13
3 19 4 15
4 13 20 21 12
4 21 3 8 20
3 13 7 11
4 18 11 13 20
5 8 20 18 5 0
8692375545837170660724872483078871536941024040197393/7269472999780620334357614196117117492997604547142279,372346094589582593019494464275782307979463663184297029/290778919991224813374304567844684699719904181885691160
164381924778313052197404908727509228452747064/100528447199523308230848659530936838186564357,4439575867512103089133772836712179354643193327/4021137887980932329233946381237473527462574280
1572307877436042775108/1556882143400440826957,5958817528293577936847/6227528573601763307828
22400897627816644283159762638081/18205202310482960354265920490163,46297896314014126569892790831361/72820809241931841417063681960652
87727931936267529301/94131973867573500495,17180938317193551241/32273819611739485884
606845089994567608171261248467623099913701851317/358685499607899163767668017206382638649661625776,45193378189757691375931102552936607673063080970593/56492966188244118293407712710005265587321706059720
384712303363796907105055789417099/463791515187315396929830102610100,222839107613684828647537659923239/233613503946203311046136644277680
34377656159577517/39566068369816052,9167760405182129459/22156998287096989120
11018625305869192354138970863266288642461741/13208744504186397295368572401396339825691100,7456375323712656628674405756244113879579929/8218774358160424983784889494202167002652240
1,400/813
14775130817582163/17043128868342160,7445185983063647/17043128868342160
16443212466492288992652613576435/14890785389417674097848398801512,23909527973214814976709888928981/44672356168253022293545196404536
34756386827583/31014549928607,16810355481424/31014549928607
14775130817582163/17043128868342160,7445185983063647/17043128868342160
1,217878977/466961304
14176756831445/16245874716211,53619447319937/129966997729688
24778148987172423697356391/28043935072197864347093120,24861760003921953256381741/59593362028420461737572880
61776727906273/60692833312352,7194597417475/15173208328088
152672329127007986808226485981222471599781/114093953932121447150032831276771251279992,208799469571232030900000231655775823047511/342281861796364341450098493830313753839976
2416815199325050893/2205049260290789857,26848371516395606225/52921182246978956568
24778148987172423697356391/28043935072197864347093120,24861760003921953256381741/59593362028420461737572880
8145718060976006977199473/7013124174238439411154784,2814517144256563447786481/5259843130678829558366088
