12
0,0
0,1
1,1
1,0
1,7813840537381869321320/11001868109874757314769
1093553191319371946079/8907393728701241267399,0
0,19/325
24971253547748717200107358669836733854/138908880432827268928316566615130580575,6410232975416850350297618856887964609/138908880432827268928316566615130580575
27512293032215409006396059170159058795885823013994494917994/158841568159779333143243707150565604664225972759469908034075,0
0,1903577113727615143156501755993456593120770531631050613236/14799951452326340007568205220927545604715913761452977174125
37127438484270525946410438785473423472895653958344375967046374780604321423688359/154242307731905496901840243039749411446125148518606645097303664030111831952778285,14728093742135133890584524599888869730101344480546787149727696539723515823729854/154242307731905496901840243039749411446125148518606645097303664030111831952778285
20525769919311390271580324590615469712258804171621138603571001639253147260133904287069433425443218853/87814167297027530047053802023043359770514865960645519870040719836862390036880845727992136765805018475,0
6
4 6 0 5 7
5 9 1 2 4 10
4 10 9 6 7
3 5 7 8
4 11 3 4 10
4 7 10 11 8
0,0
-213341836515077093754980419632/1661631053857991994028881129245,-7263667920902099119338475480451/8308155269289959970144405646225
1432767329765766993315443265613/1661631053857991994028881129245,-8396610680173341855782407447451/8308155269289959970144405646225
32203288635180976396865700076578300562697849381323579333390012230491836053/166481112445423328530251577985542430646488948373251110915322783628147447845,-645338411168387381105774426018685716088108191653693711715566514001882401506/832405562227116642651257889927712153232444741866255554576613918140737239225
16485487745142980896516196225315360898804891851574997/18281045701817827452693266415339476686156852636319405,-66139196226049829521937230196751209483868044243903794/91405228509089137263466332076697383430784263181597025
1093553191319371946079/8907393728701241267399,0
190662064202228497655014158620944647348/5254321850169349067450372828479407869968178317465104478085,-2116063036677314287640277226098563185911451007565201037379/26271609250846745337251864142397039349840891587325522390425
2018569279108537871033309735759169586263872186207969525233968502969171801237613445369492716754/11228799471396397934888530141991845264400804951072023980984717443303225706223474400268590987675,-766153517940452480600924247572556047178653798429957665808847608553408297643595993050593908729/11228799471396397934888530141991845264400804951072023980984717443303225706223474400268590987675
342226409758649322780360281746491552272903577745171331045609129890939434205129925643701396262319507717103975720607/2568014530144900039240578626714255592562571621474666172433691553165033986262839528548309413044754433751465850063835,-916994740069792594699534309281160416108400494644533156039989060040457671941425539830140500449944763711409912412029/12840072650724500196202893133571277962812858107373330862168457765825169931314197642741547065223772168757329250319175
-28318926403504001916404541875661490657485298050766312824/2959990290465268001513641044185509120943182752290595434825,-163421662015376490772530980407522480594101074274699384446/14799951452326340007568205220927545604715913761452977174125
36001856839259486400780007743370734179601305857359808361535699009104686032607103/154242307731905496901840243039749411446125148518606645097303664030111831952778285,-8515748975201214764908354471926084374137047995011638010650235495092428699973488/771211538659527484509201215198747057230625742593033225486518320150559159763891425
41104010075879805257568645693964634254890303668549780201067679671638274038822173485372038795991401103/298568168809893602159982926878347423219750544266194767558138447445332126125394875475173265003737062815,-867579417209415080113625532869223889250211958727309926002383577840101071095380857275918820690748452/78570570739445684778942875494301953478881722175314412515299591432982138454051283019782438158878174425
