14
0,0
0,1
1,1
1,0
0,5/17
116959/219549,0
1,95/806
16725137/137190434,31116155/137190434
99685698146299/324360080541842,0
1,234336803/423712930
78028845843/115184529560,1818622665/11518452956
75190922878983/100078882514860,0
1,2718684978838/3197746605137
0,2554082215014/3197746605137
7
6 9 12 13 4 7 10
4 13 1 2 12
3 10 9 6
4 5 7 10 11
4 11 3 6 10
4 8 0 4 7
3 7 8 5
641955787275/2579196452417,1162749652885/2579196452417
211897875178670334620704/10252677420523708117891745,6136126183796906510168043/10252677420523708117891745
10410387155985379406306497/10252677420523708117891745,7188842042225633302495819/10252677420523708117891745
193590098337268282909/284760853825468988225,147227686877951897622/284760853825468988225
0,5/17
6947799827/12068535347,12539810465/36205606041
178942444242981691/311950961709421775,290686394290019231/623901923418843550
16725137/137190434,31116155/137190434
66921650858387/162180040270921,61868344334965/324360080541842
1,234336803/423712930
78028845843/115184529560,1818622665/11518452956
78828168208983/100078882514860,1465809867990/5003944125743
1,2718684978838/3197746605137
0,2554082215014/3197746605137
