15
0,0
0,1
1,1
1,0
3837277/13239952,1
0,4891855/16403686
74254964/258368189,1
0,19/48
0,1892797451508237664487/10990573737140574137508
36391105142529345892084/124563678245454422024059,1
0,83584827/148765715
433650127726468/3523051319221825,16143068430483723/24661359234552775
524162395349545806639983219741/4190766315292210776067412746530,10915505783751011593051748638531/18159987366266246696292121901630
1870057132494978650583338203924/11385828190547308815473244236575,7259526866275962630837321120488/11385828190547308815473244236575
21732585983418191352116/85130358922223064066045,0
8
3 10 7 11
4 11 10 1 6
4 5 7 11 12
4 12 4 6 11
4 0 8 13 14
5 14 3 2 9 13
4 12 5 8 13
4 13 12 4 9
-97151888086440/461686968761833,40122226688765/461686968761833
1461073862342952/3469280458523725,1529944176992741/3469280458523725
1351781333575629808547695265551/1601721578680480690874304987925,156412442054254984974196922258/1601721578680480690874304987925
-50906018994757718946560489084/1601721578680480690874304987925,-616879357042158975566441604422/1601721578680480690874304987925
47170960502194247293128005092934016487/94001761997901011751970218415819548850,537883302463321669339820675104551300643/752014095983208094015761747326556390800
-50847842663656309210856/671400432723827385143435,34524773061538031932963/103292374265204213098990
448554567846246456487208/896351709201864441784025,642905784792812955753589/896351709201864441784025
0,19/48
-81427279077006660644/915881144761714511459,2296335928932804485005/10990573737140574137508
217029576721049534290750118223556395973/432146334778791866046853311713572299775,310084260391037318931810772788158366459/432146334778791866046853311713572299775
0,83584827/148765715
433650127726468/3523051319221825,16143068430483723/24661359234552775
21878477236814180804517193384499/272399810493993700444381828524450,4346982365599185698188655839563/6984610525487017960112354577550
433650127726468/3523051319221825,16143068430483723/24661359234552775
-6662659262771140862084/17026071784444612813209,52990903830514925829/198439065086767049105
