12
0,0
0,1
1,1
1,0
1,114630028100994965/180241166775237616
0,2782992600346901/180241166775237616
24813334198777153931607573354791727491507271619507911118349711861/2650325970327408255921744234376794416732136880094455199993625465156,75092985075246650056180814100027596355877269332309392146949547305/3533767960436544341228992312502392555642849173459273599991500620208
30/5396563761318393964062660689603780554533710504641,0
0,673223758327628782708928566916731048632230226520593420392055151729462411711533701/31064219061606927899752819323856840262577408112056627107365024986511431344355590120
935846942628426136608204987/2653605133715555776257599936,155426021246360387402428111/663401283428888944064399984
21001457741/49538597552,0
0,7505595685963755903068837449551816248764619/13252243740194038818300527298185043513778072
6
4 9 6 7 10
4 10 9 4 3
4 7 0 5 6
4 8 11 9 6
5 9 4 2 1 11
3 6 8 5
72853610777798318514845919309651037486205091812653500/7824591144067877275234949736097412227883920607620298575222012745648479718547205462740811801841070961,-32097822719493751925381390536425964341748330304979600/7824591144067877275234949736097412227883920607620298575222012745648479718547205462740811801841070961
8192025719385540490644822307004237845282504258368344/29454068904446151075541874140077235983208034996475641,-142660816654340213314416788533017660873410418702963079/235632551235569208604334993120617887865664279971805128
-17366563233055438521016065348197896454872104487556047/29454068904446151075541874140077235983208034996475641,-25548711513865890615458386862708418980100940262996679/235632551235569208604334993120617887865664279971805128
-537516997265005433/9857261564369452969,-6324300334853296791/19714523128738905938
-1543004040657161583189664798988461257/3775454191837640203400470123437324046,6265709368034335931807782317522256299/30203633534701121627203760987498592368
2008601102019047628887885181972081008419350546970540176249971264210799414580614348785254581078617255796768798703515/176289179668248195991892998177413517853555320285361304631373248350731655282055241209607502668469917982914598586558622,14696188124086122624756280285274140534598972051147422487422119094872908669515360604679050584724569942628003170925989/1410313437345985567935143985419308142828442562282890437050985986805853242256441929676860021347759343863316788692468976
24813334198777153931607573354791727491507271619507911118349711861/2650325970327408255921744234376794416732136880094455199993625465156,75092985075246650056180814100027596355877269332309392146949547305/3533767960436544341228992312502392555642849173459273599991500620208
30/5396563761318393964062660689603780554533710504641,0
21682014617344320476497446457560763830215152370471093717654138272211251977870993/3883027382700865987469102415482105032822176014007078388420628123313928918044448765,39369973910441002970482205409781386954864355581955768644408714109696276149849849/3106421906160692789975281932385684026257740811205662710736502498651143134435559012
935846942628426136608204987/2653605133715555776257599936,155426021246360387402428111/663401283428888944064399984
21001457741/49538597552,0
817747704807301016588853915062975767630431/1656530467524254852287565912273130439222259,-1518394183967696559443331400228154443154909/6626121870097019409150263649092521756889036
