14
0,0
0,1
1,1
1,0
273814810714061696205925629/280555715924799461070149347,1
0,1500494076683416851970292323/5060086615966218902647325500
28860025619113896563913660677/223001979109157982423673501936,1738595281327209569927676425361/4460039582183159648473470038720
40/289,0
0,6927328255156516544952099322740745747544883407601063543211/15877697557352263278272563101646196102129008454799193174710
0,133949327189/662380316728
19201662865895/142847334670074,32922563711861/190463112893432
1,28449547877666651/70374309034855496
3047825882969983132564183143618058017769538762709076204292207254184169/10918062656655526358534362532287918384119676318559391933882144177663728,1
0,1383830000581785207199246876237185626428922005397212964538012766159765/2399771961571779584720641257443204965685434926300238365968748517554488
7
4 9 0 7 10
4 10 9 5 6
4 7 10 11 3
5 11 2 4 6 10
3 5 8 6
3 12 1 13
5 8 13 12 4 6
0,0
-11511690653160720130904294704157140762312782553567067218890966/29261317421757114213581323233414301618853563782030971000959769,1452264533150206464563686524375736586498504127098778302236849/29261317421757114213581323233414301618853563782030971000959769
-168554549823177700916950595/166215828408199717302195226,-54958004107123584894848969/332431656816399434604390452
-543209/752089,-29880/752089
-3009059585777604018185795889097605341301064749253352877/3031132047911245985443540119246993967833940880077132430,-1069008838110060940562199478757948610076703781204253723/6062264095822491970887080238493987935667881760154264860
0,1500494076683416851970292323/5060086615966218902647325500
19714721814324377234067669102223577568094194728836/500547436691603358695052978223439360411573754004775,-712728309511973363488513387695620344818491462735197/32035035948262614956483390606300119066340720256305600
40/289,0
11359129388193806381994011886267340124227792164587517834546902268876907501029949/114044416569156119077360639328402948771517608518583566069573057869898990679789550,7707455345142526674753646258800758040149494434616889382502545221384437296839137/76029611046104079384907092885601965847678405679055710713048705246599327119859700
0,133949327189/662380316728
19201662865895/142847334670074,32922563711861/190463112893432
-6517611006960662/8796788629356937,2329396463051921/6397664457714136
-8178593675425905261717010176870335556831413091053916661470693818524893291/16562701050146433485896627961480772188709548975254597563699212717515875376,29183377338588099256587399708636674525761901281579055479777822520606281/94106255966741099351685386144777114708576982813946577066472799531340201
736737007289884158035946267174921566385054760454043949189069168696622/455056758213048703752651598442667741618100597899682700146823937641269787,734900172958191292287091650408110395418262266136278989179883191609957425/3640454065704389630021212787541341932944804783197461601174591501130158296
