15
0,0
0,1
1,1
1,0
1,223284799/492388458
199779800/423064599,0
0,214288163/472934937
22221762808232806/30471060423736173,2243309295372231/10157020141245391
17543704095055387221160055/22954904862807450652933713,0
0,14499019472381039/23604489501372930
3457664592726183309884709750/4463564232224283320389358689,3479481528366451972597693175/13390692696672849961168076067
71146749651659359937366116447974741774619778/105158880191943188369557087509919311016527271,55389505445488844171887677391103025327139877/315476640575829565108671262529757933049581813
0,556962651897090616727664937612485769/1832411312523763743779356588904857281
5208429045409692306746931333702707350/6136405679401957262397348344038203333,0
19868604681783856198934477719469969309347039886952455/29092323695770802074198731352995485316440439824877112,0
8
4 9 6 7 10
5 10 9 1 2 4
4 7 11 12 6
4 12 0 5 11
4 7 10 13 8
4 13 3 4 10
4 8 7 11 14
3 14 5 11
1147029515699494268016455829018992433697682190016186013/84723890747064949269937978030472986640796574432901882187,23694136252923774043067870518081598036919729375119114633/84723890747064949269937978030472986640796574432901882187
-602284884547818551588427199954242300500/2063499254644589581120283820335044666729,747053177955109203193300256757435916729/2063499254644589581120283820335044666729
746893899107694217725962967518225532771/2063499254644589581120283820335044666729,-814275033425383282735298377745302198271/2063499254644589581120283820335044666729
124847673869340580629959002077120409443941319016647562291/289873530320598184106305094605667289794844771755773031295,74579218683884672466787915680367092713156987594598254812/289873530320598184106305094605667289794844771755773031295
131320178308943516831165846238082271540433990353/169340536013099800315113743802853614468636035647,-37870680769355050901286274967446990457639917529/1016043216078598801890682462817121686811816213882
5639983217552428949623306201068899967271406953353413414267969929/11947892954875614396613884476777621291173653267676429064596132671,663899704817567157465557238413840258613967384282579405725768863/3982630984958538132204628158925873763724551089225476354865377557
0,214288163/472934937
22221762808232806/30471060423736173,2243309295372231/10157020141245391
11849315610177634438657841/22954904862807450652933713,2209159209530798716219596/7651634954269150217644571
0,14499019472381039/23604489501372930
3457664592726183309884709750/4463564232224283320389358689,3479481528366451972597693175/13390692696672849961168076067
74921477469103576940975784365825261411570250/105158880191943188369557087509919311016527271,90949443340616751432601365982523388354260621/315476640575829565108671262529757933049581813
52681380160886369359194081007904250/610803770841254581259785529634952427,1053249191576431903125851976486963019/1832411312523763743779356588904857281
1081900589569337378320176199498052750/2045468559800652420799116114679401111,2284342059189120727624581862393832200/6136405679401957262397348344038203333
4019804374447288199904506655072543826258569712605125/7273080923942700518549682838248871329110109956219278,10513538772103943310293639455268830898529597336171449/29092323695770802074198731352995485316440439824877112
