20
0,0
0,1
1,1
1,0
1,26129/70245
0,155255/224784
1,5/6
147554725/315041853,3070201615/5670753354
346865248857567/474545510614861,0
468170126743406794/571034555307532075,335502955937258059/456827644246025660
7135621390104897583/13164060876905278970,77919864997496313559/150446410021774616800
178841809938083656451685433/485976317375063211069739655,78023956699201870830081579483/136073368865017699099527103400
73029812695501331862076615068/113514432704620701229676498725,16400706733791150359544353413/90811546163696560983741198980
2984126988074993426370012387106353230616614952597973/6219080540170835831959710244864813131390328217346635,401320695472537274738532517951599286405895662837463867/746289664820500299835165229383777575766839386081596200
1211175626492151529091230873277973939490823345803157/2570207524151243566617848989775437274329074705042050,3349410163564963364482868944703340308628792355648531/6168498057962984559882837575461049458389779292100920
5440219087941621203387178863/38406519752834244394674783420,1
602498821645778603099160962111338489652759/1274917645053703741435706281922889990748125,6228347460806967535288633526905097345181943/10199341160429629931485650255383119925985000
240029743324434345019394007354240859716344362903882962374763129/510924682797962017660989291881608356056737608522887354702861150,660273368740214444385262974279595303494737067670689707217267517/1226219238715108842386374300515860054536170260454929651286866760
109416264661976772691210719196767722897432798637657553/253437470426709997628953182934154955644776171759681875,978251991972274716367096004707259708271491153565761689/2027499763413679981031625463473239645158209374077455000
0,3618139950131966932204131346251032842351/9710423860630149509221741899631205170440
14
4 4 6 9 10
4 10 13 14 9
3 14 7 13
5 15 2 6 9 16
5 16 15 1 5 11
3 9 16 14
4 14 7 11 16
5 10 4 3 8 12
4 12 10 13 17
3 17 7 13
5 8 12 18 19 0
4 19 5 11 18
3 17 12 18
4 18 17 7 11
36128607496072813300/34982317240022496127,3534003897379761240/34982317240022496127
5734008628073219237837029955231986830404028677/7077357672480683401771587105327365180836375830,-42640836348285309506795199300293017910858952/1179559612080113900295264517554560863472729305
200726869/175978609,130908481/175978609
14210264991/11693372159,7896983040/11693372159
1,26129/70245
26928405004646308863201888349765388744072405268211/28894129316095368528125016463703429200593062369340,86052815131660751778564508649267123342671527837763/346729551793144422337500197564441150407116748432080
1,5/6
477364580067031368884937489990302121985373874546361149022045453355974190159/864402427984682711189645854789096076521136568133624634553426507487754375550,892311872913007724507077952559322907453140906024543672228933356234573065539/2016938998630926326109173661174557511882651992311790813957995184138093542950
472554390653083/474545510614861,394361257043520/474545510614861
468170126743406794/571034555307532075,335502955937258059/456827644246025660
7135621390104897583/13164060876905278970,77919864997496313559/150446410021774616800
744095108565700524302603004667701942868570902297986810131432547626/1162902583210494182460870804575368546986649933741892449259565006075,310656127983475352615577073438240740707179206880451994857685984827/620214711045596897312464429106863225059546631329009306271768003240
468170126743406794/571034555307532075,335502955937258059/456827644246025660
50941789645681568301645318950157203518763926008818477/93286208102562537479395653672972196970854923260199525,112626534150848938781769949683408369450221708297681257/248763221606833433278388409794592525255613128693865400
4233541772789097803423720609950799329162218326161633/7710622572453730699853546969326311822987224115126150,4555750755500556534133823486159293233585405566186229/10280830096604974266471395959101749097316298820168200
26115741431604774850591063513/38406519752834244394674783420,12557177785777864396532815/640108662547237406577913057
3832903276228459842714119515498636/7244730778919293204753688454958125,29430968039248626509289288942433543/57957846231354345638029507639665000
4233541772789097803423720609950799329162218326161633/7710622572453730699853546969326311822987224115126150,4555750755500556534133823486159293233585405566186229/10280830096604974266471395959101749097316298820168200
3832903276228459842714119515498636/7244730778919293204753688454958125,29430968039248626509289288942433543/57957846231354345638029507639665000
17819726419078064798299120497336752665/26973399612861526414504838610086681029,798003642807418503316365099887003829199/9710423860630149509221741899631205170440
