13
0,0
0,1
1,1
1,0
1,8570763381510310276677332127/16302337653333402754996750000
0,15463213752996798290249855733/32604675306666805509993500000
1,60299064000004173410335161/271387200000014042384550248
211088135999997803690333303/271387200000001977100668464,0
5278229379517358062476022856088660447413329648121781587357892906135953277195983235/6973964619504147781728376121932330821960072360898167704899928354435942428313544848,1
1,254696640913988789599479751449972803064671463602956037580237592804720737658138224951/317438844793500009211816822286188606922900943975682323929292904391820336249488004632
810189279232787606487090694633964392213976057193183323136066913589797/1876974441860685941292701303616470662401751947305676244853187385049911,1863770022277091218498322896089735525302741585461903614698098294551945/3753948883721371882585402607232941324803503894611352489706374770099822
35173068741805111356387386097085227873631/116711741312862335638874493441465326183018,0
87556474303205027597101676057855515331376213394363561149667808755879774013544414652431307301525471/361175018878701514642890150060076615551085367127480835773483592331356729780560003785276022751689186,1
6
4 10 5 0 11
5 7 11 10 4 6
3 7 6 3
4 5 1 12 10
5 10 4 9 8 12
3 9 2 8
0,0
57537475872695069541644347597074322270135139151548798214/1065881586412783370455817694698105442769684833122074207441,-51901990065462427711674737138833274109889521842454792559/1065881586412783370455817694698105442769684833122074207441
4081163091563323988039960502886642465937294077090355590800306769299632758527994236514691239922541619700649951/4906453616040416988568079611937107041266421596058336592922681489726981658919761896105600288955079570335566650,2658161128671305758564143546385374579215668823186990516717243753944929549467764256349545061685645257205372161/9812907232080833977136159223874214082532843192116673185845362979453963317839523792211200577910159140671133300
3580413636391393478485868448170437318232555066089231/4603188270240271717702434233614696590946391277530650,2045549267697847419098752309913963101538769240708741/9206376540480543435404868467229393181892782555061300
-1008844385475932713220641579596337910194171801573202307238987652976040774407871060329873031307064017419948009/20540332257471056265191299817975790337834778622626754054613132194208821984076849982132923076403510926342750000,164534468764679149504531278216196972054869462914691656162306928291357772193710593973397714223246802794468039/205403322574710562651912998179757903378347786226267540546131321942088219840768499821329230764035109263427500
0,15463213752996798290249855733/32604675306666805509993500000
1,60299064000004173410335161/271387200000014042384550248
211088135999997803690333303/271387200000001977100668464,0
5626794908328492801924328255835030506344127601850900372463689141541830327624737757/6973964619504147781728376121932330821960072360898167704899928354435942428313544848,12647732438299904683590105119536910386826964668268410746358912921807677971659053/435872788719009236358023507620770676372504522556135481556245522152246401769596553
40806825813027310623680838464868817039543987414713541897229582839996150095952667287/39679855599187501151477102785773575865362617996960290491161613048977542031186000579,4186682260783165076474781641095017206682896050291144213947639179732729051212327629/16707307620710526800621938015062558259100049682930648627857521283780017697341473928
810189279232787606487090694633964392213976057193183323136066913589797/1876974441860685941292701303616470662401751947305676244853187385049911,1863770022277091218498322896089735525302741585461903614698098294551945/3753948883721371882585402607232941324803503894611352489706374770099822
35173068741805111356387386097085227873631/116711741312862335638874493441465326183018,0
8199257303831441492137632950683264401414599341404591378618876295062574296847285395639446709221921/27782693759900116510991550004621278119314259009806218136421814794719748444658461829636617134745322,-1432831569132329169162550623752061949027196142769067022155654794333138377676512224431871674218469/60195836479783585773815025010012769258514227854580139295580598721892788296760000630879337125281531
