9
0,0
0,1
1,1
1,0
1,26129/70245
0,155255/224784
1,281465050085704063418716/300568351179296322025001
1587073688002831776444342605/28828129677274713688801952413,407512128407571860898782346796/605390723222768987464841000673
86904053991575372784790265402420067/144456841569762108160186046629727599,0
4
3 4 6 7
5 7 5 1 2 6
4 7 4 3 8
4 8 7 5 0
56641526376980169019045954964042670073944218361690582870179/87088814356590151493071394005556232128196333072711161833667,30846725054968084761256097044631389908533689872502396406799/87088814356590151493071394005556232128196333072711161833667
77528243004950865566098471514844069423829456954/438100435279287098472930632303419573232210855789,159866275958258800030913031494947193478747485963/438100435279287098472930632303419573232210855789
452499811301430973708043943216978224431040051174/438100435279287098472930632303419573232210855789,386423805873243037330465423831318753461539274224/438100435279287098472930632303419573232210855789
14210264991/11693372159,7896983040/11693372159
1,26129/70245
79751908484092206200442882582720528920121447902327/4689427059229489102054249488175803111877585000365456,15501694786771802886287520393384473900605780072557343/24619492060954817785784809812922966337357321251918644
1,281465050085704063418716/300568351179296322025001
1587073688002831776444342605/28828129677274713688801952413,407512128407571860898782346796/605390723222768987464841000673
18373041469368103208619577638229069/20636691652823158308598006661389657,130860294674239475971816987203131520/144456841569762108160186046629727599
