12
0,0
0,1
1,1
1,0
0,50613970113579/60766281971503
50613970113579/55420590596096,0
1,101800598835799/574101092991368
27136794586078519039052455967/36082324552410247446422605120,82882239341090124001309769/563786321131410116350353205
2111084263151485226712395312713311582833/2823393767843960291167860024925159383232,0
692446430809159160714419308603903375284515244482156132262160247593889191291/1647366693924906736576788044091319585516284424704963248798549796061271254700,185151933772760058216855072086818305075017784694050098968291500559040727447/411841673481226684144197011022829896379071106176240812199637449015317813675
10948620365732063964658925214209135976653045598894525364775269/29547944955848949370941899870228017763163898639189290398325012,1
0,4335644669376746792338906352310167460601566802832591179037362209193366697847141429137/9659579369584511877312899528254324666783405657894346133746640740081642375296159757540
6
4 3 6 7 5
5 7 9 10 2 6
4 10 1 4 9
3 5 8 7
5 7 9 11 0 8
3 11 4 9
5160538354221252801402512782455086875855359798094302/5105326278733090957931113205856597921869911756788485,-2345603922630412251426736859582608255447097015883425/4084261022986472766344890564685278337495929405430788
20147294435764302371331052044606802280806410299117376416646482401468101765144947195140057449633/21050578025628765655008516103599259166796380045788152812538871822125111602214820589620944586100,-3944337301834801706041074844205464976424771729116644633801623733403800029266600891649426002561/5262644506407191413752129025899814791699095011447038203134717955531277900553705147405236146525
6262849123942805248662458743/5226858948734393132563660705,-12986092944446849603666123229/20907435794937572530254642820
1,0
1210848987744087384490022366552966952783403448071102298035683200664754131731774149422474920456851103549255487/1279165359968482479107819267082076114116365777965339363901005230406188140586558307199996849482897822329908300,-186360259816072632629806976072785093730962910166276774340594215778618860844549669072506791886363305632071679/319791339992120619776954816770519028529091444491334840975251307601547035146639576799999212370724455582477075
50613970113579/55420590596096,0
1,101800598835799/574101092991368
27136794586078519039052455967/36082324552410247446422605120,82882239341090124001309769/563786321131410116350353205
3511804684203712287968469969218779174137177/3910400368463885003267486134521345745776320,10072891052460562975951025057487067025614/61100005757248203176054470851896027277755
598288313926082061973328465315055061511576118095284145849247126501967947/1189434436046864069730532883820447354163382256104666605630721874412470220,-269483400957369015572886687733731807628263814559375032697473604830124231/1189434436046864069730532883820447354163382256104666605630721874412470220
17353048366748892143126884470911224051644302399250012609844381/29547944955848949370941899870228017763163898639189290398325012,-7611328762948354625608534182246788667636000001902145120295019/9849314985282983123647299956742672587721299546396430132775004
6847466503099133028599013990440825518014667416965954152920321591360226420418224997842/12074474211980639846641124410317905833479257072367932667183300925102052969120199696925,-7751618645126841295132621200239571992255432184075798229954710961253829853904109074426/12074474211980639846641124410317905833479257072367932667183300925102052969120199696925
