13
0,0
0,1
1,1
1,0
1,11905883851741/20363223535660
356513971735/1438867049166,0
2007926905411168042807806254/11257452005715242236269886733,0
927879378849946850461945098/11257452005715242236269886733,1
1,8000000000000000121/328000000000000005289
1449208198305160023368482197670705/5191432313390928083874751841713994,63310150163304001005189556626937/2595716156695464041937375920856997
13943634749229805189772805079432601445889625315/26428574166956996934307031490338569698886608634,1
0,3515208403989883124502103995210939393734616626713/21519715121737788885921257581714852342849797143207
3515208403989883124502103995210939393734616626713/45633710792719303206112514780783342289013869520076,0
6
4 3 8 9 5
3 9 4 8
5 5 6 7 10 9
4 9 4 2 10
5 7 1 11 12 6
3 12 0 11
1015170337468538847773794145542627663189378541816320064722965108166229/3309735321994531569316373949809400528706333790979518584766252912377525,-149872419545772152093013188598510098271303359195999715934900779943752/3309735321994531569316373949809400528706333790979518584766252912377525
931537627684164247718296767633/769104913833500209737835044125,-255700287433144895381195227081/769104913833500209737835044125
25090997069319405436908148937527535645208237145089208099340788091152/17890461199970440915223642971942705560574777248537938296033799526365,-7753767545834636919159833249623200654281770543458986479416071355849/17890461199970440915223642971942705560574777248537938296033799526365
1,0
547689260215111377648009745476998430166066033620212119/547689260215111377662978641937341502408091112196385275,-1174016411190560101968895458010706050985066367885649557/2190757040860445510651914567749366009632364448785541100
356513971735/1438867049166,0
2596477824448323405527393531/11257452005715242236269886733,-757211530571815563919690070/11257452005715242236269886733
13239226902360542524061759547/11257452005715242236269886733,-4581949480446519309642977857/11257452005715242236269886733
1,8000000000000000121/328000000000000005289
1449208198305160023368482197670705/5191432313390928083874751841713994,63310150163304001005189556626937/2595716156695464041937375920856997
33984510317730313003041645313401288337542840095/26428574166956996934307031490338569698886608634,322299684962890206101494160641564112729819417/13214287083478498467153515745169284849443304317
48899988601675917842923691629280162502383428764503/107598575608688944429606287908574261714248985716035,2624355502650949862944056080656057186825307568019/107598575608688944429606287908574261714248985716035
62487766191391851821521714338601594374242062601329/228168553963596516030562573903916711445069347600380,1391271670509734853463870778734907686775383311573/57042138490899129007640643475979177861267336900095
