9
0,0
0,1
1,1
1,0
427290810010461/1455546622257980,1
372180172840471/1455546622257980,0
14984952427/20001405437,1
3932823100294422582568968007/14024566978582590065580673420,38924461490638219299474738358/59604409658976007778717862035
0,15066769601138525551966787379889312600475442/16825545076718364053504497704190279586508245
4
3 6 4 7
5 5 7 6 2 3
4 8 1 4 7
4 7 8 0 5
-81015359193700097032331344038056333818702476174271421494/274297954084366075544628310509202244178686087759803866625,293411863542564506729017380187360565315811167756217147283/274297954084366075544628310509202244178686087759803866625
62194169523260277637924072878/106082657594794850127491514025,103727830715139085410757987486/106082657594794850127491514025
425332045820261531454895429/517140049662226849909669253,641182500695629574687950741/517140049662226849909669253
-346225841567086312183769583/2585700248311134249548346265,3961346322955732649246742626/2585700248311134249548346265
427290810010461/1455546622257980,1
-1322359509008737482887745825467679169440129/3763607262600891611977906845405549199444700,771720614444563153959660318339153007373732/940901815650222902994476711351387299861175
14984952427/20001405437,1
3932823100294422582568968007/14024566978582590065580673420,38924461490638219299474738358/59604409658976007778717862035
572440737957170369891273260246606472044586/989737945689315532559088100246487034500485,14698310943350587656651050689103520738608561/16825545076718364053504497704190279586508245
