18
0,0
0,1
1,1
1,0
1,8570763381510310276677332127/16302337653333402754996750000
0,15463213752996798290249855733/32604675306666805509993500000
1,60299064000004173410335161/271387200000014042384550248
211088135999997803690333303/271387200000001977100668464,0
5278229379517358062476022856088660447413329648121781587357892906135953277195983235/6973964619504147781728376121932330821960072360898167704899928354435942428313544848,1
1,254696640913988789599479751449972803064671463602956037580237592804720737658138224951/317438844793500009211816822286188606922900943975682323929292904391820336249488004632
221064724326357147619185359869/436913157069101899692048899647,10929563437015942728110834241021/21845657853455094984602444982350
505/652,0
518921463392370266438121979187842436417024062644696835717827/729586368003743456963743705537854187724971322516637066748468,1
0,17916107/40500213
14181970115/25342397176,5073237227/12671198588
95057294376836862085919701138381129531379/153605051487149589028257344457913070955777,25914112160246840632213569648182548712978/51201683829049863009419114819304356985259
0,21584033838344034078467565027870363078976312824251220425953325881/42607652578624520414749285976250131763006898228543003026359315067
14831477041309032202971412485287950579632222686075904595888200817949/27011994505457721257739276178888097545396690533322884657915236586616,8174113275109217872328482835813857844006536462231329360136702106107/13505997252728860628869638089444048772698345266661442328957618293308
10
4 10 5 13 14
4 14 11 0 13
3 14 10 15
6 6 4 15 14 11 7
3 7 6 3
4 5 16 17 10
4 17 12 1 16
3 10 15 17
6 17 12 8 9 4 15
3 9 2 8
108903486386068/1649504366550013,1451212299261582/1649504366550013
222700888771921240039545115010433321026316912769298420145557026486918246/1758176331013141176766720917439095637490947333572925480269890588463246733,1617309514778687083144756598496496082199658179127232408871443996603639969/1758176331013141176766720917439095637490947333572925480269890588463246733
4081163091563323988039960502886642465937294077090355590800306769299632758527994236514691239922541619700649951/4906453616040416988568079611937107041266421596058336592922681489726981658919761896105600288955079570335566650,2658161128671305758564143546385374579215668823186990516717243753944929549467764256349545061685645257205372161/9812907232080833977136159223874214082532843192116673185845362979453963317839523792211200577910159140671133300
3580413636391393478485868448170437318232555066089231/4603188270240271717702434233614696590946391277530650,2045549267697847419098752309913963101538769240708741/9206376540480543435404868467229393181892782555061300
119695794594494962921091598346877029663463373147/460171785226343837951835788371701387936679093750,109957931334324527014649773316404005719868544503/147254971272430028144587452278944444139737310000
0,15463213752996798290249855733/32604675306666805509993500000
1,60299064000004173410335161/271387200000014042384550248
211088135999997803690333303/271387200000001977100668464,0
5626794908328492801924328255835030506344127601850900372463689141541830327624737757/6973964619504147781728376121932330821960072360898167704899928354435942428313544848,12647732438299904683590105119536910386826964668268410746358912921807677971659053/435872788719009236358023507620770676372504522556135481556245522152246401769596553
40806825813027310623680838464868817039543987414713541897229582839996150095952667287/39679855599187501151477102785773575865362617996960290491161613048977542031186000579,4186682260783165076474781641095017206682896050291144213947639179732729051212327629/16707307620710526800621938015062558259100049682930648627857521283780017697341473928
221064724326357147619185359869/436913157069101899692048899647,10929563437015942728110834241021/21845657853455094984602444982350
894675293591782461/1075476846990608476,205467188293029351/268869211747652119
981223085397750433740399085401376870353273541971262426401192428886926299033/1203455899797539523630471295984708427637715599069161601250374492804813130084,223264149497344394807606850340491804976597962867430446004646864411641906334/300863974949384880907617823996177106909428899767290400312593623201203282521
0,17916107/40500213
14181970115/25342397176,5073237227/12671198588
22464943418905773368232982025243720198827/51201683829049863009419114819304356985259,62892854207670215618378033680855178152409/153605051487149589028257344457913070955777
47120986461937708997787778545108375073076035756113779500326806/14202550859541506804916428658750043921002299409514334342119771689,18837768175362286993363725822526097082980926266855295370630325881/42607652578624520414749285976250131763006898228543003026359315067
14181970115/25342397176,5073237227/12671198588
