16
0,0
0,1
1,1
1,0
1,68727026113/98398927150
21473980921/31364614600,1
31/149,1
9/149,0
1,367/12463
3267557524898/3320714317597,0
30891381857825535034881520740132492847082/31202621132455824131617008671785668802025,44182373121652978955871670705680455585623/62405242264911648263234017343571337604050
1,351376755647633205063582413233/512135855734017027166278208972
0,742032878/3548001221
2127253/24926397,4210142/24926397
0,147358005414243442018537249113496592948703001405/264461046697344832841050953813963922878100319862
2478300876962512329723287663576195878675057928/16815654827035037281855717854158295233362452565,217925937224099001592068401185428528822321558187/369944406194770820200825792791482495133973956430
7
3 3 8 9
3 10 4 11
7 8 11 10 5 6 7 9
4 14 1 6 15
4 13 15 14 12
4 13 12 0 7
3 5 2 4
42502413753578/678281057574445,241995698695184/678281057574445
9238/22685,21321/22685
129521138624807335213/185360003053298055625,126966338482462606534/185360003053298055625
1,0
1,68727026113/98398927150
21473980921/31364614600,1
31/149,1
55258292009/4455097094053,1440213795644/4455097094053
342840002111207/372643456934111,211698317112533/372643456934111
88977953859452427593842/99289293332258963905709,58741985422370296768644/99289293332258963905709
19656026516480490924185782221706328643929/12481048452982329652646803468714267520810,2434220526578809643561046788762450461972/6240524226491164826323401734357133760405
794360878056685533497953861255/512135855734017027166278208972,49489425336691186336392038401/128033963933504256791569552243
633921394/3548001221,648433746/3548001221
2127253/24926397,4210142/24926397
184633415333707168564384930936426592961291815636/661152616743362082102627384534909807195250799655,227422469259347312946257972322935551804221244203/440768411162241388068418256356606538130167199770
2478300876962512329723287663576195878675057928/16815654827035037281855717854158295233362452565,217925937224099001592068401185428528822321558187/369944406194770820200825792791482495133973956430
