19
0,0
0,1
1,1
1,0
1,223284799/492388458
199779800/423064599,0
1,7179730573/7434046730
6417028885/13596759458,0
1,392564056535200973888016697/2045508230297657965537472754
352208129939501043974415725/744772186474702017862432422,0
1,197/221
4930988403185/5297628155654,2222909776589/2648814077827
1266952976289316129229/1343473579769318734830,1
5092096173264180629625496948972265/10177127535419804222035047489166484,528525793078732828282479389063611/10177127535419804222035047489166484
200750809547635874023129145025011/384661975436777409251063880375402,10943755333154240287403266273147/256441316957851606167375920250268
0,18218080987547252597164242449463226066499/46659705148962538561296715386273738688056
905110086727537/1409470553860473,137203717768849/939647035906982
2255864360258580760248244681505863/3724390842807410042673734703426990,90037354192785948143380368406117/1862195421403705021336867351713495
12916627558336327664484043420165254960338095/18689680615815786619621756029256863135744906,0
10
3 10 6 11
5 13 11 10 4 14
4 14 13 7 5
4 12 2 6 11
5 11 12 1 15 13
4 13 7 0 15
4 5 16 17 9
4 17 8 4 16
3 9 18 17
4 17 8 3 18
83796323295506076928255835587491635096618100559625633659155/255995819743714090388997705857237679946570552983407540884922,136324263675119204492095570304319402535627823270679323204391/127997909871857045194498852928618839973285276491703770442461
37538287486161372885415/86065995209177810872634,141485838020577063224717/86065995209177810872634
61763167442140018119/60034229635634036666,59088930537968028361/60034229635634036666
39699230834170051268810616684247286143264710985184/42666645657877664067460588668597218774409964817655,2169262621734829818562883717152442789055823284782/42666645657877664067460588668597218774409964817655
47777683518854405789/43703711845588115249,38454016132557127891/4982223150397045138386
199779800/423064599,0
1,7179730573/7434046730
245995208230411306796782231159556559766716390079515/2145216210219897143590097225866385569707888892888682,1380933198301052874740507561167095805137053560113767/2145216210219897143590097225866385569707888892888682
1289295532616633545173694839538459603850/1478388265800129992522943934930389596187,-2731766559911934311927846630969784769153/20697435721201819895321215089025454346618
31979431460004150577213265/67706562406791092532948402,252781264481427566219510/372386093237351008931216211
1,197/221
4930988403185/5297628155654,2222909776589/2648814077827
17556059486255118130159/16569507483821597729570,4654232997355350433697/4970852245146479318871
2181417290516693115434800603835/39293928708184572285849604205276,7675055761546094429799827300615/11959021780751826347867270845084
20208935043789573960932559450511/384661975436777409251063880375402,170542772394554369542385047921005/256441316957851606167375920250268
-990386916600829318037259203094464606105/46659705148962538561296715386273738688056,2412669504988807426603854464551445242715/1944154381206772440054029807761405778669
905110086727537/1409470553860473,137203717768849/939647035906982
14319938925870095/26512519855256738,1652744473869353/13256259927628369
11890139961110986320926872165723506588985501/18689680615815786619621756029256863135744906,50104458458867630141470840626451946056288/346105196589181233696699185726978946958239
