8
0,0
0,1
1,1
1,0
21510932657043709046/50496715862777052379,1
0,107581517169106838381/150603382483194256473
1,146350894849747/504031323410535
286662036021067/644342464581855,1
3
6 3 6 7 4 5 0
3 7 2 6
3 5 1 4
0,0
8689851634608543920049005542985424963472/32881052067083460966811521187678140638293,19922575193007509705161109704701684019261/32881052067083460966811521187678140638293
6942913629976329124680187459/22307492888079813088804807575,10288683570377060002023000803/22307492888079813088804807575
1,0
21510932657043709046/50496715862777052379,1
0,107581517169106838381/150603382483194256473
1,146350894849747/504031323410535
286662036021067/644342464581855,1
