24
0,0
0,1
1,1
1,0
1,2626604/22674247
0,81851987/90696988
1,26241/35645
380365837315/2385844301103,617987001089/795281433701
176971111172632528901/455867960481656268318,0
13268190066345/18349488162941,13755642861081/18349488162941
39448228646762351/82367095473432715,3936638727966013/7487917770312065
26283271964660975/52734117139165951,1
77898788354783813124311845473/244344245660411009460272452085,57596580894830776559939102129/244344245660411009460272452085
0,338388563537710697203695681213238/830864978268521885256431447463247
1713135965/2678394593,2018726637/2678394593
2795824117727/6760272190659,1300565216019/2253424063553
273513789005547275425582107/344296912091762198361518791,1284532642114101349919417703/1721484560458810991807593955
7877122441428379627774586900613/14516714218279312748015560555385,6904574439194074110500324185669/14516714218279312748015560555385
806186567737889/2117980535852949,1
1475506175385130963045132441443/2456966951150804989063844996930,1
20444188568426772167911/69254100316631717267347,2253260690981807717168353/7133172332613066878536741
7770549029950210167133510042888187807079087/22923519315970626584798150975996315665421675,3833083434089728124269287301085649250554191/22923519315970626584798150975996315665421675
0,17412087220726339348788388361017/34393605641245654745166600498208
0,85924420296839051658302506343246388124295275/271581754814217742971377439715356174695982071
16
3 14 7 15
4 10 15 14 9
4 16 6 4 17
4 17 16 9 10
5 7 5 1 18 14
4 14 9 11 18
4 16 6 2 19
4 11 19 16 9
3 7 15 20
4 20 12 10 15
5 21 8 3 4 17
4 10 17 21 12
4 20 7 5 22
4 13 22 20 12
4 0 23 21 8
4 21 12 13 23
121499164400090142254962826139332043075764/341204541973569652202325299026659295609225,306983700459779832586756269558308483693052/341204541973569652202325299026659295609225
-2046120/97967137,55906037/97967137
12036632567531085156053873/25623393287465194431707185,26234341711521019979943049/25623393287465194431707185
106179778939095649771734131062898/696569385249197702291382260209685,828945088422323345870555881559669/696569385249197702291382260209685
685202014525004413926938/5930469810280643624887735,6406275035303052766397719/5930469810280643624887735
-329777180952105/28877303808870907,77128182171779497/115509215235483628
6838967732241191980593/9322981988661124755725,9571852730724552259349/9322981988661124755725
380365837315/2385844301103,617987001089/795281433701
14553715557858772483982933846684984522/19872112894647041604490101509885223765,118659709667787685259333051641261272341/119232677367882249626940609059311342590
70086179081175857921196153/106856846963453168788453325,89297649510366690341068329/106856846963453168788453325
36406992269927466227627895667/95931701611213336249307318975,5695052691511897704581026921/8721063782837576022664301725
1498090101084526984403069643179/3992210499448808823987390285475,2595774662501147340012967817947/3992210499448808823987390285475
70086179081175857921196153/106856846963453168788453325,89297649510366690341068329/106856846963453168788453325
22257445002852903285877720675332861274043829708/62900226074029639400498005035991830340109041075,40008758800254219594469362730698824662206255444/62900226074029639400498005035991830340109041075
1713135965/2678394593,2018726637/2678394593
2795824117727/6760272190659,1300565216019/2253424063553
480546616095579063093929343/662109446330311919925997675,543599013834917331943064799/662109446330311919925997675
1261539648874560420527336245265/2903342843655862549603112111077,1723165604135048702731594801233/2903342843655862549603112111077
758144269838321/2117980535852949,376799411868303/705993511950983
2911925760598678739974668179311/6142417377877012472659612492325,7670729451417443685559371558621/12284834755754024945319224984650
1713135965/2678394593,2018726637/2678394593
480546616095579063093929343/662109446330311919925997675,543599013834917331943064799/662109446330311919925997675
3119337084706471814221688249595/8598401410311413686291650124552,18486000499000328880068255317167/34393605641245654745166600498208
109004238192783595191435881894608994013350295587/251213123203151412248524131736704461593783415675,148979720744626358135667545623938830482637286216/251213123203151412248524131736704461593783415675
