14
0,0
0,1
1,1
1,0
1,453081667177/478861194360
0,34235125901/239430597180
81746714008581242/191034454451539745,278917338263874752/573103363354619235
108910/406619,0
0,19005556412985782312697425048/42843361027694184539491896195
66971242770098680034906/428000280028602292972185,114987792004544211817942/428000280028602292972185
243542570734009997/720787375441321555,153491613513294044/720787375441321555
77230635317350162805751/81760806119919081746939,0
511943010207566818218389069672047962541/3625406579617809030113217269190108244665,1659782105387267932141416921893387002724/3625406579617809030113217269190108244665
934082743582562333888478072715732918673435399/12327765902260872102638722213695191155603673670,1
8
5 9 5 0 7 10
3 10 9 6
3 7 10 11
5 11 3 4 6 10
4 5 8 12 9
3 9 6 12
4 13 1 8 12
5 12 13 2 4 6
0,0
-15846126158800968628550974927790444/73726851068595786752093890242449175,22415433070940036929779828902515417/73726851068595786752093890242449175
-145422660007406250708593908412824913655639562036542138271/418267438684738188445900789477015577607398071569575521119,-1121735550660529880463997936863850884396873011291323489661/2091337193423690942229503947385077888036990357847877605595
-138101260969162873849451890624418231/415790453761904132717960557144521865,166119422606296894715093696844873928/415790453761904132717960557144521865
-2933753856457071672387244551748262219191421459/9955295664595588403057127270879838570251734070,-7246084779940081171618785968195663770359982233/13273727552794117870742836361173118093668978760
0,34235125901/239430597180
41321405443631343255072583205139132494/159692145286665257144441855595692672655,-3413581123756357369510689250457237364/53230715095555085714813951865230890885
108910/406619,0
76219925762656415469807020/259656733501176875996920583,669484954184791915882509400/8568672205538836907898379239
66971242770098680034906/428000280028602292972185,114987792004544211817942/428000280028602292972185
243542570734009997/720787375441321555,153491613513294044/720787375441321555
-113147674574546072989133/408804030599595408734695,164224668079824643320744/408804030599595408734695
243542570734009997/720787375441321555,153491613513294044/720787375441321555
-454072385398534434818667805885843883285935763/2465553180452174420527744442739038231120734734,460168272299476005895171953615447599941526725/1232776590226087210263872221369519115560367367
