15
0,0
0,1
1,1
1,0
1,732533699407/943149324200
0,82780532587/188629864840
1,5496304198458/8284126582667
0,1181258595440/8284126582667
0,402202765132213836533576792464389035/570088655943126212273447591485504592
1,500875187614442585241088758575841267/570088655943126212273447591485504592
24579402818673788954/49267042298227437711,19828084422067375036/49267042298227437711
3322462/4648863,0
6417520204346709721735036262875522721401835/15638292946193655733505787978565711580536608,9030968893184490433821412113312514617509093/15638292946193655733505787978565711580536608
27233256122392202190765931847/80646958758315572267074079022,1
1143195859186681051998076513292560142621489/3051651052920380024762537353460599350229464,2350835054389351393070751220181324936658589/3051651052920380024762537353460599350229464
8
4 10 7 0 11
4 11 10 6 3
4 7 5 12 10
4 10 6 4 12
4 8 1 13 14
4 14 9 2 13
4 14 8 5 12
4 12 14 9 4
0,0
21079301528526555582135/61941024071383606240424,-453804792015277148701/61941024071383606240424
-4936184817631272075393853060045111/287246423763990455035998264163750776,-1804570468549663886191226842891633/95748807921330151678666088054583592
2581999217278/4637418061299,-367340124945/1545806020433
90530223685935255966006489539187325966669487771/13158490906127995173789637870588679690365296852600,3591737051052616322091841583770258119249030489/219308181768799919563160631176477994839421614210
998811720890913907459170649613952861/4114317829810041784559688939109912730,-89573663138888708179574136969122651/3291454263848033427647751151287930184
160473658601704456433336/38416958236547109196904433,127623215726351198468073/985050211193515620433447
0,1181258595440/8284126582667
92192656563485656899591995647056555/570088655943126212273447591485504592,64656040177599308345054227524075205/285044327971563106136723795742752296
-75130310111430482766283277735284491053409331469/1321869714806162496863200234480794822246700992504,84514741314353348211724632808167378568855171811/881246476537441664575466822987196548164467328336
24579402818673788954/49267042298227437711,19828084422067375036/49267042298227437711
3322462/4648863,0
268289649844362439766973316859258967163522643/453510495439616016271667851378405635835561632,104123988218633544900245832241907288364427115/453510495439616016271667851378405635835561632
65465019958877907230061537119/107529278344420763022765438696,63699810558861714678459305813/322587835033262289068296316088
24579402818673788954/49267042298227437711,19828084422067375036/49267042298227437711
