19
0,0
0,1
1,1
1,0
1079962389931/1514492480956,1
386961038299/1514492480956,0
0,145728957243551941/442796295550697231
272335278622952106630741367781/661008505101290104245986709956,56516915135198065757716133314/165252126275322526061496677489
41123114598244627317772358126502195016681/59662436300143505692576603433046494364924,0
8432283416706528085980183553/34656403897442581272829579620,194494649458938001995027954/577606731624043021213826327
256578878222756703877/507099915754173700680,3330883060460178694747/6085198989050084408160
20103193009014262551251217890110355686949211408796778582/54469311828566724975405048993560102142318627565510341255,648908392875062040441662981193897477578814429465093646133/2614526967771202798819442351690884902831294123144496380240
3114065311964307753061152632058541654937814728291849/6008420486442055992163715491998427675376112815537700,105599554305519225058012907908131776448634453358786/500701707203504666013642957666535639614676067961475
0,379589396221/661063298339
518861704952948835068033/943382781957706026631124,303577885524047166827623/471691390978853013315562
58231328371986539400047167425368628669476066340119137433345/203354936227281733363105878371353684076543310096092259105044,6854583823930628354707236539765032674377350134539286599601/101677468113640866681552939185676842038271655048046129552522
0,11152885467333747506117596525741539149263223557/130510203018177793115762480724680951008997977379
47039120092703812887145544607863547/48089460446104868880283833910808423,0
98379552254965254706082457503428552324170578311372064291430226814378/279139803249036419716864272524741890227211740863201267988634120471097,0
12
4 4 1 13 14
5 14 10 9 6 13
3 10 7 9
4 15 5 0 16
5 9 6 16 15 11
3 9 11 7
5 14 4 2 3 17
5 12 8 17 14 10
3 12 10 7
3 15 5 18
5 18 15 11 12 8
3 11 7 12
-4038831313861174379884825762487880/196260585215513405070288746783502961,129056484843821490690800083026750742/196260585215513405070288746783502961
0,1
36443830925576535342439/69348458705900973293434,42202477863078011454287/34674229352950486646717
-80167179456869578167853/346742293529504866467170,97672601721109987670778/173371146764752433233585
1079962389931/1514492480956,1
69679807121520514760059875800966422266158001259/297235180616919350784176993679435464417262110716,3850073947356744042815174914230071250776408236/5716061165709987515080326801527605084947348283
-11966252099043913341531259561081743027120/196583557281622981390707033502508074615651,159553327377530401573222094916271170613817/196583557281622981390707033502508074615651
13306883424874836614811049808732150209061707421603/46675034019508985255100114771847808134350871147260,389146693068551433550591233198688070627710313098/777917233658483087585001912864130135572514519121
-779353599547300526444399318983634648146515436729583408255095237/8829232223953561561616364189490717910828923444792587245475452868,5334046220607754267768540930882647705555706453702844210314812467/6621924167965171171212273142118038433121692583594440434106589651
8432283416706528085980183553/34656403897442581272829579620,194494649458938001995027954/577606731624043021213826327
256578878222756703877/507099915754173700680,3330883060460178694747/6085198989050084408160
13192171897487778557441998172871520935816916930657256483/36312874552377816650270032662373401428212418377006894170,1131952187326562997437556383027740616982468172967417354827/2614526967771202798819442351690884902831294123144496380240
8432283416706528085980183553/34656403897442581272829579620,194494649458938001995027954/577606731624043021213826327
0,379589396221/661063298339
518861704952948835068033/943382781957706026631124,303577885524047166827623/471691390978853013315562
54789772313926873324806882580643567548033662431170772710385/203354936227281733363105878371353684076543310096092259105044,61840183955558971618043684248121858215573338847992316374583/101677468113640866681552939185676842038271655048046129552522
-1988381721207764104724775852432752873020371360/130510203018177793115762480724680951008997977379,74689472050212262580795779253472736029467291581/130510203018177793115762480724680951008997977379
-20863366067265062197391306099834803/96178920892209737760567667821616846,26297485624218656656307866569216342/48089460446104868880283833910808423
2845704698547692767690834821873371266464376833253664876414742174427445/16190108588444112343578127806435029633178280970065673543340778987323626,4827760169566673597862537701528313950985922407455179895007294950114032/8095054294222056171789063903217514816589140485032836771670389493661813
