9
0,0
0,1
1,1
1,0
0,107/201
107/148,0
1,922456848143/1079033411226
43133703590371/196236501148377,218112201365693/588709503445131
18924241912324853/153180079524425987,0
4
4 3 6 7 5
5 7 4 1 2 6
3 5 8 7
4 7 4 0 8
255076820205145473120833169398/402024711838817242064594044345,195869450964011074835008113294/402024711838817242064594044345
4429724120364994994008470/6452527274517570693597529,-682178899605552490112975/6452527274517570693597529
7291701666183568482995549/6452527274517570693597529,5100916530665630938639465/6452527274517570693597529
1,0
115587859249290917164324370/432319327392677236471034443,131907930486229857452077451/1296957982178031709413103329
107/148,0
1,922456848143/1079033411226
43133703590371/196236501148377,218112201365693/588709503445131
83485453516569981/153180079524425987,87681104949008586/153180079524425987
