12
0,0
0,1
1,1
1,0
1,815364849418259011207/5984157256963759964610
0,22481250620038318038452/50865336684191959699185
1,11915/236302
2594288153/2621318522,0
1,2892854455517/26399218555518
177667110805/3070521566322,0
1336649905120381834248073144707402322245285624202512502859/39171814980128615483269220752588005246962546246289672176310,1
1,7813481046571598955820227186854588635794248139956348490719/45648646121579832604841374794735191560511508762043508164170
5
4 6 8 9 7
5 9 0 5 4 8
3 7 6 3
3 10 2 11
5 4 11 10 1 5
90921782558812155051535/58862236919271198891071334,-781712148044771425028665/58862236919271198891071334
-40885980453774760297142168585162984976899308327057520694331005135750343/133221967158705382301864783784358341668291790788410319502566748977053350,-8632401359094950463923241791773791379422216004584009091215456299511089/133221967158705382301864783784358341668291790788410319502566748977053350
1170142269911847292895298496027259753684201571/2263284138205919651814855258243745334215405025,-1312324040216840199352991562547250905700836123/2263284138205919651814855258243745334215405025
43856103014805845149/44741793101258277874,181128717718583085/44741793101258277874
29533104814045661978593403128313414273716084751/29353406851798074870500493586662557008402124145,327271918555327274913747585707761515493024573/3913787580239743316066732478221674267786949886
6045962785987074531374165213501516519247733757/58706813703596149741000987173325114016804248290,-29505173968901171783543435831868473438656917677/66534388864075636373134452129768462552378148062
1,11915/236302
2594288153/2621318522,0
1,2892854455517/26399218555518
177667110805/3070521566322,0
-11114861548866552003590664740790318543797110344812840320619/39171814980128615483269220752588005246962546246289672176310,-15258905797584123423239845552349749727166219459975283513/384037401765966818463423732868509855362377904375388942905
7459582644657421842663625754718058186372978318118672807727/7608107686929972100806895799122531926751918127007251360695,699796651591633578233813324500584742507451805586434726089/6521235160225690372120196399247884508644501251720501166310
