13
0,0
0,1
1,1
1,0
21510932657043709046/50496715862777052379,1
0,107581517169106838381/150603382483194256473
1,146350894849747/504031323410535
286662036021067/644342464581855,1
1149068438022972595929431209/2546624409335267211140457870,2526044237655141401757435187/2546624409335267211140457870
0,3131780893044/4902852032279
39482131696949845449685597187642208775379/85542649170245122058209729532222936689785,1
0,139282465260605806168935727296847150776354211606543054/177927080769084402502731914920412165190871978906632871
38644615508478596333796187623565014414517767300089817/101247905312644866721344657448598232961793034170015267,1
6
5 8 7 4 5 9
5 0 9 8 6 3
3 7 10 8
4 8 6 2 10
4 5 11 12 4
3 12 1 11
-12017667693007445999773188/19381518662471304835705285,15354658316113316934567276/19381518662471304835705285
20130491259802512170543591148805121375088659423712618682216770211/637284724279868773482099752844917290467971685151455054466733478505,575598594590147754275418673559835273255632482846781439778142697328/637284724279868773482099752844917290467971685151455054466733478505
-42185061861745640256053379960609544700292355557869647/432353089723264803996755511186400825805679823835533875,425238214333293022156816766121000199376512176887455129/432353089723264803996755511186400825805679823835533875
-7361228305056430377544632/19381518662471304835705285,34168505288225688408408559/19381518662471304835705285
21510932657043709046/50496715862777052379,1
0,107581517169106838381/150603382483194256473
-956866304589833398399211299614210792719/9768892501151393989974489567368324177475,5513507622714672668154445397722883997911/3256297500383797996658163189122774725825
286662036021067/644342464581855,1
1149068438022972595929431209/2546624409335267211140457870,2526044237655141401757435187/2546624409335267211140457870
0,3131780893044/4902852032279
37714041224697850830913496100886265413117/85542649170245122058209729532222936689785,84159575681185145352813571424681759867731/85542649170245122058209729532222936689785
11270758796316552089971600061538286528841821631850292/177927080769084402502731914920412165190871978906632871,122475289101960674561258964184869378427977795305742352/177927080769084402502731914920412165190871978906632871
41427506185049725250640772243406692436391717274925153/101247905312644866721344657448598232961793034170015267,8827091296053568933733919497874075398626036895356741/9204355028422260611031332495327112087435730379092297
