17
0,0
0,1
1,1
1,0
1,32253679/43984719
22985299/55238978,0
1,2700162191/2970935802
9586205425/9856979036,1
1,3675708598981717/4957487720461260
0,1960294183307191/14872463161383780
1,3904996189217330068239773042281/5490183108800557002988618568100
12574046903364560171954064051519/16479043092581890240193837093800,0
13582380034538403973847183/27649146541091654616711800,1
344971179809675205451668048628802587212481/821372209131412354838344954626023620712200,39821301886670820580000033336256674314704/102671526141426544354793119328252952589025
7986618269028334181989236847191646841569463431868366928478484267/12200359212503136820841382466289650201413357092949776520145043800,1827267856939873766052738030198439044027186357716185641193219977/6100179606251568410420691233144825100706678546474888260072521900
1,184654156659806414714121153264287753453181/1124562803197241736093620648334725595621440
649716793627769168648380269377245055440323817797174348057/819072399142558179229990616818999905678817054951486305800,18562963566862670723631305553581094424680466763987510111/204768099785639544807497654204749976419704263737871576450
9
5 8 6 7 12 13
4 13 9 1 12
4 13 8 4 14
5 14 13 9 0 5
3 7 2 6
3 10 15 16
4 16 11 3 15
4 16 10 4 14
4 5 14 16 11
487834634231934899024171314206863710786422536307053324143708031353907735434767861/543332966089473228718042880964410679733342477407294926185425564945169024386062500,20116896322364343761124243088779196547846947806750761783066776697067888331517149/271666483044736614359021440482205339866671238703647463092712782472584512193031250
6513843417399488670278840605405945659843747670141/6719805571208499605727140831810677529597669672500,1490418078784222700622087816237850045839535367322/1679951392802124901431785207952669382399417418125
25162118910372708627/26496623813937218125,26094398306358857614/26496623813937218125
2116798852844736180354986850429802845955231354727431979713852009197/3571627872015892856142531875788289837540899881162517812892634882500,476179032299899467450072417496338691696277678576317686561295161699/892906968003973214035632968947072459385224970290629453223158720625
18400200480920818808625250625723012086/18534525007213884325453093806134494375,248608239272689173348570197991607339111/333621450129849917858155688510420898750
11964536168590123604355431787937808781378257725731509461837876592641153100852079841625199/15006578880245578856372469452324850160377575487983530733534173351321881472171584972062500,3585223059179175538005565086384843715473338105353175960440726421296681056033615701020641/7503289440122789428186234726162425080188787743991765366767086675660940736085792486031250
1,2700162191/2970935802
9586205425/9856979036,1
1,3675708598981717/4957487720461260
157746470857489424306003685822280956999914982680041412667586930369/204877124659392794217675565466180779217339468914924965800794702500,960492657183717269909478640457558971501764866054948471791241363/22764124962154754913075062829575642135259940990547218422310522500
746158193763635749215839303896/762525431777855139303974801125,19994155106676950972496006568067/27450915544002785014943092840500
1440073282641160978004182829696769193194028932342525072378983887852258940974554903/2951113482752750822448816844490208782852886281181872656108422625898985110850325000,236609313328220480607491164455012154750140805974928999281309568341297358212627601/737778370688187705612204211122552195713221570295468164027105656474746277712581250
13582380034538403973847183/27649146541091654616711800,1
344971179809675205451668048628802587212481/821372209131412354838344954626023620712200,39821301886670820580000033336256674314704/102671526141426544354793119328252952589025
5477669904202675090894467710711549180181312190690910492873506899/12200359212503136820841382466289650201413357092949776520145043800,3885001126936700395629306165967072809768543582942233261779270239/6100179606251568410420691233144825100706678546474888260072521900
626050493144142680870582356319368793978979/1405703503996552170117025810418406994526800,3406504169684072134046622326796948898634487/5622814015986208680468103241673627978107200
344971179809675205451668048628802587212481/821372209131412354838344954626023620712200,39821301886670820580000033336256674314704/102671526141426544354793119328252952589025
