9
0,0
0,1
1,1
1,0
0,11279/14978
11279/17794,0
0,246305/2321863
112495682435/256109640284,59214345007/256109640284
595373667329242/735374734956643,1
4
4 6 0 5 7
3 7 6 4
5 5 7 8 2 3
4 8 1 4 7
0,0
1540192753669228265001/9853238610689987148610,-5988779175308574292077/9853238610689987148610
-55981491/135241730,-25719347/135241730
15455555/27048346,-9758167/27048346
372032558954187105/1091244602615735746,-242124695490644061/545622301307867873
11279/17794,0
0,246305/2321863
112495682435/256109640284,59214345007/256109640284
-561030107420985/1470749469913286,-3799396416167/1470749469913286
