9
0,0
0,1
1,1
1,0
1,10015/10658
0,3767/21316
44083/56832,1
21232967/28573728,28332331/38098304
1,201856431134245/285421683800704
4
4 4 2 6 7
4 7 5 1 6
3 7 4 8
5 3 8 7 5 0
169058106858471213/112897231885843600,5160617120634089/451588927543374400
18443649/12080848,38947277/48323392
1,1
33484319899294649/22579446377168720,91340419605206677/90317785508674880
1,10015/10658
1105367029053/836924906896,29680735753/3347699627584
44083/56832,1
21232967/28573728,28332331/38098304
27679063133507/35677710475088,285727385685381/285421683800704
