19
0,0
0,1
1,1
1,0
1,453081667177/478861194360
0,34235125901/239430597180
81746714008581242/191034454451539745,278917338263874752/573103363354619235
108910/406619,0
0,19005556412985782312697425048/42843361027694184539491896195
727413845603289094/3085161298307668275,68358492391099617/205677419887177885
3055431839573/8687815308853,2214782509356/8687815308853
1,3465249412984401012/15422551564201377371
8091963050926623986748319205556109/43697855784356916946185543004814559,100995691824694886904092862471502948/218489278921784584730927715024072795
106351391232108619005807236032449240147424/382630740186122723871629122817861401539795,1
1612024297682388104141823898195049783827326874/2122660977811412903820013882077858706556923365,532751513664569335569827822935811942902093981/707553659270470967940004627359286235518974455
2884442807423150944832953344702184703914/3441792678587866303055609028070485010535,114189449597215899352503754340226546639/491684668369695186150801289724355001505
933354496804736336122380825352332363599845963/1195892224485308779359335766624155105474689785,0
4638656110576291354452283145507176650650477641368753416684342/17311482203739935477879339175675561713633865407153247321391605,16308449289475536685181186242458012017850473417287027197748603/17311482203739935477879339175675561713633865407153247321391605
0,52143384572660826864558018152952321113476392316548646377244897988077/55757394970600306134447960778451163687736000984996446465066802299465
12
3 6 9 10
5 10 7 0 5 9
4 14 4 11 15
4 15 14 6 10
4 3 11 15 16
4 16 7 10 15
3 12 6 9
4 9 12 8 5
5 14 4 2 13 17
4 12 17 14 6
4 18 1 13 17
4 17 18 8 12
6275476422765/13868012687057,9394680910923/13868012687057
91357041431198185967287428737620057101614555252/1022444905996048308463694553542340016596502827975,776605667432357417640037597837464567619077645961/1022444905996048308463694553542340016596502827975
14087729564677921929978993737060701/73726851068595786752093890242449175,89792082216002555157419295353923057/73726851068595786752093890242449175
-2928424273152303770632059/40655598986855229378841865,32844804801523761053210748/40655598986855229378841865
14054614503753512581568/58493086234928856112925,1679047945467880393577599/1403834069638292546710200
70930487791699521200487/221361770624124931113284,516891722422939031777627/830106639840468491674815
-16324984171708173543521000289070659167838049266821086655109/177653088919985712401475703857595885055815242045142843508125,536416842101533174896117891147250959120231925855045602917639/532959266759957137204427111572787655167445726135428530524375
-779063843757240125446909800968548098114679128450104530768142/5244003331348754321114222645801060605803827958145378936121375,5944876220985512038714248139190128457930651691012245905295094/5244003331348754321114222645801060605803827958145378936121375
-677177197745795151211858556893193889496848337050023684421728694534702967593514244/3348689499229763582033709827096703603726806377105484578579724721496046940642630875,118387748851275850938635178534516465741375970934621217831057577987081736616379365214/110506753474582198207112424294191218922984610444480991093130915809369549041206818875
727413845603289094/3085161298307668275,68358492391099617/205677419887177885
-2614785675437368902714738996696125182077286757789103617/8079261042282810792710509022727407354035291785951382625,7515838006786185802706157060461833011244319343019087794/8079261042282810792710509022727407354035291785951382625
-2899321506959937189/15422551564201377371,9491482928737274292/15422551564201377371
-2614785675437368902714738996696125182077286757789103617/8079261042282810792710509022727407354035291785951382625,7515838006786185802706157060461833011244319343019087794/8079261042282810792710509022727407354035291785951382625
-7811829037462094305448471464047960064844/76526148037224544774325824563572280307959,14234917032705412278834452511009338998611/25508716012408181591441941521190760102653
135502593374584471770482057130411925095524458/424532195562282580764002776415571741311384673,127041597411873131334987396425108789022488359/141510731854094193588000925471857247103794891
-8920747993645006294103762/167718331273066852797005609,616814005700405709033468111/1174028318911467969579039263
99092828495441240493488245126066314555462223/854208731775220556685239833302967932481921275,1384398387719243979742735224273554691680368066/1993153707475514632265559611040258509124482975
-8920747993645006294103762/167718331273066852797005609,616814005700405709033468111/1174028318911467969579039263
38011096017468656980806401537372298215096844384553859432134523809096/278786974853001530672239803892255818438680004924982232325334011497325,66436424775092228508258003327719162938916445276606894234796366627201/92928991617667176890746601297418606146226668308327410775111337165775
