20
0,0
0,1
1,1
1,0
1,68727026113/98398927150
21473980921/31364614600,1
28202/80815,1
0,43959/58060
1426484510341/1732586744750,524491254354017/604672773917750
1017/3809,0
1,135948270465482674110051/137017044664676500211425
1,1486/2529
6309/12253,0
33353193/610229276,0
15765435955/29291005248,1
1,48696328000000000149653877/135693600000000000417316772
337175744112000001031152129182/415663420200000001272810197441,596676106984000001820698894113/1662653680800000005091240789764
15789129564098723720330028973030720115/21377338294583997665382369733521458928,15718396014760586584135575251446045513/21377338294583997665382369733521458928
11525012701800220435455433258373289344/48362249409555732148594754010577746535,178549987774209633948724919802873293083/193448997638222928594379016042310986140
1246778722824267451810392056449530115/3404571050524778410425196301698419172,548358236146945537675316418997555008/851142762631194602606299075424604793
11
3 15 11 16
4 12 16 15 3
5 17 8 4 11 16
4 16 17 9 12
4 18 6 14 19
5 19 18 7 0 13
5 8 5 14 19 17
4 17 9 13 19
3 7 1 6
3 10 4 8
4 8 10 2 5
78900948546048720481262555726329073013916199673598374623/208535936612547601282677206782707205972449092515864342580,200279628176682937227378194904402412200403799477939572201/208535936612547601282677206782707205972449092515864342580
911657852/4002983725,2693057229/4002983725
53857579883200878827548583/75911334706431197891162125,10294981114030765429745548/15182266941286239578232425
2301594135120000014130157493457496021687870310503735/2301594135120000014156803783264800021769759864420996,1651945013275200010157216933325104015613268216731261/2301594135120000014156803783264800021769759864420996
1,68727026113/98398927150
80415564336246791/80280593089782250,255827888261062427/321122372359129000
28202/80815,1
0,43959/58060
1426484510341/1732586744750,524491254354017/604672773917750
248704749455889979691789312130197313498900810126631771014722803/442668450386965518330235603944925923296122475200187374625023252,425471032800087454007153744981424933375382418535060559469781617/442668450386965518330235603944925923296122475200187374625023252
1386948192609824385341/1962994909236053011625,469502834708250738705892/685085223323382501057125
1,1486/2529
14520757398472080088988778079608727424349141294665688955/28201432937625360173463316756343594666744867618750463988,20241282247661025724015033588575328301952046318801740809/28201432937625360173463316756343594666744867618750463988
31211580882821525110415541152308269543697933536694399926479/87781257670007736359931007695983739598084050047467659267431,319780815639792922927868555755973818548763347766017669025879/351125030680030945439724030783934958392336200189870637069724
2594082963/2440917104,19437191621/29291005248
1,48696328000000000149653877/135693600000000000417316772
337175744112000001031152129182/415663420200000001272810197441,596676106984000001820698894113/1662653680800000005091240789764
25535710358755297654153216160174805301/21377338294583997665382369733521458928,7671680000825558271513738837086332321/21377338294583997665382369733521458928
43249050126259551148891921326629834869/38689799527644585718875803208462197228,3471149649011496882675884672160471566/9672449881911146429718950802115549307
337175744112000001031152129182/415663420200000001272810197441,596676106984000001820698894113/1662653680800000005091240789764
