12
0,0
0,1
1,1
1,0
1,338877125498219/650617442999190
0,33159595816343/325308721499595
7542880515978839067923734992355518354075241852225047752551283186870261/17484585550884403473618747676246631963420100831612034978710695250288180,1
1,59422131265749945565251605700427660040223087479110937327640721750695821/69363836300655509970946618384318773649567946458497924553800133814113740
1,346479901704438322/2150709108186242121
231478681106785453246153069577758/399278765329265280445937548685531,413013193726636775149998755116736/1197836295987795841337812646056593
2599820971979394739584356207556696308823288347311738322647165085711015542302496952811309/3269187698386865436180495921895214624991055739283960187711180297376072231444689285875020,890805834812627030141836779825663332932504109830229949361228408203704282697461551089553/980756309516059630854148776568564387497316721785188056313354089212821669433406785762506
53669333813760100118113139198886397868665611608019369298894003434827836043500283358716833830815141142099401631669891931181873923/66495984291809018582302688654978805803573377571819659743694937058146974968406224693355393967189092246163881420776669729610592740,1
6
3 8 4 9
5 0 5 9 8 3
4 10 7 4 9
5 9 10 6 1 5
4 7 2 11 10
3 10 6 11
2419013889141800767224640699243876560/5509331918392281138458829503528854741,5534105049394088007976763071064468904/5509331918392281138458829503528854741
203402236394914988512590167362513462655704905342441409980867315532/161258431881741126758267040882517255067011819854528521053147163297,144045615931607027270203900014191634381176517941940191595973929071/161258431881741126758267040882517255067011819854528521053147163297
535029723361160231235912252277317331006373903201024155241303839786829367329667188948067950743379854875472184947/485616997197982661438797510867746755499308968253287391673810185694901354504793799536191037333813976991998162500,474062485423066541568499569359993124263795911783093955559811921465947329018956327131467601108341736150282652937/1456850991593947984316392532603240266497926904759862175021430557084704063514381398608573112001441930975994487500
6160781306820041460546935722984179101/5509331918392281138458829503528854741,1490354960798418749853885768405921924/5509331918392281138458829503528854741
1,338877125498219/650617442999190
43522479803089909949380335938834110261650996846604/119482248179273602212910495487891709880332963021993,1676217143053871866235603440946619330190704433866317/1792233722689104033193657432318375648204994445329895
7032902533918052416337150339963675269621786996852429944787012772952887499795589840985078351416619930522887/5666375603255760606528210114396252544229384202200642906571089572367258922075293725410118322746801506427140,43662248207382405813834782840429104443211911746998786141302377180842257122012312096702263986771267575863/94439593387596010108803501906604209070489736703344048442851492872787648701254895423501972045780025107119
84280955856472399860604812724440602007879954740427436751755917224208/68003761079074029383280998415998797695654849469115612307647190013837,1164122056332800444385674375554287255929010257442277252347038006775013/4080225664744441762996859904959927861739290968146936738458831400830220
1,346479901704438322/2150709108186242121
231478681106785453246153069577758/399278765329265280445937548685531,413013193726636775149998755116736/1197836295987795841337812646056593
307196982509708360736975281762300175411910619014032518521673/271248436176119181214069358980874278443495868631335285341860,58767932527713439702029005248406556271665095249921933526295/569621715969850280549545653859835984731341324125804099217906
69674018485937879250417689861685726029840384094503867652966387527986569012178606476497629409001837081343529359951068009773212607/66495984291809018582302688654978805803573377571819659743694937058146974968406224693355393967189092246163881420776669729610592740,2797011713151876295654728911082307422582652654907645109143116646306414520746606893990599454859878110327547005203582333505081415/19948795287542705574690806596493641741072013271545897923108481117444092490521867408006618190156727673849164426233000918883177822
