23
0,0
0,1
1,1
1,0
0,10159705009/22555439032
314950855279/1147922745266,0
607/1937,1
770/1937,0
20321744186833680543959001/466771956953771565036684169,0
0,20321744186833680543959001/743591090958915455002283333
1,9/35
2958211/8479927,4904841/8479927
1356023050480487319229/25786049976399801011198,853514935070648194269/2344186361490891001018
0,2618354158314831779980767945433243/7757594594784614448815560838205819
819741/1251542,1
1236761373/3724247036,2896094713/3724247036
0,207256106593/222374453306
2701030527393049782100126056/6259799932461948392030852645,52963409185452788495366950361/62597999324619483920308526450
23372880423945341299056721/40761049149173484733087135,95301686314182680949751919/203805245745867423665435675
286881456300629994258870123720368537/902483046197034449953187765974069750,5732390361814807410735090795638813/6056933195953251341967703127342750
1048024856807712308031671709905923/2882788271323040843540379898978625,1163943688847869379562849203225573/2882788271323040843540379898978625
26330004233394181416691213465369609/118264459586024527766637369457665050,9798362649053255054963539259430484/11826445958602452776663736945766505
56200467427425655495049760734461/385042932825049201640973992271575,33240066589065693476177868640059/77008586565009840328194798454315
15
5 10 2 14 17 18
4 18 11 15 17
4 19 6 14 17
3 17 19 15
5 7 20 18 10 3
3 18 11 20
5 12 4 16 21 22
4 22 11 15 21
5 19 6 1 16 21
3 21 19 15
5 22 12 5 7 20
3 20 22 11
3 8 0 9
3 4 13 12
5 12 5 8 9 13
180769625207872174179607/451658323414543631912705,110109749621986967673884/451658323414543631912705
30039234020070845/43392508444456418,41258504784361075/43392508444456418
1,1
62467580/51880637,21458115/51880637
30433477939641101/42613291744547608,776979131184665/1521903276590986
100704101626066134316240693/112515345866610240272022898,44040597096774345455885186/56257672933305120136011449
23719499168515/44488788445114,30290116867279/44488788445114
6473871328/7730214913,89611445070/100492793869
16084720580263389081618060872275884/24216426460498248346590103055535653,18903772143308355410299195833571994/24216426460498248346590103055535653
23954419067514966780102239273713083/38577979466473474634663295770523121,29044249953800453866492931491662013/38577979466473474634663295770523121
1,9/35
194186198921332258268990959402436615905809130299763/289934961832258710381062610245695875932295331617475,202589995500599818935595598425611333434052449133413/289934961832258710381062610245695875932295331617475
17450918413184060292839/25786049976399801011198,10743061778869893376349/25786049976399801011198
1613366427354383129719187661256739/2585864864928204816271853612735273,3434235476473421167394236315149067/7757594594784614448815560838205819
819741/1251542,1
70211682247898394095437197429219007559996430065351259/127334754442645866093169771006042398442613317951088300,109491472774738711928323742588506939493051478318658209/127334754442645866093169771006042398442613317951088300
140918045853/222374453306,109557232820/111187226653
2701030527393049782100126056/6259799932461948392030852645,52963409185452788495366950361/62597999324619483920308526450
23372880423945341299056721/40761049149173484733087135,95301686314182680949751919/203805245745867423665435675
218719429975643599739865381830220689/451241523098517224976593882987034875,317750526454630704250536870704644001/451241523098517224976593882987034875
1430986821664188150112496190651447/2882788271323040843540379898978625,1940149046949468407166206565464393/2882788271323040843540379898978625
2701030527393049782100126056/6259799932461948392030852645,52963409185452788495366950361/62597999324619483920308526450
23372880423945341299056721/40761049149173484733087135,95301686314182680949751919/203805245745867423665435675
