15
0,0
0,1
1,1
1,0
0,50613970113579/60766281971503
50613970113579/55420590596096,0
1,3925379/14467646
10989805/21532072,1
1503904832811047218058936736351753/3362876983635176073071211293110040,0
0,1503904832811047218058936736351753/6160523995406203708494094243972270
1,6249642580533471/6973986457869400
82526329832029156751967/114047368078869067790300,38927977941531529020153/57023684039434533895150
1776607385976946642646171651362626245577219/4650756042082771759488271244092561486860700,563357639667306421678138272927929761427523/1162689010520692939872067811023140371715175
273663301940619531906315715792173458124669/2012728022815709227265492454676860501168292,0
6667362402067248487209519168807431555674559460759/30856577838164718790597583812553485765311416352700,1946574430133217433133095062140737286592690668331/15428288919082359395298791906276742882655708176350
8
3 6 10 11
4 11 7 2 10
5 5 12 11 6 3
5 11 7 1 4 12
3 8 13 14
4 14 9 0 13
4 14 8 5 12
4 12 14 9 4
101867284038243020512938479579886839704246156472811093477/105046215547891133612202509588484476588458183733286270250,38222510899232413528090201786075957484369031173005484187/52523107773945566806101254794242238294229091866643135125
774792069364558326761029723501978958967161/522547932749116385577196988426216132725250,121072245998117563300612824772067464102281/261273966374558192788598494213108066362625
427272745132549738630947167387/388255770705229875698571052250,168870063395708024586938477762/194127885352614937849285526125
210496497976269/168235726348625,28395496893917/168235726348625
231912739881845214434539766101662403441021293958959974067/158766475125293965486265576642324015674750444431142753750,49932699633403760051172448052134605730617888645653317047/79383237562646982743132788321162007837375222215571376875
11971441974735148226342408763/9323723313603986722259968000,290296319749695370620972423/1165465414200498340282496000
1,3925379/14467646
4082887589930505072052381783841852707/4179975604620250230046341097081381000,413997854793261162614830632500588291/1044993901155062557511585274270345250
73182441711583573021288565286606561/84071924590879401826780282327751000,4877152239196226969153504694172206/10508990573859925228347535290968875
1060338186229110559140468267810652899204111323594997256610638287/1195929495892248827568305723297066980116627577244313436860553750,595803250294450160923077583938421405891103990734587734251168509/1195929495892248827568305723297066980116627577244313436860553750
1,6249642580533471/6973986457869400
82526329832029156751967/114047368078869067790300,38927977941531529020153/57023684039434533895150
4818903835525930394506943153184940306699923/4650756042082771759488271244092561486860700,1074396104278742290247515657687436356254366/1162689010520692939872067811023140371715175
42362622513432512876735762774714894875058997/50318200570392730681637311366921512529207300,885165565563290325364745822049388776602334/1143595467508925697309938894702761648391075
82526329832029156751967/114047368078869067790300,38927977941531529020153/57023684039434533895150
