13
0,0
0,1
1,1
1,0
21950465583959/23370460976937,1
0,9810701450/191219507929
27998232108206106487183343732944101/42684745995699279246594338601234050,30470041790976380287775836572142993/42684745995699279246594338601234050
1194055603075952737389/2160241753233702053990,0
0,328372012881727321780519568167348682483929975/536288768354779205443348640220099193023889962
230911042154967749463669/426712376366115071385073,255128261488835287377767/426712376366115071385073
6203621781478009213839815381337/10465605556693791880753794761510,1448742088738219262436200424929/5232802778346895940376897380755
5531996334923936724512414392009048871430624761006156177579950239/5892589966840137443303863446556654386190220149904232102971889125,5890005908865958973913096577815835759090700203551426761045858377/5892589966840137443303863446556654386190220149904232102971889125
621413793571164225902102862922186567346163811702823131743/2829703905637823520935574103546753637596331720118968046875,3657663980205884679626943435393920535964219839056535606173/5659407811275647041871148207093507275192663440237936093750
8
5 9 5 0 7 10
3 10 9 6
6 7 10 11 4 2 3
3 11 6 10
4 5 8 12 9
3 9 6 12
5 11 4 1 8 12
3 12 11 6
0,0
6761013380087863216618125967707420770624268012659628330319640988/35534883012338740047468643276652778143571411314617699808934165625,6056397745593394386141337886949715618519393525189983133264865316/35534883012338740047468643276652778143571411314617699808934165625
3343001529379944744973489500847515465374/8214067653188128770052637698257287415325,8918204304758363815180658341859500929847/8214067653188128770052637698257287415325
29488395645766004525801211313644084515626/238207961942455734331526493249461335044425,30171443539026397108092271265472374517978/238207961942455734331526493249461335044425
2590104267798723099691580193386832943396467783468361832/5567029878971855757142444380065303887851340959795426225,1982820951531033558098184140076371446871771169339108457/1855676626323951919047481460021767962617113653265142075
0,9810701450/191219507929
4362442849232881333612541580844330120759420374729796341/11022204728597336979215924284474380936979679963922947650,7407004381009957987969296476258618800988342971997663387/11022204728597336979215924284474380936979679963922947650
1194055603075952737389/2160241753233702053990,0
72703510100895040501000877849606119009741244293/129603119019071641315475921386523971647440074150,11066389976261971510029506495325418310145199886/194404678528607461973213882079785957471160111225
230911042154967749463669/426712376366115071385073,255128261488835287377767/426712376366115071385073
6203621781478009213839815381337/10465605556693791880753794761510,1448742088738219262436200424929/5232802778346895940376897380755
18919278907042417339369533635248682856761548663972909290651348/40638551495449223746923196183149340594415311378649876572219925,43400871640796572669449623156680635326073160086391663264741627/40638551495449223746923196183149340594415311378649876572219925
6203621781478009213839815381337/10465605556693791880753794761510,1448742088738219262436200424929/5232802778346895940376897380755
