9
0,0
0,1
1,1
1,0
1,26129/70245
0,155255/224784
16601889373951/20257039472400,1
34377656159577517/39566068369816052,9167760405182129459/22156998287096989120
1604829631468582171975793/3088212566317039594717200,0
4
4 4 2 6 7
4 7 5 1 6
4 7 4 3 8
4 8 7 5 0
44493621173820259928145793873517/37354005404175859868319194423576,61660126878810562224738754006783/46692506755219824835398993029470
840762820911358828358631/516562914543836209425608,734094506475727631991879/645703643179795261782010
1,1
14210264991/11693372159,7896983040/11693372159
1,26129/70245
193441538275876876437939453/115193529943275474701910584,60374130277096728848391308963/72571923864263549062203667920
16601889373951/20257039472400,1
34377656159577517/39566068369816052,9167760405182129459/22156998287096989120
363301891128193199083801/441173223759577084959600,4088821140711229738714/4289184119884777214885
