12
0,0
0,1
1,1
1,0
1079962389931/1514492480956,1
386961038299/1514492480956,0
0,429/2452
311531511439819/576339204196972,359005526038423/576339204196972
305425242193220978581395533/551992093979483365911473872,0
279/937,1
996282359365187/1586243369875940,2583105382573257/3172486739751880
1,12116722832321008031511189/17814404780044401563771260
6
5 9 1 6 7 10
3 10 9 4
4 7 5 0 6
5 7 10 11 3 8
4 11 2 4 10
3 8 7 5
-108966/633833,262977/1267666
0,1
58406255592131534930796836097/253366327593476853451893454850,87741441060351876425306963673/126683163796738426725946727425
-80167179456869578167853/346742293529504866467170,97672601721109987670778/173371146764752433233585
2841168927319917273/5533236141484769900,127479194977342788/197615576481598925
-289300093624377/2324298577921996,220070387461553299/479967656340892174
0,429/2452
311531511439819/576339204196972,359005526038423/576339204196972
33569657289798424855509339/551992093979483365911473872,15549457174249019335359771/68999011747435420738934234
279/937,1
996282359365187/1586243369875940,2583105382573257/3172486739751880
12625600718834607349223869/44536011950111003909428150,89786741139757353562563009/89072023900222007818856300
