14
0,0
0,1
1,1
1,0
1,453081667177/478861194360
0,34235125901/239430597180
81746714008581242/191034454451539745,278917338263874752/573103363354619235
108910/406619,0
0,19005556412985782312697425048/42843361027694184539491896195
727413845603289094/3085161298307668275,68358492391099617/205677419887177885
3055431839573/8687815308853,2214782509356/8687815308853
1,3465249412984401012/15422551564201377371
8091963050926623986748319205556109/43697855784356916946185543004814559,100995691824694886904092862471502948/218489278921784584730927715024072795
106351391232108619005807236032449240147424/382630740186122723871629122817861401539795,1
8
3 6 9 10
5 10 7 0 5 9
4 10 6 4 11
4 3 11 10 7
3 12 6 9
4 9 12 8 5
5 6 4 2 13 12
4 12 8 1 13
6275476422765/13868012687057,9394680910923/13868012687057
91357041431198185967287428737620057101614555252/1022444905996048308463694553542340016596502827975,776605667432357417640037597837464567619077645961/1022444905996048308463694553542340016596502827975
14087729564677921929978993737060701/73726851068595786752093890242449175,89792082216002555157419295353923057/73726851068595786752093890242449175
-2928424273152303770632059/40655598986855229378841865,32844804801523761053210748/40655598986855229378841865
14054614503753512581568/58493086234928856112925,1679047945467880393577599/1403834069638292546710200
70930487791699521200487/221361770624124931113284,516891722422939031777627/830106639840468491674815
81746714008581242/191034454451539745,278917338263874752/573103363354619235
3130099385836564655/5638997450798430283,2424817532761384887/5638997450798430283
19517721503087486102180900378251648807985/39610151619215092075224762498979870936541,1944427246179657116437421186575117927439/5166541515549794618507577717258244035201
727413845603289094/3085161298307668275,68358492391099617/205677419887177885
3055431839573/8687815308853,2214782509356/8687815308853
-2899321506959937189/15422551564201377371,9491482928737274292/15422551564201377371
3055431839573/8687815308853,2214782509356/8687815308853
-7811829037462094305448471464047960064844/76526148037224544774325824563572280307959,14234917032705412278834452511009338998611/25508716012408181591441941521190760102653
