21
0,0
0,1
1,1
1,0
1,68727026113/98398927150
21473980921/31364614600,1
31/149,1
9/149,0
110633595958712853981320524659541/113627676216122964352407628584500,3737576222940096040590139714499/5164894373460134743291255844750
147573952589676412927/590295810358705651706,0
1,15713968530403698227349456418356773125118/20883212626859651075027802202097119964025
1586977473/11194775015,67853334171/123142525165
392575223257718200202540915029/553009426042278276862374194549,254322866747148630986048109493/553009426042278276862374194549
440909895083923883703516132374502566212669232622922/562633798581637806981527561207601392859581807233501,0
0,2096079303138/3676393341775
2261272999253675219/2553644338036179375,1375453507245716803/1702429558690786250
1002625332875395/2064038560511957,11257727357175185/22704424165631527
1020529917121582629710296751191076826864569476/1729600310595748209428415573555407550099590381,588129839472645577350731498650975642408979567/1729600310595748209428415573555407550099590381
1,912583690469965960554747211090600867611059992259/1625835340870073862249511130991848507528737189660
1072832681409570538917524191094285177541056598681286894543/1438424938059971378553264170942904428834261540164206775745,3730338072163436852798770088522400187817793215500971315569/15822674318659685164085905880371948717176876941806274533195
1,78918194243421603531955059/81448418079191264095700750
13
5 15 5 6 11 16
4 12 16 15 8
5 17 9 7 11 16
3 16 17 12
4 18 3 13 19
5 19 18 4 8 12
4 13 19 17 9
3 17 12 19
4 14 1 6 11
4 11 14 0 7
4 5 2 20 15
4 15 8 10 20
3 8 4 10
450740292454561895868/1516643221451661354025,1665773234231587025226/1516643221451661354025
9238/22685,21321/22685
129521138624807335213/185360003053298055625,126966338482462606534/185360003053298055625
174224571863520493291476911573989207310337/696898287454081973160004688192369772724285,522673715590561479869413220333918623891506/696898287454081973160004688192369772724285
32519628877250082409865153835237687991194919761088821/34287021909076985523549778303549729226079488375418875,51430532863615478285185444429738322827885121780764231/68574043818153971047099556607099458452158976750837750
21473980921/31364614600,1
31/149,1
11795183130167928096/49808208066188569925,54780704499255062097/49808208066188569925
110633595958712853981320524659541/113627676216122964352407628584500,3737576222940096040590139714499/5164894373460134743291255844750
41132458494499545550555977024696421884/98663008533375171917146749021594887725,18665909053419669841404854455964039741/17938728824250031257663045276653615950
32927190910996680339727470384098806157347/34805354378099418458379670336828533273375,72677556949415477175186093983453471470853/104416063134298255375139011010485599820125
1586977473/11194775015,67853334171/123142525165
401564487412991909492417968085531024858750881/794776558934964608385060667219931096080179125,573824200134927476344337186387597118069506533/794776558934964608385060667219931096080179125
140658449645409451746367105400032132534357612132806/562633798581637806981527561207601392859581807233501,300251445438514431957657672707964730940283716709102/562633798581637806981527561207601392859581807233501
472919286954/1671087882625,9712299418758/18381966708875
2261272999253675219/2553644338036179375,1375453507245716803/1702429558690786250
1002625332875395/2064038560511957,11257727357175185/22704424165631527
1095759100902458508554807018752925409777282935/1729600310595748209428415573555407550099590381,1057149927339838025969612904850053946721159380/1729600310595748209428415573555407550099590381
149891196100850502968246344782941072864605384572/184754016007962938891989901249073694037356498825,6096882528262776983421051176187245195557375650049/8129176704350369311247555654959242537643685948300
1002625332875395/2064038560511957,11257727357175185/22704424165631527
67545617741810228992828277/92555020544535527381478125,1397574334773388165482551767/2036210451979781602392518750
