17
0,0
0,1
1,1
1,0
1,32253679/43984719
22985299/55238978,0
1,2700162191/2970935802
9586205425/9856979036,1
31344304603373263137225627914/46261219685558827291406451985,1
5837603521542078108799100992045951448/7507887056532508176042823929403788595,3407824968634124389425932249281927081/7507887056532508176042823929403788595
1,65199444705841198081891501030802717494542892/140554076355377767888781411776222045865793889
0,44226723714602185137/52999630455256324850
14742241238200728379/38853267277338728725,0
640481696446252777630358/1854998990743441547302835,1393615045279016073529317/18549989907434415473028350
768851047727/1543891561073,1428987931069/13895024049657
30726990541355418850712255590884674024499659/122310980639288610556425156396715083674927975,0
748306554222762358983/1488375469102432627631,0
9
4 13 12 5 14
6 9 14 13 11 1 8
3 12 15 13
4 13 11 0 15
5 9 8 7 6 4
3 7 2 6
3 5 14 16
5 16 3 10 9 14
3 10 4 9
40106987216237650665380841677630589542881684067348/58563869753456188367723223398079666995854637847625,-1323663511370515456960098996858808713887660287296/58563869753456188367723223398079666995854637847625
30985797182/89300610349,-81450255431/89300610349
25162118910372708627/26496623813937218125,26094398306358857614/26496623813937218125
206021876740364523915381701/445252860702448262903162305,-181828909572646244259144582/445252860702448262903162305
13732166349341409804825106779819027969279408499693351782017559986/29186037059214223752251243789038394468578163738124612250158537345,11143586465101308290805222449729029046155478783563286903753512390/17511622235528534251350746273423036681146898242874767350095122407
22985299/55238978,0
1,2700162191/2970935802
9586205425/9856979036,1
31344304603373263137225627914/46261219685558827291406451985,1
5837603521542078108799100992045951448/7507887056532508176042823929403788595,3407824968634124389425932249281927081/7507887056532508176042823929403788595
518240870890691646053877994931500340747537913/702770381776888839443907058881110229328969445,472931127402967458803190020981091726189827846/702770381776888839443907058881110229328969445
136696727509130837824092047224/473289934792583854434761587265,-3583359906793100551802970326787/4732899347925838544347615872650
14742241238200728379/38853267277338728725,0
640481696446252777630358/1854998990743441547302835,1393615045279016073529317/18549989907434415473028350
768851047727/1543891561073,1428987931069/13895024049657
11343461900521911865359265500266621281462891/24462196127857722111285031279343016734985595,11817773183467705988879647297879076184100392/122310980639288610556425156396715083674927975
590434888449590344019/1488375469102432627631,125707265204922669222/1488375469102432627631
