15
0,0
0,1
1,1
1,0
4471438282039/13709286223490,1
100370054279479/150802148458390,0
0,26017/70140
5137465871335812489/12062778601685587540,8518264803836491919/12062778601685587540
1,71204890339335533058115039754387/101862009762257691593555430260080
11214904/62314499,0
3891456648909/9862078589740,20163588383867/29586235769220
0,688475762090998849/1051651707628632630
1747286190670287020073530458947608170421/3751699447317752927164025179768507641060,882482806030007451037457853142796670447/1250566482439250975721341726589502547020
1,11235348284017659073083988873676162/33920548967201252919358404814969985
67219053878021882034464903418976050170239969/73972163085742620596094258730784909106583530,1
8
4 6 0 9 10
4 10 7 5 9
3 10 6 11
5 4 1 11 10 7
3 12 8 13
5 3 13 12 7 5
4 8 2 14 12
4 12 7 4 14
0,0
-121294556634483047275927/2648641217265399826111850,569640642048000138341788/1324320608632699913055925
335146228507064200369241331265111447/2045941028004050594089135681077752650,119565805239563254046931192626515233/1022970514002025297044567840538876325
-4879084382284976086678474129525931969967/41632900478505098074725588653701837316482,-8456045032590810241015546200946415475843/208164502392525490373627943268509186582410
20410380980219165046965030188374933/279315235006340998208937129052595050,1357485895008517899026816643854101/1849769768253913895423424695712550
-343098262511069340289062/1573791348053077276776731,529860816089279252406078051/1904287531144223504899844510
0,26017/70140
758527534540135146192208136823563/1980230311839749372950158803384180,1425078557219212972275501452257573/1980230311839749372950158803384180
-2573194086040805553708863102709/101862009762257691593555430260080,2234888011119622837279699011027/6366375610141105724597214391255
11214904/62314499,0
3891456648909/9862078589740,20163588383867/29586235769220
48339674492747598/175275284604772105,12307600902402098/40448142601101255
3891456648909/9862078589740,20163588383867/29586235769220
1036527911474579803262396839650533/5218545994954038910670523817687690,4018081124504721736104563189466429/67841097934402505838716809629939970
14368564250988877412383268042234897268287/61184584851730868979399717726042108442170,181525907438180130947937334408697942342333/1041861451911867895719637446912463508543430
