14
0,0
0,1
1,1
1,0
32799649300072769723823/201831907899761805608494,1
144989316990377923970711/201831907899761805608494,0
303433290026/809364567987,0
19333551302399741542898076681234989/48620294828547882109762180900870758,56106696062398082972896846845147913/97240589657095764219524361801741516
1,1101666428224928910531423851330839416156210394766856340519/4693945683430562974150256525390067617268290084778635094951
9065510669811946472786211439753375656744/18317091732044348914451089109004472596637,58905481897727444406628439736220066191911/146536733856354791315608712872035780773096
24717749672757433673304271022/63859335502109637168294395699,59119850694643574799183128038/191578006506328911504883187097
0,11633367303409980564158360955126421455713/16592062416021606408169635620757055952286
1611933810035411900889040205483389720512599291170902023468750506880730040463/2553861296132275103129656183669994791735555757472350444428622250529626955065,378213370926008775950642363483794384463829015774589345613967731153333469782/851287098710758367709885394556664930578518585824116814809540750176542318355
60931112723069615773048693664604752077733443612634330763616826312764018964099149739687/122507663410973279536965607426588630404532064787956698692557630486369877158713628777325,1
8
3 9 7 10
4 10 9 5 6
5 7 10 11 1 4
4 11 0 6 10
3 9 7 12
5 3 8 12 9 5
4 13 4 7 12
4 12 13 2 8
110050490416929557015525176197692502910741388007546247112/1056628092424778461177111173192696331099596128163669632225,2265861035261035889017651968563692481218212131935665441848/3169884277274335383531333519578088993298788384491008896675
60312471329785817014176/72898728201492503119141,211564993927620679058863/218696184604477509357423
33524238396507521212235964818971597718664368400346681284294467289731554113965390059921136642968529525884/81696190003163630289413937108545598931183484798354113930774680622505095670791091953996183236404159191225,239000484738945620798240965823400756122661457537629881959255821892891954228227733688470288673905488964711/245088570009490890868241811325636796793550454395062341792324041867515287012373275861988549709212477573675
-24919786411974092558171247491533750033640978304708216730901405317068849764468204/193220792022775931822057894473595566842912080677422562591802472717878469947630125,109688120820027298140494370823608050320423730932917584729550207362755909758370628/193220792022775931822057894473595566842912080677422562591802472717878469947630125
9789345168073770938326875966766520978684504301/14713289396373403463877413250572415402483583654,21632556608849521565614551012015299212072029491/22069934094560105195816119875858623103725375481
10946217847104569328655112062218821098373970451429773364153/84837922468394544364440291046816396979066171549638139516350,28871343440149501060114176970801975748745509487753879203952/42418961234197272182220145523408198489533085774819069758175
27184049874705571290388507487354350115864921698/340207894688527525302424160414190089882147691675,38635216022823532919766636232067240258688399488/113402631562842508434141386804730029960715897225
19333551302399741542898076681234989/48620294828547882109762180900870758,56106696062398082972896846845147913/97240589657095764219524361801741516
-68763258468377610228649865977654824711023266650128883465258604554603685693019569686303576604/1973050763408094966063280969956112409218181239543650291012726257497536211391470585905522689775,231953098281710023322433977322367347204160908714220606585474763582782986794945099256296034601/657683587802698322021093656652037469739393746514550097004242085832512070463823528635174229925
9065510669811946472786211439753375656744/18317091732044348914451089109004472596637,58905481897727444406628439736220066191911/146536733856354791315608712872035780773096
24717749672757433673304271022/63859335502109637168294395699,59119850694643574799183128038/191578006506328911504883187097
2222852309500236769781857534502554774746/2765343736003601068028272603459509325381,3702572894426972876953162172543150581731/5530687472007202136056545206919018650762
24717749672757433673304271022/63859335502109637168294395699,59119850694643574799183128038/191578006506328911504883187097
167260450172367671114735306568599390293947530120221976086285867056977820293420370739758/204179439018288799228276012377647717340886774646594497820929384143949795264522714628875,139405272011058175583493037915556996440037586229649861281897207423776871786669500254719/204179439018288799228276012377647717340886774646594497820929384143949795264522714628875
