18
0,0
0,1
1,1
1,0
1,68727026113/98398927150
21473980921/31364614600,1
28202/80815,1
0,43959/58060
0,1009503814757447/4503599627370496
132494347175470646409/341512872458073662474,0
37187/85752,1
511459/771768,0
343699529237815306/2440494443126123825,596278401422460997/697284126607463950
3295094643106598862394201320207/10036671050257440622470402989158,1556770834746857709344245629814/45165019726158482801116813451211
2129254366899057971732016483452567/2727123161191084603400071250515900,1238239301552969549761412333255147/1363561580595542301700035625257950
70271533767107023293163/71029444408815858128276,0
275509400844376086005555688883225951785823609901215447/1274120017607339069525695029367404505275578991650793502,0
0,23609761336987685072921/24923633814683630893310
9
4 12 7 8 13
6 11 9 13 12 6 10
4 14 4 3 15
5 15 14 5 10 11
4 16 0 8 13
3 13 16 9
3 7 17 12
4 12 6 1 17
3 5 2 4
22624262544176119637301796391625433077933/116502816631862256964468801811310399943705,39157640397545777091560928105662936776704/116502816631862256964468801811310399943705
39261302914491880574233643678912443/277007913294503781898750995332042450,180917818940434549540677850789784991/277007913294503781898750995332042450
129521138624807335213/185360003053298055625,126966338482462606534/185360003053298055625
14067455461/39179725000,-5752047973/39179725000
1,68727026113/98398927150
21473980921/31364614600,1
-3063513842648685077356746320659/27962135310574268115651109333150,3576175078242980123237564591491/3994590758653466873664444190450
0,43959/58060
0,1009503814757447/4503599627370496
17106165536295255838520531028216755895381207829/59082033966315337535001874369042922478605607370,-664238236671101347531953957005065452509023926/29541016983157668767500937184521461239302803685
-689267008172467515395334683983/3708793273452274700633103272190,1415080352486906976340466709679/1648352565978788755836934787640
1403169361819075661698256194603/33379139461070472305697929449710,-2103412490369168922621606774289/14835173093809098802532413088760
343699529237815306/2440494443126123825,596278401422460997/697284126607463950
3295094643106598862394201320207/10036671050257440622470402989158,1556770834746857709344245629814/45165019726158482801116813451211
175798542795977701884106295507603/1090849264476433841360028500206360,835773588229711996620898683325111/1090849264476433841360028500206360
261854239916748088771573/710294444088158581282760,-100980685149705677555999/710294444088158581282760
385030800428246698368486630489684631054418574105581663/1274120017607339069525695029367404505275578991650793502,94778770631025177732694958697295876342213247294767104/637060008803669534762847514683702252637789495825396751
11110430982141617581756/62309084536709077233275,3744369357254884117323/5418181264061658889850
