17
0,0
0,1
1,1
1,0
1,1704661450916/2467769458489
1810233692011/3514895142927,0
255822080/595028819,1
207772168/595028819,0
1,196016766003763091601833423730321/5010743968502768611623785093240309
2084575105662605784491689593432191/2280591871666368876093523017162512,0
92333925/265087936,0
5109973488373634/14626315109385789,136548826980673/58505260437543156
35031635632802948652574163/100091226528630666489924224,0
0,22186409459316/54041236287827
135237518317420080970408/329561027612391992313051,249669793642302404174732/329561027612391992313051
877152577106894613402135031866540036455192975/1154191131495059356657723397687570352805373362,402689017893402795802511628287636443853464787/1154191131495059356657723397687570352805373362
1,618131842556142114098973006069642197375240215888007885281/2393617941121310761019586063056139711259949403380979701149
9
4 6 1 13 14
5 14 11 10 0 13
3 11 7 10
5 14 6 2 4 15
5 15 14 11 12 5
3 11 7 12
3 8 3 9
3 16 4 15
5 5 15 16 8 9
-122690815029818665268440746516/303054835837473296982348190045,145076700512294499632728106172/303054835837473296982348190045
0,1
-47307481124279977/356368089483742505,388965797401256441/356368089483742505
3230480728851913011074093/9222186983011454026145225,4206711465634050373025924/9222186983011454026145225
-160380124911151505172972728241/879434287208054737132962374945,691454290939522718483999877908/879434287208054737132962374945
-18861330726408107886503155438400442736252243085795571304696/54229345231844321979656332098653772262013334759909012313725,83160416016119666164625060233985014132390382700599189221393/126535138874303417952531441563525468611364447773121028732025
255822080/595028819,1
1094159626447727679978384/3146469674505788588909875,371567519208399662509/572085395364688834347250
185789084340905215257859553940397446163252581622333928919327424/1518530190798216010275254356046911907575706733105133110386523905,1188222672879860188061206014937259166565735632621316465565947972/1518530190798216010275254356046911907575706733105133110386523905
2790767990747651180629789889887053889672947728565514151925901/98734913611446769804176616415934564472609528333813304975084720,136607423081755131741986296517078278072877562344753475779124349/172786098820031847157309078727885487827066674584173283706398260
92333925/265087936,0
5109973488373634/14626315109385789,136548826980673/58505260437543156
34869134658294658270543789/100091226528630666489924224,820144890015570418847/6255701658039416655620264
0,22186409459316/54041236287827
135237518317420080970408/329561027612391992313051,249669793642302404174732/329561027612391992313051
-353405513605493094956621188199516236672959/1154191131495059356657723397687570352805373362,473549594554629282570669125185639239058857219/1154191131495059356657723397687570352805373362
468202656166392876740898801356457738174903642689395987232/2393617941121310761019586063056139711259949403380979701149,1378647306424733918687993296931596488362445273386248991788/2393617941121310761019586063056139711259949403380979701149
