14
0,0
0,1
1,1
1,0
1,68727026113/98398927150
21473980921/31364614600,1
28202/80815,1
0,43959/58060
26841752494032116402/28541512593989788125,14373532341875362849/19027675062659858750
8749706/269891019,0
1,1577307306269852742034875309/1891540360317986964609604000
0,436679642941269493/1057704502986833960
18865342588503280124177913/47818790448794211581193185,115237501422353141640964187/382550323590353692649545480
16471961635975102231818563883252289/38984015924409142687174919092090186,0
7
6 8 5 6 7 11 12
4 12 9 0 11
5 12 8 4 3 13
3 13 12 9
3 7 1 6
4 5 2 10 8
3 8 4 10
13067952071759625396517752791636879/60414683922295010314743801923828125,46187802470166356563647650720438228/60414683922295010314743801923828125
911657852/4002983725,2693057229/4002983725
129521138624807335213/185360003053298055625,126966338482462606534/185360003053298055625
37130892199901731/178090282337037625,169439560444332208/178090282337037625
7844446388036312748216097901/8761946358902548504592009375,14445368384403001957410907161/17523892717805097009184018750
21473980921/31364614600,1
28202/80815,1
0,43959/58060
26841752494032116402/28541512593989788125,14373532341875362849/19027675062659858750
25013683970125633512262464835720046227229/102549563561956711650702612736831025390625,229975894655423775880411078291817850708284/307648690685870134952107838210493076171875
5111378819279261515826818163/5911063625993709264405012500,32742499846817852232668203547/47288509007949674115240100000
0,436679642941269493/1057704502986833960
18865342588503280124177913/47818790448794211581193185,115237501422353141640964187/382550323590353692649545480
20156674808089833608430506272388339/194920079622045713435874595460450930,37385489418341524413756703831277896/97460039811022856717937297730225465
