14
0,0
0,1
1,1
1,0
1,223284799/492388458
199779800/423064599,0
54442301967988396193/104523789238381718889,1
27020359348632412454246808076/28209145441553438499917171463,3923555317632712896594595626/9403048480517812833305723821
1,534788185292423929757324125698885613/1428619892555058760858204828898886751
0,409901177306524901083/639279470299812978569
409901177306524901083/1224995471146623091263,0
221442363749967148794251/475232699099605338033360,1
6356614461504235160312674005797904546693017/83811049444264090547943344951116352345122977,13852795814466797518179228788677610955201660/27937016481421363515981114983705450781707659
0,21687228841322207287717346505498233402112530799280316739337130531/44072434348660062199642614274378938751276118415948531694262748088
7
6 6 11 12 10 5 7
4 12 9 1 11
4 10 0 13 12
3 12 9 13
4 7 6 2 4
4 5 7 8 3
3 8 4 7
502127085818161960304423740189874756537829/954646072738273275335599424807966840111465,262041407503784959193351685322262323890227/954646072738273275335599424807966840111465
210473304439786981558096482025391134791228426720/361086692544559836742774349972651500067629979761,198215525853480026541457051448890269966945102999/361086692544559836742774349972651500067629979761
1099954080711460722919898765784935129527/2844856354109890265759748141578446997775,512113906969888470895947835631922291613/948285451369963421919916047192815665925
77500753531729121/140476682832882855,73295238582966628/140476682832882855
425506002135224746074548831995874673263616587969/466924811143890276835550861966725734423053893650,90338733376329197118613940122631237245792765579/233462405571945138417775430983362867211526946825
199779800/423064599,0
54442301967988396193/104523789238381718889,1
27020359348632412454246808076/28209145441553438499917171463,3923555317632712896594595626/9403048480517812833305723821
3950570803199569200787889171693035711/4285859677665176282574614486696660253,1994594256667424276208950913379715003/4285859677665176282574614486696660253
54375678858172356132335347350468405442475502724705125051643650848160/230835309542197640629620523191010710411892927543604855842706596742009,105932171344630311474927483230293235435293477440725461200021217298077/230835309542197640629620523191010710411892927543604855842706596742009
409901177306524901083/1224995471146623091263,0
221442363749967148794251/475232699099605338033360,1
6356614461504235160312674005797904546693017/83811049444264090547943344951116352345122977,13852795814466797518179228788677610955201660/27937016481421363515981114983705450781707659
70081415344510365429133431058560595026212350216289458887922294239/572941646532580808595353985566926203766589539407330912025415725144,39813356633730465010318906076306803304787719334152257262771158870/71617705816572601074419248195865775470823692425916364003176965643
