17
0,0
0,1
1,1
1,0
1,53/90
100660870672319/133202401415841,1
1,465731/492980
4069392841402461284/4763664201063425889,26490605875260432497/31757761340422839260
0,676199488858692040091080226245299/1505066294318035797863231632905620
9222341/10686000,1
80085911576907246257/99969196268835975000,615536007168450610073/666461308458906500000
1,1911472070441381/2416960983695200
18304550579941067157124920703/20236530451289322016276260360,101121397040949405450676460407/134910203008595480108508402400
0,93600112932386144329328410510969/120673611249166560680739360940000
0,231103690821197722650393660085845236078429/5532755385059593660288375473345745553048800
1,22177704673391876863811043795620584963485507547062522469/240241146870350021299219295761126382971230119774479068600
144856080051182687417076561513379643792118291797304657731/167033784724574564280887605309000228755603799344367180200,0
9
5 6 2 9 10 7
3 10 5 9
4 7 6 11 12
3 12 4 11
4 8 13 10 7
4 10 5 1 13
4 12 7 8 14
6 0 14 12 4 15 16
3 16 3 15
112418644394906263487123416319274179628384692321/72471427223891296287805424048848415128192023000,4340880515921636609674949099238228816988130241/2415714240796376542926847468294947170939734100
32501821190219910952209733798320149753/22264994748731066389416245091865719000,1028597501337249760628578278518622919/742166491624368879647208169728857300
1,1
64482656668571066999766825975327021743448774514554563629251957293/45694779619501754327633394297932601670280692868652060163938767100,134910859407963182420272116222490240781958360102557928979230910139/152315932065005847758777980993108672234268976228840200546462557000
1975526600284089653/2089790024448219000,506027938343057251/626937007334465700
5577193456520715986770883/6300013905481993232709000,187949808057299040751909/210000463516066441090300
1,465731/492980
4069392841402461284/4763664201063425889,26490605875260432497/31757761340422839260
361368599186160292599989191199896/225759944147705369679484744935843,2107813242977249231143678483566899/1505066294318035797863231632905620
9222341/10686000,1
80085911576907246257/99969196268835975000,615536007168450610073/666461308458906500000
2573507632160459/3021201229619000,11917578400277823/12084804918476000
198905043763558282655489392937/252956630641116525203453254500,610700973987999291934449436901/674551015042977400542542012000
11892570503479093547138627923921/9050520843687492051055452070500,187828374839749847078122869934169/120673611249166560680739360940000
31317802458907289237571617722523479143849563/20747832693973476226081408025046545823933000,49729742893136497951999917153606343111008487/27663776925297968301441877366728727765244000
23669689801650982119804760477693240653539134774784887220899/16416478369473918122113318543676969503034058184589403021000,39333456293412582168624393947490996010057598830112373760477/49249435108421754366339955631030908509102174553768209063000
8768185473332092585750116154784013365600459216720090054359/5706987644756297612930326514724174482483129810932545323500,5306556782324926040880630702494938438546606139841754041519/5706987644756297612930326514724174482483129810932545323500
