12
0,0
0,1
1,1
1,0
189745651857/458341037158,1
0,32046184969/221791836826
0,12720834925567/49778257532616
613087047888554016540719/8103234473363040711928320,2437784509635131759864657/8103234473363040711928320
42878762738489375119496380124409443/372864801280343797681983671088855960,0
0,4945184323015955079763591198149/15412594098737862300959536810052
301443336552288300252635485438071115363343/3739219840958289414909253838239104389656240,1163214958110687270024722242833876414340329/3739219840958289414909253838239104389656240
27947465457004739593845547963597072921176637461238061/70827706008951408423699487485095665645137173045362540,0
6
3 6 5 7
4 9 1 4 10
4 10 9 6 7
4 0 5 7 8
5 11 3 2 4 10
4 7 10 11 8
-253242787166354656519/2235070045049328848890,122544521164487273593/2235070045049328848890
46009851029603470648353013/70120722395841782964605400,-2246619285117618634978897/23373574131947260988201800
493119874401037011922345372884851239837285925789/454501705876080170929838534298211368385726217400,-40727882302361669338251750462915636223309996641/151500568625360056976612844766070456128575405800
76173864885117383509614465164712546739964753309/454501705876080170929838534298211368385726217400,-101030660746750621102181472428335895924756488521/151500568625360056976612844766070456128575405800
720351324932747556060583989507432149/845768542873113721854451974742301400,1439642058576972630504172901316090361/5356534104863053571744862506701242200
0,32046184969/221791836826
2948219758579425818875009/24402185256964841413481672,11447288076606288129379151/54904916828170893180333762
684443351041207157903656243190179423/7150228824424399991517786117918945792,2095205394398191858922953113492978905/7150228824424399991517786117918945792
99837292772302843169762257601293947090752004229/548354828451917007101865520365552939042440949960,446173138450510766746695173758859889525531389/205633060669468877663199570137082352140915356235
5322700433253429842794481811319/92475564592427173805757220860312,6926468273624571386136142178887/30825188197475724601919073620104
195255025927426268754765174519146261234135/2243531904574973648945552302943462633793744,224630586243461525546559392312555876851631/747843968191657882981850767647820877931248
-4454811812113812923401345492931332777708269845478889/60709462293386921506028132130081999124403291181739320,-15791204214069214540892730096394553896294549061901583/141655412017902816847398974970191331290274346090725080
