16
0,0
0,1
1,1
1,0
1,815364849418259011207/5984157256963759964610
0,22481250620038318038452/50865336684191959699185
5786147926619303791105463336/14375099893169868194068001281,22922473417502582429475927136/71875499465849340970340006405
19069/29122,0
1,1304597758044309236159295967483085518288622947954244/2562650304378390426177663530215718029120342522323245
152931903829023497388372000348054210919/215544665223583951699567130655354777440,1261283378957544560271769114025789473861/5604161295813182744188745397039224213440
54859425106755819/65999058534406144,0
29713962918461118720218879917/70484964320729778607651948544,0
0,29713962918461118720218879917/79083596251178528810965791296
1,1383490341131740219672736148809741978314564930057664578085997/3670549384577972138990245537107786408562999872832611184256960
1,149037438274506395964242237464599788490876449325280997403826825359560585971/237594447633407975917272931672418624150315327741752458302140980962053791680
0,116868528934799815951054422539635740080200300177906191641540255062710964211/237594447633407975917272931672418624150315327741752458302140980962053791680
8
4 9 6 7 10
4 10 9 4 3
5 7 11 12 5 6
3 12 0 11
4 8 13 9 6
3 9 4 13
5 6 8 14 15 5
4 15 1 2 14
605560578135314721194261975055680569056377/1940525138117826022869844428091794287648857,22999393574446349933674983758347383372860803/62096804419770432731835021698937417204763424
50986735681575713776594782109149363653767705147890864034328529622098944871019107214101/4391959764891927073384140776685396708860269720667014361989145376221592375009097233306425,64243343942588757816972082999672147096947097216563074939172612696042188314115296407817539/140542712476541666348292504853932694683528631061344459583652652039090956000291111465805600
2639505631096759280200482514119040938136668211967295893139007781517540862579094118392836/4391959764891927073384140776685396708860269720667014361989145376221592375009097233306425,-49295255822496877657781227782950066753907690913794088909811121429060314485296353111317821/140542712476541666348292504853932694683528631061344459583652652039090956000291111465805600
1015418460985201792641678786402/1374405432979010947445371737377,-6211873630434535554028563636325/43980973855328350318251895596064
197640933847280009973278501807870603697111350020106/316333009452760268781011510131717499732105835931845,-194879799646429547531458708397368561064707937908777/2924322931829961595842239738106543997523467283281056
5392134397408235680146345704671744/14363369370646062181288756527621717,17689636274475957149360375538031844/23938948951076770302147927546036195
5786147926619303791105463336/14375099893169868194068001281,22922473417502582429475927136/71875499465849340970340006405
19069/29122,0
405679036279579411360215423144765303688619529913119/512530060875678085235532706043143605824068504464649,-442921976127479152251617633062655010858362444345056/2562650304378390426177663530215718029120342522323245
152931903829023497388372000348054210919/215544665223583951699567130655354777440,1261283378957544560271769114025789473861/5604161295813182744188745397039224213440
54859425106755819/65999058534406144,0
49937331250089066336470382509/70484964320729778607651948544,124984088500150505401462745/550663783755701395372280848
543548023606891044172232626/1235681191424664512671340489,57232738089320403337247176787/79083596251178528810965791296
2504619374598758083194769042517269717871351597469061743582363/2894087014763401109588462827334985437520826822810328049125680,-1360162163724795175163450797495078238388631248838425447395733/21498932109670979671228581003059891821583284969448151222076480
53583103935900790432505386073860427042727239655312370944615502982033100889/59398611908351993979318232918104656037578831935438114575535245240513447920,-31142641660064777686974876892595701542795656807111747798156526629779480891/237594447633407975917272931672418624150315327741752458302140980962053791680
25071924409411743753483985310586376159500957483758918965744973235144492489/59398611908351993979318232918104656037578831935438114575535245240513447920,179759616617231758429063197532428670674006317720915969143703418469091456709/237594447633407975917272931672418624150315327741752458302140980962053791680
