14
0,0
0,1
1,1
1,0
427290810010461/1455546622257980,1
372180172840471/1455546622257980,0
14984952427/20001405437,1
3932823100294422582568968007/14024566978582590065580673420,38924461490638219299474738358/59604409658976007778717862035
0,15066769601138525551966787379889312600475442/16825545076718364053504497704190279586508245
23252820964958783876588498047/79446907956448564083551107360,1108679168791414906320556145/1134955827949265201193587248
32850773063420677446059287843/95904595085767589841390225808,16759758241633528993478210327/23976148771441897460347556452
1,141575651543505379703661736780734569584947/391406025948897809647472740479248882209192
2258238426059090506802609429752589589305608983574519505779/10173814322250928075437776491552919765089538299098548957200,447382697148455919421211116821557573294385419797317507128/635863395140683004714861030722057485318096143693659309825
0,78736536678105648377689421884634435588667986001288566841555386142530473/129039958706075097827995337664888579147041457778293141508055483680606280
8
4 6 4 9 10
3 10 7 9
4 10 6 2 11
5 3 11 10 7 5
5 8 1 4 9 12
3 12 7 9
3 12 8 13
5 5 0 13 12 7
1812671462422279256571300636322702556098238748094549096705475720887926997819063120213/2233009029045062660879071020613764338391269482299625294235980358265728050940155894250,5664419086160977935928068521183402827949544589872975823001327353441805012916818984157/4466018058090125321758142041227528676782538964599250588471960716531456101880311788500
62194169523260277637924072878/106082657594794850127491514025,103727830715139085410757987486/106082657594794850127491514025
425332045820261531454895429/517140049662226849909669253,641182500695629574687950741/517140049662226849909669253
10517193022709285928970603584451758984604365734703314091/21049708592091583769612662019897930327266858797240356570,69282959666275397605566883573884110867517741265658606009/42099417184183167539225324039795860654533717594480713140
427290810010461/1455546622257980,1
14568899224485493298856092436186836492228623624305629376816182900722929/15319416120366842246538761616187401910268949440351244080025536863964300,375461426476852154233474838597076545821638798288239751728730203561721/356265491171321912710203758515986090936487196287238234419198531720100
14984952427/20001405437,1
404444040269597042545018573995877256305237949494967138081/970457000918478197890313117726349718171066443191452457660,657493714614443483156196805591773307828586862915830800327/970457000918478197890313117726349718171066443191452457660
572440737957170369891273260246606472044586/989737945689315532559088100246487034500485,14698310943350587656651050689103520738608561/16825545076718364053504497704190279586508245
23252820964958783876588498047/79446907956448564083551107360,1108679168791414906320556145/1134955827949265201193587248
32850773063420677446059287843/95904595085767589841390225808,16759758241633528993478210327/23976148771441897460347556452
10373668412420806678440635028792164084304/48925753243612226205934092559906110276149,558279633313143655669566648572753164152317/391406025948897809647472740479248882209192
32850773063420677446059287843/95904595085767589841390225808,16759758241633528993478210327/23976148771441897460347556452
1935624018725434120318291243544339374890002094814002999826745908431455/6451997935303754891399766883244428957352072888914657075402774184030314,24157640845231086993682698475413297564302521506912984859929027092105861/25807991741215019565599067532977715829408291555658628301611096736121256
