15
0,0
0,1
1,1
1,0
1,83401792252/110555433143
0,26993446194/110555433143
46013751634209310379/102054639255770693824,24197662146045490433/51027319627885346912
14592977/31327552,0
0,9114853049387243978003649415121/11072393095079308257626610975104
271093672106604991341/308308928547428986654,106798306844195777289/154154464273714493327
2362152303/2976704366,0
1282858378531645310238221/9512796839043027532243424,0
93465853052334008966606517010855435/1152751841454253154338097287881018208,164573544494389524353251903220305537/576375920727126577169048643940509104
7193798050855653653731216770697/22316093755437412899668842995486,1
0,38037931127359698569298292695855786311243446321/102451315382899765447339249026978346993064036192
8
4 9 6 7 10
4 10 9 4 3
4 7 11 12 6
4 12 5 0 11
5 8 1 13 9 6
4 9 4 2 13
4 6 8 14 12
3 12 5 14
2423175086647312571402396233731751/3629307729745059515798435977656080,449232498987259620016710042139479/7258615459490119031596871955312160
9427186954226543194084/15404405302435426997813,-3072058020437389103601/15404405302435426997813
1463774742855382995059301124552323566771/2665110685207388317148009235558737682890,1840649230014882604519521755000482246507/2665110685207388317148009235558737682890
1334455474050445361/2249125378583648890,113206358362249587/2249125378583648890
14866432481355688857576603307/19127156186325319914721627790,14956653321401374468682788009/19127156186325319914721627790
59543048080747996404673028951272586141921293/80247937614240607946681988198344518857491888,47260539970862998501694183451643663298393661/160495875228481215893363976396689037714983776
46013751634209310379/102054639255770693824,24197662146045490433/51027319627885346912
14592977/31327552,0
1297779812804670905532081567991/2768098273769827064406652743776,-1059287435521624832543691567273/11072393095079308257626610975104
271093672106604991341/308308928547428986654,106798306844195777289/154154464273714493327
2362152303/2976704366,0
3786690556697492067808401/4756398419521513766121712,99128498908846682006235/4756398419521513766121712
119859404013067428417118523840306637/144093980181781644292262160985127276,44552750349070844078596898372897893/144093980181781644292262160985127276
5959642705300443856122857161171/7438697918479137633222947665162,687085884501628158621799802875/11158046877718706449834421497743
83735387219510857820963981014575494280317170659/102451315382899765447339249026978346993064036192,19678355946473119833968260525572895192389868041/102451315382899765447339249026978346993064036192
