23
0,0
0,1
1,1
1,0
1,8780/13949
1783/10563,0
1820841/9958870,105877/9958870
61/302,0
0,3435933395/4384463354
33360737/160539436,4742107/160539436
2171/10202,0
33610211382653/192440600794815,17408985272657/384881201589630
3361632629252147/24141892080995830,0
285220575240945870112/1364565488336730264865,1
1,2157867901620768403427/3237212814716552798180
1,313005393/904765936
9099354474501/12677087165624,752877675797/1811012452232
2787189883163996732341959634757/3820560497891076494339344460250,1704176188360555484471443344653/2183177427366329425336768263000
10188933652312515363335717362172732969411549/10834229399876631908139460718586835223307760,1
302359007332000000972668308873/4807804255280000005169675411020,1244658791251999999969419621253/2403902127640000002584837705510
0,243593718720715999974120681049859/415140255628800000302501143349632
22101497942363210434862393555907937/132559807144203317451814767378439360,652312354983089284365430465335279/8284987946512707340738422961152460
0,3032693556566762630664049371016350181/11493880204753886531890251194887025420
13
3 15 4 16
5 10 9 16 15 3
4 10 7 6 9
3 7 5 6
4 17 14 4 16
7 11 9 16 17 13 1 8
4 14 2 18 17
3 17 13 18
3 11 6 9
5 11 21 22 0 12
4 22 20 19 21
3 20 8 19
4 5 12 11 6
883392370598/2963087970245,453144639521/2963087970245
11958311946713984250847329/8310407533071532201200820,4137759895087171129825601/4155203766535766100600410
481782616197431634819031468729844/644992192839630411165465257572157,7300335361594775280909231391436726/16124804820990760279136631439303925
63040938855842501/54289498061836052,17699788585668303/27144749030918026
1,8780/13949
6302306792751037/27362898225376350,327741255398497/9120966075125450
15833126682889/66637214195975,1325869774552/66637214195975
61/302,0
260037507890160000059312184650871999947758879329887/296389722730400000111716126259920000082362144104890,-32510838785359999774175916440615999983218953076661/296389722730400000111716126259920000082362144104890
33360737/160539436,4742107/160539436
2171/10202,0
537869/2514318,-8330/1257159
2466580994392586/12070946040497915,1207374912083211/24141892080995830
516847345483219251444177152732350016349/370407877171526417675616669690829564900,20938166065622969381480781236291804763/26457705512251886976829762120773540350
578096525821643811833/558140140468371172100,2506272277397748786556/4046516018395690997725
1,313005393/904765936
9099354474501/12677087165624,752877675797/1811012452232
107039728859069491798021/99834483890213634882600,1169880221415961029347/3565517281793344102950
5259506653214781048528962817126082049814889/6771393374922894942587162949116772014567350,107047978560082723356896548616224554421059/266852940883660884436932530014454069539600
50132000000000000013733/78520000000000000084430,-38051999999999999996313/157040000000000000168860
1519055540865020000355287597192719/2075701278144000001512505716748160,-15717449582099999990047943536421/64865664942000000047265803648380
13207298973543227951541137/54123439226607313107938156,-20208073446676727699446937/865975027625717009727010496
5668214224099234061096024438905031437/11493880204753886531890251194887025420,-71248442944546084205161467618470161/2873470051188471632972562798721756355
