12
0,0
0,1
1,1
1,0
1,2443/81520
0,4939/81520
0,25044255192120909669696592732427444027616030054604318901223249054185/39353979570108096446524252693167312394130433901547767034792053294664
1,8012658354788704251865281658318280023106053211217491393803693898177/39353979570108096446524252693167312394130433901547767034792053294664
863993075282597/1640278799555798,583396494121759/13122230396446384
154376384963/314257227194,0
89672619062339090471429683562310601478077203204127907171020798203118213105234/563163333543942857661808431404318931902588293560320224866531332602808689380973,2556638689614085202847929203455065332616429326286625642796481971380613736007101/4505306668351542861294467451234551455220706348482561798932250660822469515047784
1,201663050637834622244357984244178181801686450579425112160379477135693977016202065715439744761816145931501967568027819377624053242154585859/293475153841887600129224402663473165112506885153054033028001038199338511255672195318217746216831919887682674918307101268579634182136412568
6
4 8 5 0 9
4 9 8 4 3
4 5 6 10 8
4 8 4 7 10
5 11 2 1 6 10
3 10 11 7
0,0
-96825565323552627419245962172067669416744439178454125174185752291202911644952745677354019618403662648487166013618059241176827/340234563742304053746252073263376284457097328776484291751251283980636317545433064974363213756373466855772294708194100674766920,-10610553460653375844631584626142157753900631895154386932591098983459646730220628022234177539991439931447418065342130710532373/42529320467788006718281509157922035557137166097060536468906410497579539693179133121795401719546683356971536838524262584345865
1960430458425356911306457411727799062575503949375033415971136012055531682262797159468075053152933552370548953961711929237364577/4423049328649952698701276952423891697942265274094295792766266691748272128090629844666721778832855069125039831206523308771969960,241213916493471239515857939048959541025600292717320017416409544587363857218596469220474506190707606842619484679365098424858588/552881166081244087337659619052986462242783159261786974095783336468534016011328730583340222354106883640629978900815413596496245
15303501226682762413198/40425356307160480828105,20055938130021353433984/40425356307160480828105
83990490774791566227880978/205967190384982649819194975,1656833345217479995673621539/3295475046159722397107119600
0,4939/81520
-346578993131567804339510943485820326359286687947396348004557470237/9838494892527024111631063173291828098532608475386941758698013323666,-5058294984055272346100263721125540036689362198477025358560984600925/9838494892527024111631063173291828098532608475386941758698013323666
95903896468988448902954987946254310601673086698497710346294477311029991679265259846530353/397724661556583511146725421515074091954866443167726980833900242945970627726262243074432930,25796182755991500753404697632726772874842500500028052511355777695300967042220836515429907/56817808793797644449532203073582013136409491881103854404842891849424375389466034724918990
863993075282597/1640278799555798,583396494121759/13122230396446384
154376384963/314257227194,0
5545122096041889334940847859891354898806310421335610436897838837268275/43347997477612142452380077496850306001797711509324773255202152839488986,-19727330581600919593802177240295248276842641037680839348120879223292381/43347997477612142452380077496850306001797711509324773255202152839488986
48259857326858303316482240019434509860838233578093000742631810988412189805852412612297411166522328732515600054458515424617510067525127085/73368788460471900032306100665868291278126721288263508257000259549834627813918048829554436554207979971920668729576775317144908545534103142,15304160205439929793908052856113150736932602422438292218150797484441071498958418832263609400727923754682538383646759572792424751703531223/73368788460471900032306100665868291278126721288263508257000259549834627813918048829554436554207979971920668729576775317144908545534103142
