10
0,0
0,1
1,1
1,0
1,36/395
0,1029/1580
0,17/48
826569820058683/1816214094196285,0
0,1637181463489683687691/1815501573883438407720
1,53006346829666630557/100861198549079911540
4
3 6 0 7
5 7 6 5 4 3
4 8 1 2 9
4 4 9 8 5
0,0
-195054/655925,307693/655925
147581/655925,-251627/655925
5150650617762750341957587197589/8745462375621479890180961614729,-4619351094189309940578956601408/8745462375621479890180961614729
345863244352806581217450546630523/690891527674096911324295967563591,-1901978705938229998364954713998204/3454457638370484556621479837817955
-198974493066775908232419604668838/690891527674096911324295967563591,3885416402759718082172811246311469/13817830553481938226485919351271820
0,17/48
826569820058683/1816214094196285,0
-16159294116884889353/75645898911809933655,6515839955395246907/12520700509540954536
15875051342292944599/25215299637269977885,-94445760997466451/695594472752275252
