13
0,0
0,1
1,1
1,0
0,50613970113579/60766281971503
50613970113579/55420590596096,0
1,3925379/14467646
10989805/21532072,1
1503904832811047218058936736351753/3362876983635176073071211293110040,0
0,1503904832811047218058936736351753/6160523995406203708494094243972270
1,4654692923587406/12543849665533173
128097027232382990602553/146200112633309689571262,66609854167245390497951/146200112633309689571262
2433294247658366678692991683508/2498287206192336256589498103501,0
6
4 10 2 7 11
3 11 10 6
6 5 4 1 7 11 12
4 12 3 6 11
3 8 0 9
4 4 9 8 5
5610112232215400640867975168/6763982886660294913114520225,6151245559237934473902678474/6763982886660294913114520225
23663327252596/33647145269725,49546806104628/33647145269725
1,1
8278525478721954064701786718431764246774588584/6468192787800540841331662251240551996702521875,1363481343883574225041940585259810616326236038/6468192787800540841331662251240551996702521875
8770978030574620232304491484/10223059584981163568493233375,14408398706341053963522198912/10223059584981163568493233375
11971441974735148226342408763/9323723313603986722259968000,290296319749695370620972423/1165465414200498340282496000
607916282959009675280928804566089928167/556240493887320944657506299888337827450,6665116549986703592110652395981170166/16360014526097674842867832349656994925
10989805/21532072,1
73182441711583573021288565286606561/84071924590879401826780282327751000,4877152239196226969153504694172206/10508990573859925228347535290968875
45150581194399536878165816990490624/77006549942577546356176178049653375,136608942010685618826347009138633739/154013099885155092712352356099306750
1,4654692923587406/12543849665533173
128097027232382990602553/146200112633309689571262,66609854167245390497951/146200112633309689571262
1050139445192560191209330025248/832762402064112085529832701167,481843895101665552428059396673/2498287206192336256589498103501
