18
0,0
0,1
1,1
1,0
21950465583959/23370460976937,1
0,9810701450/191219507929
27998232108206106487183343732944101/42684745995699279246594338601234050,30470041790976380287775836572142993/42684745995699279246594338601234050
1194055603075952737389/2160241753233702053990,0
0,328372012881727321780519568167348682483929975/536288768354779205443348640220099193023889962
107852823/196319308,0
12926989108692803252476804113/23293672423773435362843249620,713999130334783790597146521/46587344847546870725686499240
952227114362662630422570811364081030708651717241/1712911100133744893350168729864137177421865766460,0
4982787897442234847/11083999531398418580,61617814169530942181/121923994845382604380
2294013/6743920,0
5801822399064319844287035605796956932017564437747562750696191/7017535254657972399358509672560513193565907905622759501414500,6220264420876722777597444286626542044156431037109135457678863/7017535254657972399358509672560513193565907905622759501414500
249507117301643835041398153187528077775941209399/327832324575648088061019966932043269021248913440,0
0,293541092561682665280645513671225/727754218924699720277534121599312
0,3070267420238137876853293983609773852071717322088476950634930778155675/3758917789757903497686353731401206780570071617117159890358161281815296
10
4 12 5 0 13
5 10 9 13 12 6
3 10 7 9
5 14 4 2 3 15
5 11 15 14 6 10
3 11 10 7
3 5 16 12
4 12 6 8 16
4 14 4 1 17
4 8 17 14 6
0,0
6761013380087863216618125967707420770624268012659628330319640988/35534883012338740047468643276652778143571411314617699808934165625,6056397745593394386141337886949715618519393525189983133264865316/35534883012338740047468643276652778143571411314617699808934165625
3343001529379944744973489500847515465374/8214067653188128770052637698257287415325,8918204304758363815180658341859500929847/8214067653188128770052637698257287415325
29488395645766004525801211313644084515626/238207961942455734331526493249461335044425,30171443539026397108092271265472374517978/238207961942455734331526493249461335044425
2590104267798723099691580193386832943396467783468361832/5567029878971855757142444380065303887851340959795426225,1982820951531033558098184140076371446871771169339108457/1855676626323951919047481460021767962617113653265142075
0,9810701450/191219507929
1767262714546678864306385588914427076077264809/5080677924869208199841465095566404687556626050,1982796476319211413517204049711362687613774379/2540338962434604099920732547783202343778313025
322286509408114951694111249664471945/589408816062517079512414435034028847,6382306850222650703930422876259136/2947044080312585397562072175170144235
7527451684722229356480723920497803861104337324205423070011/46279181738183837094853820733513043058588171684435184990450,2208118792413870239692942163316760218627895677778660129569/15426393912727945698284606911171014352862723894811728330150
107852823/196319308,0
12926989108692803252476804113/23293672423773435362843249620,713999130334783790597146521/46587344847546870725686499240
1437163377362782416160956739392249967885934908749/2614443258098873784587099640318946218170216169860,11148154237303366123288531690249163827974601869/12418605475969650476788723291514994536308526806835
4982787897442234847/11083999531398418580,61617814169530942181/121923994845382604380
2294013/6743920,0
5236131588319842577073730477763488838318315151143671171077/9679358971942030895666909893186914749746079869824495864020,44897846227993076081789194624920715834426245097229313055907/48396794859710154478334549465934573748730399349122479320100
115702054283337005816128536812542019554755291201/327832324575648088061019966932043269021248913440,4835545578839128387062575285873981095167332289/81958081143912022015254991733010817255312228360
116450050113527711965944204723639/330797372238499872853424600726960,24940043030015070136838086409559/454846386827937325173458825999570
89287906382351146290544838388693655170999212066362411414449105759781149/244329656334263727349612992541078440737054655112615392873280483317994240,35670933833777665379241793389174092202397792097457198683564115860914371/305412070417829659187016240676348050921318318890769241091600604147492800
