16
0,0
0,1
1,1
1,0
1,68727026113/98398927150
21473980921/31364614600,1
31/149,1
9/149,0
1,367/12463
3267557524898/3320714317597,0
0,169218902763212/246801679384959
262024728907/1457760783183,1178265343568/1457760783183
0,40991536856411931727129391613303/85358476088275973658307268973112
16731521586506364447087703491/166949624970774583643202186065,495225045826238524913624072787/1836445874678520420075224046715
2150441609459506184963159096501/2315800010986831799597467529975,1
3900820029944452136453/4602460360849683816125,7771089790873615328203/9204920721699367632250
7
3 3 8 9
6 9 7 6 5 4 8
4 10 1 6 11
4 12 0 7 13
4 13 12 10 11
4 14 2 4 15
3 15 14 5
14100511334864526010502/14103019281106997496515,29357900113266741371788/42309057843320992489545
9238/22685,21321/22685
129521138624807335213/185360003053298055625,126966338482462606534/185360003053298055625
1,0
1,68727026113/98398927150
140185683739991163548113150767343/155522689017404797920236744053000,12157416665610766917470763569828/19440336127175599740029593006625
31/149,1
92166731225259651287/92631689349126851531,209560653681315660640/277895068047380554593
1,367/12463
3267557524898/3320714317597,0
495379049050977193657828912905851348/1223775943733745836966900594798001495,66097852847584735801836208664215776/135975104859305092996322288310889055
3494780916333711696022086437647631/7228364825650947770113718074363815,2047363355005998739270924714701248/7228364825650947770113718074363815
55604568649836615887485843395041/106698095110344967072884086216390,839157591362059375123664309139151/1280377141324139604874609034596680
42830173149321100625216736079/59240189505758723228233033765,137231031360623127459871111001/177720568517276169684699101295
8053914774482992078526024965333/11579000054934158997987337649875,38578200655415688069559601702/51008810814687925101265804625
3900820029944452136453/4602460360849683816125,7771089790873615328203/9204920721699367632250
