9
0,0
0,1
1,1
1,0
1,453081667177/478861194360
0,34235125901/239430597180
1,3118522227050282125291741010608370469317/3437026735828938908601634825536332626343
1269118760975973697687173477896179074205470624621994/1333033286293766499187122746614206480584883699813585,1209934516588414307396855647965700971883384795191722/1333033286293766499187122746614206480584883699813585
27381529360222626610539212960488605866502182611728430494222029/28176018940035112448302514876854005938467236713248330804297805,1
4
3 6 4 7
5 0 5 7 6 3
4 8 2 4 7
4 7 8 1 5
72914320345316619357637563015877675382241142954706281867467170579299276149908/5906845704698071647711747298168665014238164601395909468232316471447192735069585,10798211922228084312474968799147122149802978837129555973823042577928801427267604/5906845704698071647711747298168665014238164601395909468232316471447192735069585
126218795618981030655171702745769326536984668402214263439064181379230861529329003113055450466343649357/148550862655494231120048747412070198547531889291690396001803143880125296012948238456452194721951843775,276108665202255088993874007757911687345179173542687759596973300503911479511628475760392824140631592976/148550862655494231120048747412070198547531889291690396001803143880125296012948238456452194721951843775
5294189135676670873033/5029786457341953096003,23502956929791436641631/25148932286709765480015
5979221398450175578424110699191754057283069728278007117394125775162086598633972/5906845704698071647711747298168665014238164601395909468232316471447192735069585,10718444270648624265261334030190714861572969069529598837985249522553310107417731/5906845704698071647711747298168665014238164601395909468232316471447192735069585
1,453081667177/478861194360
14727063668603065767019719147837823745411801784166791611414865901083142069721141068198867/1414279594525977226206050236101774984722416953259359265588079771733351775392268265404770300,198601596882198221346648582511387290449362118166839051578961156759026909474130845190134588/117856632877164768850504186341814582060201412771613272132339980977779314616022355450397525
1,3118522227050282125291741010608370469317/3437026735828938908601634825536332626343
1269118760975973697687173477896179074205470624621994/1333033286293766499187122746614206480584883699813585,1209934516588414307396855647965700971883384795191722/1333033286293766499187122746614206480584883699813585
88457280353640770257926050076198678043528930780602205829245237/84528056820105337344907544630562017815401710139744992412893415,76668426968725132565556732699597312518623158381150720366454391/84528056820105337344907544630562017815401710139744992412893415
