9
0,0
0,1
1,1
1,0
1,114630028100994965/180241166775237616
0,2782992600346901/180241166775237616
1,17783889434663897934842332755626/45278355800565388366028812947337
11746054665969999214979880788349244036704258769139/13730924882250016228126884165239217343481895099728,7500919350164021034793924975366052169178242605839/13730924882250016228126884165239217343481895099728
59818137866509660536523994091952686735079646331020052733341113669/87067119412563620750302431413831005308343851437060427430847110168,1
4
3 6 4 7
5 0 5 7 6 3
4 8 2 4 7
4 7 8 1 5
3167165516843443390143143968968351243139977016384149685312073735/2181089275626248864415780560661023492292866109418541534346402397,2982379371347499300119505905690872877722500675587314820767057957/2181089275626248864415780560661023492292866109418541534346402397
5581946168162509005740568422852982977729847579106466611088633337109268594652746042896545149479735/3066927612539141357504068726256620057301629982137778353573208433480560830192715545498649181737192,353806044710966109863502375848631020273034843904556993192238000618469794618261591475675741933385/766731903134785339376017181564155014325407495534444588393302108370140207548178886374662295434298
233099454155680353410908699324480/175768115432743158575089208001217,667030661705856999098442453587235/1406144923461945268600713664009736
3036205745219787876932149523674111178822740758114226395701062907/2181089275626248864415780560661023492292866109418541534346402397,805225273340627628297778050693527762308623416638202082028467962/2181089275626248864415780560661023492292866109418541534346402397
1,114630028100994965/180241166775237616
564794604381592665303929895948754160718432155461906525712140450654157075729760265/393122075879832925848136273726073559630253437328597404642849901224162014426965552,134477999433361173060672291568251654642469369655016222574405019181028096496438635/98280518969958231462034068431518389907563359332149351160712475306040503606741388
1,17783889434663897934842332755626/45278355800565388366028812947337
11746054665969999214979880788349244036704258769139/13730924882250016228126884165239217343481895099728,7500919350164021034793924975366052169178242605839/13730924882250016228126884165239217343481895099728
103368615986288169020691908355625641523337788279719205127672343725/87067119412563620750302431413831005308343851437060427430847110168,16885652780103319357934530708827439076490884208388599054036927129/87067119412563620750302431413831005308343851437060427430847110168
