20
0,0
0,1
1,1
1,0
0,10159705009/22555439032
314950855279/1147922745266,0
1,1543426974010319714357923/2370657167227750162669630
206389102276479471419380301662484797/1733330924520769986824195201371565510,220957585986369882912776117563964607/866665462260384993412097600685782755
0,29463190020293392487868554731454516115737372387/183800590357915817810910021886101676581089345302
1040437/1922787,1
6067635645886692791146583313/33317333629605599391974187365,34500373393977858399901057889/121780598784075639156871167610
1,45314926139987485958691210638761254199358607601478851/701807236153208689751232132597092923221824622059532270
0,10330517525145169282648063943/48561196100940988409668562685
195500710039047822583767137294053173697841720546534/3009610209558131332250578476970647875322644598794465,67611786271119103761137042764897986521812419234452993/319018682213161921218561318558888674784200327472213290
1193296878198129002018611615947050238810306751481426168258043527815487094001/64108448644634202755171458731715736923493438817964069473174054844042677106488,0
1015960357/3273477213,1176989989/2182318142
862039315507007484906115603/1896447552301410970699418960,769576937864797581327261243/1896447552301410970699418960
0,162250085326627/272070570262558
84549116259778211680098647789739905946660564918236304352/184303865018647283888916235570542306795722866376916104195,231469143579111264199360017573137878990866757798565488277/1105823190111883703333497413423253840774337198261496625170
13278830650905462819524747696799202490988430342140809857211671/39979400842951975221223417073938832082242404799711226164147590,0
12
5 6 2 9 15 16
3 16 10 15
4 17 1 9 15
5 15 17 4 7 10
4 16 6 11 18
3 18 16 10
4 3 11 18 19
5 19 5 7 10 18
3 8 12 13
4 13 7 4 12
4 13 8 0 14
4 5 14 13 7
9072643867403536170285195018745114670730891542559742813683393828450517/30515211534411590681869266021510329424005659275751101538159442256760690,14424013446586782378366400454889766530912984961419022335008225392034193/30515211534411590681869266021510329424005659275751101538159442256760690
75492027846/87258533525,49444891197/87258533525
1,1
18409143976985827114418963641827902264546999867102788545583/29477067848188577761218446063670149116077721838155766317250,30280415189050811794394652988056601227382274417960002026981/29477067848188577761218446063670149116077721838155766317250
14937856937177575113/35145616659729741925,467511581960160138021/1968154532944865547800
152650852871758788183530164118345801470436253384509939129738447265203/319220723081931844423792404099309330196448318402631009598354666902250,50520794320810195094996336718486387911231598014534716129879864020473/159610361540965922211896202049654665098224159201315504799177333451125
1,1543426974010319714357923/2370657167227750162669630
5964274986206238520912234999078456127197624807/30249582917442970490822569052004975007213744550,3264420583229220646194241789537182398583597787/15124791458721485245411284526002487503606872275
2235082498850958160126675674347950678634233217/8669839167826217821269340655004796065145723835,291627051312723661320524759475740847069859153559/919002951789579089054550109430508382905446726510
1040437/1922787,1
1232947550095744309705489210836397062/2218307953907495445420113587863975905,3047191775207305193003727107028123907/4436615907814990890840227175727951810
3716147317611307147939581396581933447099037488754431/6620822982577440469351246533934838898319100208108795,243357219845624116315745695265214263280148427936696969/233935745384402896583744044199030974407274874019844090
12566339619028973430113407/59496687210170287196359425,9210005228472827664057325991/26978442278300549116482534825
6067635645886692791146583313/33317333629605599391974187365,34500373393977858399901057889/121780598784075639156871167610
22379950785284025448482178968128949668915333914770969745246637318094978975217/80135560805792753443964323414644671154366798522455086841467568555053346383110,962173505266859420238986292444432867644094542173423386786521666680970619529/2015988951089125872804133922380998016462057824464278914250756441636562173160
1015960357/3273477213,1176989989/2182318142
862039315507007484906115603/1896447552301410970699418960,769576937864797581327261243/1896447552301410970699418960
73716051583206/136035285131279,88401958897011/272070570262558
1015960357/3273477213,1176989989/2182318142
3916774638389863028538516866076740961545200366125640375969537/7995880168590395044244683414787766416448480959942245232829518,1491690669197670831171659689833958466823316271997916640776608/3997940084295197522122341707393883208224240479971122616414759
