20
0,0
0,1
1,1
1,0
3837277/13239952,1
0,4891855/16403686
74254964/258368189,1
0,19/48
0,1892797451508237664487/10990573737140574137508
36391105142529345892084/124563678245454422024059,1
0,83584827/148765715
433650127726468/3523051319221825,16143068430483723/24661359234552775
524162395349545806639983219741/4190766315292210776067412746530,10915505783751011593051748638531/18159987366266246696292121901630
1870057132494978650583338203924/11385828190547308815473244236575,7259526866275962630837321120488/11385828190547308815473244236575
21732585983418191352116/85130358922223064066045,0
0,1917820545118015257481763/2468444835062652880266760
14452491469094100937030375503868/101934207143832591555376056428925,1697537380326982474951306972595461/2446420971451982197329025354294200
484319633882437466615565158025526499410246492963/3017373953312311126065007019174994511956894264800,259070293531616406569930306724792294084451267681/377171744164038890758125877396874313994611783100
1,1787158109337493124962376852600084186297/3835732350886105807550090990585602557480
8411191167704900398208094596554308045903386882/47061695109376851925791390314874097946817219525,766497893625180327876775750360456689015424332491/1129480682625044446218993367556978350723613268600
12
3 10 7 11
4 11 10 15 16
4 16 6 1 15
4 5 7 11 12
4 12 17 16 11
4 16 6 4 17
4 0 8 13 14
5 14 3 18 19 13
4 19 9 2 18
4 12 5 8 13
4 13 12 17 19
4 19 9 4 17
-97151888086440/461686968761833,40122226688765/461686968761833
63955592040166174700953228485087/1326899850730458429764170411866100,114646085043499752484609038423656/331724962682614607441042602966525
-96688249209722523865775023526158525141852072069/612612369934274031669398129412298168367986561300,-24287336364427817301413595074242707949428922747/153153092483568507917349532353074542091996640325
-50906018994757718946560489084/1601721578680480690874304987925,-616879357042158975566441604422/1601721578680480690874304987925
-2772724904063787758274761468739662630550605190548755289/17976483229679764465104753755738886623574808469917355300,3578649104941020331455994177431411688947347210844321833/6536902992610823441856274092995958772209021261788129200
-50847842663656309210856/671400432723827385143435,34524773061538031932963/103292374265204213098990
-52789078239197281099778137201516778902877/342828711417598871637952406401228367492900,47127380353719146466605054727235261378924/85707177854399717909488101600307091873225
0,19/48
-81427279077006660644/915881144761714511459,2296335928932804485005/10990573737140574137508
-25733723848293883238804556042147533558990045340235790287/165283526070330324582384574302332403631591692833286499900,22696159034152069588842504703218069130811741357491279844/41320881517582581145596143575583100907897923208321624975
0,83584827/148765715
433650127726468/3523051319221825,16143068430483723/24661359234552775
21878477236814180804517193384499/272399810493993700444381828524450,4346982365599185698188655839563/6984610525487017960112354577550
433650127726468/3523051319221825,16143068430483723/24661359234552775
-6662659262771140862084/17026071784444612813209,52990903830514925829/198439065086767049105
510313869920865529918971/2468444835062652880266760,155057806704915877929482/308555604382831610033345
27076597287209334453594591826627/163094731430132146488601690286280,40471018111456681714176722678738/61160524286299554933225633857355
32243055071276288176279632909252178395343277199/188585872082019445379062938698437156997305891550,387638995821011676134385359688346696611086035961/603474790662462225213001403834998902391378852960
481057849226328082465246445309794919981/1278577450295368602516696996861867519160,-76807153148604820440962285548207310639/479466543860763225943761373823200319685
27076597287209334453594591826627/163094731430132146488601690286280,40471018111456681714176722678738/61160524286299554933225633857355
