12
0,0
0,1
1,1
1,0
123576598528/822310069415,1
0,22756431717/30479969125
0,127777/131730
1435094823687544/11217362282341395,107947270297039367/112173622823413950
14947637931547983784563283357/20438482267704547388708318280,0
1,24460439058308820899233437157266523052/52147913851630639590931185838236205955
1919582309180560336365187593140213940301373/5200747819132171618419533784080164041328170,600912424668839309955402324012392393849269/1040149563826434323683906756816032808265634
1785919109979955765657891900191377306393204452/8801988580735378088709481467687916296891961155,0
6
4 4 1 6 7
3 7 5 6
5 7 4 2 9 10
4 10 8 3 9
5 10 7 5 0 11
3 11 10 8
-154135188145028321256511868010124/265297928428449442695007040415135,86250601123362296431191074098667/53059585685689888539001408083027
0,1
-47025197412327909759997/182805030166741230888445,63821645545975249523449/36561006033348246177689
-628793011881305073832222402280363707544124570613241/1531723901214723228976335680584796599994177526575429,14097007550897156854788292336963000396741178751047988/7658619506073616144881678402923982999970887632877145
123576598528/822310069415,1
236073098496600988/8846882014187354475,52717728266218248856/44234410070936772375
0,127777/131730
1435094823687544/11217362282341395,107947270297039367/112173622823413950
-117008937256970983320854306406505750470101529330396251843/556575840597405908590787023350645037504715493472020523002,1233088055733209082710840442941263274543470879885252438341/742101120796541211454382697800860050006287324629360697336
-37710122797004737944550281188314180643/52147913851630639590931185838236205955,77751678644018590509944047248578050252/52147913851630639590931185838236205955
-120278674893920595629/369846068169183541578,365957196306203312953/369846068169183541578
-134101439531864383214140807203394398950092576576/191883351060031242333866695995596575272244753179,280226211951365583419483528907967083920372433875/191883351060031242333866695995596575272244753179
