21
0,0
0,1
1,1
1,0
0,37/326
37/304,0
0,166130646823223/281006480151920
166130646823223/250963634196420,0
73/280,0
27541531778028069/79760015045190220,5639247162832756/19940003761297555
1,16502831420986311468339600158/29349280299021414814681069555
6006514091834462/115712340205576855,15063658304838449/231424680411153710
2704491086589358904302382413/9793726130594889924230976680,13498751269084714986450088991/39174904522379559696923906720
2504605868791077168166495389029/5603655036593293893543760941680,4304154759399041169218726238377/22414620146373175574175043766720
40556409402898040/87174395152500799,0
120616271890906149195277053034815001147/130130455016969606408854920453767693546,1
1,4826720264591940599593049169877302952659067/23900152714717400905948665770400725930488360
0,6253959470182839/365249620533225545
13695496579421001558013675870217061177713149067/16779269360997289421278565933118805968100086650,7454457165105106774637903436492388501852341018/8389634680498644710639282966559402984050043325
1,4418171872888821514590413278141383/5133083271236219270827568707988500
52533039772287839244530402467634506977603649461539189364811/65787042932036903099091376329790023540427666499148321413410,1
12
5 11 5 8 9 12
4 12 11 4 6
4 9 13 14 8
3 14 7 13
4 18 15 2 19
5 10 19 18 12 9
3 15 20 18
5 18 12 6 1 20
4 16 10 9 13
4 7 13 16 3
4 5 0 17 11
3 11 4 17
5624/49673,6031/49673
-45768285014409257943363678421779981947939860076240369557482449713/50671876007424154101843226025333942703375554527792720391457763570,-87172248146151598736968769947623106592232745029651406930926703943/126679690018560385254608065063334856758438886319481800978644408925
-1041935425718178867187561487/3548684689411147973135512570,-795739182041570305046638081/1774342344705573986567756285
4616776231998476203830248671911991039262379092987337951/191459935581895395807495981251495460982082118865864907450,-27973752666260601500817652332113796049205736640019182094/95729967790947697903747990625747730491041059432932453725
75049293678197294870521675852/679697168804766977348381284075,33860298416149838929875943293/1359394337609533954696762568150
37/304,0
-69770260010126076407787729297245718899279520367614781/65203254147364908346740912224545084384932586279878700,-16426696075062631443961637780652820086507397504916521/52162603317891926677392729779636067507946069023902960
40640460758553744104287258440753495950489653/176021064351038327510925783581602965508586100,-363813691203543412129878405297288041735842/14668422029253193959243815298466913792382175
73/280,0
27541531778028069/79760015045190220,5639247162832756/19940003761297555
107834271126958746904071623459/763081287774556785181707808430,-21758070867372448771961292492/54505806269611198941550557745
6006514091834462/115712340205576855,15063658304838449/231424680411153710
-500593442755007555000443154872238285917/544970551104364321008598888359824494642,4997363996217440129551320816483076993707/217988220441745728403439555343929797856800
5897740459203341182416424871817/28018275182966469467718804708400,29447458712680687848127122065331/112073100731865877870875218833600
2543760159712878424/28331678424562759675,3181624482354205208/28331678424562759675
-1276568528570636218910238161170717675892/4229239788051512208287784914747450040245,-1589442026101434498548843682513087306037/4229239788051512208287784914747450040245
-4052589972411361414802596264277645760029349/29875190893396751132435832213000907413110450,-20157545556577924961705766043150155508854807/119500763573587004529743328852003629652441800
456495070979419112/4748245066931932085,114166474319377112/949649013386386417
-813246217647341797496/3995419106225360416525,-1012054034996003901472/3995419106225360416525
-5178990631957010432317791132931327/33365041263035425260379196601925250,-1155201530952989454291774788198821/2669203301042834020830335728154020
-372461247097801083488015110475449157921105655555680664034798/2138078895291199350720469730718175765063899161222320445935825,-774594230943032976655070675465947272030531475372463099361841/2138078895291199350720469730718175765063899161222320445935825
