16
0,0
0,1
1,1
1,0
4471438282039/13709286223490,1
100370054279479/150802148458390,0
0,26017/70140
5137465871335812489/12062778601685587540,8518264803836491919/12062778601685587540
1,71204890339335533058115039754387/101862009762257691593555430260080
0,9838959417188410547/60331321245796126600
111037167903286765102723570553901/201782424200763791966403195187688,1713549844045494901690696655926441/5044560605019094799160079879692200
0,67965133441316866946754713/90498018512154219052429960
381913306285378849248733/2514986449315085490763920,1
1,18938304001715119265974043715206631947694409099/37821320273467312591492576837409019973611346800
1,18485334699093628066273298498759378300743956128529557/20558082221756844732567086819183701635187149463105680
5870524311399021850240594335736739237644842749127117/7943271834062238516534382656161062572088036083703240,1
8
4 6 9 10 7
4 10 5 0 9
5 7 6 11 12 4
3 12 1 11
4 10 7 8 13
4 3 13 10 5
5 8 14 15 4 7
3 15 2 14
-11906361442524403808588261476979070771/125461086881914831139192936782532420042,74199677665343128588793420232898406275/250922173763829662278385873565064840084
183165046492835128906916760593016829905171477/344142897844264429685584705417905991485707050,323528373293552160029625167961051000369979233/688285795688528859371169410835811982971414100
2320137498603154795637532722616133008103094166763325931451955136814634/21819617907998158463643933230422594101765732039043127406421802785717325,25832643650948527261959937978641571533474501293788081994306234700515567/87278471631992633854575732921690376407062928156172509625687211142869300
4459932318304890883594884950661422612993920738851938240054473457/39772911125487661365907954230133874284349818246357811916445899665,22087198064097689592954790676580723844230184239196679609203556593/31818328900390129092726363384107099427479854597086249533156719732
1170759659410413500783/1701477762366428322650,11948711910626204095757/22119210910763568194450
2111330084337940522470182097378509028982029213735173/4729950362429371626162130324782187028429221559763095,2584518152794815148004539591948642341021328308085765/3783960289943497300929704259825749622743377247810476
0,26017/70140
5137465871335812489/12062778601685587540,8518264803836491919/12062778601685587540
-2573194086040805553708863102709/101862009762257691593555430260080,2234888011119622837279699011027/6366375610141105724597214391255
0,9838959417188410547/60331321245796126600
111037167903286765102723570553901/201782424200763791966403195187688,1713549844045494901690696655926441/5044560605019094799160079879692200
2458257386099573660274308619/6653866811106138955829912809,74961970287073196401663052663/266154672444245558233196512360
957323181062441517121518229/1479315029487133285667337744,57133461760458500403405707/154095315571576383923681015
144394849732014437069994581231271187908691579/1512852810938692503659703073496360798944453872,152635168887750969988722538294785508192436213/787944172363902345656095350779354582783569725
1214924809465252270817871641603328999161601833527574741/12092263962837376071695960467043853301817081314198760976,246034880101843478326466115585517066145794395519066163/1259610829462226674134995881983734718939279303562370935
428484729996530212408373021483629391762583139403803547/1168058123198852173856380969588484251225545706108561442,6560039100407602037754825770173488306191773564941183767/23361162463977043477127619391769685024510914122171228840
