21
0,0
0,1
1,1
1,0
1,26129/70245
0,155255/224784
1,5/6
147554725/315041853,3070201615/5670753354
346865248857567/474545510614861,0
1,2151773/3799570
408680809759/491676537527,2093407383303/4916765375270
0,301817294481834/414306151402315
224977713840962/265412180114875,1
128135807254450408/135710457357084125,0
0,1925670598586991009597269/3053219496701589200389915
3851341197173982019194538/8137905203259033100279675,0
7734104864599235/19907175155389879,6448349631441649/11375528660222788
66223975650929381/142782389591393710,250454979860719037/285564779182787420
69558994532026153993171/216330571419048585330380,1
7675728668377176060387456137/28383329527139408106869238130,15344305937472689068476264371/56766659054278816213738476260
0,941104427176547040484036649104791/3851103610375384422513476056450780
12
4 9 6 7 10
3 10 9 4
6 7 16 17 12 2 6
4 17 11 5 16
3 12 18 17
4 17 11 1 18
4 7 10 13 8
4 13 3 4 10
5 8 7 16 19 15
4 19 14 5 16
4 15 0 20 19
3 19 14 20
1103329744275593771117680432328/2012147632921549606673735659051,6869737902289029433605192420064/10060738164607748033368678295255
6498877574548221928294741/15903255425893574747447380,2212249228384757736253841/3180651085178714949489476
200726869/175978609,130908481/175978609
13105728566004991650953/11434046696672943963739,43349556374124197673596/57170233483364719818695
11111718376743155/13737433467207429,4590770841760233/7631907481781905
110643501887698657/182793708657652176,909776322279439/1088057789628882
1,5/6
147554725/315041853,3070201615/5670753354
472554390653083/474545510614861,394361257043520/474545510614861
1,2151773/3799570
408680809759/491676537527,2093407383303/4916765375270
4923667080944534851/7658034902520390460,1275434632503683203/1531606980504078092
2626521309216/2480487664625,32663753163191/53082436022975
1111202522832681694/949973201499588875,134446995785251872/189994640299917775
624466797045247862047405247047/959407056009546971260122210620,152962669979561517580950956907/191881411201909394252024442124
139566673737938302265987854/138344388455403562704754475,3174597474672893853918024/5533775538216142508190179
1271171761816095/2843882165055697,36658494180171127/79628700621559516
607818219/811362190,580023677/1622724380
123555551435541891737811/216330571419048585330380,22610459511291648319496/54082642854762146332595
607818219/811362190,580023677/1622724380
1041011906557103013819263656633/2115990994711749682699712118929,342780515407639405528447109098675/770220722075076884502695211290156
