20
0,0
0,1
1,1
1,0
1,53/90
100660870672319/133202401415841,1
1,465731/492980
4069392841402461284/4763664201063425889,26490605875260432497/31757761340422839260
0,676199488858692040091080226245299/1505066294318035797863231632905620
3201809726946396/3753693997093235,1
74567138971086069043078554175/91023680826324216703949752653,406479765610625280006013166194/455118404131621083519748763265
1,456506304720801162612637/579475430250920253869810
6959654599475267558385507154353362401/7871993319622147913970828232368950841,61710157819638221132870661379898626657/78719933196221479139708282323689508410
2590940688679715595327628853999233759642/9576229665264677524454711827274639771205,1
1691050480379119424742821834907723728122741257353731/3999123378153704131356622367723250963217838999343690,0
0,198374867123932963853668931711549467/312986496065566001815224000484926576
8146460975150322853910679589242289903931/28694724138431392616165106134397901815675,22082945740994132079792042016016127542071/38259632184575190154886808179197202420900
0,689440547261726928651129438229906677176431/7687868481921180164326604565863396410558101
1,479478111704489595870935499011401286288957080281419802660884152100062811/2863284471602594390764184476641881202689162669354064057130761628711415730
4337197744426111799418596595214460129467293652797065714615695428317527549/4816675856130601395289532094225861415756250733078485517276579580417590360,0
11
5 6 2 9 10 7
3 10 5 9
4 7 6 11 12
3 12 4 11
3 8 15 16
6 16 7 10 13 1 15
3 10 5 13
3 16 8 17
6 14 0 17 16 7 12
3 18 3 19
5 19 18 4 12 14
6442840094773343085598296045467260807413333418080621/4061590008494405580770781734722004746561101503832725,44146635020598792892717945233047580081424737504219413/24369540050966433484624690408332028479366609022996350
449908860978720356903728453828641556818692/249563955546923396486943208412090242854385,1085923665863900104413888473207768777074283/748691866640770189460829625236270728563155
1,1
1302661156629529837210120483345582988619777608649761771598103083/883698602038602057463784720075697908176699933234003894381566650,1742752527988535640707283781252780150563632545899779570583941039/1325547903057903086195677080113546862265049899851005841572349975
4042399987495794898510664737914715159536838078242262/2792345796444364609394566507908569984018189500886525,1532681413105473269106139666265977801934075402896163/1933162474461483191119315274705933065858746577536825
4936157514836584994966234793171987549489828/5292953561720526484809999248790880348207355,14991300322391868671964828423445508989523414/15878860685161579454429997746372641044622065
1,465731/492980
19553701790192729509923491331224022/12626990713188938495322990059096575,13381292832436456973405397524031661/21646269794038180277696554387022700
361368599186160292599989191199896/225759944147705369679484744935843,2107813242977249231143678483566899/1505066294318035797863231632905620
3201809726946396/3753693997093235,1
74567138971086069043078554175/91023680826324216703949752653,406479765610625280006013166194/455118404131621083519748763265
3197322770681262266766874/3766590296630981650153765,743515679263280770097139/753318059326196330030753
1306735594402425048419620802567764227758703014856438952/813781935813111678731875587495367475943180791738595825,512775400391834159854643251889913407157395918414330411/813781935813111678731875587495367475943180791738595825
152535657989110798023159859174861007603828/154447396396191850330308044598865344002255,572674122603508363326279203988787973911167/401563230630098810858800915957049894405863
51594438334924985326059043922854617435871741203856763770302389726867/27561120647102737487642038910618157748764762637643940522114695214950,41336818822242081269837977240357410537923304257198962460435188830381/27561120647102737487642038910618157748764762637643940522114695214950
56282702495566551598854226733914561/39123312008195750226903000060615822,465941306022318973119327157137936187/312986496065566001815224000484926576
4849910894967/3585584725025,17386721734559/14342338900100
292172520377641240092839536318930689542094169/192196712048029504108165114146584910263952525,673055709096728573109867539765282642357262769/384393424096059008216330228293169820527905050
25118633503939939786517742441335340908881079130961425207431836869836506501/18611349065416863539967199098172227817479557350801416371349950586624202245,22384010142533531581338728567522885391931973807205609320650690127123168123/18611349065416863539967199098172227817479557350801416371349950586624202245
3672220069765137413388836225352687553843454408575898079057052905105055856/2609032755404075755781829884372341600201302480417512988524813939392861445,28985876360625606212811652005753859532637424331002939731824862095438787579/20872262043232606046254639074978732801610419843340103908198511515142891560
