22
0,0
0,1
1,1
1,0
1,2626604/22674247
0,81851987/90696988
1,26241/35645
380365837315/2385844301103,617987001089/795281433701
176971111172632528901/455867960481656268318,0
1,74451880716855206981/729140590241008951618
67097474929769171591/101459881414471574813,0
123384368735446674725/726954304243348030376,282263966416333239105/363477152121674015188
52708583816119105252117/300733754553182376681382,919771728657004492212341/1202935018212729506725528
7598957576398568163118309/25252309401273204733064152,1
1571477851871892599248639999870548419/9680221024293697062929548085254707560,3713202326048953465308223096908711541/4840110512146848531464774042627353780
0,34208295172328932958196057069240018113839/56062354724206419808302068770724256490104
1,3227375656944804980382933588123023/4463175407474747373685708108366760
92462564571591038720610968102075046796289/153917883000970010861931383203504171401930,88230641764029845260948355267834786215151/205223844001293347815908510938005561869240
3394532636644886361087833747544989533037417/4705930595675225212465707687331742921182980,1
1,3940808461585065561928067169884906646455677/5252206420615404413305941109671660034601240
0,3560788391876872031102844390387050840575198975987936703651/15474432278396148356767347134094474667179112380247157185960
3560788391876872031102844390387050840575198975987936703651/10643123261143582500252172352092980173818626017444638888020,0
11
3 4 16 17
5 17 12 11 6 16
3 12 7 11
3 18 2 19
5 11 6 19 18 13
5 11 13 1 5 7
3 9 3 10
5 8 10 9 4 7
3 20 0 21
5 21 20 15 14 8
4 15 5 7 14
14261025618285516447198606/16959065980682930279192485,6293047052173042730185382/16959065980682930279192485
1456882775153035287968141241460410240683/3237144751248634980481333562315038545160,2553343847318054012606556139059009874331/3237144751248634980481333562315038545160
1240959709/1273572781,603161621/1273572781
14815306630955257/13316134133588185,1905800571750016/13316134133588185
2739936586305692827/2669841116634287863,305410005580086716/2669841116634287863
352960700798593371404361622402766890606348687727/954197655639346403483561169057173985237220428760,805651526199986247285566716814797472702213821489/954197655639346403483561169057173985237220428760
1106527652357257325688532715639019679730441335059206145576747747266183/1092904584672061863800967611579159792030246055123231669187145381566010,393008985030746986135046353265333180432052887258953151650237740598292/546452292336030931900483805789579896015123027561615834593572690783005
13875793243555356305384940638906558701998533/78835858565633538026014226786263442979698040,20622064033819425887070235029252749110870527/26278619521877846008671408928754480993232680
87751168077365897805826505551263390496645060665826064310106298201390518649563670934554/87358006735780694123566406618368280996221756195502952997919609118950289819685896266775,6684841826795238868708900452391942636596257220847704254995189178233993399500428204647/9706445192864521569285156290929808999580195132833661444213289902105587757742877362975
369435702393434751485/364570295120504475809,86822032889246396837/729140590241008951618
14970102285321822485/14494268773495939259,47916967863060006512/101459881414471574813
123384368735446674725/726954304243348030376,282263966416333239105/363477152121674015188
52708583816119105252117/300733754553182376681382,919771728657004492212341/1202935018212729506725528
7035662920346324540206621/25252309401273204733064152,3418233345851429219787503/6313077350318301183266038
123384368735446674725/726954304243348030376,282263966416333239105/363477152121674015188
6181629408383129751353479350430079812247/23359314468419341586792528654468440204210,160238549704877107405293301048627641628253/280311773621032099041510343853621282450520
1,3227375656944804980382933588123023/4463175407474747373685708108366760
92462564571591038720610968102075046796289/153917883000970010861931383203504171401930,88230641764029845260948355267834786215151/205223844001293347815908510938005561869240
3280217421878723297633094005532154617689633/4705930595675225212465707687331742921182980,39266799524807363721370040616933310916566/78432176594587086874428461455529048686383
262249929838935643647239499905013588914107/262610321030770220665297055483583001730062,3792640710340042519152270530921738021026427/5252206420615404413305941109671660034601240
12062077082108921658738071233343202180920890871373347673657/19343040347995185445959183917618093333973890475308946482450,34562976177138019989813408339459091602962050725473420879321/77372161391980741783836735670472373335895561901235785929800
50601749513503147230234005305219459618652402882924735291521/53215616305717912501260861760464900869093130087223194440100,3046789788735096994217166422152998387019900562803638331131/4434634692143159375105071813372075072424427507268599536675
