17
0,0
0,1
1,1
1,0
0,107/201
107/148,0
52465/74204,1
0,75743/128208
51057734008000000194362530294/286318074432000000441499882981,0
67123178666666667676766840/4035992757333333337886921447,6297268576000000005040882127/12107978272000000013660764341
0,6146123463/10208431658
1476495787241/18887496492076,12012959723229/18887496492076
0,707834052637691766/1224865114244640631
1,48550841586135391523523993672485069/233349826254168709623241313416815805
18743494970424309799236018545667476777/38069557005658440590017235123926423651,6464703203893807427089121460205675461/38069557005658440590017235123926423651
274826078341979/400671332844946,0
549251234965/825969129818,17635607253/412984564909
8
3 10 7 11
4 11 10 1 6
3 12 7 11
7 13 2 6 11 12 4 14
4 5 14 13 3
4 15 8 9 16
3 16 15 5
4 9 4 0 8
12469424283282177574218117532420929479942487012920569204/24529789087203083921675523066672464871816705005614838765,8580691979505937418676970895254867964636205699077158902/24529789087203083921675523066672464871816705005614838765
1801725628328800713/6194165477493185426,2047185919254101695/6194165477493185426
62022940993387339846636329/58586993218193445873226034,22867601748605487501068069/29293496609096722936613017
749901825173239350316098828226924549198617029/838006448386012504652720979857247894808270186,90877936982328254315689395007203194617697174/419003224193006252326360489928623947404135093
-4339215339640362731965156007696720/448429977856100033493113245693603041312883829570585047,683201016721872065833849164922786401271239451882961087/1345289933568300100479339737080809123938651488711755141
347897015847526487197/474485805469143999362,62402620045701010185/948971610938287998724
88866754571980364647997/114907963772976082837726,194726808153360794196289/229815927545952165675452
0,75743/128208
2731972976632000004796264124590/4867407265344000007505498010677,2531501967552000002026434615054/4867407265344000007505498010677
67123178666666667676766840/4035992757333333337886921447,6297268576000000005040882127/12107978272000000013660764341
0,6146123463/10208431658
1476495787241/18887496492076,12012959723229/18887496492076
-27390473349107791/2449730228489281262,104499482017716576/174980730606377233
11976034427350252703845552483388349/13633922432827834719560166626600474,28766834479709107459033363908505573/3033547741304193225102137074418605465
371541388133257994990075402866363127155/989808482147119455340448113222087014926,43443620975039494247888552172104292561/494904241073559727670224056611043507463
285266357835755/400671332844946,7089514115706/200335666422473
549251234965/825969129818,17635607253/412984564909
