9
0,0
0,1
1,1
1,0
1,153427019/190079848
82342192/235769211,0
167798314975566368806597835231/212686046217031494460234523813,927973851308849365863340365545/1701488369736251955681876190504
278310988419758101453/306895800940242489704,0
0,12441346426102298803195649693137222287/22839787457859454517956526384539264472
4
4 3 4 6 7
3 7 5 6
5 8 1 2 4 6
4 6 8 0 5
529015440140552192114237855745744832816588630698585559209/355477715246220848143273503258743241498201498849577625000,-39489125384045131725550359278474613073411225846949874163/355477715246220848143273503258743241498201498849577625000
25691491771924176/18343493894253125,-2369282087766843/18343493894253125
109000686619761463/91717469471265625,77783541141085641/91717469471265625
1,0
1,153427019/190079848
362390864014310940154202487274534696580498505325697/256166389697252902493497300890669581670828412763496,177014105922765825245419484190620705024618426089295/768499169091758707480491902672008745012485238290488
167798314975566368806597835231/212686046217031494460234523813,927973851308849365863340365545/1701488369736251955681876190504
278310988419758101453/306895800940242489704,0
79123352657837534103333166413441745482/82794229534740522627592408143954833711,-149522204926421800254047085584420951885/662353836277924181020739265151638669688
