12
0,0
0,1
1,1
1,0
1,153427019/190079848
82342192/235769211,0
83372514798733858580141697064420/93354172687091954828759099688603,1
1,158383644774050227132353139385313/168365302662408323380970542009496
1,2180564496601131311498051954561954632006431924359/3664464395855652538995630329263246175920556886415
1129742770744342916668385820056847403545927672991403928/1350589527724356619269716832950134524622104218130520265,182018334028972327184207615176845645617849325592151976553/301181464682531526097146853747879998990729240643106019095
9576012816586643299937319649515528220265685130404198106609326687970505984668089057748515935/29167558249047049095752898651082912944875845954699095274166557378470657469847657917535007779,1
0,533886695105659533941968941539227027948644448047944440103244584463237182021571490719190205347/591342772005179393741592859436320197270238558830369628742900544591060217929580025065681300957
5
3 8 4 9
4 5 9 8 3
3 6 2 7
7 4 7 6 10 11 0 5
3 11 1 10
26095819149976038045119668284262038642942041688/10921281943150528302802972218816644294945078125,15106629320708506742958397460634763919207022784/10921281943150528302802972218816644294945078125
186720836810415427779160337408750155417796882954982343190739030812991577969443595337038932415432349979618137882382713317566655162119591725184/90540120259559292296504140452304717265930926672008094996639873404092383004986324628527000001402626200216902083599192297432161205179674015625,56860674702536662062097619263571473945458615078286844069634731351876467019568830338229966773779095640172821555371845607989355543713122906613/90540120259559292296504140452304717265930926672008094996639873404092383004986324628527000001402626200216902083599192297432161205179674015625
109000686619761463/91717469471265625,77783541141085641/91717469471265625
2875936223507811933023275556688941463849149145027729352166216606708501748541685139791615269945469/2694330137938752512389838519731137515980272206138740544222771094551508463155529255666825894996865,3196240384264699902265900810975098528834833315737794053849424269654535229941089661346631133873194/2694330137938752512389838519731137515980272206138740544222771094551508463155529255666825894996865
21458367795785461633460364533570731/18253071121270127324463247286338627,621587648506425250296413892848561997/646680234010713082352412189573139928
57853138091571551100844725246876408952/28074281177718753300329967676980975735,4682715497976976698316394556400727104/3119364575302083700036663075220108415
113063299997298637843914912559948/93354172687091954828759099688603,248806883060621348997873429981/334602769487784784332469891357
23792193271036044478462557075067/21045662832801040422621317751187,140669369495686320346791176154593/168365302662408323380970542009496
1,2180564496601131311498051954561954632006431924359/3664464395855652538995630329263246175920556886415
1129742770744342916668385820056847403545927672991403928/1350589527724356619269716832950134524622104218130520265,182018334028972327184207615176845645617849325592151976553/301181464682531526097146853747879998990729240643106019095
3303984475156320514942242180766080721473475355998135178558027457017425584463081137818552876359/1895891286188058191223938412320389341416929987055441192820826229600592735540097764639775505635,1048157058636053705402941962626303056092141032861662582431176786031876133599112380316817981987/1895891286188058191223938412320389341416929987055441192820826229600592735540097764639775505635
80124142187186010781246385938439943329877097055767957666595066308446461808242601752740546208472/38437280180336660593203535863360812822565506323974025868288535398418914165422701629269284562205,20503773851956506109345121760179038007460984698162300861144585001523374765802010094158406369571/38437280180336660593203535863360812822565506323974025868288535398418914165422701629269284562205
