14
0,0
0,1
1,1
1,0
1,88453253257908164/355957340801351895
0,29203141839898256/39550815644594655
1,5/8
693292561973264504068243299/2995740068730941639998283315,374467508457347620256848644/599148013746188327999656663
23501039480001268726915237457142371533071669/32810943637069059994457172644617901966420165,0
2745358231783107419075312148167680333/6066446337181691497854208301753538461,15166115839087973309773859281684323205/24265785348726765991416833207014153844
52914359520742208869669243322078274914849196/68515511874230733870363408834056050357196495,74004973820486160017357890632156147398210656/205546535622692201611090226502168151071589485
377317491851733133672359828934124608362450281330/416883014978546947428953173886768919342947412429,1
69950613719539282447453430078799816489740571781014874089055648431561919/190622639735517302380166888021367461781619977605619770475332175677265625,343336952498913652977560265728175660470603562708960559458935932797877343/762490558942069209520667552085469847126479910422479081901328702709062500
4450619855246614905399496754299843521313395194172371492625833525172111149219374/12627543902699317518790459683989429477137425958608445829856542892101368617660465,0
8
4 4 6 9 10
3 10 7 9
4 11 2 6 9
5 9 11 1 5 7
5 10 4 3 8 12
3 12 10 7
3 8 12 13
5 13 0 5 7 12
13802095061794370368374765738612334245620245104232940186926176515199401534222756711230600450169378342/13361850173262757455292860095691901379864462670814102131361430670136149539473078649096316483961804625,40189187142539865210444890183517253200377635822757174152537454981816912030584802516225289402223336272/66809250866313787276464300478459506899322313354070510656807153350680747697365393245481582419809023125
12539854894045826881071016738008591050413391976810040006188227504553965814/17015945389332367422144291865724506487486719174786311334764194382210343325,19386882987522964129745169482842258563507117168586173117995871306087198573/17015945389332367422144291865724506487486719174786311334764194382210343325
295147900845730840121/295147900781306331161,73786975195326582809/295147900781306331161
37592070683496128228077384308280909/31422455444331100061658593385078125,12594233925965402455545356382948312/31422455444331100061658593385078125
1,88453253257908164/355957340801351895
1614755749285397853308111533935301835572299551661569206083503490861062786668607092203710362/3364972595559874425803969248488069862294408146928448138434643870948779820436871340049639375,1223427287647247924930212664047030809866301077251889696814434100996132447624378717805476128/1121657531853291475267989749496023287431469382309482712811547956982926606812290446683213125
1,5/8
355326350170933340645316828653909829611984360047184886160078487834735296039444141/863556021832107537456456275473207961761133650032588686056473000190353407766086875,727349569409789029267476022675854048738299112168438914197288809017112424669742412/863556021832107537456456275473207961761133650032588686056473000190353407766086875
436109074265583222557667205167175420258240017/426542267281897779927943244380032725563462145,53317783410794083952072800906965203039032152/85308453456379555985588648876006545112692429
2745358231783107419075312148167680333/6066446337181691497854208301753538461,15166115839087973309773859281684323205/24265785348726765991416833207014153844
52914359520742208869669243322078274914849196/68515511874230733870363408834056050357196495,74004973820486160017357890632156147398210656/205546535622692201611090226502168151071589485
7398382194955486838602897171579497012073501720/8174176764285234263312807331113116065547988479,14888679103086653024548342846798756480799114123/59554716425506706775564739126681274191849630347
2745358231783107419075312148167680333/6066446337181691497854208301753538461,15166115839087973309773859281684323205/24265785348726765991416833207014153844
420624929327430284000702253525806688671029748587157133750633230408181002967104364/526147662612471563282935820166226228214059414942018576244022620504223692402519375,532797337612602359002923730701765689547779771901865335862469741464116203226901744/1578442987837414689848807460498678684642178244826055728732067861512671077207558125
