21
0,0
0,1
1,1
1,0
1,68727026113/98398927150
21473980921/31364614600,1
31/149,1
9/149,0
110633595958712853981320524659541/113627676216122964352407628584500,3737576222940096040590139714499/5164894373460134743291255844750
147573952589676412927/590295810358705651706,0
1,15713968530403698227349456418356773125118/20883212626859651075027802202097119964025
17812430853445752264468945393845414921/19985491021828728410150829106705818200,2004614014978845638878668171603157144/2498186377728591051268853638338227275
514652050181818192731317979/2877048585454545516344601895,2308623554909090957721134628/2877048585454545516344601895
0,60775921777230770507934279096/70964326838769232302330620141
17353362471907224776056571510666050395384526513/19665508751139041081871611031303332758765111300,1
453063/2308882,4247859/4617764
1157849223237333358342304470430/5031816376253333439656307024333,4037668974005333416765550882732/5031816376253333439656307024333
4208130836967466453456426615987725403145933550285490295643/33624048294092455788196552669518214473577429399440896105480,29490460005574581770112599250591559527867930399779089918317/67248096588184911576393105339036428947154858798881792210960
4477570810313889979894132/10810559411747263564227557,161357359761552189893189/982778128340660324020687
2809719670442994995286073586969933023933636882/2857004219246754457183536385128640548009447751,0
14821277733645237622353340842123788/114146754495306869078603324846994105,1581090124254601072323486763504984/1934690754157743543705141099101595
13
5 11 5 6 15 16
3 16 12 15
6 9 7 17 16 11 8
3 16 12 17
5 18 8 4 3 19
3 19 18 9
5 13 1 6 15 20
3 20 12 15
5 20 13 0 7 17
3 17 20 12
3 5 14 11
5 11 8 10 2 14
3 8 4 10
1861455431115926795628563403207406718575168195899878106/15744637007779567072660353087733202154678662205580100045,25542712319803780725376829407822977996805808523120089892/15744637007779567072660353087733202154678662205580100045
9238/22685,21321/22685
5843161353816301070702448299534069972379346228529632914565233926013490973/8362252045372751045739522034098439914593088836853143705773906855562965625,7692300600326804461329234239849012928804702731392650736299904429532389586/8362252045372751045739522034098439914593088836853143705773906855562965625
174224571863520493291476911573989207310337/696898287454081973160004688192369772724285,522673715590561479869413220333918623891506/696898287454081973160004688192369772724285
32519628877250082409865153835237687991194919761088821/34287021909076985523549778303549729226079488375418875,51430532863615478285185444429738322827885121780764231/68574043818153971047099556607099458452158976750837750
21473980921/31364614600,1
31/149,1
406022157793742426002902713240791295878877406594877881/6721922390140846687181640716539390031653640884330759045,10787713799903188937681358147223160950178698532710122072/6721922390140846687181640716539390031653640884330759045
110633595958712853981320524659541/113627676216122964352407628584500,3737576222940096040590139714499/5164894373460134743291255844750
413775182666863642962644772561/645931786093486311313293071354,3307503160392296788430588122/29360535731522105059695139607
32927190910996680339727470384098806157347/34805354378099418458379670336828533273375,72677556949415477175186093983453471470853/104416063134298255375139011010485599820125
17812430853445752264468945393845414921/19985491021828728410150829106705818200,2004614014978845638878668171603157144/2498186377728591051268853638338227275
4304580288596690102458393127718282309/15741066587878295774482533076535310275,13060458170753685739783011755765537112/15741066587878295774482533076535310275
153366310954181821433932757742/419334658592727281786499119015,3701343323232000077733770239404/4612681244520000099651490309165
13637992807541506110199875833866067604315763489/19665508751139041081871611031303332758765111300,3945037368475448820171331415500774906283078692/4916377187784760270467902757825833189691277825
453063/2308882,4247859/4617764
1157849223237333358342304470430/5031816376253333439656307024333,4037668974005333416765550882732/5031816376253333439656307024333
64740474414884099586043968773054006675097177464764966971/517293050678345473664562348761818684208883529222167632392,16995236074163003722060473449715403592812168587999972117/14571635230375928835621474613008977019968550118934299504
4477570810313889979894132/10810559411747263564227557,161357359761552189893189/982778128340660324020687
714251054811688614301853934901060834869767334/2857004219246754457183536385128640548009447751,14653626682736408258655730867018365994695942/19979050484243038162122632063836647188877257
1157849223237333358342304470430/5031816376253333439656307024333,4037668974005333416765550882732/5031816376253333439656307024333
