9
0,0
0,1
1,1
1,0
1,4216545748079051646230776973175300511093499949336314065786098743086899180817998818655855185311/70897927565704020133445001097008397024092608682266719544173603891381424866244230809048804789650
0,65277462459888255217245016181318078750145789749123143705235552595989943014807534350609804955039/70897927565704020133445001097008397024092608682266719544173603891381424866244230809048804789650
657483397/786387310,1
4230841195630511575983920753391205429832055171567792695799908478576368718472365657645413282427228777137/10253156408215887542315023848159850281554508889584368598942230025374656009608019563448394666371423967814,28982581351516582757686192095883956368711214656879772457226650354960102857201864193622144921257958642857/51265782041079437711575119240799251407772544447921842994711150126873280048040097817241973331857119839070
0,32195928859469442275386505014294535385736574958181052219092342044181548244397635007459815374144867353321427819391029312560213416749692165039835128490130477117648878422210149472567116084351810968203/1453559110142163787019955355092072909681124637879282859110421784021078352523688606098492791296283108740539496615093738024370776474122463424792103699667145822001443846001434783596569776260463042914480
4
4 6 1 5 7
4 7 6 2 4
3 8 5 7
5 3 4 7 8 0
117573664986528018161187986768997370112499456998715276229323928373674679161754260962511693475067530621307125306586192428337088683723784369043844072655662128113444359703084797097309017887565956789021511376007/131904652164255999238662816629124862143981354851437753801123214668389205273547651233604998465210732635644457535327954085249261258183381643738565151297966396918858769167121619929236950930117450981485510644525,141921208275557544383837581482889524088415988723287484174231555703100686175983411297234287198929637280748909150378314589742713149550132831350986038598823899012950182713989193282879203102882739927245631436339/131904652164255999238662816629124862143981354851437753801123214668389205273547651233604998465210732635644457535327954085249261258183381643738565151297966396918858769167121619929236950930117450981485510644525
0,1
50128324966532122/60265165105786525,70140402101130469/60265165105786525
-13339723677562282449739004796359760388226429826659292083952794024593023089922372056519669915934135724370944407423273917565037612586860658461750208078468910860581093516546479669277277898972402516231247825958/131904652164255999238662816629124862143981354851437753801123214668389205273547651233604998465210732635644457535327954085249261258183381643738565151297966396918858769167121619929236950930117450981485510644525,158061900053117700777099557774319768009242247834004816322916510077642473759395420701227797534828377930332887734241681911285234190759072457460556510092358651087719481642554368673206497850916034236599106551459/131904652164255999238662816629124862143981354851437753801123214668389205273547651233604998465210732635644457535327954085249261258183381643738565151297966396918858769167121619929236950930117450981485510644525
-46319694959184545011884425404421469957521299139421888186273837745529105558832383392142322821169368976099364262/427267531040524650138292247798357499771615625451633477802017241088645319989502988615397669228825915635042946625,973552726232285824525161100953023474284218978255115287754257396091862411548380788504007532890155067036034762807/854535062081049300276584495596714999543231250903266955604034482177290639979005977230795338457651831270085893250
0,65277462459888255217245016181318078750145789749123143705235552595989943014807534350609804955039/70897927565704020133445001097008397024092608682266719544173603891381424866244230809048804789650
657483397/786387310,1
4230841195630511575983920753391205429832055171567792695799908478576368718472365657645413282427228777137/10253156408215887542315023848159850281554508889584368598942230025374656009608019563448394666371423967814,28982581351516582757686192095883956368711214656879772457226650354960102857201864193622144921257958642857/51265782041079437711575119240799251407772544447921842994711150126873280048040097817241973331857119839070
16146190116705371017210868524393213479011881310729564838845383024897376711912276101699697379437377557235285003639957468670944951514738402610961900981963902041132770086314832900661842225876011319296/18169488876777047337749441938650911371014057973491035738880272300263479406546107576231159891203538859256743707688671725304634705926530792809901296245839322775018048075017934794957122203255788036431,1531985292008512450281058544666974764887573718133684858454709944444287054140324010750211991455005952172578500868076061309391944067595887660367740568687535766252754515940409979704702894752341882128453/1453559110142163787019955355092072909681124637879282859110421784021078352523688606098492791296283108740539496615093738024370776474122463424792103699667145822001443846001434783596569776260463042914480
