19
0,0
0,1
1,1
1,0
0,107/201
107/148,0
52465/74204,1
0,75743/128208
51057734008000000194362530294/286318074432000000441499882981,0
67123178666666667676766840/4035992757333333337886921447,6297268576000000005040882127/12107978272000000013660764341
0,6146123463/10208431658
1476495787241/18887496492076,12012959723229/18887496492076
0,707834052637691766/1224865114244640631
1,414486724275139354871278968007000853631837565623/443283457610572610449639818473342491935970925440
106046101357381010799329953528437070453670465543/134842834692814266377690803994778708757803825360,1
1,2111984471441439583607557779992300809/3130262707702084324929081400983764840
304086419301483662203197428469142433071/856936069076998475830408879687929254120,58068867331615988691269316807432027483/214234017269249618957602219921982313530
19954099551523/54141266816264,0
334905582367/891352177160,56975941251/222838044290
9
3 10 7 11
4 11 10 1 6
3 12 7 11
8 15 13 14 6 11 12 4 16
4 5 16 15 3
3 14 2 13
4 17 8 9 18
3 18 17 5
4 9 4 0 8
12469424283282177574218117532420929479942487012920569204/24529789087203083921675523066672464871816705005614838765,8580691979505937418676970895254867964636205699077158902/24529789087203083921675523066672464871816705005614838765
1801725628328800713/6194165477493185426,2047185919254101695/6194165477493185426
6783194533497835482889760709532909685834045225159104606858768584/6808008657073410017615704370751980421859823990421964131903062645,36658206006164545249725952092364200930282095096187221668261583743/54464069256587280140925634966015843374878591923375713055224501160
18494621279856043022071069767962666750081135/40123773740579543179403479931133683292751048,178410969344646055805206982233755201139291547/200618868702897715897017399655668416463755240
-4339215339640362731965156007696720/448429977856100033493113245693603041312883829570585047,683201016721872065833849164922786401271239451882961087/1345289933568300100479339737080809123938651488711755141
862829112977693071/1747568808957513032,5858255055167393553/8737844044787565160
88866754571980364647997/114907963772976082837726,194726808153360794196289/229815927545952165675452
0,75743/128208
2731972976632000004796264124590/4867407265344000007505498010677,2531501967552000002026434615054/4867407265344000007505498010677
67123178666666667676766840/4035992757333333337886921447,6297268576000000005040882127/12107978272000000013660764341
0,6146123463/10208431658
1476495787241/18887496492076,12012959723229/18887496492076
-27390473349107791/2449730228489281262,104499482017716576/174980730606377233
92545295431920908827483613269050114211313835693/88656691522114522089927963694668498387194185088,79500686636390714463480237282839363897647299693/110820864402643152612409954618335622983992731360
28677503422003055861131018761828808664683563463/33710708673203566594422700998694677189450956340,7454504695169849619413511574072468507289268513/8989522312854284425179386932985247250520255024
616416145892562930730476805997379903/626052541540416864985816280196752968,363011927333639740892934439579482509/782565676925521081232270350245941210
56669745778154350827221242361166261361/214234017269249618957602219921982313530,186520295125127005507875589571725702503/856936069076998475830408879687929254120
167230012198799/270706334081320,11452164191451/33838291760165
334905582367/891352177160,56975941251/222838044290
