24
0,0
0,1
1,1
1,0
1,223284799/492388458
199779800/423064599,0
1,7179730573/7434046730
6417028885/13596759458,0
1,392564056535200973888016697/2045508230297657965537472754
352208129939501043974415725/744772186474702017862432422,0
1,197/221
4930988403185/5297628155654,2222909776589/2648814077827
1266952976289316129229/1343473579769318734830,1
376140409490024548100/669340777398573165667,2424043747096363964007/14725497102768609644674
67603692803427688872/112217083004121037847,37665522133266297448/336651249012363113541
0,356481041753172221110129020147/1679378762657284663681208898154
97120894020864/162557733442267,52474791811076/487673200326801
956824178009133352011899334105686/1488368602593410798462785307086335,184209000146836352220380487616121/2976737205186821596925570614172670
8072575943169251111672403806478111733448065/12659333322245338926597543718440687348405504,0
0,35897067995548131773506812232870953/158111771152292007518399740019054738
404353741236036938352468912874150189359/6193938816081945495660967343840131632760,32012386611348014853008982449258706039/154848470402048637391524183596003290819
0,73760152814680432596481637530619875559272359885/372441462892855179464911562747779657072144806722
1597581149128719670621844975726042137233978551948697/23518051038207100571118596337671097846742371514145974,1
0,1685501046953591668349959395045204305301352770892661/2218028096663164891890574386953885017712678954875560
13
3 10 6 11
5 13 11 10 4 14
4 14 13 7 5
4 12 2 6 11
3 22 1 23
7 13 20 19 23 22 12 11
3 20 15 19
5 13 7 0 21 20
3 20 15 21
4 16 4 8 17
4 9 17 16 5
4 18 3 8 17
3 17 18 9
65273784214430961470161802513056815/2538833702009016833841550134879211298,3134695620972504577943063979936286169/2538833702009016833841550134879211298
37538287486161372885415/86065995209177810872634,141485838020577063224717/86065995209177810872634
61763167442140018119/60034229635634036666,59088930537968028361/60034229635634036666
7321497558741421903933797120992285699/8433409435641419013758508405552761430,2941053413887879448685926548947256843/8433409435641419013758508405552761430
1,223284799/492388458
707389265856873929320/959988418420273004031,62738021492653488384/319996139473424334677
1,7179730573/7434046730
5820871206123381363306757155/21275141203691738688282005138,8862048351374694505379708982/10637570601845869344141002569
758295470314665097458827965/1022754115148828982768736377,1008150350649417896145956105/2045508230297657965537472754
1244155221071534018270011551312889715645/1689984638438769090385705770811398689718,165751593381661688955033945375199136438/844992319219384545192852885405699344859
1,197/221
444927771824540319418635595349180172887276903345483900070417394395689/2528011407471276420468116028189047913369574724837854105787744434540886,3053769774190877947357652776968231866178574799054006841690146116718901/1264005703735638210234058014094523956684787362418927052893872217270443
2628022841578461318168410289158480461163110894998688769009054809394369838931639/7906916586921258111851540650249024803307526556802995517454619154769198168266130,5824248397586554663785273976833834950639824621091447649047989149426004125159193/2372074976076377433555462195074707440992257967040898655236385746430759450479839
35976665806065073800/198993204091467697901,266665876140135967017/397986408182935395802
15847421039997187872/112217083004121037847,243551971208192830426/336651249012363113541
-577864828455313380077283231576695395179335606147070/4473348765603709013527283460213822784671548775839369,375624806458649869352719083000722370596463606810162145/331027808654674467001018976055822886065694609412113306
97120894020864/162557733442267,52474791811076/487673200326801
5923687165491960/10595129188550377,3377352848682359/21190258377100754
157202930805520835651045343973778052700869/263736110880111227637448827467514319758448,1385983745463570495925063806194119869491839/12659333322245338926597543718440687348405504
-11371491595080578956028885854853835/79055885576146003759199870009527369,179135459223758069532963150153679829/158111771152292007518399740019054738
-2085639419361294/17991829412499035,30818184921735125/28786927059998456
-26595442763976400660823413808469594347752376595/186220731446427589732455781373889828536072403361,421111188951509752084159535948824447359696163901/372441462892855179464911562747779657072144806722
11313618203995615721776120736904990440008198048089893/23518051038207100571118596337671097846742371514145974,18731550934424313745256273268937051485107933165116061/11759025519103550285559298168835548923371185757072987
113564724288827836777878676262142360723694461470669/443605619332632978378114877390777003542535790975112,137260340613610564009603450146933494585202472864771/92417837360965203828773932789745209071361623119815
