15
0,0
0,1
1,1
1,0
1,88453253257908164/355957340801351895
0,29203141839898256/39550815644594655
1,5/8
693292561973264504068243299/2995740068730941639998283315,374467508457347620256848644/599148013746188327999656663
23501039480001268726915237457142371533071669/32810943637069059994457172644617901966420165,0
1,19847396788765660458211/35860950509305320722373
33437647239262599726768673364841/77515990539269860894378901839705,9689498814843035332247197736691/15503198107853972178875780367941
1,7372437829892429445156448501964338895595189/10584284262068623639013709882129885861368003
659280719547383914641276571707759808343909683517369442246/803456006094127382419896902608019820581781082088738462485,0
172438193273909764973189324945126723230088619939861586126217151801/487148551788679657098555645111262402287209584807914479011530390625,227508800505415528813143356988240289244890829540413021477077826593/487148551788679657098555645111262402287209584807914479011530390625
4663080548506880915312759931366258613779458327300141738751382005059714124044/7395780902290891772134882326488095351708743716127806652539721244409893393915,0
8
3 9 6 10
4 7 10 9 4
3 11 6 10
6 10 11 2 1 5 7
3 12 8 13
5 13 12 3 4 7
3 8 13 14
5 14 0 5 7 13
334981247173802806023602335471423069179044578162507920216931236778319112898953170358344707473720966/465984406607940883484334678012060909072301210900473435708476423606314421819118097625431110234453125,529188501544939995030427438908568566141870796726997317554933298510022902381579260854240513820679188/465984406607940883484334678012060909072301210900473435708476423606314421819118097625431110234453125
20500658674526964595336247677364132248743284590353124599679593155/192785611443873137104682683688174012427274108489161115439946600997,211132818994246014033557036624259443454899127155807457381390849480/192785611443873137104682683688174012427274108489161115439946600997
207277541329115927120426816474060264746100857440917568206111707127/192785611443873137104682683688174012427274108489161115439946600997,163376268808727652715129433979331352512343276169952936500332974315/192785611443873137104682683688174012427274108489161115439946600997
25205026501453062441480530912789705161688307893433752147624254823404067247421978/20524615861631470757393833968803293148318653266035566118490001966827568963515625,13396603174561804677328843654205920941370070578162982660943147050541610857874371/20524615861631470757393833968803293148318653266035566118490001966827568963515625
16671317133678872841070914096688689613888682023657683447652934/15500353870644940389763350260650759516479861864687287998113861,197375992709995148351290852491539570483491003778937870582442057/232505308059674105846450253909761392747197927970309319971707915
63329713694323778686562963709271295725264728384179915490554730102266256884111138/1524965635429416805344879426403024285954294867933841466792470414467743008616774207,2139256314865751120696628026060541095571362120107231078404980022681893911163847524/2541609392382361342241465710671707143257158113223069111320784024112905014361290345
1,5/8
465040878229615211335401208945406280548165601848437115597050322373508098/1956766690016669328886413195842265596938897681716942732173497693563379255,263978948702855288421877535175920543004607272689004382172027425749738105/391353338003333865777282639168453119387779536343388546434699538712675851
436109074265583222557667205167175420258240017/426542267281897779927943244380032725563462145,53317783410794083952072800906965203039032152/85308453456379555985588648876006545112692429
1,19847396788765660458211/35860950509305320722373
33437647239262599726768673364841/77515990539269860894378901839705,9689498814843035332247197736691/15503198107853972178875780367941
10584284262509407072013782493805988146116643/10584284262068623639013709882129885861368003,5857917497693350103738973714675526680778421/10584284262068623639013709882129885861368003
872840393448195056214575349909112439390350101812420718726/803456006094127382419896902608019820581781082088738462485,87189245552489481303451528838280036928306689211413406128/160691201218825476483979380521603964116356216417747692497
33437647239262599726768673364841/77515990539269860894378901839705,9689498814843035332247197736691/15503198107853972178875780367941
7172942536510839384344815418667176713318146664650574746902141959605070247754/7395780902290891772134882326488095351708743716127806652539721244409893393915,63404064095446877475067203022925916863973185075230436915977987397805082304/113781244650629104186690497330586082333980672555812410039072634529382975291
