8
0,0
0,1
1,1
1,0
0,1093/32998
1093/41326,0
0,103600710917350066/330215444925399651
20601339455277235/33631529134719663,1
3
3 4 0 5
6 5 4 6 7 2 3
3 7 1 6
0,0
-808957276097624683374227/1617027870712102476383694,-297822637608340640842835/539009290237367492127898
-813995583/699176570,-509061699/699176570
-132157909/699176570,-663804267/699176570
0,1093/32998
1093/41326,0
-180729925021540535/660430889850799302,20964041143428859/220143629950266434
-24180435711371735/22421019423146442,-3365611774874207/9609008324205618
