18
0,0
0,1
1,1
1,0
0,107/201
107/148,0
1,922456848143/1079033411226
43133703590371/196236501148377,218112201365693/588709503445131
18924241912324853/153180079524425987,0
1,17179870076009/137438954308000
56264071972600603/101704827032129648,3178275921011173/25426206758032412
2965914856235124072719588159283053439899/155696233081822287701847560895702240782224,20174802911731575150914415383415731162429/38924058270455571925461890223925560195556
1023057665758557511769553758961526333973/3974112930978780829206758927744354420208,1
24207037006252926659/40885340205232127856,0
0,100066801640387834220568504234276422819061931/200065106593851032857848849840546499987306528
1,291823405/631735162
707845151764147888083/975706373991038847719,1335632889910181053399/1951412747982077695438
1116554006870495517673102264666817/1706254135138839531339990920450072,1
10
5 9 15 16 7 10
3 16 6 15
4 5 10 9 3
5 7 11 12 17 16
4 16 6 2 17
4 12 1 4 11
4 13 8 7 10
3 10 13 5
5 7 11 14 0 8
3 14 4 11
255076820205145473120833169398/402024711838817242064594044345,195869450964011074835008113294/402024711838817242064594044345
65371190259120026254245896353761983147175044418695421/95222496567744854246435875697204294195012785566922088,16936404324773389777183494918415731987773624254946025/47611248283872427123217937848602147097506392783461044
8852997880271591184412120915343127445037/12549206740814050366881983385120102013165,3346389872661147482258656380981237026896/12549206740814050366881983385120102013165
14757395415948438190062147437/14757395438497275362875100072,1844674514370294873434978125/7378697719248637681437550036
1705775745014507269499776346808549037458633018706137847/6379907270038905234511203671712687711065856632983779896,1419156504400274474019805819715622536424432206076126361/9569860905058357851766805507569031566598784949475669844
394760327145495151863712980907/546023631224399188426378702664,68252956107198628610075513125/273011815612199594213189351332
18300497186852666021084671423/29729594995327649402796245975,67884851013121718146908596659/178377569971965896416777475850
43133703590371/196236501148377,218112201365693/588709503445131
83485453516569981/153180079524425987,87681104949008586/153180079524425987
1,17179870076009/137438954308000
56264071972600603/101704827032129648,3178275921011173/25426206758032412
40986236502122976515673002758823912336389/155696233081822287701847560895702240782224,4865507331563942691849950734858299153287/38924058270455571925461890223925560195556
3182038773547810474679674847208865758763/3974112930978780829206758927744354420208,20698505595937017382985905489713527795/165588038790782534550281621989348100842
80143597984900159/117149971934762544,212944486707748591/1703555841884671994
3620554411481760587703847955626526302854713/12504069162115689553615553115034156249206658,25008138601862051316225677893782228978773141/200065106593851032857848849840546499987306528
1,291823405/631735162
707845151764147888083/975706373991038847719,1335632889910181053399/1951412747982077695438
1666600873850341647085809150802927/1706254135138839531339990920450072,102540593422424813946992730701290/213281766892354941417498865056259
