18
0,0
0,1
1,1
1,0
123576598528/822310069415,1
0,22756431717/30479969125
0,127777/131730
1435094823687544/11217362282341395,107947270297039367/112173622823413950
14947637931547983784563283357/20438482267704547388708318280,0
1,24460439058308820899233437157266523052/52147913851630639590931185838236205955
1919582309180560336365187593140213940301373/5200747819132171618419533784080164041328170,600912424668839309955402324012392393849269/1040149563826434323683906756816032808265634
1785919109979955765657891900191377306393204452/8801988580735378088709481467687916296891961155,0
1,4612362484961076480066164748311567/6184213697396925884572810676835825
3349436478420278747170640209972185813/14662907961417490909616246178771434350,176406892811447983394918759338646322229/219943619421262363644243692681571515250
17972668711031428723361253140746387397119458578851009579449218913697/33475813489033646662919293792699840381738799959485385021926069552430,31145471405217461381417716031741225262806730633216154319875644534593/100427440467100939988757881378099521145216399878456155065778208657290
1,3521581447440502639740045323719439271380143049201290872160489/19267416349127432020304450424546155271316561347199906193065245
0,19299617746541100790678717981904794198423/85140141578947956165809158500900651026475
91918849967499298995950645694373135476177081481327593815349917680638523/191612669627745466295045603861500996556369609976857541713856861789545475,0
10
4 4 1 6 7
3 7 5 6
4 12 9 10 13
5 13 12 2 4 7
4 10 14 15 9
4 15 3 8 14
5 10 13 16 0 11
4 16 5 7 13
4 11 10 14 17
3 17 8 14
-154135188145028321256511868010124/265297928428449442695007040415135,86250601123362296431191074098667/53059585685689888539001408083027
0,1
-684321245354215510224581995778345366197315/1001524879497809572237609144647062830217853,1473017625044007263054904519880822798994627/1001524879497809572237609144647062830217853
-11404630862356307802896714904031589117159370803410338977369277092718668/16138038456650264206536955517724839279454690004996778846308715701950705,26621315753363223456653477387502226133064788676196359974037486295202587/16138038456650264206536955517724839279454690004996778846308715701950705
-3873651553633325335299829955149/22525747580072034233697928757955,3568585350094869966665242332736/4505149516014406846739585751591
-28272592292136285970749393145060808/95599556279527888048550261024379345,783739619501115652379413927140661772/796662968996065733737918841869827875
0,127777/131730
-8769609912874793748432413562925073/68284453404676795413953299604545870,408138521305147711610644147505927264/512133400535075965604649747034094025
-63641314294302662757453686246278264138038811378545523275859562075405080719491/101642817884035168414536726691288982490044787574775030959131744419904693570360,7081013269938169575511314644192965399383270678790560357559023228030543378079/5082140894201758420726836334564449124502239378738751547956587220995234678518
-37710122797004737944550281188314180643/52147913851630639590931185838236205955,77751678644018590509944047248578050252/52147913851630639590931185838236205955
-120278674893920595629/369846068169183541578,365957196306203312953/369846068169183541578
-134101439531864383214140807203394398950092576576/191883351060031242333866695995596575272244753179,280226211951365583419483528907967083920372433875/191883351060031242333866695995596575272244753179
-594024954471436921309275011564989/1236842739479385176914562135367165,3347145918544735129219875188913189/2061404565798975294857603558945275
-73266320249911/1203159558687450,278915801432041/286466561592250
-4242566046138996344023639591654246121239601/15600259274855087675108237222278623714400370,85230135413141681110120033976860067655995215/65521088954391368235454596333570219600481554
-44445438999644249681370402821628630365084597692523673709904336/83492137512885538754652618506366672842371765837866260169949395,426915030608458699392234989496579173633298549709082871377555264/250476412538656616263957855519100018527115297513598780509848185
-87768683655112231490824083898219116093092/221364368105264686031103812102341692668835,551140242034416550320838501770282025185908/368940613508774476718506353503902821114725
-16973431354420608630644950531063920844791377963105454882024135774396484/38322533925549093259009120772300199311273921995371508342771372357909095,300027357587020248121582959361832839779978335482004226897183503070816508/191612669627745466295045603861500996556369609976857541713856861789545475
