18
0,0
0,1
1,1
1,0
0,50613970113579/60766281971503
50613970113579/55420590596096,0
1,3925379/14467646
10989805/21532072,1
1503904832811047218058936736351753/3362876983635176073071211293110040,0
0,1503904832811047218058936736351753/6160523995406203708494094243972270
1,4654692923587406/12543849665533173
128097027232382990602553/146200112633309689571262,66609854167245390497951/146200112633309689571262
2433294247658366678692991683508/2498287206192336256589498103501,0
999/1000,1
154625633/229283520,43330541/57320880
1401671905246043279601754564367/4408701479109168570858321318600,299221038735032727200082789757/551087684888646071357290164825
66433205217298918636336201589/1915837953644890865681615375816,0
42989781301517514462682189685671373/310173961094646692383398272059838400,13063124714392765977170092763590391/77543490273661673095849568014959600
10
5 10 2 13 14 11
3 14 7 13
3 11 10 6
5 5 15 14 11 12
5 14 7 1 4 15
4 12 3 6 11
3 8 16 17
4 17 9 0 16
4 17 8 5 15
4 15 17 9 4
161981718119542120208626984585652/187287922148736905849227950510025,161486221995838411469258549455249/187287922148736905849227950510025
1277148263942735944/931655805373415525,544728768022389643/931655805373415525
1,1
8278525478721954064701786718431764246774588584/6468192787800540841331662251240551996702521875,1363481343883574225041940585259810616326236038/6468192787800540841331662251240551996702521875
383026801213184987572454521137176/283066296848543438048009138920375,212531788382153687008932808613557/283066296848543438048009138920375
11971441974735148226342408763/9323723313603986722259968000,290296319749695370620972423/1165465414200498340282496000
607916282959009675280928804566089928167/556240493887320944657506299888337827450,6665116549986703592110652395981170166/16360014526097674842867832349656994925
514711409205/596201541608,197718745327/372625963505
73182441711583573021288565286606561/84071924590879401826780282327751000,4877152239196226969153504694172206/10508990573859925228347535290968875
1654278386925993412568745889695005794136/2132234361360029681056162194016852300375,2707648503670730168057816865139102588679/4264468722720059362112324388033704600750
1,4654692923587406/12543849665533173
128097027232382990602553/146200112633309689571262,66609854167245390497951/146200112633309689571262
1050139445192560191209330025248/832762402064112085529832701167,481843895101665552428059396673/2498287206192336256589498103501
999/1000,1
154625633/229283520,43330541/57320880
887266635129590126469119575363/881740295821833714171664263720,110819800098366267468039515663/110217536977729214271458032965
419766987945220584174198329523/504167882538129175179372467320,1047583137616680966354590386082/1197398721028056791051009609885
154625633/229283520,43330541/57320880
