15
0,0
0,1
1,1
1,0
1,10015/10658
0,3767/21316
18186489275/43009019762,1
803393361324167/1023282883242775,1587567353761537/2046565766485550
1,31745370444754899/665113056455667626
52380998511637/97606729353024,1
2296627237399682529832821/4518835422139098196918312,4279969590342253369341915/4518835422139098196918312
0,238940860642399731772605385342297/1046763604253794931724762987138272
1,38167113042209455259245/77637694268784173848024
2849833190688822607355255481173763/3248396588023531266019561932341800,1505299250640103487551271525859859/3248396588023531266019561932341800
0,646368566823088407188231206279478933357/4455640012791242572351534707926894932000
8
5 4 2 9 10 7
3 10 6 9
4 7 5 11 10
4 10 6 1 11
4 7 4 12 13
3 13 8 12
4 13 7 5 14
5 0 14 13 8 3
592445865387446609496293570921625331837538824826313937/541684469211861556664551625175361635316480343819111050,1893892423214459832819939181778944520533129583429612793/1083368938423723113329103250350723270632960687638222100
767945635244204586508708671820134444595899415/753535752414552193691856353737882210049321482,1441628098082403003682385755550261349895802481/1507071504829104387383712707475764420098642964
1,1
514057865969263255747519428623975122872513106917983737/541684469211861556664551625175361635316480343819111050,821927151887909670526294766327819809670573481178988293/1083368938423723113329103250350723270632960687638222100
1,10015/10658
17276580476925352495594127/17787703832313918759735700,15524607840981906958766043/8893851916156959379867850
4946957540612149803905755806022329383/8252930036128145172963204959469889058,14939005280287959593382486025457328611/16505860072256290345926409918939778116
803393361324167/1023282883242775,1587567353761537/2046565766485550
1438635498801915189678964931907238572354353287/1595343125529048090023002036239385311086577925,4885476878979681382791492943730636725034662061/6381372502116192360092008144957541244346311700
52380998511637/97606729353024,1
2296627237399682529832821/4518835422139098196918312,4279969590342253369341915/4518835422139098196918312
16462614373211735236350992157534767/17794981272314513839320970781350624,7663247521624171861517499902980095/4448745318078628459830242695337656
5510823844256080001114/9704711783598021731003,82142721633496587972429/77637694268784173848024
2296627237399682529832821/4518835422139098196918312,4279969590342253369341915/4518835422139098196918312
14394288998072147369643293011922832407711/15149176043490224745995218006951442768800,33501340080262114006742295962571168395469/18936470054362780932494022508689303461000
