19
0,0
0,1
1,1
1,0
1,1704661450916/2467769458489
1810233692011/3514895142927,0
255822080/595028819,1
207772168/595028819,0
1,196016766003763091601833423730321/5010743968502768611623785093240309
2084575105662605784491689593432191/2280591871666368876093523017162512,0
0,346375/609584
5970744896963/14622317270152,85686687490599/116978538161216
847066222305874245380253037959761655/1003285510717221853879866030404875766,470533303797607337322252788126750431/1003285510717221853879866030404875766
1,575548517841102792591828549211533335364187133433/1678341784963791914929062392680021007276096038682
0,290729/5232761
1/12,0
6462280307748671923824613/15132735294299673052388436,1
2987922838784813706579599512688856/6954644604366411753505457072847647,6928599804855906053575315843902814/6954644604366411753505457072847647
2046806440635660768233157853593264837198675/4724483843030612556747494078321968208158052,1
10
5 10 14 15 7 11
3 15 0 14
5 11 10 1 16 17
3 17 6 16
4 5 7 11 12
6 12 4 2 18 17 11
3 17 6 18
3 8 3 9
5 9 8 13 12 5
3 12 4 13
2028560434584/39553150290625,3042630745538/39553150290625
32276530043/107935544393,27711546865/107935544393
10255654032586356638715860068/38464783742721085600208524465,3801124829665743775622138329/38464783742721085600208524465
3230480728851913011074093/9222186983011454026145225,4206711465634050373025924/9222186983011454026145225
1845986587915844720135875371732227786884/94922218547671304106988805964474758433385,27018105961961731769347767288814293849932/94922218547671304106988805964474758433385
77448457064790780417154650127/417532155606860345918280004045,4761661597856902367930181136/178942352402940148250691430305
1128121337348249785995079325782629272127480202433/1866280946623885854292780833877722393550153989043,1033427263532088931446258809270553066219462231793/1866280946623885854292780833877722393550153989043
207772168/595028819,0
1939599756659735252586001783308440/5010743968502768611623785093240309,2352233546425344207903887687979404/5010743968502768611623785093240309
108181925768892551448763876033765/285073983958296109511690377145314,122275802116465837017745266024071/325798838809481268013360431023216
0,346375/609584
5970744896963/14622317270152,85686687490599/116978538161216
-64474408611068130360346143278262951/1003285510717221853879866030404875766,544142254660848736834041351574059919/1003285510717221853879866030404875766
204088101795888040663644573237656445960451936823/1678341784963791914929062392680021007276096038682,517885196367262059091507874574603721876593254344/839170892481895957464531196340010503638048019341
0,290729/5232761
1/12,0
1020763919875188510981919/1681415032699963672487604,14028014956662558666733/25390495460234350759041
4217025267651273446265161107812309/6954644604366411753505457072847647,3873639743050055816855493213479926/6954644604366411753505457072847647
2868653805433872222524869247299232640970239/4724483843030612556747494078321968208158052,651807372127296044041391225394236527305329/1181120960757653139186873519580492052039513
