20
0,0
0,1
1,1
1,0
0,5/17
116959/219549,0
1,95/806
16725137/137190434,31116155/137190434
99685698146299/324360080541842,0
1,234336803/423712930
78028845843/115184529560,1818622665/11518452956
75190922878983/100078882514860,0
1,2718684978838/3197746605137
0,2554082215014/3197746605137
7486378755286680111/12739715052695789896,1320092022783302448/1592464381586973737
460941741/1757675992,184027695/878837996
18720671655507863979759281268063/39495491982910109623054168442824,1
356472781461616749/1277849340838298488,179028896395544485/1277849340838298488
1480027892300990759/10320541473284362368,0
479209240919796179811/2266695841532465636332,531898622095094098405/4533391683064931272664
12
5 9 12 14 15 10
5 15 7 4 13 14
4 16 2 12 14
4 14 16 1 13
3 10 9 6
5 5 17 15 10 11
3 15 7 17
4 11 3 6 10
3 8 18 19
5 19 7 4 0 18
4 19 8 5 17
3 17 19 7
1615783644989771844330747/3448231542104323797950660,289167907551799509416489/862057885526080949487665
9865152333029465273147935459657963399/13707217082801235652079620517203180100,792804495979719775070265584091909183/3426804270700308913019905129300795025
10410387155985379406306497/10252677420523708117891745,7188842042225633302495819/10252677420523708117891745
193590098337268282909/284760853825468988225,147227686877951897622/284760853825468988225
10928616757527/22727984198660,236240944249/5681996049665
6947799827/12068535347,12539810465/36205606041
178942444242981691/311950961709421775,290686394290019231/623901923418843550
6533851074935827985/18341541271525338932,951414172887679511/9170770635762669466
66921650858387/162180040270921,61868344334965/324360080541842
1,234336803/423712930
78028845843/115184529560,1818622665/11518452956
78828168208983/100078882514860,1465809867990/5003944125743
1,2718684978838/3197746605137
547396528207806763036209/610742305150188188105180,350549228966724605859786/1068799034012829329184065
7486378755286680111/12739715052695789896,1320092022783302448/1592464381586973737
460941741/1757675992,184027695/878837996
19438003544281407857637627654239/39495491982910109623054168442824,456425846638367174956873918881/705276642551966243268824436479
377464981045174249/1277849340838298488,348226025039017935/1277849340838298488
104915369456487787/322516921040136324,1133405148560743565/3440180491094787456
460941741/1757675992,184027695/878837996
