19
0,0
0,1
1,1
1,0
0,51829035822394119862605292212189/254587981657291472180721604703000
20679785293135253825179511592663411/71744346736684830391124993855256800,0
1,552492037676/720729672175
625171403817/1177663441493,0
4952701082538832474089777140414832213/25082554242278299117749806162862858535,1
0,87442062911927113287394072737800579042/92394763994465945761483849878215411255
0,4921888115803/8464117217600
156874825743760545811177156303/250377452666358376953610462656,139823197293870125250139884203/894205188094137060548608795200
1897653263799358515140547332169310254701701/2082418888233068148726272307901697245066048,0
95/254,0
1870451807251581279/8291717591204214704,156309206061249376007/364835574012985446976
1251390789819670540013963849549715050951497147109/1546604036181395561839597884344367837551240248486,703210353770551438677259128071996334055616822461/1546604036181395561839597884344367837551240248486
1631854453024122888586722758400761764535520099143888861236214519204466731101/48328490374453039426192798770954064225541246715207882604171901174443869886520,1
1082601043224678878050287337504013113529/25675534827914840545778880811398646009850,24593126632645925191184326060873318637493/25675534827914840545778880811398646009850
1,19057589906893393254466699331035153957641419539623718469205/534169039295737494848611560822336920918956474630681615325974
10
4 13 7 11 14
5 14 13 5 4 10
3 11 14 15
7 15 6 2 8 9 10 14
3 16 8 17
4 17 16 1 9
3 7 11 12
5 12 3 18 15 11
3 15 6 18
3 5 0 4
1854572108138613995537159898412286415461198786112267486294169211181/9666169085052460973075204883143093496853308125102717966749740597025,2100665094755292136441453028266941505362106022339171052151775151267/7732935268041968778460163906514474797482646500082174373399792477620
59402301502452161382915678167165279690298985274707620581573874339020194829222/662329880750148928109974508824847681349830336741891704131903272603729470315525,24422292831098843261659466095455682246438533567686748509298859033240412951282/26493195230005957124398980352993907253993213469675668165276130904149178812621
722333635210318539867073207349858491453/726768647870055812570306117106909750920,-439847141184947726778390476402525179041/2907074591480223250281224468427639003680
10331477211840483120687051016570372700032525611837303613665/38346800962957515622148336307950309467766673924155420909416,53236890860392200794787026622485725695031994259321800739875/153387203851830062488593345231801237871066695696621683637664
0,51829035822394119862605292212189/254587981657291472180721604703000
20679785293135253825179511592663411/71744346736684830391124993855256800,0
403393194663063985361355561824661370646762301393907/523803729326453337792749971921860224207882504651000,-456195399736758410783292484652911187506086981872879/2095214917305813351170999887687440896831530018604000
625171403817/1177663441493,0
4952701082538832474089777140414832213/25082554242278299117749806162862858535,1
137490332489534217512386491863009665418183/1669111411560027310181205748049961404321575,1627275312405849172170986566858544037389006/1669111411560027310181205748049961404321575
535369916456019/1737548608363000,105236367997159979/152904277535944000
156874825743760545811177156303/250377452666358376953610462656,139823197293870125250139884203/894205188094137060548608795200
186250147429945450478784119399537964164037/520604722058267037181568076975424311266512,100774727148071362508559508614520651151525/297488412604724021246610329700242463580864
95/254,0
1870451807251581279/8291717591204214704,156309206061249376007/364835574012985446976
2578531182979334718311021913944484872120994284827/6186416144725582247358391537377471350204960993944,-3056244851264577497816016822319971784057329723699/24745664578902328989433566149509885400819843975776
1698648089893055065464528786604666238374807066458720776788762112521325719863/30205306484033149641370499231846290140963279197004926627607438234027418679075,221640681922755748118382465020710212622210048075904813847123732332017094696993/241642451872265197130963993854770321127706233576039413020859505872219349432600
1082601043224678878050287337504013113529/25675534827914840545778880811398646009850,24593126632645925191184326060873318637493/25675534827914840545778880811398646009850
51683337748237938710191183511686526811764515135127271639465/194243287016631816308586022117213425788711445320247860118536,2662772239263793058463555744583448819869700230550609857418405/8546704628731799917577784973157390734703303594090905845215584
