18
0,0
0,1
1,1
1,0
1,8780/13949
1783/10563,0
1820841/9958870,105877/9958870
61/302,0
0,3435933395/4384463354
1,7177/217557
2772792559/4582831046,1513930751/4582831046
13391925033631/38852862056579,1
79391994341167/95185436965175,9018416734093/57111262179105
318729713/569089775,0
436803131710786311288354/464946991434534752784655,38763157569239580327559/66420998776362107540665
7302051950024628102832/14570585484012180787375,26120273999286171643172/43711756452036542362125
2414957373004826747/18608153200221204020,2186032133093084667/9304076600110602010
0,177834592842904349493/643451205058717003375
11
4 3 9 12 13
5 13 7 6 10 12
4 14 4 9 12
3 12 14 10
3 7 5 6
5 8 1 11 15 16
4 16 6 10 15
5 14 4 2 11 15
3 15 14 10
3 16 8 17
5 5 0 17 16 6
86382988264875147467357712428/153963329954247961722441715745,-9339752449632972103542066563/30792665990849592344488343149
166177116/153075785,-66369883/153075785
3530233831642935024/5676038648087507545,-2536717317493441688/5676038648087507545
1,0
220752621757848/517227875736013,-68224800413399/517227875736013
7013959766700096904455784/17707075118671025375591485,-3603049619626920593227148/10624245071202615225354891
4797737767231099816291/12621150828235301929070,-4186751001815655384451/12621150828235301929070
61/302,0
19233543483/21922316770,-4109622067/10961158385
1,7177/217557
206799049506497133181705605/238125879334432476578442446,-150873145028311450983418901/1190629396672162382892212230
45808718849716/38852862056579,-3955228158376/38852862056579
79391994341167/95185436965175,9018416734093/57111262179105
318729713/569089775,0
211140052477771300755469/464946991434534752784655,-28389772400389921720658/464946991434534752784655
79391994341167/95185436965175,9018416734093/57111262179105
116813098651/303904258930,-61541897051/607808517860
323274269573403871207/643451205058717003375,-4276461776960220793/128690241011743400675
