9
0,0
0,1
1,1
1,0
1,11905883851741/20363223535660
356513971735/1438867049166,0
67877411174636627202443662720244366272024436627202443662720425791470923725/133240844157620045989982004598998200459899820045989982004599201792104616229,36131006766310154251075015425107501542510750154251075015425243242868418273/177654458876826727986642672798664267279866426727986642672798935722806154972
4444444404444444440444444444044444444404444444440444444444063/8724279756872427975687242797568724279756872427975687242797609,0
0,702481860618961895817671633839709807383970980738397098073840387060223717100793952714803/2108874462876077892237160799702821799970282179997028217999714691387995833330102958837542
4
3 6 5 7
4 7 6 4 3
4 5 0 8 6
5 6 4 2 1 8
31035060493055805849042105/166292954342378423727099469,-39928755350141768025135550/166292954342378423727099469
-15587125371615491404358777577177796319918949520212011940843848828250268760872515267212689475766682746406780054523689183965604087457329918357366387287/113913586426370778060842854012667852788721579473617637366837363444935389936188209989623890013485009546554306209176011150596028321003447202907181182405,-55463290774695883469625186515247870857968695250441260341508492150090568592786932634806769081756046464267440002035927533166273010606857511253989703921/113913586426370778060842854012667852788721579473617637366837363444935389936188209989623890013485009546554306209176011150596028321003447202907181182405
-8739703871985249777330568029780141947438604264389919433403601483345046288285856945518168528359481992245878553165580890036689664586439117956229329682/22782717285274155612168570802533570557744315894723527473367472688987077987237641997924778002697001909310861241835202230119205664200689440581436236481,10985434788566800470734134232333261836612001620199067705673956646729775348369937176061397391539775960478541058180310452879128010651998827421375246783/22782717285274155612168570802533570557744315894723527473367472688987077987237641997924778002697001909310861241835202230119205664200689440581436236481
12924858782746533564420058125056546289367108676622856272430711355040889681456402822740871667733610305319313344386526575493/685017515485566278914263080627996953336456759861011382438844033668872018302359836123783247041733051047108777739004425062745,2670617259915061725991506172599150617259915061725991506172612704/685017515485566278914263080627996953336456759861011382438844033668872018302359836123783247041733051047108777739004425062745
65797947139976517753819669597684168741998637052422885723079833326181329046471892658629366963661154466145937223592576024084302186709059/3487291198418755440952442488677260943325927763778412943322455509252486035554755023268530920310158633829346417562767697303643939061246675,8155738975779343962690291237889848807951066849211314881762881992329348915244907805559649159736280753891659659180969124618310163434652373/13949164793675021763809769954709043773303711055113651773289822037009944142219020093074123681240634535317385670251070789214575756244986700
356513971735/1438867049166,0
67877411174636627202443662720244366272024436627202443662720425791470923725/133240844157620045989982004598998200459899820045989982004599201792104616229,36131006766310154251075015425107501542510750154251075015425243242868418273/177654458876826727986642672798664267279866426727986642672798935722806154972
4444444404444444440444444444044444444404444444440444444444063/8724279756872427975687242797568724279756872427975687242797609,0
537166136770321727267956052754492345275449234527544923452755928102348664389834559748425/1054437231438038946118580399851410899985141089998514108999857345693997916665051479418771,-679721036152069757679410542330385210233038521023303852102333402359273480186686724818697/2108874462876077892237160799702821799970282179997028217999714691387995833330102958837542
