14
0,0
0,1
1,1
1,0
1,10015/10658
0,3767/21316
671171712965232505218613888696/1736283975312759603463356518191,1
35227807732594853885771612733991863/80150965852605380441568850635746429,41041402022985296343952598904004807/80150965852605380441568850635746429
1,680130140450283142329668923502165700045/2336045026140469073913286156497488450179
0,2680602831296162699497/6613767855983156814020
10360401889571020419852654881707247447364808516224897/26137977348781830822864878773031692570648944944652062,11886936492080431254383984328775255139908593275221706/13068988674390915411432439386515846285324472472326031
569014794562498595831634303413801894838405595829304382247622475957517957194023245368434/852027404254491290403155437296434622548448580681041587131557343568981848283699994396617,2338801808181006446792748209554199556933194972489671763411082912314030617438749843932989/3408109617017965161612621749185738490193794322724166348526229374275927393134799977586468
0,166058815668727536028359458491/7089290262638669566748984999468
15247737011180609352369771681108420329596623651770095082749827/18789468636462694279377948731767212752051302882301370949435550,3433198660208026742455584657211102459019173919016792086255918/9394734318231347139688974365883606376025651441150685474717775
8
4 9 5 7 10
4 10 9 1 6
3 7 10 11
5 11 4 2 6 10
4 12 5 7 13
5 3 8 13 12 0
3 11 7 13
4 13 11 4 8
-2809695960108452251145889450305967563951384318159183/20583090272987112807543751388271622234497988333955525,4049184827295900102516938416007858124110876388747394/20583090272987112807543751388271622234497988333955525
16546240502385589165489760270192259052373467/28633079398489724444918308182731638790756741,15626559192213703891972025262966676944750511/28633079398489724444918308182731638790756741
34947763627904952909194850613586311276223821967681280660794403899691639707173411391559041364117154219078/69869239195586580780948157543547447087407654576234679709381201658653515747575101483782355285553086065261,21525402476641453838405485242019913342178822421475401709013476649035108544738048339671916749373021668727/69869239195586580780948157543547447087407654576234679709381201658653515747575101483782355285553086065261
3039344696938278662974137529951537819426799409580886/4116618054597422561508750277654324446899597666791105,2804153529737486559151811718612595600812411251747742/4116618054597422561508750277654324446899597666791105
818895995499330670680715223629625207628189887926008033691358071661600014900289102019254925718340630271190406/1861665878366404444908363657747821727643976956183773040856462118194822927094138579035380856583561978208879345,1142105919919578626986353190332710205490133548136099649856242622538749534650845984135421100852777771460515561/3723331756732808889816727315495643455287953912367546081712924236389645854188277158070761713167123956417758690
0,3767/21316
24190430738780749756263698273965288162437035132596516742480420566802157661/49715156923455618314483877673931012935230473768242790126154340103822375531,45806247559725707112014073901638845411440190182977644083246760715541057281/49715156923455618314483877673931012935230473768242790126154340103822375531
35227807732594853885771612733991863/80150965852605380441568850635746429,41041402022985296343952598904004807/80150965852605380441568850635746429
654916165899558157945318164488359811770966355032387814837174736206075738881844350/1096527257572574669640220803802337002274395893103577221928715774289508274601424699,1026215901655687497709239917121254041409853996755438168376054741090865645519922487/1096527257572574669640220803802337002274395893103577221928715774289508274601424699
0,2680602831296162699497/6613767855983156814020
10360401889571020419852654881707247447364808516224897/26137977348781830822864878773031692570648944944652062,11886936492080431254383984328775255139908593275221706/13068988674390915411432439386515846285324472472326031
152634971913190405206823085070713377317441388907444198626813445643686317800753967811577/852027404254491290403155437296434622548448580681041587131557343568981848283699994396617,2158026963197945245265099281678132929590807836493758308396188817259159874126097752875603/3408109617017965161612621749185738490193794322724166348526229374275927393134799977586468
-262043006644015908561022205628/1772322565659667391687246249867,49674304105531234260187298725/228686782665763534411257580628
10360401889571020419852654881707247447364808516224897/26137977348781830822864878773031692570648944944652062,11886936492080431254383984328775255139908593275221706/13068988674390915411432439386515846285324472472326031
