19
0,0
0,1
1,1
1,0
1,8780/13949
1783/10563,0
1820841/9958870,105877/9958870
61/302,0
0,3435933395/4384463354
0,1716454439734667144122941872477941544521767028074712939/483824150908064483076114520130335969081804136345897217900
1716454439734667144122941872477941544521767028074712939/53237213713171903959318491610571128812082551308958346960,0
1,1318919337438131/4522921642488000
141330698467278458719/162644344650398609400,28744743981604455251/54214781550132869800
78838429108255356847847/201632209734279706681920,1
522311010671933875840418332610836904957604963425834821/733308604098206958691017841006161992851117607141878500,100596983406708593761948384277350428795699537245994309/244436201366068986230339280335387330950372535713959500
35155519115432835954559084202246730429113000683679/39011103867746082390444449577274776856770619452450,0
187952348751755588394802328305393/264381934306890621720064102457252,1
1,156416486356188295962268770639505/232846071911323329287530544791364
17427074291802385699536475913303110102393682938742838053/851453274058824224837809449252139802046048872880401854650,1
10
3 11 4 12
5 14 12 11 3 15
4 15 14 6 7
3 7 5 6
5 13 16 17 4 12
3 17 2 16
4 14 12 13 18
5 8 1 18 14 6
3 9 0 10
5 5 10 9 8 6
883392370598/2963087970245,453144639521/2963087970245
40251118194045068219898695404784649343503694426899505566871493407478748758883329/26072799638645268568059882304521674515825458276856892128486444551451596192265500,-2399794789550264343316169190961578086920336544981680385490866783621338505861989/13036399819322634284029941152260837257912729138428446064243222275725798096132750
100578921099338065088435767629248318775280524229542489019/101351023932676699476667231790611448355724920963236024900,29726519799373266838031249576924212315353204836866390467/101351023932676699476667231790611448355724920963236024900
14301877219448389821604319/11477417185747598179202700,77564997347413223235566/573870859287379908960135
1,8780/13949
21033932325530045067847649556508414124434386845816306454802630068980187776970425610076770444933/127718625068059664217833112958325200275040596433921612958981574897433681729958433218872452571570,1384393033126272239844588877960607755804365620067961097667836927580820298530281626453381295274/27368276800298499475249952776783971487508699235840345634067480335164360370705378546901239836765
411751589234423613766542433118534481185004342762903468952817765171451421436608237958009732099/2799313133732488752653090058195339921290624384691831887476048887082097933297119419653781093705,286705206572238927839064119783762372080562527972773691722341056824154450598551224351457119043/5598626267464977505306180116390679842581248769383663774952097774164195866594238839307562187410
61/302,0
-910698112659981303870547361562123323435271563810246083329301901346079905561109458379795473956083/6162087591875884600976136667623533221375510975873836837797555293986136167045235297395061173048555,4860697082985437078989360845032658272154365674500780347476552977975012430755493907442157293558593/6162087591875884600976136667623533221375510975873836837797555293986136167045235297395061173048555
145512291027621947077259258888028970763458747179904226771/483824150908064483076114520130335969081804136345897217900,242783326619574167973314878156929593139390321958875813/1612747169693548276920381733767786563606013787819657393
306574416298281353741048372975414081703251950387383268/1109108619024414665819135241886898516918386485603298895,6872898401317932476676697069381936389013719509351819557/53237213713171903959318491610571128812082551308958346960
1,1318919337438131/4522921642488000
141330698467278458719/162644344650398609400,28744743981604455251/54214781550132869800
18770502594537089263789/15752516385490602084525,-19227871152936676740801/336053682890466177803200
5599065998083932710655635595275024981474300152301006779/5316487379712000450509879347294674448170602651778619125,12733496069422591039359466216892293394203055051473024843/21265949518848001802039517389178697792682410607114476500
30941349649452427347619759345443125525495883636929/23817305519255502933113453426125653238870483455180,405359084310189339057657163082218986771836168402/1854626249450223589053916455313063162043193383805
84490873757788466158535213554828/66095483576722655430016025614313,66284284070089849660750167214115/264381934306890621720064102457252
18640911773503249851614948026223/17911236300871025329810041907028,35972502702823707094076227476300/58211517977830832321882636197841
381855073319169178008595442875353001043531129392585201417493/246921449477059025202964740283120542593354173135316537848500,-20221774223730442126699679286410444601826746691103395096943/123460724738529512601482370141560271296677086567658268924250
