11
0,0
0,1
1,1
1,0
1,815364849418259011207/5984157256963759964610
0,22481250620038318038452/50865336684191959699185
1,11915/236302
2594288153/2621318522,0
7052720362924417961564362/7223673865638372015559307,3436057420368509934440046421/23946478864591203231579102705
0,26581/580125
0,322929944376106835604717797140196047721018615159577/338360357642272759591781979335678525032823878553185
5
6 6 4 8 9 0 7
3 9 5 8
3 7 6 3
5 10 1 2 4 8
3 8 10 5
0,0
-706225553476159943791679236658900825203856164/2263284138205919651814855258243745334215405025,-46741612396089959705767191186956410595159143/2263284138205919651814855258243745334215405025
1170142269911847292895298496027259753684201571/2263284138205919651814855258243745334215405025,-1312324040216840199352991562547250905700836123/2263284138205919651814855258243745334215405025
43856103014805845149/44741793101258277874,181128717718583085/44741793101258277874
1,815364849418259011207/5984157256963759964610
409297573541955671981426184308/5215622079470920717919940712719,-5921519452478248488271082523952738/17289787193446102179904603462663485
1,11915/236302
2594288153/2621318522,0
7052720362924417961564362/7223673865638372015559307,3436057420368509934440046421/23946478864591203231579102705
0,26581/580125
-87739505343967445931564178055359883794084404548/306208468454545483793467854602424004554591745297,5804672089254222376231949588423384702780397806097/338360357642272759591781979335678525032823878553185
