8
0,0
0,1
1,1
1,0
1,59655006870512340687051234068705123406870512340687051234068479987009/174606629539651430953965143095396514309539651430953965143095430138282
0,59655006870512340687051234068705123406870512340687051234068786403355/174606629539651430953965143095396514309539651430953965143095430138282
0,22469414204646633718681086314498937242981256277191441083008524467646338250985885810942477269859171001272964206811841131401260024748194416671881410957736397/24058208036376025765141039029521540339760382728221469142246760519866923763094270490422659697278811459067186900475849265443094567959768122799731214928133572
4766381495188176139379858145067809290337379353090084177714708156661756536325154038440547282258921373382668080992024402125503629634721118383549411911191525/52356055326540530431736279820106241273238861375797877862426953805311867505652894278009210370948441316985595657706834718163432430260568123752197489845065312,1
3
4 3 4 5 0
5 5 6 7 2 4
3 7 1 6
0,0
25185518630314687373263902550390974052512216907096253752105228933031224726969276516572238691289941493432476257301953951848338076543360345281433014628554636394704078110962/401190368983035080911398317020089660817491766206861875657505388833082785223161832933452209520328477477027585408497095379053362819015529207137889218683717269909598516186245,-184669779997417985515170212662661466525512794439679930119369335821653154406492650622890290654639270172484477206448136420132411323473286362335494754875201745782470813280269/802380737966070161822796634040179321634983532413723751315010777666165570446323665866904419040656954954055170816994190758106725638031058414275778437367434539819197032372490
7621868769799268919754970642360457439274541781431303781893500662520549023472769519487526566988377618202800257970676275396218436074521581/7621868769799268919754970642360457439274541781431303781893518274048641547656272195449876834584612644962423760646638625703458874684475810,-2413788927386814354001887351847405326829462191847418385101210642820670510984651538324548706615863225939927158121826799345560976919690683/7621868769799268919754970642360457439274541781431303781893518274048641547656272195449876834584612644962423760646638625703458874684475810
1,0
1,59655006870512340687051234068705123406870512340687051234068479987009/174606629539651430953965143095396514309539651430953965143095430138282
0,59655006870512340687051234068705123406870512340687051234068786403355/174606629539651430953965143095396514309539651430953965143095430138282
-250069724304926634169277212014091701294065594129406559412940872853713913972087916648490560318251/120291040181880128825705195147607701698801913641107345711233802599334618815471352452113298486394057295335934502379246327215472839798840613998656074640667860,-15075652530709806874398390975876656296433571075723195652180256907681617661625938905795770996648702809083424201069797812005972939930105867883611976803067841/60145520090940064412852597573803850849400956820553672855616901299667309407735676226056649243197028647667967251189623163607736419899420306999328037320333930
2978988434492610087112411340667380806460862095681302611071616987344273722221334101927948011040412287557026193539301115999197702496310374414315368657187963/32722534579087831519835174887566400795774288359873673664016846128319917191033058923755756481842775823115997286066771698852145268912855077345123431153165820,-82903858912925925070256120064622830941135166783098245047207802523966564361008659055423029392452545199009565535172587655752254136478879997129320695411255497/261780276632702652158681399100531206366194306878989389312134769026559337528264471390046051854742206584927978288534173590817162151302840618760987449225326560
