12
0,0
0,1
1,1
1,0
1,338877125498219/650617442999190
0,33159595816343/325308721499595
1,2336965238207993901331533946177157/13305931597400812708773728282476461
4730228566675981604493529313636772359971170874/31654602477867286699422992255798449343472228713,5208235667661500895759235322749199291175989384/31654602477867286699422992255798449343472228713
38886294306627763364828289302351538769738730126151558912649231/39147077211232545085183279989169502861812120603612274904972053,1
1395813136667301090704059106326990211/1772469998780883949025240723967768704,1
6135059848292011699763027032404208053838950949732357982682443574024621/7470215913868615792230276372664116268834297868915385959721212310034544,316081555501564270100560060332562936920524373010173597609567040204096135/380981011607299405403744095005869929710549191314684683945781827811761744
1,181363654788474879068402218375057009399300832572443078014253472961855903399733018437051376049605068323021/228894570764637509348786700875917018461401787193222685310894513912615762708898316930402907462287150434944
6
5 3 6 7 5 0
3 7 4 6
5 5 1 9 10 7
3 10 8 9
4 7 4 11 10
4 10 8 2 11
0,0
1102111585838741689108901776/1721767766255545015010609101,-15454022591652535538427307843/29270052026344265255180354717
2154666249874480481355686468575398445792060271116142392484777452208341394981156427357957614999375189326204651093/2142726178123956115071398173317017152942007143038989279147657354424671746845997593132867607044402185804361232130,-457485731373225720345704018545360219136946447627865003184245476878979999063900865258983774853588931892278775901/8570904712495824460285592693268068611768028572155957116590629417698686987383990372531470428177608743217444928520
1,0
1490358033528605314773117277677521968395649346590814650738267167734883415587340183/1477051472830775191273275134799755630839720912386456793332462397420688063979178650,-28882674507827385583996657006025465005334265003787393370703007473164857554414193/170429016095858675916147130938433342019967797583052706922976430471617853536059075
0,33159595816343/325308721499595
1,2336965238207993901331533946177157/13305931597400812708773728282476461
4730228566675981604493529313636772359971170874/31654602477867286699422992255798449343472228713,5208235667661500895759235322749199291175989384/31654602477867286699422992255798449343472228713
24826494690460933201355801730499304134632967711988552008030508700567293043545/24751551098402876144025798084220310255713472060563599384059946905276517923402,-79476406150269421206587718907833339522375180324958641199888141924243919529809/1683105474691395577793754269726981097388516100118324758116076389558803218791336
2113603634998850476915305859051709493/1772469998780883949025240723967768704,14761762613663620837914741201049361/443117499695220987256310180991942176
4749711750399446399410698552542006662864883/4338689607434482131762744319220023673924144,2302147410776742880615485161775184079698175/13016068822303446395288232957660071021772432
37583562873664907422591865596496827943336988333434278067094181158329679202447270913944284520917003031/31385516353302825908238955282588374943288329520529642850801386797287229221019925535500192988110126208,6716946039459830662819281627315779247775872809433178019334483218077723392183572208980049043355541215/258930509914748313742971381081354093282128718544369553519111441077619641073414385667876592151908541216
