14
0,0
0,1
1,1
1,0
1,153427019/190079848
82342192/235769211,0
167798314975566368806597835231/212686046217031494460234523813,927973851308849365863340365545/1701488369736251955681876190504
278310988419758101453/306895800940242489704,0
0,12441346426102298803195649693137222287/22839787457859454517956526384539264472
1,34513193/100000000
88792373054863704696620268605/103594013283292173626996877548,47667519503932733640277021613/207188026566584347253993755096
2128260164600247886816793452334585855015930855790665925643/3606147717132794607419403697693345623847358011704835672243,8621223733555187254506623132649642799279489247393853564157/28849181737062356859355229581546764990778864093638685377944
562215019090404113363105/809989206829157837997732,1
4430903058261546156846244446789659541459429731/9501380750716235568785691941540686382706687500,10358723620922485261017216045667660157353672709/19002761501432471137571383883081372765413375000
8
4 3 9 10 7
4 10 6 4 9
4 7 5 11 10
3 10 6 11
4 8 1 12 13
5 13 6 4 2 12
5 13 8 0 5 11
3 11 13 6
529015440140552192114237855745744832816588630698585559209/355477715246220848143273503258743241498201498849577625000,-39489125384045131725550359278474613073411225846949874163/355477715246220848143273503258743241498201498849577625000
25691491771924176/18343493894253125,-2369282087766843/18343493894253125
22266181987517739789929710846637/14538249992973116187547477906250,3067605507431080570312448588533/7269124996486558093773738953125
1,0
10151803051431467947951/6994416179489820725254,48298904874847335264611/195843653025714980307112
362390864014310940154202487274534696580498505325697/256166389697252902493497300890669581670828412763496,177014105922765825245419484190620705024618426089295/768499169091758707480491902672008745012485238290488
504297982426621440301898684073757547641798477/438270681263797056289839519920843232059322394,168709652226927917144848934601456489738389105/1753082725055188225159358079683372928237289576
278310988419758101453/306895800940242489704,0
79123352657837534103333166413441745482/82794229534740522627592408143954833711,-149522204926421800254047085584420951885/662353836277924181020739265151638669688
1,34513193/100000000
88792373054863704696620268605/103594013283292173626996877548,47667519503932733640277021613/207188026566584347253993755096
533120671212008274803599782980454613514386523889247311305/497399685121764773437159130716323534323773518855839403068,400869638313887654894323219728652378832199633916556433059/994799370243529546874318261432647068647547037711678806136
13197414410311681642182035/10529859688779051893970516,68837943243662074509309/125355472485464903499649
88792373054863704696620268605/103594013283292173626996877548,47667519503932733640277021613/207188026566584347253993755096
