14
0,0
0,1
1,1
1,0
0,5/17
116959/219549,0
1,95/806
16725137/137190434,31116155/137190434
99685698146299/324360080541842,0
61978436832641869451591298407418927890384250649/95315269003618530828054287649417246375711866830,1
7177411379612082510902218349659157669757585148424/20075297349428029900247935406437076994158452026695,1586571635323701031989144203121247765203543240875/8030118939771211960099174162574830797663380810678
13740775185204494584938560298948816226779195751887176301/37281255736070468260855036905479496670196980139721574160,675754620145221485705482658505299643603828466803408697/7456251147214093652171007381095899334039396027944314832
49415350919790982713120412224365650978178489423222162188007/206870234259471525140521472086312811759672492345523106272590,0
28185969972763049558284394728223138161792744621834269735477041/103556271409722355885561754778022152018137130599256055562543630,445258495062705678858804800257365430758874878743820406035887/10355627140972235588556175477802215201813713059925605556254363
8
4 6 2 9 10
5 10 7 4 1 9
5 5 11 10 6 3
3 10 7 11
3 8 12 13
5 13 7 4 0 12
4 13 8 5 11
3 11 13 7
4007093689978719849332536773805971880134135594251147430700189679316105133173524465340352379417449564350055/6637569055145616663866789684201724991268876509638329952052554772798171947434339073206012912492728768576802,2133233101064305908459878950188002178926383443383156158758055621457228934580505121161117980666107992936347/6637569055145616663866789684201724991268876509638329952052554772798171947434339073206012912492728768576802
2953745689563519325897418515353370343099784282206313964933085977433941760410356535683214536335/2573502708149842800174689925685769085517457435218878085509355613498172824179118018390993311906,1495981992671250514849212323563162688162105213183323232137159601472152548671733407524844093265/2573502708149842800174689925685769085517457435218878085509355613498172824179118018390993311906
1,1
169659/164909,38285/164909
30328533030400194740567788307852578264340997512159932127849624053560049714311311624090059788055/43749546038547327602969728736658074453796776398720927453659045429468938011045006312646886302402,1803723341816391483324879929790528854582288776181613306502014381477177695524240727312343834977/43749546038547327602969728736658074453796776398720927453659045429468938011045006312646886302402
6947799827/12068535347,12539810465/36205606041
1,95/806
49129677349093583151841088095797077369935101851343269645716167612389339813615849167721931969717126683/88264988357813067696935246680064602116480775028551192386029401919037646989034723670070088537870376801,6022392497939864785344473568734791816956271221988726381056679446229197213615129121824892333998408656/88264988357813067696935246680064602116480775028551192386029401919037646989034723670070088537870376801
66921650858387/162180040270921,61868344334965/324360080541842
61978436832641869451591298407418927890384250649/95315269003618530828054287649417246375711866830,1
7177411379612082510902218349659157669757585148424/20075297349428029900247935406437076994158452026695,1586571635323701031989144203121247765203543240875/8030118939771211960099174162574830797663380810678
14702662114004029257084950445301429687623377340168971801/37281255736070468260855036905479496670196980139721574160,2226316349370071377205463574425712542484649187113663043/7456251147214093652171007381095899334039396027944314832
38908584369689219738380007858562482860489274197217065867741/103435117129735762570260736043156405879836246172761553136295,10288622508167051372680342801554791646703667181838709843753/41374046851894305028104294417262562351934498469104621254518
7177411379612082510902218349659157669757585148424/20075297349428029900247935406437076994158452026695,1586571635323701031989144203121247765203543240875/8030118939771211960099174162574830797663380810678
