16
0,0
0,1
1,1
1,0
1,453081667177/478861194360
0,34235125901/239430597180
81746714008581242/191034454451539745,278917338263874752/573103363354619235
108910/406619,0
0,19005556412985782312697425048/42843361027694184539491896195
30944010554869299263529064328969/1397799068288710233041762436166080,54477265058133135386700567149481/338860380191202480737396954222080
23/11264,0
1,28745375184881581107535822184890479/37517477819320736385589432016502272
12714258536840870875246420963494875/22296050265134731244425028358458368,0
0,106664091290615169271522475831583976680237001/655052703347131931062796747405193351089303040
487977576463760598861651638380249318436741583805430486593/558406716589200567301198569762713540308747163199328189440,1
0,1358126824861340161905884925797851486889574790450238359487/1846104401325100760767536564178100805326316374255668846080
8
4 6 9 10 7
4 10 0 5 9
5 7 6 4 11 12
3 12 3 11
4 13 8 6 9
3 9 13 5
6 6 4 2 14 15 8
3 15 1 14
1343643416909743431198072941247012432093/334158275885557478055204685756352957262464,-335910855142335812259172732263723649329/668316551771114956110409371512705914524928
7075016969510153550057158344977449725398202284761494895742910735682970372827/24636437439553239070604904564113490390843418643995194734996326242054655267200,11888072136453886901349332941209907339369333316074420783242471035394501023897/49272874879106478141209809128226980781686837287990389469992652484109310534400
14087729564677921929978993737060701/73726851068595786752093890242449175,89792082216002555157419295353923057/73726851068595786752093890242449175
413871230363556773206748568700409700001974703410754101/979621606145587339989146944883224475218900196780324480,669334057389347758720281124967179451946144322499198871/1959243212291174679978293889766448950437800393560648960
14054614503753512581568/58493086234928856112925,1679047945467880393577599/1403834069638292546710200
261474767034670055564111256765169768140040870709073/6667309628993185025664366909814819044684231126520960,1104773849418290307595724481107568788426121520016045/8000771554791822030797240291777782853621077351825152
81746714008581242/191034454451539745,278917338263874752/573103363354619235
108910/406619,0
76219925762656415469807020/259656733501176875996920583,669484954184791915882509400/8568672205538836907898379239
30944010554869299263529064328969/1397799068288710233041762436166080,54477265058133135386700567149481/338860380191202480737396954222080
23/11264,0
625803392031425245512075584034951/4689684727415092048198679002062784,39438560455716699701431500568430961/37517477819320736385589432016502272
545815562725220967272853784884347/22296050265134731244425028358458368,45480834574270262977633737955353/253364207558349218686648049527936
158685595958496270505071447320189222726645/8188158791839149138284959342564916888616288,2019074364026277030708682073101430775710989/14556726741047376245839927720115407801984512
15621085147952691261622452077285547515971239320407546003/111681343317840113460239713952542708061749432639865637888,466455836071971146441112529958676395263017664491482097/423035391355454975228180734668722379021778153938884992
1229094509600378238438795177556991387179889544702502033/46152610033127519019188414104452520133157909356391721152,8070082380404305351165270732030069920719380512399447877/41024542251668905794834145870624462340584808316792641024
