26
0,0
0,1
1,1
1,0
0,107/201
107/148,0
333228438332785759102921148161158342971476349488728/1290160257004764276568364539563703766938774901865557,1
0,692835158359181468344793943253278708417337062410305/1026063596691967227447715091414437051388813411899033
1081/2148,1
22667/46636,2034/11659
0,7719939/634843712
309613/931818,402103/1397727
22681605/46173236,19539741/46173236
26726546193/28202169499,0
719403947741/2876823468980,275204212947/2876823468980
107293464749945/257631435175913,0
42508057/135135728,10159615/33783932
7649483685/21296770688,6615378263/21296770688
10922447001503417/31562059863010192,2189823692934807/7890514965752548
1,11222192003445/55098259677488
94996045107695235/153599998336074368,46881877335429823/153599998336074368
33972616003020904357/46861208436046255856,0
422415275816333/1326895297715840,338580961320161/1326895297715840
1221588861886989243/3006882007093253872,0
3832676819708453395883/9570047896329113498240,87891543627021727561/9570047896329113498240
269211335846389032544013/402897631886676551154160,0
17
7 8 6 7 4 16 17 12
3 17 11 16
4 12 9 18 17
3 17 11 18
5 12 8 2 19 20
4 20 13 3 19
5 20 12 9 5 21
3 21 20 13
3 7 1 6
5 10 4 16 22 14
3 22 11 16
4 14 9 18 22
3 22 11 18
5 14 10 0 23 24
3 24 15 23
5 5 25 24 14 9
3 24 15 25
436131758969/898732304210,310448654346/449366152105
429918087640723118930826437090116786439464141651544564122074430430477499910419635832132183450342941496/1358659996605527694730433392209809595678178059242526856707154612059615897131041545681971636095144627669,1016746426649742135467830719181531048428923630081116930862469898477368140101821491913627899454037027645/1358659996605527694730433392209809595678178059242526856707154612059615897131041545681971636095144627669
100247/14424722,7361741/7212361
-1690818808455939341/14085442710016020304,5716972564093101543/14085442710016020304
0,107/201
386904679504957/8827238414950930,4282259155921587/17654476829901860
333228438332785759102921148161158342971476349488728/1290160257004764276568364539563703766938774901865557,1
0,692835158359181468344793943253278708417337062410305/1026063596691967227447715091414437051388813411899033
1081/2148,1
94417460299/385662114910,352838627859/771324229820
39417913/79355464,435990237/634843712
887394203079039509/2729703017187098928,97065449150993529/303300335243010992
22681605/46173236,19539741/46173236
-238435567986772573687/3239862971332669741808,23681821453876411076053/55077670512655385610736
22681605/46173236,19539741/46173236
858921101141778781539775807/2515717682787598032985110160,793775902352143162637063779/2515717682787598032985110160
42508057/135135728,10159615/33783932
7649483685/21296770688,6615378263/21296770688
639965598253255/1972628741438137,9560549059787607/31562059863010192
-180812729909/6887282459686,12401524087221/55098259677488
7649483685/21296770688,6615378263/21296770688
510762940216877765/11715302109011563964,11274038085594713421/46861208436046255856
7649483685/21296770688,6615378263/21296770688
1048177098054411421/3006882007093253872,115869159687181551/375860250886656734
7649483685/21296770688,6615378263/21296770688
9839753356285799609911/100724407971669137788540,101767634819762316796149/402897631886676551154160
