14
0,0
0,1
1,1
1,0
273814810714061696205925629/280555715924799461070149347,1
0,1500494076683416851970292323/5060086615966218902647325500
2662382581285735609868463219655339998711533/4538234934396746797370917809667669576504519,3264746704254581302875474594653992800063108/4538234934396746797370917809667669576504519
3641168695867/11019623255049,0
0,70491759775547669486247746667341260109604580915047040292152677104742119/99650679176515190944364893672159649158221922237126039116981807423471918
1,367703/794252
2066178561745537590/4425575421760581299,139020273336524980323/362897184584367666518
538332022131636229502521312733730386156222485999091460334243108/1633293631194342192723428487087641936202974807614952834260836619,3489398811103947365730227374948821384157302388351534713154413107/6533174524777368770893713948350567744811899230459811337043346476
10476350189566249785284662883343356827311089195396914138371614/27852416829599323402513727666617908093055131081790006613552911,1
1621814591847231883192048100336530728927917099650633525484185303279975712056/7059569884405412697878669700498181255506737691816737167202072341190392991339,10054057677745826520730671498290130724501333070739345675777751732508799512083/14119139768810825395757339400996362511013475383633474334404144682380785982678
8
4 3 9 10 7
5 10 6 4 2 9
5 7 0 5 11 10
3 10 6 11
4 8 1 12 13
4 13 6 4 12
4 13 8 5 11
3 11 13 6
3848803798742664024142970134326/6562855889128813747966999418125,-1370860847653330776483015937332/6562855889128813747966999418125
25965264864735595840719746839917830293203281938861020894/38906721706815435691229792263168722875688334468435213121,2883028574179207784224105959119429502180239480798986121/38906721706815435691229792263168722875688334468435213121
746506081703/644995097585,-32579695111/644995097585
1,0
205279584420623583871117898694104907227/180957061370945566914496386598789026995,-10414569946898732055548219718606069669/180957061370945566914496386598789026995
6425121208439635191336876557056827022716709572812654845623/8302154811773947468085594335837133432674997070146868671875,693568361684611464483635184736441853650657121888072360831/33208619247095789872342377343348533730699988280587474687500
398062494317065416481905170808406381106551336146546615/585427856874977154735358270817522598983413571119697323,56581563546043808589457735883009580529517662686032348/585427856874977154735358270817522598983413571119697323
3641168695867/11019623255049,0
19420612930116713891243437460023730976517008379233628050264004914292726/49825339588257595472182446836079824579110961118563019558490903711735959,5534737970321830327360542231448050458130832705925631267607281094925373/33216893058838396981454964557386549719407307412375346372327269141157306
1,367703/794252
2066178561745537590/4425575421760581299,139020273336524980323/362897184584367666518
1092192748441514764671265796348636272234829711155278805837281415/1633293631194342192723428487087641936202974807614952834260836619,2700305862277521586597845188951930520320547597042792109809305611/6533174524777368770893713948350567744811899230459811337043346476
21900530991655012797098579909306862831274351024927235963234340/27852416829599323402513727666617908093055131081790006613552911,12002735124055499450836197274175206449333579348142998518569911/27852416829599323402513727666617908093055131081790006613552911
2066178561745537590/4425575421760581299,139020273336524980323/362897184584367666518
