12
0,0
0,1
1,1
1,0
1,26129/70245
0,155255/224784
20482034113276517140/46227113657331207047,1
214317045696862565784115105/687273988738547819092162721,406383810548702195631072461/687273988738547819092162721
13780300564304734948465115441747/110425051122083133510923394455028,0
1446470996022839272772879/8622759029577205490111904,0
36393043211945960855513176267468735843580893/217118082155495265153602817814869687246374136,2449520349189962370835617884644463666900737/18093173512957938762800234817905807270531178
57626371121655665988262940354925773520132502317664304599763356135/797623878815648213114625705793710795693569440768345602971320603088,0
6
4 4 2 6 7
4 7 5 1 6
5 7 4 3 9 10
3 10 8 9
5 10 7 5 0 11
3 11 10 8
42257363175094346968824219323781261235735170717672166/67478251577289470397243855229142708122451629024704871,79707801686884225549098730518583331800966069294463486/67478251577289470397243855229142708122451629024704871
272685691839677346586108845998318674247040/339449464392194183091588769174126339387657,251887775868382206405513060607527980987497/339449464392194183091588769174126339387657
1,1
14210264991/11693372159,7896983040/11693372159
1,26129/70245
1981451686026462382527590038316737797687028987/3179283683497290718835820412084867294704795462,37430963968871784606170093359948254320526919633/76302808403934977252059689890036815072915091088
20482034113276517140/46227113657331207047,1
214317045696862565784115105/687273988738547819092162721,406383810548702195631072461/687273988738547819092162721
2698489042232446940162577810129345841441354651697552955743/4722048635745126648457044148408013737171963328129400978780,445445046785093419238635310034022482566278638859203038797/393504052978760554038087012367334478097663610677450081565
4625932963928663292137521/8622759029577205490111904,103915153329343416887565/89820406558095890521999
318352636737927489718352725163713/695044571363434812338899641595944,666802820443365916057386217962913/637124190416481911310658004796282
441875583620886008579552063703320562853993441678304180013383067673/797623878815648213114625705793710795693569440768345602971320603088,117804116897104470246358883070752682884592111372393774247777833071/99702984851956026639328213224213849461696180096043200371415075386
