15
0,0
0,1
1,1
1,0
1,53/90
100660870672319/133202401415841,1
1,465731/492980
4069392841402461284/4763664201063425889,26490605875260432497/31757761340422839260
0,676199488858692040091080226245299/1505066294318035797863231632905620
3201809726946396/3753693997093235,1
74567138971086069043078554175/91023680826324216703949752653,406479765610625280006013166194/455118404131621083519748763265
1,456506304720801162612637/579475430250920253869810
6959654599475267558385507154353362401/7871993319622147913970828232368950841,61710157819638221132870661379898626657/78719933196221479139708282323689508410
2590940688679715595327628853999233759642/9576229665264677524454711827274639771205,1
1691050480379119424742821834907723728122741257353731/3999123378153704131356622367723250963217838999343690,0
8
5 6 2 9 10 7
3 10 5 9
4 7 6 11 12
3 12 4 11
5 8 1 13 10 7
3 10 5 13
5 12 7 8 0 14
4 14 12 4 3
57464173197252343501193002655309040803/38306931877784199587059419519618870675,46947911718117269228063230935257029051/25537954585189466391372946346412580450
525814498124011457222227658/470753051110157453335892331,261072177110475191136149617/156917683703385817778630777
1,1
1302661156629529837210120483345582988619777608649761771598103083/883698602038602057463784720075697908176699933234003894381566650,1742752527988535640707283781252780150563632545899779570583941039/1325547903057903086195677080113546862265049899851005841572349975
16377074888833397500958803883110613924/15801624483993066015476886113484127245,1616607994446167989380693457560708951/1755736053777007335052987345942680805
4936157514836584994966234793171987549489828/5292953561720526484809999248790880348207355,14991300322391868671964828423445508989523414/15878860685161579454429997746372641044622065
1,465731/492980
4069392841402461284/4763664201063425889,26490605875260432497/31757761340422839260
361368599186160292599989191199896/225759944147705369679484744935843,2107813242977249231143678483566899/1505066294318035797863231632905620
3201809726946396/3753693997093235,1
74567138971086069043078554175/91023680826324216703949752653,406479765610625280006013166194/455118404131621083519748763265
3197322770681262266766874/3766590296630981650153765,743515679263280770097139/753318059326196330030753
416468456018354700731708662242565866314/511679565775439614408103835103981804665,89688751439338440918309840378625309079/102335913155087922881620767020796360933
152535657989110798023159859174861007603828/154447396396191850330308044598865344002255,572674122603508363326279203988787973911167/401563230630098810858800915957049894405863
18854102078070290517209922188199847546016975310641329/17329534638666051235878696926800754173943968997155990,6043490036804793242722776159300330474293697671915745/3465906927733210247175739385360150834788793799431198
