22
0,0
0,1
1,1
1,0
0,5/17
116959/219549,0
1,95/806
16725137/137190434,31116155/137190434
99685698146299/324360080541842,0
1,234336803/423712930
78028845843/115184529560,1818622665/11518452956
75190922878983/100078882514860,0
113857/3158960,1
332861243/585807190,20085925/117161438
588516332632915049/1337714816510919570,4568320306491981/89180987767394638
13219677209768460232261/30741206459667065841330,0
2127809463/11525915036,631132905/2881478759
45866820233257/159071117786330,96584935322543/159071117786330
4481532675269270006667135149/4705691182484649479696281300,581976381400136593173384388/1176422795621162369924070325
13793892171862618201/74562885290505215522,14314632297622478915/74562885290505215522
0,1338211630291152239/402040893351271993852
1203223536910101084174/7431899792927739710503,5288399968541417400515/29727599171710958842012
14
3 16 13 17
6 17 16 7 4 1 12
4 10 13 17 18
5 18 9 2 12 17
3 10 9 6
4 14 19 16 13
3 16 7 19
5 11 10 13 14 5
4 11 3 6 10
4 8 0 20 21
4 21 7 4 20
5 21 8 15 14 19
3 19 21 7
3 14 5 15
641955787275/2579196452417,1162749652885/2579196452417
9645048003470026/13136742836205773,10559162534525004/13136742836205773
5676576035426421052545992447/9258503912317590160640629225,-1277604738261153004968190641/9258503912317590160640629225
193590098337268282909/284760853825468988225,147227686877951897622/284760853825468988225
85325131876385018/223324628215498141,42881092661285448/223324628215498141
3453551118367431960799/8505653427133312554775,6057157720842972263026/25516960281399937664325
178942444242981691/311950961709421775,290686394290019231/623901923418843550
437639971114782568813181/1802235451045460911175482,350525491430980526612495/1802235451045460911175482
66921650858387/162180040270921,61868344334965/324360080541842
1,234336803/423712930
78028845843/115184529560,1818622665/11518452956
78828168208983/100078882514860,1465809867990/5003944125743
833486130932971499479/1185669861424588247888,8525530361244503862301/10374611287465147169020
332861243/585807190,20085925/117161438
211005722490795683/445904938836973190,85440306680704807/267542963302183914
2568960445200179190781/5123534409944510973555,1693542688833352030271/6148241291933413168266
2127809463/11525915036,631132905/2881478759
45866820233257/159071117786330,96584935322543/159071117786330
107722479546483338161677097/941138236496929895939256260,-10227239337499459136255533/235284559124232473984814065
14285914979161958201/74562885290505215522,18280336124455159315/74562885290505215522
8994049670240136105/36549172122842908532,45133630871116736499/100510223337817998463
2127809463/11525915036,631132905/2881478759
