14
0,0
0,1
1,1
1,0
427290810010461/1455546622257980,1
372180172840471/1455546622257980,0
1,14326149419342176298516696632233773/16489354056840362383233353992346773
7015952924334506559759941008415887429998797998313/24090442659389418241102465864202947240151763774500,5652545189767875487211015625899378472673420223044/6022610664847354560275616466050736810037940943625
0,327560705096229835968457251549739794236769365586541194075329342/351448348757248825734272362404714023218136263190172264632311935
1,2389763/2487576
397959/593585,1
287510218287144736818645427583978733493578504198027771031663420648551869431427038160632623/1001001489055825309746002071854874573510507042244372079691676380426779643046680202988103525,1666887636971607322169596126041493818702515616382157873882581847854307608687131188904134747/2002002978111650619492004143709749147021014084488744159383352760853559286093360405976207050
1,533007604846746982065315263254973909016668812748269770596536180817624628793/685701186230799208248941736314722878938727943074642274674466585353223878108
0,24284204579988012717090723867511061181399260380277440964056117193564482081341337223557279067961689805527/29183771790309982710406584412741371739363750357526710775346767978327555554201900592423419856768150909300
7
3 9 2 10
5 7 4 10 9 6
4 5 11 12 3
4 12 6 7 11
4 8 1 4 7
4 13 0 5 11
4 11 13 8 7
4037372829900718588147762839304598436591589471755335792082976395646391704872594844635122773059778/5824604613770218750946061834445342578047810983020941333933239165505586676249018435202049480369725,10689910127298805848958902021864033545767464684993781713528331250093184488194848661124616695577111/5824604613770218750946061834445342578047810983020941333933239165505586676249018435202049480369725
62194169523260277637924072878/106082657594794850127491514025,103727830715139085410757987486/106082657594794850127491514025
1,1
321020844801716021434789691363049851860706304804820818031298779325329/274531424166357526870908616252562928852371837927669530367027339196745,472457900093462233336817760250066032741411070861422592496042836329058/274531424166357526870908616252562928852371837927669530367027339196745
427290810010461/1455546622257980,1
175546871505620005812519581429026198315066854906467896102219679553780855931443225103/399593287149014481087662181239269274754332349768885752006633249193556091111366275100,186413637912744787421106999374072223065757192117524731888837716092594455485307274024/99898321787253620271915545309817318688583087442221438001658312298389022777841568775
422903805599803403068480053868688434262546024657/413956668619671320810542920217052034905916563317,434641259665141567043291694886628659543467061325/413956668619671320810542920217052034905916563317
191312163464625772460074638907959482776200487494417986004890287/604778049793718747229246639473806188117462583370933860619310500,173712775596443084453585095291263805416870637221911155113528844/151194512448429686807311659868451547029365645842733465154827625
26681198897734668247957632767913096264608912207926006534222246524903740258276/44114641223039025214143677487075395457704758602997669894776005823060966258075,16299697163508098775712439500941556221367885746489933537716562044613461566941/14704880407679675071381225829025131819234919534332556631592001941020322086025
1,2389763/2487576
397959/593585,1
61651511200400995856671044176620559021740681600156566548992436945198019411457383994251279/200200297811165061949200414370974914702101408448874415938335276085355928609336040597620705,83543418178705445948131683687546758803188554509652056969665322220358092582794515717573633/80080119124466024779680165748389965880840563379549766375334110434142371443734416239048282
58160789932600509803930437072510299655425180175540679870697081343500636943/57141765519233267354078478026226906578227328589553522889538882112768656509,657280042206558449126797934992841354018080406397182328014465709699415052639/685701186230799208248941736314722878938727943074642274674466585353223878108
4327584370958795814030596753953651244273267757465659561609485530848588469673501151503796326715522515431/7295942947577495677601646103185342934840937589381677693836691994581888888550475148105854964192037727325,5890573335353852676581942665620945545082309424114868785408863164923785757874683932068619013836990000351/5836754358061996542081316882548274347872750071505342155069353595665511110840380118484683971353630181860
