14
0,0
0,1
1,1
1,0
1,11000000000000000137/24000000000000000312
0,3666666666666666715/8000000000000000104
0,326275272081/470665978852
221106730214333336129276496311/303140942183333336960388262482,1667275182008333352700849464977/3637691306200000043524659149784
0,3786067507200000102929026242320334030563305620557/16943975238672000444181047511672002908939138400760
143690652983138537204791900307795875251549/235239238304406369442319744065262426486624,107817984222852919299436268227566297559449/235239238304406369442319744065262426486624
24673864738678593413438798381460303/38327486169504437932490095075919572,74494287413100119989540181803500789/153309944678017751729960380303678288
133351573226455157039857203325397701135819657241/260398619424515011031642997071637568110699322928,1
444129565296214692976585380260841295031446963791568130367411882306959319/689894751051079900722085238694629365074232395501868762499849411099177168,148589614218936346739355885832989731252220016146992822284376554497091461/344947375525539950361042619347314682537116197750934381249924705549588584
625089986213599134514666469556008691399265927623927824477365923212264888465455266453/1171793787410317579908968705934218246574239451868094488827455266865563041758982293072,0
8
4 6 5 9 10
3 10 7 9
4 10 6 1 11
5 4 2 11 10 7
4 8 5 9 12
3 12 7 9
4 12 8 0 13
5 13 12 7 4 3
-10329408641720809685092510873779803773738142339337647307984705/79218023119234189364871997100088883331936205719381453168840968,40541004145662627353103031866372391212416310599028969286743303/79218023119234189364871997100088883331936205719381453168840968
-393936614037705130710150/2200500642200949647366761,977224362089862901642705/2200500642200949647366761
26951249640398247588722138977056895814821329007280109202138889331173/1026111623343174207856073053237308748039183748204660650391305941591184,600646363838667455287365289149124789173917091960467743263765368919709/1026111623343174207856073053237308748039183748204660650391305941591184
468385274144185997080308111742341263969019657649596079479104863716195997570427094537463507820781574798143/4617502305044284055407388670719272466207819459841668625816968790697581353601627549915282947783821550891024,2868990352047896037331018128565417295765214318278239709339139045639907079093874303648073111459258750292023/4617502305044284055407388670719272466207819459841668625816968790697581353601627549915282947783821550891024
1584973902224901530942348660661864993034633352702330230623021246878626416668949222546097/3078334870029522663586572470095720350504400320869023124702084004755317365260931722056176,840542174067623172077793786903420913738479752296076913416057187719301308843625105856217/1026111623343174221195524156698573450168133440289674374900694668251772455086977240685392
0,3666666666666666715/8000000000000000104
0,326275272081/470665978852
133938961776070464104077352509575743887842537019008887799177514019738302013/212035687461376679451510029209864690478017657754351310808992739700134932912,40643219813665857567816160894858093816809002295043610412267699181140611941/70678562487125559817170009736621563492672552584783770269664246566711644304
663320190643000008387829488933/4235993809668000111045261877918000727234784600190,2349181958983200061412185969964867067812941178821/3388795047734400088836209502334400581787827680152
143690652983138537204791900307795875251549/235239238304406369442319744065262426486624,107817984222852919299436268227566297559449/235239238304406369442319744065262426486624
24673864738678593413438798381460303/38327486169504437932490095075919572,74494287413100119989540181803500789/153309944678017751729960380303678288
61674815420197722229552270520654209318529858791/260398619424515011031642997071637568110699322928,4727941071472224712261471808296057366902227005/32549827428064376378955374633954696013837415366
24673864738678593413438798381460303/38327486169504437932490095075919572,74494287413100119989540181803500789/153309944678017751729960380303678288
177414206147840404450121379811741795411211552580535047223327480474918271600611801755/585896893705158789954484352967109123287119725934047244413727633432781520879491146536,234911390442963651160142489321493514052094014215352720212907202922114790638684736859/1171793787410317579908968705934218246574239451868094488827455266865563041758982293072
