17
0,0
0,1
1,1
1,0
1079962389931/1514492480956,1
386961038299/1514492480956,0
0,145728957243551941/442796295550697231
272335278622952106630741367781/661008505101290104245986709956,56516915135198065757716133314/165252126275322526061496677489
41123114598244627317772358126502195016681/59662436300143505692576603433046494364924,0
1,260236240061156819799838671/3535149904353000728339556146
1244067904555070753020512119/1330813317908789692953791676,0
0,42868028697639371/51930225079406972
2490128782254577017949896205/5190838193242713141991899868,5086942980086334608756162503/10381676386485426283983799736
619007350614289256966977091236149909273657429110730744307739141/2339663220812823098128379107759374226329863014296978671364810476,92708243325855073931586595625569043603819230904638385366963117/4679326441625646196256758215518748452659726028593957342729620952
1858056731438815916907632940798677862618503271109827/7751244023921231848223303113622385839569402450777354,0
1,38156983613461844679501521536993348921/106505108600447992288357121775219687299
285860687983174868025723369182243606928509119714811706858517348431492239407/1077268476237070273739778480947429113949652198547008813253245840640933441253,0
9
4 11 6 7 12
4 12 11 1 4
5 7 13 14 0 6
3 14 5 13
6 7 12 15 9 10 8
4 15 2 4 12
3 10 3 9
4 8 7 13 16
3 16 5 13
-4038831313861174379884825762487880/196260585215513405070288746783502961,129056484843821490690800083026750742/196260585215513405070288746783502961
-164563074484127881920791687187477/1003946972078348961990258209176925,768646023168859465997385107619839/1003946972078348961990258209176925
-11817619853374423298253956663106839327511280530543573/63006493335827783190070188357975324546179469682938290,6222366263841101258144647670063192906044103942162003/31503246667913891595035094178987662273089734841469145
-1731391933688927279914097768824321/12875808227836650777379807145728610,3543270707022395111545625557329909/6437904113918325388689903572864305
336270813006925077690044877184273277531361/4165671617784117202895763010190155479444220,99785378659179924560942734710889868535752/1041417904446029300723940752547538869861055
66587799165460135606253764408685224277445231185332675886262394483849961865473757/298408359575517342056302866133357581601641687724794506522920892059209966582428300,7006417296683999668695291420739289670680298380224323479313218302034855117977567/10657441413411333644867959504762770771487203133028375232961460430686070235086725
0,145728957243551941/442796295550697231
272335278622952106630741367781/661008505101290104245986709956,56516915135198065757716133314/165252126275322526061496677489
-152191537390753187923237295004668733401/5423857845467591426597873039367863124084,1631929107448470732838720692498945977852/4971869691678625474381383619420541197077
-97403544768340728012764326393/555018534983421114349310314922,339392334194171073601409005527/555018534983421114349310314922
-39403296644663306377341040733/208937690911679981793745293132,1278619703908042005783329128/2487353463234285497544586823
0,42868028697639371/51930225079406972
2490128782254577017949896205/5190838193242713141991899868,5086942980086334608756162503/10381676386485426283983799736
572546773175606442791377227281929831960234698012153431716930241/2339663220812823098128379107759374226329863014296978671364810476,3061903211916050305725641291678752829279687379547622371446374387/4679326441625646196256758215518748452659726028593957342729620952
1694908553003618655761129827390836747891244463689107/7751244023921231848223303113622385839569402450777354,2606611762325616217761529781952359335379569994161874/3875622011960615924111651556811192919784701225388677
42500061957319991387916246169669437533/1065051086004479922883571217752196872990,424734327089814339232196876385028623107/532525543002239961441785608876098436495
492236083337242241387074570330976242451706730521845128938223009613578810251/2154536952474140547479556961894858227899304397094017626506491681281866882506,717149153457907520361147152732098192282766058187802703786862121050356519488/1077268476237070273739778480947429113949652198547008813253245840640933441253
