14
0,0
0,1
1,1
1,0
3837277/13239952,1
0,4891855/16403686
185033874038188177192353804404548435045357/305762323007251404237664407558112527248611,1
1,127214980862457196203753217062222660755947/167457797185478271885523418113410691490365
0,41277593089185671205810/45916554156038267963969
90497510167957032965693408633/355082479439482976440198664710,325022075811998666598376923943/355082479439482976440198664710
1,1004972323474296418304414979100269768/14060487674358208316026726280397309223
0,5423675766253940250724/32594862673335082010603
83427259810718114164679387170518805536232056171/106702191793566961690809937691996337340446994226,33985400936524542008920167706127206319669467861/106702191793566961690809937691996337340446994226
828394520216112674815792656056740429742724066641524679608885630893560836121224399707665314450261/882688023245264538743460614491017838901404739138996802223976103499934499061588762341199884636613,703608776868681322825248181321536997200938028097740118618952861718089621035317357552942751215059/882688023245264538743460614491017838901404739138996802223976103499934499061588762341199884636613
7
3 8 5 9
4 9 8 1 4
5 0 11 12 10 3
4 12 9 5 11
4 10 7 13 12
5 12 9 4 6 13
3 7 2 6
-97151888086440/461686968761833,40122226688765/461686968761833
13683704457575066130008845437536412594827741/1058515440199386779133443414346616201425091381,845510333145496460023245747014836886606318310/1058515440199386779133443414346616201425091381
-115972758544593343898232806852581789537038641099976524878336143157669/374571567010294897388685994617021442235281528878177579572248839182981,412770868513903290068956230325586266349627264218937972155582502050238/374571567010294897388685994617021442235281528878177579572248839182981
-424298399654975/461686968761833,365898249583373/461686968761833
-39240013777146481048143282992327730839377709320432722377009481450336869/47565348510391802588684662067615875751886718678507204912233104024314000,875489522276184935103948819160072290194114469202949229716787135779273/11891337127597950647171165516903968937971679669626801228058276006078500
-59644250826241403285651367/278367498651369422966303750,21307435563174938654778103/139183749325684711483151875
20298299009816457584025132330248832717541/305762323007251404237664407558112527248611,33981415161654260670607408239888246231812/27796574818841036748878582505282957022601
-4933160151440974884233029303280768554631/12881369014267559375809493701031591653105,44571520982539199362467794764336219955726/33491559437095654377104683622682138298073
0,41277593089185671205810/45916554156038267963969
-408774017813847061979290865768856504095758484563/463514122639617931947131557470238539785650418750,67383004673484125315140691163031510018784172659/463514122639617931947131557470238539785650418750
-12212704523715380121651994826156603057/14060487674358208316026726280397309223,11855394214098697212328248044192019323/14060487674358208316026726280397309223
-3031813814859336386616/32594862673335082010603,6675767964911827838595/32594862673335082010603
-124733857898424539348105020425933/231113717763627464455077136948322,199751187303395752412739405331437/231113717763627464455077136948322
-491918116652547851415529569346295580560298982548661897605254797178687366999971968/1911875541153967897139149462650217552430896317865982666626147720583130045478305661,855280492231588432485101188294389812201556475806612337176824916517617521163793133/1911875541153967897139149462650217552430896317865982666626147720583130045478305661
