18
0,0
0,1
1,1
1,0
0,51829035822394119862605292212189/254587981657291472180721604703000
20679785293135253825179511592663411/71744346736684830391124993855256800,0
1,120474383425324272791967453216/187210339671376064125098829475
0,570426383287539282348655923543/1497682717371008513000790635800
4445492850771547150756776585032743209897/6159594345105104134254987062136013530385,702727318237989946631024413965368807301/1231918869021020826850997412427202706077
3333746259/3860700130,0
8525502336207332767137608518691315352754080343462707796797883986887/14143197530488358100249467316820244947365077703727711452592758578795,1
1318766351358867562362230094435454857/5275320430033828597394409115778124200,712658854239786115290000912897832219/26376602150169142986972045578890621000
2571572481649/3352089921836,649698377737/1676044960918
1,5090043138741234607307/14171657966119205521020
0,2079666169358933738787726000539682625421784318709687403849993/2548339421663407142720339515110917731249571548988094714105100
83030349842098531688904159248944600190095184490114286071290380912809911/123655628995270924474599905352253174494801915030534728553198233529423340,9298447019370263279421967463612263538716889264309556553957059426782813/12365562899527092447459990535225317449480191503053472855319823352942334
1,421443136274408445994031927635430881268560284740542517181347837100864505631176709/423898274675755553403133018817572147460913634048161111558979349008965186682964100
509942108779959662644091718957194573309745020666499864672080606757076/2102253182842214653730036987175853031727618608783460585095333506280025,0
10
5 8 7 4 11 12
4 12 9 5 11
4 12 8 6 13
4 3 13 12 9
4 7 14 15 8
4 15 10 1 14
4 8 6 16 15
4 15 10 2 16
4 17 0 4 11
3 11 17 5
1854572108138613995537159898412286415461198786112267486294169211181/9666169085052460973075204883143093496853308125102717966749740597025,2100665094755292136441453028266941505362106022339171052151775151267/7732935268041968778460163906514474797482646500082174373399792477620
355792298644241963330943314983630592208503577888209990289660513/3752803397963964716670893587331827697916872339304961541786460580,106584089369475580334319903878128576682592058877014505206509111/750560679592792943334178717466365539583374467860992308357292116
25350856026808364664596307905588480771046753548107848752366834920460971101093097013/59391511722695026733303523469614541743986588355654406108332657799196571651817025780,1853279208623027617282238656550612518931372332924317441523847591427117098074707327/11878302344539005346660704693922908348797317671130881221666531559839314330363405156
18601933541448816825741/55517276294369507113028,28923089083791302985399/55517276294369507113028
0,51829035822394119862605292212189/254587981657291472180721604703000
13562999598855515676980637517887130491/57021061579815790354296311522523318575,26368377606872086265730033777219792103/364934794110821058267496393744149238880
3905567665990421174691129199254692632829443269/8844098906293971704209001619941228266958669585,1495388115968746544515687513178036828908014211094/2962773133608480520910015542680311469431154310975
0,570426383287539282348655923543/1497682717371008513000790635800
4445492850771547150756776585032743209897/6159594345105104134254987062136013530385,702727318237989946631024413965368807301/1231918869021020826850997412427202706077
12251892354603/28054053258940,24038839976269/39275674562516
797462829075730454421089916154189434178642540347723194035536961870798843/1438815771171641646254578809074757158985344084955627541495166515737972940,153157765801481762151993910721014167069337651057069691694486654552960417/287763154234328329250915761814951431797068816991125508299033303147594588
1318766351358867562362230094435454857/5275320430033828597394409115778124200,712658854239786115290000912897832219/26376602150169142986972045578890621000
2571572481649/3352089921836,649698377737/1676044960918
407248520026238463620/708582898305960276051,1197339643407111505751/4723885988706401840340
354251460567938199979289890352084166032222981038096623116898/1656420624081214642768220684822096525312221506842261564168315,60646098059559868312906183136943470637700377563549919837109/33128412481624292855364413696441930506244430136845231283366300
2571572481649/3352089921836,649698377737/1676044960918
704859449232274930421404447634738509518057557993553061588314088572978328551064/1630377979522136743858203918529123644080437054031388890611459034649866102626785,1675642126449918549701806016755410754113063612930198114440730044385778489603869/10869186530147578292388026123527490960536247026875925937409726897665774017511900
22954146548375773964950269728260950753437441591512657543564633148225/84090127313688586149201479487034121269104744351338423403813340251201,24130772448376968249111512754017399733705429972294082355528798352281/560600848757923907661343196580227475127364962342256156025422268341340
