12
0,0
0,1
1,1
1,0
1,10015/10658
0,3767/21316
18186489275/43009019762,1
803393361324167/1023282883242775,1587567353761537/2046565766485550
1,31745370444754899/665113056455667626
1,1333941074031230563910316365773732515/10091532529398045568853063354062763708
1080899114066739925325274594619565114154875661563/1110470129233818823811883509443488080505666828050,76591408841857289285616776316326474507167527942/555235064616909411905941754721744040252833414025
102020516456109461460231199767149217811534613783353547083/122050608021154208749095697111890219126561437232723924750,0
6
4 4 2 6 7
4 7 5 1 6
4 7 4 9 10
3 10 8 9
5 10 7 5 0 11
4 11 10 8 3
40958657158341552341123851589/47989550979464374200470238650,90090801791502495036212507877/47989550979464374200470238650
15643661532597521051/66758130352088267066,92026324290880828809/66758130352088267066
1,1
7574970274506537097052541430475721620779909816135068678693024937794690050634300692189/22274924995259156049959651256205090974362518229746570606787307057994899246063733263650,26690775705260401772837688071409141862040758601592794362340192485308605485101025343123/22274924995259156049959651256205090974362518229746570606787307057994899246063733263650
1,10015/10658
17276580476925352495594127/17787703832313918759735700,15524607840981906958766043/8893851916156959379867850
18186489275/43009019762,1
803393361324167/1023282883242775,1587567353761537/2046565766485550
1175408352062154414166857902401256669483083876868061756731260948706660413642/3859002413946665011220519169680595591082908680600320590102278845028278357825,9001630139096806998983312643194544093582472293292284128797183337257074325763/7718004827893330022441038339361191182165817361200641180204557690056556715650
558049719442177093672776432213897437/2522883132349511392213265838515690927,11635211203658664102049422849135727235/10091532529398045568853063354062763708
339411755957214138387234392552841461921/1544771895682342151155695403329317231762,869523356953414766132260352806962566770/772385947841171075577847701664658615881
9368907688166106476901048809939268783435655036379650409/40683536007051402916365232370630073042187145744241308250,644540889680839960151474627736068425837565660916738733/488202432084616834996382788447560876506245748930895699
