12
0,0
0,1
1,1
1,0
1,114630028100994965/180241166775237616
0,2782992600346901/180241166775237616
24813334198777153931607573354791727491507271619507911118349711861/2650325970327408255921744234376794416732136880094455199993625465156,75092985075246650056180814100027596355877269332309392146949547305/3533767960436544341228992312502392555642849173459273599991500620208
30/5396563761318393964062660689603780554533710504641,0
0,673223758327628782708928566916731048632230226520593420392055151729462411711533701/31064219061606927899752819323856840262577408112056627107365024986511431344355590120
1,427840787/1260707840
16813224474819504128647177/21025752755033801030808540,14343921267571945023015839/28034337006711734707744720
17371510115180476646722498025786561473969/25741550401549776280039257129022777859820,1
6
3 9 4 10
5 7 6 10 9 3
4 7 0 5 6
4 11 2 4 10
5 6 10 11 1 8
3 6 8 5
72853610777798318514845919309651037486205091812653500/7824591144067877275234949736097412227883920607620298575222012745648479718547205462740811801841070961,-32097822719493751925381390536425964341748330304979600/7824591144067877275234949736097412227883920607620298575222012745648479718547205462740811801841070961
21075921717665836385162070664707861714124753005981/12148789721239372669949718694697558588180736878650,27689576756595650826366283752349743709007655327287/48595158884957490679798874778790234352722947514600
233099454155680353410908699324480/175768115432743158575089208001217,667030661705856999098442453587235/1406144923461945268600713664009736
92310120491283433/69118279452043450,13484555861066752/34559139726021725
1,114630028100994965/180241166775237616
2008601102019047628887885181972081008419350546970540176249971264210799414580614348785254581078617255796768798703515/176289179668248195991892998177413517853555320285361304631373248350731655282055241209607502668469917982914598586558622,14696188124086122624756280285274140534598972051147422487422119094872908669515360604679050584724569942628003170925989/1410313437345985567935143985419308142828442562282890437050985986805853242256441929676860021347759343863316788692468976
24813334198777153931607573354791727491507271619507911118349711861/2650325970327408255921744234376794416732136880094455199993625465156,75092985075246650056180814100027596355877269332309392146949547305/3533767960436544341228992312502392555642849173459273599991500620208
30/5396563761318393964062660689603780554533710504641,0
21682014617344320476497446457560763830215152370471093717654138272211251977870993/3883027382700865987469102415482105032822176014007078388420628123313928918044448765,39369973910441002970482205409781386954864355581955768644408714109696276149849849/3106421906160692789975281932385684026257740811205662710736502498651143134435559012
1,427840787/1260707840
16813224474819504128647177/21025752755033801030808540,14343921267571945023015839/28034337006711734707744720
869193896601146506931350962200521798007/735472868615707893715407346543507938852,3140712541597770610386506544845552780859/17161033601033184186692838086015185239880
