9
0,0
0,1
1,1
1,0
21510932657043709046/50496715862777052379,1
0,107581517169106838381/150603382483194256473
1260135510747197016347144/8831146673855606932854109,7153448677064806579459697/8831146673855606932854109
39/137,0
0,1333319727024205014506674801184503452713820335/1481368581467814332832669205004284687183120523
4
5 3 2 4 6 7
4 7 0 5 6
4 8 1 4 6
3 6 8 5
783759327/1418895325,137375589/1418895325
8689851634608543920049005542985424963472/32881052067083460966811521187678140638293,19922575193007509705161109704701684019261/32881052067083460966811521187678140638293
1,1
1,0
21510932657043709046/50496715862777052379,1
66120570384416174644750992824/213690435334591221576390688725,4976859941211966617081095521/6475467737411855199284566325
1260135510747197016347144/8831146673855606932854109,7153448677064806579459697/8831146673855606932854109
39/137,0
254530819339186585375617556929329512540222304/1481368581467814332832669205004284687183120523,953758386412774096800864530337082909639694111/1481368581467814332832669205004284687183120523
