16
0,0
0,1
1,1
1,0
0,107/201
107/148,0
1,761115655/901412574
1474526462/1895417219,1
80386082406593228551478355588032198/246953674144634720661938680551552857,0
112856675179596445650335429983771/594089025747308431190708824981421,233157899643690189956000998186139/594089025747308431190708824981421
12515312661281/47922755924124,0
0,12515312661281/105523634777968
5463948281953677238899696272338772387557654870972767067378227285178507140399/15369646077668045960417478421787773242002853439175484304435298550829547586256,0
10449683767511323451662368310232653992403851216207480322992790958386880017/22854480340216454496513675263383103231602089991232838432572939416825211616,3354015667207032687615420683834176324274827048743308300307356178205370897/17140860255162340872385256447537327423701567493424628824429704562618908712
195121188232739387241399053/1840089792241731915404992532,626909223550074200136593810/1380067344181298936553744399
0,105513423888156252576148581841/218257529590078283462850911568
7
3 6 2 7
6 5 4 1 7 6 3
3 10 0 11
3 14 4 15
6 8 10 11 15 14 9
3 12 5 13
4 13 12 8 9
31672/62305,43014/62305
5589685691891898356/10905508091169443245,18880448252424642373/10905508091169443245
1,1
3912259679998844783/2181101618233888649,2469885198066885492/2181101618233888649
4711418466723216641125/8374752490297105922246,12982780090504859989441/12562128735445658883369
242795372214162888348479568801714331884975989892708932475656430/325308776614044121427071760924280247337689768837713623080936813,977241271628778213223340364606052219561933602851646869365409827/1301235106456176485708287043697120989350759075350854492323747252
1,761115655/901412574
1474526462/1895417219,1
485396602658564399942800611212024934470134683023390331/752885292148088695345032863870218327558403139980488226,6404302726817737127562979225700088145263437623736808236/15434148489035818254573173709339475714947264369600008633
4588207600464465269647435260530967495043651139601343/6750812140889352459705921448682844912945517082795918,30768499464113916555174799727586019181198918169306513/37129466774891438528382567967755647021200343955377549
1685584788542023072290662183/1548998829688228379494328436,1226209633293793260975297748/1161749122266171284620746327
3224524728380084862380404403/3837174669453693163549811946,36832678345838317726726234157/30697397355629545308398495568
591388678449815346753111649261638404962718263445551374422125866691645590324/960602879854252872526092401361735827625178339948467769027206159426846724141,6264253110001723099144482443678159471125940806778600442503272117495865692463/15369646077668045960417478421787773242002853439175484304435298550829547586256
8038214279827649250108946292682282688290643932574739850437704169197911223/17140860255162340872385256447537327423701567493424628824429704562618908712,13078390852769181715528745929294456158402129949231627968467791947727598993/22854480340216454496513675263383103231602089991232838432572939416825211616
1971049247445399129740253061/3138976704412366208632046084,2163925738593076131460268878/2354232528309274656474034563
8420317303427894598668074971/15513402838510466226526167734,894054745461411802570704378901/904209765444610031488953776496
