9
0,0
0,1
1,1
1,0
1,221279029/689481040
0,3/80
812281362686527642251435370542141717416274813177/7772936785481243246890995455159522126273349859690,521714605755804287770877237408135692968882405741/7772936785481243246890995455159522126273349859690
1699987058129829978414869108505227884677/27507135227660283084924127311327413033968,0
0,88748082060511750159728987701396623097895513165448635489/753162597674465567566965334525950736901784937450230837730
4
4 6 5 0 7
4 7 6 4 3
3 5 8 6
5 6 4 2 1 8
0,0
-5692038860013721903185017346906082966299054177745747956703748796117917361063830751147708387597639/6823273376267857385940850217125875144762881232284541287511320273444140932811005902041959575188325,478595178673862450569146516634467115658678033344725861333869173067887855490535191879822949477448/6823273376267857385940850217125875144762881232284541287511320273444140932811005902041959575188325
-4910620110854612807025697727783480097884310628655818762875443446820589027802206963873003081098924/6823273376267857385940850217125875144762881232284541287511320273444140932811005902041959575188325,7256975833797059281301788657349828526497531223757984555346739248362265753294879017384624753638568/6823273376267857385940850217125875144762881232284541287511320273444140932811005902041959575188325
-89223344159588453779534226359989650068226199527804738329685977679602684625743599/265717013110181405271367779726264599861807865838795545342548786383522215041314745,225803537399850407295786943463910314402590715713494131507993753706808878948457753/265717013110181405271367779726264599861807865838795545342548786383522215041314745
-516302965191224596145003709530262826325734906546353465982308141986926385438422043688674/11450427659056344368447758686759739476743946476169576559384230842903045980611833334370925,180604212722602221060152743159310318640387902782867398145823897097200886999510691486831363/183206842544901509895164138988155831627903143618713224950147693486448735689789333349934800
0,3/80
812281362686527642251435370542141717416274813177/7772936785481243246890995455159522126273349859690,521714605755804287770877237408135692968882405741/7772936785481243246890995455159522126273349859690
1699987058129829978414869108505227884677/27507135227660283084924127311327413033968,0
15873885875815700783024695762078852649208220679014732773/376581298837232783783482667262975368450892468725115418865,-3323205383290443484846361779062803418916620151081156761/107594656810637938223852190646564390985969276778604405390
