12
0,0
0,1
1,1
1,0
156009184278857875442/345856458058123761177,1
0,4004461949460064623069486711277817716572176444555567130084149845579/5219320218437783119174750435817191699577897475721251511183054387807
148489220550538975224528664460129011805789931511355132233583768098336150113928783/7297483951494580447923686145528698623032093846775122821225671631235058809631761029,5675530386152318400922878041709250758919819786370404909844517671175020474103094355/7297483951494580447923686145528698623032093846775122821225671631235058809631761029
32621300514246/1395362028035813,0
0,256162248629708512603745280310294111028639569707022838949995120486626546486442373355484464345478603666213715325317176781381976509865881936343291904/323304719202457088730237202369756475212922919530227175425715406673414096125609800021586379826865949670932414891505604250529241656374454339086822231
399810948803616599349/18273607881153138734308,7031204252637167381391/18273607881153138734308
1765683/3679567,0
0,1550684336400335001818362490528041883/4235694323163578802007361889557220393
6
3 9 7 10
6 10 9 6 4 2 3
4 7 0 11 9
4 9 6 5 11
4 8 1 4 6
3 6 8 5
45518524042724008086204691998/973532374492764613786405965325,177358207873457724008158086/973532374492764613786405965325
594886703662694428463799170395189525435512058476004824779280368053656395470405423116024485018651155955479257436762932161675806078128/3135883730038625237657818632026498683658101243147011975317656906797229976214224570701462764591066674926940318888720916064843710691343,1983022943527401095733625764681177869424381768992678160311346235478621016069272190805890787779253100027497421107820923445956779816071/3135883730038625237657818632026498683658101243147011975317656906797229976214224570701462764591066674926940318888720916064843710691343
-12234961687412/29448553126213,-20165851293412/29448553126213
83862385957013/147242765631065,-75439410603396/147242765631065
156009184278857875442/345856458058123761177,1
207196219928857185417916524904933188115273581275466357158877777712257369335589810238482055505579/5081177205493829882973393930657578740467814267901615352647719742945099876652693192316340744792275,3899280668804899424102253696701824124673199240557299930712512169290784102083946149864897398705278/5081177205493829882973393930657578740467814267901615352647719742945099876652693192316340744792275
148489220550538975224528664460129011805789931511355132233583768098336150113928783/7297483951494580447923686145528698623032093846775122821225671631235058809631761029,5675530386152318400922878041709250758919819786370404909844517671175020474103094355/7297483951494580447923686145528698623032093846775122821225671631235058809631761029
32621300514246/1395362028035813,0
72711578954049230182051847755443190871379699963297876918996993220418957223660479692067685383316906718865757436286786570519556717832767475400434308/3556351911227027976032609226067321227342152114832498929682869473407555057381707800237450178095525446380256563806561646755821658220118997729955044541,2676873318374158140764320637295506298741542062782600609202307574721861058409585470859167631964095699777453087981613039672290821168607683176928656602/3556351911227027976032609226067321227342152114832498929682869473407555057381707800237450178095525446380256563806561646755821658220118997729955044541
399810948803616599349/18273607881153138734308,7031204252637167381391/18273607881153138734308
1765683/3679567,0
185960338784512353770529347014828579/4235694323163578802007361889557220393,517136303857700715408913573795436662/1411898107721192934002453963185740131
