15
0,0
0,1
1,1
1,0
1,2443/81520
0,4939/81520
1,152642708/7485006377
183066597327759/185014076335376,5604149853905/185014076335376
1,64119323450906089/1642471569972100744
1,126818352653459317875652530077024915652568498868022357/651864284293102949348755898613235887505547807589513688
0,133365565517552844600662297015849739968595879023340273/651864284293102949348755898613235887505547807589513688
102645166602175020646843768671/150821990184586881857363672344,11989879138435862560328683295/301643980369173763714727344688
8188680658282569152116321/13848646178744025682323764,0
44189401998458435015786785154542611701447991473738255170399/119050401287386022021806706269202299094210010646657343840440,47825619679307405288078351613797950167273581779122091103919/238100802574772044043613412538404598188420021293314687680880
1,7171087365870988872413475386957164194625609128915516147458019371445555184293042807387/13994347191489129550874531787202801192072676600708993084671654873020878836285246384438
8
3 6 4 7
5 11 7 6 3 12
4 12 11 5 0
3 8 4 7
5 7 8 9 13 11
4 11 5 10 13
3 14 9 13
5 13 14 2 1 10
1934828780950425800403269857868/1372737751012602441051161479981,2337786300150745950798361486133/2745475502025204882102322959962
38295329535541146214839494191547784376064254228275314152769103388909744170914540561554732439/20150240877613068271528723029588797834822322002549495606740295988944153346158022642486652840,846116265099266234861972356763306382936703575094484992982146064310170711905064316464568671/2518780109701633533941090378698599729352790250318686950842536998618019168269752830310831605
117995025125472863553439346525443504649251357562138709477794920922696428978367231049059317363/100751204388065341357643615147943989174111610012747478033701479944720766730790113212433264200,-4385588368689946043824925841524726236426348133283950434816736444013629372362050161363097198/12593900548508167669705451893492998646763951251593434754212684993090095841348764151554158025
53852538893648444693/52778263772570957345,1142531642782548916/52778263772570957345
1,2443/81520
162565178821364957644048107683441001/111905581462547350994490683848051120,4526910504801026525980115922365153/5595279073127367549724534192402556
1,152642708/7485006377
183066597327759/185014076335376,5604149853905/185014076335376
410390037449133997/410617892493025186,8588026704870061/410617892493025186
1880275310979497535183342987846821605425998213775735139/1629660710732757373371889746533089718763869518973784220,32560746548675480481090285266437487577302221758222519/814830355366378686685944873266544859381934759486892110
57489408900535705299264067294902529235575168041635997756337164617/42386706554138512678206592383165718095961156391528900811504933356,9707028183800935005874066455131493936696045356491927706291000123/10596676638534628169551648095791429523990289097882225202876233339
289888697764392092689231991409/301643980369173763714727344688,50981696937552258555649179217/150821990184586881857363672344
3445578141717294313994653/3462161544686006420580941,5949036078605572411646947/13848646178744025682323764
940209967183019802802015517813309/868121350013216723348298449238320,288571215997634060343374658785349/434060675006608361674149224619160
234427060092562558008121012514328051816958686320169967498970889888703252034810974643297/279886943829782591017490635744056023841453532014179861693433097460417576725704927688760,257977881798148089951815873334569042387259890991863624168591884422482486908184991798/34985867978722823877186329468007002980181691501772482711679137182552197090713115961095
