18
0,0
0,1
1,1
1,0
0,107/201
107/148,0
1,922456848143/1079033411226
43133703590371/196236501148377,218112201365693/588709503445131
18924241912324853/153180079524425987,0
3997973725688754320609/6915820099548006085705,4920810234433141055617/8298984119457607302846
12759058007/14867209440,0
21261741314776678293896229672312653/83166548475009779315996442053510160,1
0,51666093926928828585080335844824021/8277338198077868446459724327044963314
7698247995112395459176970040878779129/476225709445121827143112946612014707648,0
137930583085035881317/644663516691086564725,448669633012925652763/1289327033382173129450
2099276/9377425,3446227/9377425
161492703550574502093848498663/1228682550300507787202849898488,149305734806070848244929806173/4914730201202031148811399593952
18369611406203773/33678289291249136,1100590131897387/8419572322812284
9
4 3 6 9 10
4 10 5 7 9
4 11 2 6 9
5 9 11 1 4 7
4 5 8 16 17
4 17 15 14 16
3 15 7 14
3 12 0 13
5 8 13 12 4 7
255076820205145473120833169398/402024711838817242064594044345,195869450964011074835008113294/402024711838817242064594044345
10165745528223660041964357052910524222809598/9691764424722295642833346018411060974381485,1903729508337186539918960723213707651458826/29075293274166886928500038055233182923144455
7291701666183568482995549/6452527274517570693597529,5100916530665630938639465/6452527274517570693597529
1,0
749917594599387058789027741057283683427222346/649348216456393808069834183233541085283559495,338292721582944719073159261297374665112309964/649348216456393808069834183233541085283559495
107/148,0
1,922456848143/1079033411226
32011888604420601150389775868471/32749922967268008733328837904645,644100918154173963894930513466808/884247920116236235799878623425415
141488847680612627104578580544285009/230078104617071974215847698752975455,417900968382388913573802242667280973/690234313851215922647543096258926365
3997973725688754320609/6915820099548006085705,4920810234433141055617/8298984119457607302846
12759058007/14867209440,0
66525172812577228702897874769050803/83166548475009779315996442053510160,85527488812991672430402593780459/693054570625081494299970350445918
4346815881515331731668999640502033602/6897781831731557038716436939204136095,19976831444015647440503596984471743971/41386690990389342232298621635224816570
1482905425440705066378807599420998375459/2381128547225609135715564733060073538240,8240612292182114699817584261122236213/16535614911288952331358088424028288460
2478690426892161/10346898590660245,1584138267477341/4138759436264098
2099276/9377425,3446227/9377425
51110355275395642596504969/98602243022270105706030808,219231878766805128315161871/394408972089080422824123232
18369611406203773/33678289291249136,1100590131897387/8419572322812284
