22
0,0
0,1
1,1
1,0
1079962389931/1514492480956,1
386961038299/1514492480956,0
0,429/2452
311531511439819/576339204196972,359005526038423/576339204196972
305425242193220978581395533/551992093979483365911473872,0
2/15,1
123791163922471658/11966806993638500827,8785161248550374003/47867227974554003308
306249612310333143585966289507189/917015589261612454315402811578806,290278303190227116046106719315535/1692951857098361454120743652145488
1,2310790153511170074335087384342041415191/5091191855406087706204342599798706590416
3627231253763457752947336371055675858247/5938021407274627827282423755397717273438,0
1790991192632047628786413037976432633724205973/3628194096596372763407694048323496488310851762,0
1338437442411287944155602/14955574147870959382046119,10603076242926693817199204/14955574147870959382046119
884588873483/2008430964304,135557783167/251053870538
0,242793469978813719219442673264765295398604/349110105495353554366314941514807780525337
8654411878920031570384933/18675865047631540085877604,4242567185409835749503793/9337932523815770042938802
4669882872487920413695856031623496285371326408623/5185730081083346816348806441353516141425539413230,876024956036555718958465590104247140609087035202/2592865040541673408174403220676758070712769706615
37828988043899405684723173945563561/69640795895844407863431899685789968,2145512466470885009949209075967682/4352549743490275491464493730361873
1,1176558844350971798932149410254752031644613032664521383018102030/6531039575769979277407820371165467514685140179316442435126695829
14
3 15 10 16
5 7 16 15 9 4
4 10 6 17 15
4 15 9 1 17
4 18 11 10 16
3 16 18 7
5 10 6 0 5 11
4 19 13 8 20
6 20 19 12 2 4 7
4 13 3 21 19
3 19 12 21
5 8 20 18 11 14
3 18 7 20
3 14 5 11
61785264485903459724674048000647790274/322532175757636135687309648752981502313,98499416001695625991658376737460667585/645064351515272271374619297505963004626
-10755545573781329591417461296841358093526944068/18843686040779640696175573854483400430870011393205,7878906689193035961303399435651606382303275850499/18843686040779640696175573854483400430870011393205
-29284784468172711732284826971287404609/814261627359130535930375931813317937610,20869426591946791930880918707215396681/407130813679565267965187965906658968805
62296343679206487504886530226304602959686474595207518117/176443237192232216693971133819468193784623725491815862370,41937163666216689627797435379768578453751884438422778362/88221618596116108346985566909734096892311862745907931185
1135413922265666358100382619/4528477954847329677594690940,7284802545683255967400244997/182271237682605019523186310335
107551603605045245300446045225926816677041609513989/488472555051318990098990240184899887039991422451228,99305225904919452636600364249088257713620413610259/244236277525659495049495120092449943519995711225614
5522637489259568324671851931814700/311931098159027616385263649392785893,214973269743883235464177689278506285/1247724392636110465541054597571143572
24304118747498374459963436985807/55490568039098342975195605430716,22749823009261921050248879024469/55490568039098342975195605430716
33569657289798424855509339/551992093979483365911473872,15549457174249019335359771/68999011747435420738934234
-266503159636661178/2407027304190366325,3561825236320010537/7221081912571098975
123791163922471658/11966806993638500827,8785161248550374003/47867227974554003308
80581714831928540840830978105022/1375523383892418681473104217368209,3695667159781053775746951832241143/7336124714092899634523222492630448
-2216497072048454267650418276517772442027291636939073031/153182972585425807500452139254295400834758527897934676765,1463097308289774189103551331151678870779036556160450984153/2450927561366812920007234228068726413356136446366954828240
68890503788566776470320207801004482754/2969010703637313913641211877698858636719,266117062037540386254351000477830201318/989670234545771304547070625899619545573
42964129272342715651327467689671964121815598/1814097048298186381703847024161748244155425881,987170449335765255278735435640971315439613717/3628194096596372763407694048323496488310851762
1338437442411287944155602/14955574147870959382046119,10603076242926693817199204/14955574147870959382046119
884588873483/2008430964304,135557783167/251053870538
59711085688786113960797377866243159294300/349110105495353554366314941514807780525337,233798882509451848499524670919094977957580/349110105495353554366314941514807780525337
6734017961591652510911133/18675865047631540085877604,2700615025442268447319534/4668966261907885021469401
1338437442411287944155602/14955574147870959382046119,10603076242926693817199204/14955574147870959382046119
884588873483/2008430964304,135557783167/251053870538
16816658832318480407254796509315054438804442530050715730464798109/65310395757699792774078203711654675146851401793164424351266958290,20509573126964885163970214203694145184182281406374360237994091824/32655197878849896387039101855827337573425700896582212175633479145
