19
0,0
0,1
1,1
1,0
1,223284799/492388458
199779800/423064599,0
1,7179730573/7434046730
6417028885/13596759458,0
1,392564056535200973888016697/2045508230297657965537472754
352208129939501043974415725/744772186474702017862432422,0
1,197/221
4930988403185/5297628155654,2222909776589/2648814077827
1266952976289316129229/1343473579769318734830,1
5092096173264180629625496948972265/10177127535419804222035047489166484,528525793078732828282479389063611/10177127535419804222035047489166484
200750809547635874023129145025011/384661975436777409251063880375402,10943755333154240287403266273147/256441316957851606167375920250268
0,18218080987547252597164242449463226066499/46659705148962538561296715386273738688056
36476731407181394677256050766139863812881092598330015/66835598346817062024288599203437450089953522652005898,4511632765841918670513627042911676110128872895199959/33417799173408531012144299601718725044976761326002949
826072062728144277600738291887124397092814009418978/1056264546174775043834177616974203151785593200651487,93734614023858023032103506426754575074471432992653/352088182058258347944725872324734383928531066883829
6419730193879715660443827016507642125940628240554127649981555/13074128306378367944654369955394809626533224236412825602240642,1
10
3 10 6 11
4 13 16 17 14
5 17 4 10 11 16
4 14 13 7 5
4 12 2 6 11
5 18 1 15 13 16
4 16 18 12 11
4 13 7 0 15
4 5 4 8 9
3 9 3 8
83796323295506076928255835587491635096618100559625633659155/255995819743714090388997705857237679946570552983407540884922,136324263675119204492095570304319402535627823270679323204391/127997909871857045194498852928618839973285276491703770442461
37538287486161372885415/86065995209177810872634,141485838020577063224717/86065995209177810872634
61763167442140018119/60034229635634036666,59088930537968028361/60034229635634036666
7321497558741421903933797120992285699/8433409435641419013758508405552761430,2941053413887879448685926548947256843/8433409435641419013758508405552761430
1,223284799/492388458
199779800/423064599,0
1,7179730573/7434046730
245995208230411306796782231159556559766716390079515/2145216210219897143590097225866385569707888892888682,1380933198301052874740507561167095805137053560113767/2145216210219897143590097225866385569707888892888682
758295470314665097458827965/1022754115148828982768736377,1008150350649417896145956105/2045508230297657965537472754
31979431460004150577213265/67706562406791092532948402,252781264481427566219510/372386093237351008931216211
11411945558573007222349828849247019854691877120493447022386957735058004693133/30297293009348850983180254152767407012971336558525559996642733580500764769837,3530187438031042501022499263582439600328894015466971204486214849099587915361/2330561000719142383321558011751339000997795119886581538203287198500058828449
235651698605931167165390920806792414322078737269218942597020929497405187123266391841857/726261504463464166576965132953647840607109895687371339523221570724113838033339756200038,524916001706815876647928491970937006447517654025351285046339390111692834181904077867157/363130752231732083288482566476823920303554947843685669761610785362056919016669878100019
191521887946965024542344075033436180813319333029772387941232066653649115769111057437721980805459/454308799328453902689461698709493696588148873036338533454398340687545060156755447374495676759258,5364060599629525640430534023678066158437112648323474672412077964237734222133282930152067173074477/3407315994963404270170962740321202724411116547772539000907987555156587951175665855308717575694435
2181417290516693115434800603835/39293928708184572285849604205276,7675055761546094429799827300615/11959021780751826347867270845084
20208935043789573960932559450511/384661975436777409251063880375402,170542772394554369542385047921005/256441316957851606167375920250268
-990386916600829318037259203094464606105/46659705148962538561296715386273738688056,2412669504988807426603854464551445242715/1944154381206772440054029807761405778669
267117227281529959997479005749280304739869072956595/1806367522886947622278070248741552705133878990594754,598460891523242483590168411103427315202575920518771/903183761443473811139035124370776352566939495297377
358072547418547906565460553465878900941200021918978/1056264546174775043834177616974203151785593200651487,300590399790699619029696266808945084373484815467653/352088182058258347944725872324734383928531066883829
9946032003267481590748908776946194758340488877236392122093215/13074128306378367944654369955394809626533224236412825602240642,8337886081477114712144150744325254566719903013294482486270523/6537064153189183972327184977697404813266612118206412801120321
