15
0,0
0,1
1,1
1,0
0,107/201
107/148,0
52465/74204,1
0,75743/128208
0,6073629475337092929098/6945835275829882873889
1262947432384175958684109285/13285784059517754567430250972,8579970776337581719074200867/13285784059517754567430250972
7207267093702289025002266467411983/17164112941783262284748126972852398,1915135708713607683501776489846351/8582056470891631142374063486426199
0,204290767199712114495668428/510169681725857852087736679
2387975750144791056212875/11648868799599770644178489,4442828609630579017948223/11648868799599770644178489
9258028/157691407,0
45499/218737,248821/656211
7
4 6 1 8 9
3 9 7 8
6 5 10 9 6 2 3
4 9 7 4 10
5 13 0 11 12 14
3 14 13 5
3 12 4 11
31672/62305,43014/62305
0,1
2339660421/2742940610,1719859519/1371470305
-38726187/2742940610,2403050622/1371470305
66486262023909131092935795588170160939155206125/274122426011408963644591187980239439628354483771,520710036735622903807160909004401216525038436666/822367278034226890933773563940718318885063451313
-6975922/136878725,527749341/547514900
52465/74204,1
35163109971626085120425354805252767770037876869155/174849194000351842840526104619753920775482943558768,22109655065813462840871118492076127374390257990349/32784223875065970532598644616203860145403051917269
0,6073629475337092929098/6945835275829882873889
1262947432384175958684109285/13285784059517754567430250972,8579970776337581719074200867/13285784059517754567430250972
-940540123098285564843984645100055/8582056470891631142374063486426199,9766456633149979460714094868989869/8582056470891631142374063486426199
64258256549350741149001000/510169681725857852087736679,291560426432276296731811678/510169681725857852087736679
2387975750144791056212875/11648868799599770644178489,4442828609630579017948223/11648868799599770644178489
82909044/157691407,100026042/157691407
45499/218737,248821/656211
