11
0,0
0,1
1,1
1,0
0,37/326
37/304,0
0,166130646823223/281006480151920
166130646823223/250963634196420,0
73/280,0
27541531778028069/79760015045190220,5639247162832756/19940003761297555
1,16502831420986311468339600158/29349280299021414814681069555
5
5 6 4 5 8 9
3 9 7 8
5 9 6 1 2 10
4 3 10 9 7
3 5 0 4
5624/49673,6031/49673
-1441482830675601339366033237/3548684689411147973135512570,967321005250179897671365079/1774342344705573986567756285
-1041935425718178867187561487/3548684689411147973135512570,-795739182041570305046638081/1774342344705573986567756285
-4340539243225058007297571218803/14922219118973877227034830356850,-294655431149656648208369855058/7461109559486938613517415178425
0,37/326
37/304,0
0,166130646823223/281006480151920
-341333035734937819/4572975687782433100,755659119819589304/3429731765836824825
73/280,0
27541531778028069/79760015045190220,5639247162832756/19940003761297555
107834271126958746904071623459/763081287774556785181707808430,-21758070867372448771961292492/54505806269611198941550557745
