15
0,0
0,1
1,1
1,0
1,453081667177/478861194360
0,34235125901/239430597180
81746714008581242/191034454451539745,278917338263874752/573103363354619235
108910/406619,0
0,19005556412985782312697425048/42843361027694184539491896195
16601571413979443184824989932543707/90883391256678150756566112420272985,210632437314864185410268968730675441/727067130053425206052528899362183880
0,27755/1939712032838706771430528
321713216613538437577256856641146526960265602803/599114872792146890723270783356588834836143817030,2752465620108152282219497974692897810596621533143/4792918982337175125786166266852710678689150536240
5263524952033071648298561413823727635/10633140952226165609838632542112479409,0
0,6427130060620627564158199688598300579327603021/28688931877080575992934406130275763724173150640
0,173104967273576320897213821959659953461158200705066437965777/265331289097363194601473983262956062503002917703984957968680
8
5 6 9 10 0 7
3 10 5 9
4 7 6 11 12
4 12 3 4 11
4 13 8 6 9
3 9 13 5
4 6 11 14 8
5 14 1 2 4 11
0,0
357845847895790132601201653506773641841358928817038379391810433159005055097419312086/975101820246151735367551797116212429923457519218191541898367298422295405933804644775,-61321386538648779162965368774526269612480085590838926550686267496479615510420415927/975101820246151735367551797116212429923457519218191541898367298422295405933804644775
991277122362644248749893652721029793357068282605672252000774349244718621211790727581/975101820246151735367551797116212429923457519218191541898367298422295405933804644775,680020896333881930112716031023974386276626036766126881804188624916566005037541483233/975101820246151735367551797116212429923457519218191541898367298422295405933804644775
20576297824398069067013463595997432046061891027183616189301613/38773090210332913311290386110941832367951296830010039083122985,-3979850693714740407557288265843704242800260122967221853135816/38773090210332913311290386110941832367951296830010039083122985
2264373930617386955087288317444487078671676946782895722594220167524238474/2320866035893505310182857095733895164025508123291186150766818989483545575,4532534071669732718045815886661059420650990286054721427268594438958937477/6188976095716014160487618921957053770734688328776496402044850638622788200
102141568291446671081222660007443987205633804684498458418362/791669546945726540369542199326145602146309710840191781765535,13011414372101619509276163558506363052004388412383207159667/211111879185527077431877919820305493905682589557384475137476
81746714008581242/191034454451539745,278917338263874752/573103363354619235
108910/406619,0
76219925762656415469807020/259656733501176875996920583,669484954184791915882509400/8568672205538836907898379239
16601571413979443184824989932543707/90883391256678150756566112420272985,210632437314864185410268968730675441/727067130053425206052528899362183880
0,27755/1939712032838706771430528
23493924787215962409007445242369800014336390669/59911487279214689072327078335658883483614381703,596158341475605046120765221490589100533958332149/958583796467435025157233253370542135737830107248
904104749289765059881809167544443635/10633140952226165609838632542112479409,33345433158761320343179250536719000/247282347726189897903224012607266963
85135385053063649392932494661676812310923935/1075834945390521599735040229885341139656493149,2160310395721490103514001006402104535986558075/17213359126248345595760643678165458234503890384
681375719097653182169195460921728544085010364134491748755/6633282227434079865036849581573901562575072942599623949217,8644954436051474749218993256970146647280530267413900903875/53066257819472638920294796652591212500600583540796991593736
