13
0,0
0,1
1,1
1,0
0,51829035822394119862605292212189/254587981657291472180721604703000
20679785293135253825179511592663411/71744346736684830391124993855256800,0
1,552492037676/720729672175
625171403817/1177663441493,0
439157033470948483747/692507936569614564180,1
1190354452614502570713265092186382612642136610754260771/4439681878356608057044210501245667075722987137735937800,63107179233883907576493743153055148934617979976364219/4439681878356608057044210501245667075722987137735937800
1,22129305222655568261161199671975192693426893/158752841452777098908687907308078728770983620
452220182444303898027218165767876877021995981/518608098112270602810701764783802455102276660,0
57515775932986894255933890256110475654453039910709609867023610253068720891219110350576/229037021863732719150929020079971362063995373339612474273454703120491210702314573380025,0
6
4 8 1 4 9
6 7 5 9 8 2 6
3 10 3 11
4 11 10 6 7
4 12 0 4 9
3 9 12 5
1854572108138613995537159898412286415461198786112267486294169211181/9666169085052460973075204883143093496853308125102717966749740597025,2100665094755292136441453028266941505362106022339171052151775151267/7732935268041968778460163906514474797482646500082174373399792477620
0,1
4869815885896899020909671015184186289523/13642191442542179819260816376843792324020,16899510108708365541623574622277538520683/13642191442542179819260816376843792324020
302521546404311423959569/953171220891309801649837,398197405193521228865300/953171220891309801649837
0,51829035822394119862605292212189/254587981657291472180721604703000
74504802339260502762373714127485719575090849527022861519471834950837299/305859410344368986737408758281524889010048976096523884772747548364346355,811365542310977617218010720030071702206600621461911946327210844904498109/48937505655099037877985401325043982241607836175443821563639607738295416800
402382175491941679765255897336187602739017978598501/1966466433226403121949149787621099540574943195628700,83528363820770233890254915059936503759365841124201/78658657329056124877965991504843981622997727825148
137183803290654328744923375390871091819267667896757/2295130017675796807823535105959799380225538538365980,2810271856793261609211128850396402281131247705980439/16065910123730577654764745741718595661578769768561860
439157033470948483747/692507936569614564180,1
1190354452614502570713265092186382612642136610754260771/4439681878356608057044210501245667075722987137735937800,63107179233883907576493743153055148934617979976364219/4439681878356608057044210501245667075722987137735937800
14018257920483329336223608536179908896620483/31750568290555419781737581461615745754196724,19097537075607131254124283036706270665038567/39688210363194274727171976827019682192745905
48701608880089028608171177238474628892293306/129652024528067650702675441195950613775569165,31507427147204698325868529713208991203519315/103721619622454120562140352956760491020455332
2527010204745969951206159628164836906942402832799352449108810633591356240592504642845/9161480874549308766037160803198854482559814933584498970938188124819648428092582935201,2136821808768845727759614108222912392657238779949351626125581976604615812013085820281/61076539163662058440247738687992363217065432890563326472921254165464322853950552901340
