15
0,0
0,1
1,1
1,0
0,107/201
107/148,0
333228438332785759102921148161158342971476349488728/1290160257004764276568364539563703766938774901865557,1
0,692835158359181468344793943253278708417337062410305/1026063596691967227447715091414437051388813411899033
0,643542587/1094950720
12192332947/628369727360,81381959641/157092431840
0,26310168650657/50843668781632
404285598966954612349868700712461324836932044992112185856702396191297973539800183829124324976394246235462106613081586746683/1652992190827826010741997568895903636127162073426846050508999353111580067974822262520130273770586721165193431008903312774739,1
225049765270158261288292438784229842964271162289002069717328771366393/906731910817991378290126919681532750751464155120830808737478062030021,895233017701997890491215812472071615372202730303392195973496310705282/906731910817991378290126919681532750751464155120830808737478062030021
1,145389170049085836473200260207399791721909575617412201/45255692837360476927193292458353875716829486671692499680
3882096687890944483316458734272124534225473413351010097/3902866569326528174241201628587467361614317638439211840,0
7
3 8 4 9
3 13 3 14
8 14 13 2 6 7 8 9 5
3 11 6 12
4 12 11 1 7
3 10 4 9
4 9 10 0 5
-79200180255295228517/162217682076607527760,133956974530569678599/324435364153215055520
740442250676999796446189783211524863313085702521590085737717468860143804077042039794815243471187506315477451524503260715005673054693285770997048/2175022261760584710724116147667476990645486115770581462272174314313392727325866007904890677854772485854481163470684751544057446833044938111541653,2649379210696734067151357065691327005509188156978575233886783144234611282341460377308564717575834479753323035301944899615968224695455900901078599/2175022261760584710724116147667476990645486115770581462272174314313392727325866007904890677854772485854481163470684751544057446833044938111541653
-57376830335215659807537893296146255435032638779441951166572801732424846125191855770061740057807/53665254326410832105083775285863677355014465975647467598314037999402158084645446790932915175120,-137687263206783528889106410015504565786415596288979135964426945519666262341660818188564717948543/107330508652821664210167550571727354710028931951294935196628075998804316169290893581865830350240
-7190505706679689/13018030822294160,-11253723288380093/26036061644588320
0,107/201
-151815301565652593/481667140424883920,-278466360324762161/963334280849767840
333228438332785759102921148161158342971476349488728/1290160257004764276568364539563703766938774901865557,1
54371349745338569177413026253935086040449584917321222292376351707169040977120405601214529536/1642582522752464815376029466005478526646515952855962952103523719392768407039949037829690674521,2173255967607906950381286001278843733677839195703725804981776600839065866247341935404890037779/1642582522752464815376029466005478526646515952855962952103523719392768407039949037829690674521
457973210981730254712716518434814883357359864209999149211013056969299/1128450409778091008945594398532161025417948253447124202853085748968195555342156788031760,-6530152727056162704707643872890216315275742600488834245886134590666744268983007306566447/4513801639112364035782377594128644101671793013788496811412342995872782221368627152127040
12192332947/628369727360,81381959641/157092431840
451116319039/31777292988520,136452161097979/254218343908160
48004740026748810801459167906953693830802851722318467607031273923445360073610754678353453543583605408150707337100183022924/183665798980869556749110840988433737347462452602982894500999928123508896441646918057792252641176302351688159000989256974971,1630917018406766338629081054406413932680851031618566442981433213096305110168146333509517685478020627682201880301613894983662/1652992190827826010741997568895903636127162073426846050508999353111580067974822262520130273770586721165193431008903312774739
225049765270158261288292438784229842964271162289002069717328771366393/906731910817991378290126919681532750751464155120830808737478062030021,895233017701997890491215812472071615372202730303392195973496310705282/906731910817991378290126919681532750751464155120830808737478062030021
-12536054107117772492887146290292748641406296978871449049/22627846418680238463596646229176937858414743335846249840,-4859168096369134902360528035004914061813520561923291793/11313923209340119231798323114588468929207371667923124920
-2137966190594123711470205897123871358631883237362353131/3902866569326528174241201628587467361614317638439211840,-838112667337222940289950174946611946681981587955656099/1951433284663264087120600814293733680807158819219605920
