23
0,0
0,1
1,1
1,0
1,68727026113/98398927150
21473980921/31364614600,1
28202/80815,1
0,43959/58060
26841752494032116402/28541512593989788125,14373532341875362849/19027675062659858750
8749706/269891019,0
1,1577307306269852742034875309/1891540360317986964609604000
4166697407/14101062610,108609636479/112808500880
21895372531343/41174150927902,136836989730955/329393207423216
1,6112884172397246245469/60184278917976835691604
192322259627729/749776092666355,1
0,270854485963/370162328664
4553870912498116/11133456899596379,186980391479984785/267202965590313096
124601805955717208978837/191482217388788652749712,1
312894487858906821708677422517534/396552096527271738753741007351975,2312480931285534427129879265677813/9517250316654521730089784176447400
3861651869468546180187032191/5058357188915946009247220784,0
1,2749390965106178757370763389809776399137/7705486931635745619185551702404917209992
0,69040319235289192861/81240054126337449960
12199734891048257099/285936445719828747120,1
13
4 11 7 15 16
5 16 12 9 0 15
4 16 11 6 17
5 8 5 17 16 12
4 18 13 3 19
4 19 18 12 9
3 13 20 18
5 18 12 8 4 20
5 7 21 22 14 11
3 22 1 21
3 11 6 14
4 5 2 10 8
3 8 4 10
163152346678085454097/1436001373084762769790,4177505302214782522643/2872002746169525539580
269177037511443704880546261497/1149658025107191682591058333550,1735055312970683278430059307503/2299316050214383365182116667100
129521138624807335213/185360003053298055625,126966338482462606534/185360003053298055625
37130892199901731/178090282337037625,169439560444332208/178090282337037625
7844446388036312748216097901/8761946358902548504592009375,14445368384403001957410907161/17523892717805097009184018750
21473980921/31364614600,1
2479656617735620/10701065759788859,50797162033044919/53505328798944295
0,43959/58060
26841752494032116402/28541512593989788125,14373532341875362849/19027675062659858750
1254345676650009685961849347/8612530530383239940264122578,74904619423811293926582152575/51675183182299439641584735468
5111378819279261515826818163/5911063625993709264405012500,32742499846817852232668203547/47288509007949674115240100000
4166697407/14101062610,108609636479/112808500880
6792852617439174488091848414804945/11825227453613306217169294422736116,45484965737648019622845800068737083/47300909814453224868677177690944464
515525715161024412851/1671785525499356546989,56148440781805036831645/60184278917976835691604
237566423169971/749776092666355,684766474767139/749776092666355
0,270854485963/370162328664
4553870912498116/11133456899596379,186980391479984785/267202965590313096
4742381093513224110091/191482217388788652749712,2911262133945948750712/3989212862266430265619
4553870912498116/11133456899596379,186980391479984785/267202965590313096
836870702475358279862245441/5058357188915946009247220784,75748411013537942327315125/105382441435748875192650433
54593279413401203897054972908969228665/321061955484822734132731320933538217083,5535901800073386123602711398762737186209/7705486931635745619185551702404917209992
4413746385416381174/50775033828960906225,98155347203708383963/135400090210562416600
115597374510547409603/476560742866381245200,63689780669962354958/89355139287446483475
