14
0,0
0,1
1,1
1,0
4471438282039/13709286223490,1
100370054279479/150802148458390,0
0,26017/70140
5137465871335812489/12062778601685587540,8518264803836491919/12062778601685587540
1,71204890339335533058115039754387/101862009762257691593555430260080
2308725059158422108416678660181387693/4030552070255503876077320891327378305,2203257817771905479416558220047301533/8061104140511007752154641782654756610
2151893126650559746449565971/16484098045916767126383154600,3904123234891866188068193089/8242049022958383563191577300
1663451793905242699867398820257/54956422182166035480602477465675,1
837922822700818732944810185837547704045694590961091071/1045137712191428282409833047875824375335959865008062900,39630184737514580119181077304707209676700794642018427/56493930388725853103234218804098614883024857568003400
2359405612771227613544906610891266440452602775141121659343/3621255821768537531346060095382301541619562808222168468550,1
8
5 6 0 5 9 10
3 10 7 9
4 10 6 1 11
4 4 11 10 7
5 5 9 12 8 3
3 12 7 9
4 8 2 13 12
4 12 7 4 13
0,0
4932863154/8067236525,3600584809/16134473050
335146228507064200369241331265111447/2045941028004050594089135681077752650,119565805239563254046931192626515233/1022970514002025297044567840538876325
507528869935881894360503401/1268055685279446169510404730,-51626561361206531692783851/253611137055889233902080946
257709508888896049848433334136000449469854439488739163070704883111/575003113389307082853367905964495946448353881870187787132423252250,6137952598015816427446915638735219741080083289713627311616715173/575003113389307082853367905964495946448353881870187787132423252250
100370054279479/150802148458390,0
0,26017/70140
236012105693715984603827852411653598248475566628691550154759661/1567898439071325251724751394090551356350674338176412185651768500,154196440427010495132010651256160702052347048096499116897772073/1567898439071325251724751394090551356350674338176412185651768500
-2573194086040805553708863102709/101862009762257691593555430260080,2234888011119622837279699011027/6366375610141105724597214391255
2308725059158422108416678660181387693/4030552070255503876077320891327378305,2203257817771905479416558220047301533/8061104140511007752154641782654756610
2151893126650559746449565971/16484098045916767126383154600,3904123234891866188068193089/8242049022958383563191577300
169974401387613050000685030108411/274782110910830177403012387328375,138810366875429891072966647101371/549564221821660354806024774656750
2151893126650559746449565971/16484098045916767126383154600,3904123234891866188068193089/8242049022958383563191577300
2624949000023492764710803894801729428578677124807903548887/6035426369614229218910100158970502569365938013703614114250,6079841615357940916351638406646663648325793005272538398873/18106279108842687656730300476911507708097814041110842342750
