22
0,0
0,1
1,1
1,0
4471438282039/13709286223490,1
100370054279479/150802148458390,0
0,26017/70140
5137465871335812489/12062778601685587540,8518264803836491919/12062778601685587540
1,71204890339335533058115039754387/101862009762257691593555430260080
2308725059158422108416678660181387693/4030552070255503876077320891327378305,2203257817771905479416558220047301533/8061104140511007752154641782654756610
2151893126650559746449565971/16484098045916767126383154600,3904123234891866188068193089/8242049022958383563191577300
1663451793905242699867398820257/54956422182166035480602477465675,1
837922822700818732944810185837547704045694590961091071/1045137712191428282409833047875824375335959865008062900,39630184737514580119181077304707209676700794642018427/56493930388725853103234218804098614883024857568003400
2359405612771227613544906610891266440452602775141121659343/3621255821768537531346060095382301541619562808222168468550,1
3273272/6308029,0
527520228444942904949/863728207536211479540,10732366387525883447/66440631348939344580
1777311206649163060402752248802972/1789002719372365598088457655660735,0
27510054388570093062251979292525702827/84603438076348108040639512733074985725,1239393770661704344373579381576506141443/3214930646901228105544301483856849457550
111734347985956905/242298304355801668,0
187004067539693526243047331180943436398/220422965452541630734300565931129209115,2699421580257935588219647984245965030/44084593090508326146860113186225841823
6418349603569288442967665192791/8868011374692443044459565736205,0
3485054502567015187801914158118057731337622536201768909787347671/4971598883636865838091935658839564705071958901193451502416407575,5101584087055401822163543158412903571828844480133052610358221959/9943197767273731676183871317679129410143917802386903004832815150
13
3 14 5 15
5 17 9 15 14 18
5 6 0 18 17 10
3 10 7 9
4 10 6 1 11
4 4 11 10 7
4 5 15 19 20
3 20 16 19
4 21 9 15 19
6 19 21 12 8 3 16
3 12 7 9
4 8 2 13 12
4 12 7 4 13
999757151427886694279/1629803688287527418965,663177276344243659558/1629803688287527418965
4932863154/8067236525,3600584809/16134473050
335146228507064200369241331265111447/2045941028004050594089135681077752650,119565805239563254046931192626515233/1022970514002025297044567840538876325
3673443928406205808035351338892895375147224289803/10333409164112047279789121426053133948647138522250,406519324448621611655686018437003521376587029271/10333409164112047279789121426053133948647138522250
257709508888896049848433334136000449469854439488739163070704883111/575003113389307082853367905964495946448353881870187787132423252250,6137952598015816427446915638735219741080083289713627311616715173/575003113389307082853367905964495946448353881870187787132423252250
100370054279479/150802148458390,0
0,26017/70140
236012105693715984603827852411653598248475566628691550154759661/1567898439071325251724751394090551356350674338176412185651768500,154196440427010495132010651256160702052347048096499116897772073/1567898439071325251724751394090551356350674338176412185651768500
-2573194086040805553708863102709/101862009762257691593555430260080,2234888011119622837279699011027/6366375610141105724597214391255
2308725059158422108416678660181387693/4030552070255503876077320891327378305,2203257817771905479416558220047301533/8061104140511007752154641782654756610
2151893126650559746449565971/16484098045916767126383154600,3904123234891866188068193089/8242049022958383563191577300
169974401387613050000685030108411/274782110910830177403012387328375,138810366875429891072966647101371/549564221821660354806024774656750
2151893126650559746449565971/16484098045916767126383154600,3904123234891866188068193089/8242049022958383563191577300
2624949000023492764710803894801729428578677124807903548887/6035426369614229218910100158970502569365938013703614114250,6079841615357940916351638406646663648325793005272538398873/18106279108842687656730300476911507708097814041110842342750
3273272/6308029,0
527520228444942904949/863728207536211479540,10732366387525883447/66440631348939344580
15890309113769513029672617301957671328467/44299755707198118074144408957799354561710,19376903633841389264896302024036240041457/575896824193575534963877316451391609302230
3051841127984541750003047142631313243917/3214930646901228105544301483856849457550,49294654832830959979663198754325399847/1607465323450614052772150741928424728775
33221866659422096/60574576088950417,-12026944674971081/242298304355801668
336014409079/695310049902,-43593734663/695310049902
2197162385071725557755965583429/3547204549876977217783826294482,-125643098833172405721167006103/3547204549876977217783826294482
3051841127984541750003047142631313243917/3214930646901228105544301483856849457550,49294654832830959979663198754325399847/1607465323450614052772150741928424728775
