15
0,0
0,1
1,1
1,0
1,11000000000000000137/24000000000000000312
0,3666666666666666715/8000000000000000104
2317792836426429335819828978271958/3173559287183515261520434532548271,1
11087033199274383138788754388053070825977454643335335/38082711446202183643613682168341644512728666884336988,34909152159018668338934971762497282664986135006937055/76165422892404367287227364336683289025457333768673976
75720627878500949252125184510392446107215044529736206343355573413354435/114248134338606552446946449838312131174483547598247631856430582824411216,0
0,125/232
28000000000000000335/180000000000000002224,82500000000000001025/180000000000000002224
0,78900000000000002119200000000000014209/208800000000000005500800000000000036200
0,27805195340411/27985726628456
5616901488388250072145165391908/19810472124628000254037921791607,72638397790302667596367624016609/158483776997024002032303374332856
7261692517101375118583235873402250314877743154437/178294249121652004572682592248926029293335125552222,0
8
5 6 1 12 13 7
4 13 10 9 12
3 10 5 9
4 7 6 2 4
4 13 7 8 14
5 14 13 10 11 0
3 10 5 11
4 8 3 4 7
1150860457501252229284517165886579164776966395542725549517896113/18093327539369892464947026523617194917315996880108401740024109000,17195221469352912321675044816489667158103853577936303693644102191/18093327539369892464947026523617194917315996880108401740024109000
0,1
11261724721300277044648832685736295899534355096635521952558564295479/16693375856220725893799331530380307716671790951913288477936853105125,21097671591684453692704017549145911443521950720203326754805168611553/16693375856220725893799331530380307716671790951913288477936853105125
356422878946964113098566055816346151036392781629785339005751046377993036466201428949089933296968570651823/600961530823946147801775736516290616025630999376625649460853399730651394446757821645100253679561704001000,749167433573690081250412238534274381803469211358460180812139747395290632612460837795897211593744602639911/600961530823946147801775736516290616025630999376625649460853399730651394446757821645100253679561704001000
14487869722968637200902407154197091270260381217913823100407110301372927902206928907787/100160255137324356664879305967498466016378605081143732768020812879986501279074542199750,153833187350103017459326557029595862104069398402420488939751402236008219909010372965687/133547006849765808886505741289997954688504806774858310357361083839982001705432722933000
140000000000000001675/2132000000000000027716,356523809523809528415/609142857142857150776
2317792836426429335819828978271958/3173559287183515261520434532548271,1
11087033199274383138788754388053070825977454643335335/38082711446202183643613682168341644512728666884336988,34909152159018668338934971762497282664986135006937055/76165422892404367287227364336683289025457333768673976
37860313939250474643517168334705557223075008146116744504170854210145745/57124067169303276223473224919156065587241773799123815928215291412205608,104727456477056006378261849489219913213422303758205188934459265270545145/114248134338606552446946449838312131174483547598247631856430582824411216
0,125/232
28000000000000000335/180000000000000002224,82500000000000001025/180000000000000002224
5600000000000000067/104400000000000002750400000000000018100,22500000000000000591600000000000003887/41760000000000001100160000000000007240
0,27805195340411/27985726628456
5616901488388250072145165391908/19810472124628000254037921791607,72638397790302667596367624016609/158483776997024002032303374332856
29046770068405500692248136864517004048613844667575/713176996486608018290730368995704117173340502208888,653745580112724016866001157614893108775012009943253/713176996486608018290730368995704117173340502208888
