9
0,0
0,1
1,1
1,0
1,221279029/689481040
0,3/80
21056915678415488735911429010803667408251477807073898377055561159/328287639862276374164408953379056793382319769435573038284180419327,1462325325283922400513170647212562665303315003391930207386663291051/26263011188982109933152716270324543470585581554845843062734433546160
5/5396563761318393964062660689603780554533710504641,0
0,6030167701141944560237589135934351979723760027147563697394609994565804671/91094755399517455533793627055221788308147105967735795048353071663770966610
4
4 6 5 0 7
4 7 6 4 3
3 5 8 6
5 6 4 2 1 8
0,0
-134395436368386031074963405124775176483832568889878624241762093550560519953939998623060425332718706785263588986568212917554138122310279/191142221351452116299210060097179222511243405457447975995309069783258271710061750917729359952848108453819164163229090239669646997621885,116579018893633438899016549138585686376731203845226157142480768785711932250094404833848556667860639224788916934397380403170802077500821/191142221351452116299210060097179222511243405457447975995309069783258271710061750917729359952848108453819164163229090239669646997621885
-12227790688193864742696942923700300766491080570863873138816153730162237936355737065402170645516407512216042218224960489641006409762954/191142221351452116299210060097179222511243405457447975995309069783258271710061750917729359952848108453819164163229090239669646997621885,263583832189411416338478532737367254450125797656303792955733665663848425658859257152555448609544614963203038089785130624928277366412581/191142221351452116299210060097179222511243405457447975995309069783258271710061750917729359952848108453819164163229090239669646997621885
1046095740347652520416143145966322095818928744795008607069225999685207893712774742862517509031849180470478956141935929/7443603287742456999881039466327640275112701247952733458464513948473959382839728095016814907389168127686958331211327281,7369729547772890414465515239453816524730212311538200623056400268818385379951459108838842730232531147176822476878947840/7443603287742456999881039466327640275112701247952733458464513948473959382839728095016814907389168127686958331211327281
29400372216478296559643504690509682181708381373871082275337099694997020755328264858650846939606923889631821629180935217908529/64152791702251106305415737094057829970382392170596856697311373503604149102476173503367654497927341567655710308003129918553153,4849809743452017494624627660170033429376114991513045863784571732715434664918183375710369190401212248368391294662701794277056549/5132223336180088504433258967524626397630591373647748535784909880288331928198093880269412359834187325412456824640250393484252240
0,3/80
21056915678415488735911429010803667408251477807073898377055561159/328287639862276374164408953379056793382319769435573038284180419327,1462325325283922400513170647212562665303315003391930207386663291051/26263011188982109933152716270324543470585581554845843062734433546160
5/5396563761318393964062660689603780554533710504641,0
137167198350389082627583326272616679657325286357197596958317789520007497/9109475539951745553379362705522178830814710596773579504835307166377096661,1190719660759872318322756661849324032905315527161486760772416512668829551/91094755399517455533793627055221788308147105967735795048353071663770966610
