20
0,0
0,1
1,1
1,0
1,32253679/43984719
22985299/55238978,0
1,2700162191/2970935802
9586205425/9856979036,1
1,3675708598981717/4957487720461260
0,1960294183307191/14872463161383780
1,3904996189217330068239773042281/5490183108800557002988618568100
12574046903364560171954064051519/16479043092581890240193837093800,0
0,806665477523666/2773285028173645
1312129617729812511827106671257/3990259557496011938960422854280,33146730110700106739060666786/99756488937400298474010571357
353099777773819252484742911643180270872277193/3496996553490320299721364900383049050282218920,0
607900/2681363,1
10099816383929897767433/18268674135668837031500,25695537197374650067693/54806022407006511094500
13805091348584694798353076726613483666951249/21075806507890717602578131309513280357476850,9485524610573718238933793888394169755681982/31613709761836076403867196964269920536215275
1,550761395402797810958/2973633293166552961125
613869435388685444522269213204861581/728700902567881606969533991578068140,2604452891694234132179188163254062091/10930513538518224104543009873671022100
11
5 8 6 7 15 16
5 16 13 12 1 15
3 13 9 12
4 16 8 4 17
5 17 16 13 14 5
4 13 9 0 14
3 7 2 6
3 10 18 19
4 19 11 3 18
4 19 10 4 17
4 5 17 19 11
-163527787700628795293198979058796020702470840701951146216691/1185231410883377356328152060417585487480284992779570356090625,847268577410080501979941150982718053978636390872169234546149/2370462821766754712656304120835170974960569985559140712181250
65200022708/198006217253,238039860809/198006217253
25162118910372708627/26496623813937218125,26094398306358857614/26496623813937218125
2885288323185945768407611819/4936295190156893254169532925,3715821441691816474601061108/4936295190156893254169532925
18400200480920818808625250625723012086/18534525007213884325453093806134494375,248608239272689173348570197991607339111/333621450129849917858155688510420898750
5696172349083715256824544633433120737563661497111/8296150192764163099024504293756480523836094929250,7786361301622791534592866527869112122232036306457/8296150192764163099024504293756480523836094929250
1,2700162191/2970935802
9586205425/9856979036,1
1,3675708598981717/4957487720461260
-15273619418859781497518127558115609790426944/387331359436455930924003977164009731327744675,2068199405766370622433327320621851214574745001/4647976313237471171088047725968116775932936100
746158193763635749215839303896/762525431777855139303974801125,19994155106676950972496006568067/27450915544002785014943092840500
1563064793352098500718131482207956151917148/2039345616694574219745763287766658087082125,1400597823300162010845332826439594257199959/2330680704793799108280872328876180670951000
0,806665477523666/2773285028173645
1312129617729812511827106671257/3990259557496011938960422854280,33146730110700106739060666786/99756488937400298474010571357
-247971863139022758086480759627649826729315927/3496996553490320299721364900383049050282218920,8216225374861964024622201558053299554085518/29141637945752669164344707503192075419018491
607900/2681363,1
10099816383929897767433/18268674135668837031500,25695537197374650067693/54806022407006511094500
47378904307184398334152588265816215378262991/105379032539453588012890656547566401787384250,201376763452738423323576667709692740186952261/316137097618360764038671969642699205362152750
2308752924466208770311/4956055488610921601875,9077649141068038130356/14868166465832764805625
10099816383929897767433/18268674135668837031500,25695537197374650067693/54806022407006511094500
