20
0,0
0,1
1,1
1,0
1,8780/13949
1783/10563,0
1820841/9958870,105877/9958870
61/302,0
0,3435933395/4384463354
0,1716454439734667144122941872477941544521767028074712939/483824150908064483076114520130335969081804136345897217900
1716454439734667144122941872477941544521767028074712939/53237213713171903959318491610571128812082551308958346960,0
382707810363391/702675704177975,199990810833692/702675704177975
19865727493/33566220630,0
65739163043482025271/1015146671644553347475,1035172549377806052349/2030293343289106694950
8331/25424,0
19542691149133/35108263957040,931512693031/4388532994630
1,1877670624365705471316321/126554900764282479154714720
265881669815869/1692459761636320,6317787011049/52889367551135
321279840072966236983/671778133151388034550,1697050974811772848123/5374225065211104276400
1589710176775731978203696293143397/4197125695708749227800183602413600,1
11
3 14 12 15
5 15 14 7 6 11
4 12 15 16 3
4 16 4 11 15
3 7 5 6
3 17 13 18
4 18 17 6 11
5 13 18 19 1 8
5 19 2 4 11 18
3 9 0 10
5 5 10 9 8 6
883392370598/2963087970245,453144639521/2963087970245
29992701232502990485935295212/113415129488872513620837100625,-64616291730322814289107031541/113415129488872513620837100625
2642321361189806765366564374235038999/4956438047328521527914227070519185000,-1605569788070995973812822491084824659/2478219023664260763957113535259592500
44785274084536372573/217914224814453668125,-28707475634551613464/217914224814453668125
1729338577952047509218502099975143/2258272081445982680829484343545000,-405878313285956305543208603080763/1129136040722991340414742171772500
21033932325530045067847649556508414124434386845816306454802630068980187776970425610076770444933/127718625068059664217833112958325200275040596433921612958981574897433681729958433218872452571570,1384393033126272239844588877960607755804365620067961097667836927580820298530281626453381295274/27368276800298499475249952776783971487508699235840345634067480335164360370705378546901239836765
411751589234423613766542433118534481185004342762903468952817765171451421436608237958009732099/2799313133732488752653090058195339921290624384691831887476048887082097933297119419653781093705,286705206572238927839064119783762372080562527972773691722341056824154450598551224351457119043/5598626267464977505306180116390679842581248769383663774952097774164195866594238839307562187410
61/302,0
-910698112659981303870547361562123323435271563810246083329301901346079905561109458379795473956083/6162087591875884600976136667623533221375510975873836837797555293986136167045235297395061173048555,4860697082985437078989360845032658272154365674500780347476552977975012430755493907442157293558593/6162087591875884600976136667623533221375510975873836837797555293986136167045235297395061173048555
145512291027621947077259258888028970763458747179904226771/483824150908064483076114520130335969081804136345897217900,242783326619574167973314878156929593139390321958875813/1612747169693548276920381733767786563606013787819657393
306574416298281353741048372975414081703251950387383268/1109108619024414665819135241886898516918386485603298895,6872898401317932476676697069381936389013719509351819557/53237213713171903959318491610571128812082551308958346960
19281022825960178415337/30708148117599960464600,2991423247758684263563/15354074058799980232300
19865727493/33566220630,0
41869767335853/66316607270350,-7903820488912/33158303635175
8331/25424,0
19542691149133/35108263957040,931512693031/4388532994630
1587704139426981803860609/7909681297767654947169670,-2127835043416465076139223/18079271537754639879244960
96952/345511,-482549/11056352
19542691149133/35108263957040,931512693031/4388532994630
2601894777133385103991530179369/52464071196359365347502295030170,-216410504272479982395659834665151/839425139141749845560036720482720
