15
0,0
0,1
1,1
1,0
1079962389931/1514492480956,1
386961038299/1514492480956,0
0,145728957243551941/442796295550697231
272335278622952106630741367781/661008505101290104245986709956,56516915135198065757716133314/165252126275322526061496677489
41123114598244627317772358126502195016681/59662436300143505692576603433046494364924,0
347716064707541446493339580521458/1062328665162252413375648029097719,1
0,318810199850157599669101922510450/492668232203928322915771712771179
6314873972853423229697743052889095822474494880794261814406645190456/195993249319673236718435818654530545612515335125647223211348969274519,0
0,3157436986426711614848871526444547911237247440397130907203322595228/103020571506755703192333637328948172615378255386689993349695947422479
99635444218635266006914496259859515024709529774693644939/99869406653123599471726337593059924543479657617870455190,1
88558469643575081267393411464528927105976917738169814519/99869406653123599471726337593059924543479657617870455190,0
7
3 9 1 10
5 7 6 10 9 4
3 11 0 12
5 6 12 11 5 7
4 13 2 3 14
5 8 14 13 4 7
3 8 7 5
-4038831313861174379884825762487880/196260585215513405070288746783502961,129056484843821490690800083026750742/196260585215513405070288746783502961
0,1
36443830925576535342439/69348458705900973293434,42202477863078011454287/34674229352950486646717
-80167179456869578167853/346742293529504866467170,97672601721109987670778/173371146764752433233585
948612292346384778091464637781172453861855160343056541361288191616437583908417/3179571162711477275090127469160632498733406110997480694560529856954569262187500,1100673062970451504471025023311596910649806633570124051993875748644830017781714/794892790677869318772531867290158124683351527749370173640132464238642315546875
69679807121520514760059875800966422266158001259/297235180616919350784176993679435464417262110716,3850073947356744042815174914230071250776408236/5716061165709987515080326801527605084947348283
-294783234532494617057139470800419834478558763128494176749997304527207879367273117636/929619889165609268932746870181823085120713019694716022348339440418873061485768046875,579366604068225396427979839861187969666813801815247280343292172841932537897592755377/929619889165609268932746870181823085120713019694716022348339440418873061485768046875
272335278622952106630741367781/661008505101290104245986709956,56516915135198065757716133314/165252126275322526061496677489
-152191537390753187923237295004668733401/5423857845467591426597873039367863124084,1631929107448470732838720692498945977852/4971869691678625474381383619420541197077
347716064707541446493339580521458/1062328665162252413375648029097719,1
0,318810199850157599669101922510450/492668232203928322915771712771179
2269186908264838897093732956800376962912543764442336428989380124736/195993249319673236718435818654530545612515335125647223211348969274519,129275552940775295032715917682131831800252589623487395024672187585498/195993249319673236718435818654530545612515335125647223211348969274519
-1922621283377170427862755166472212310151396081023516104062992275480/103020571506755703192333637328948172615378255386689993349695947422479,64592719927561006760402478285150674818015627877268641586138760975310/103020571506755703192333637328948172615378255386689993349695947422479
131590187434312080264127671942038802561657220272025684198/249673516632808998679315843982649811358699144044676137975,3840992860012446083951311423667002300668740636216951191/3160424261174797451636909417501896346312647392970584025
-39238725349204696537089226946606812885844475840300009232/249673516632808998679315843982649811358699144044676137975,1509636671148542179839656468750721386764181840304069006/3160424261174797451636909417501896346312647392970584025
