20
0,0
0,1
1,1
1,0
1,68727026113/98398927150
21473980921/31364614600,1
28202/80815,1
0,43959/58060
10698681554024/39111199624555,29646520140407/31288959699644
804429397/946593860,0
268905852401111391/1159116061626798020,1
657/1697,0
183205260041/263936818816,743204520689/2903305006976
1,14412024515058851649/37482081024061397306
0,4626965333333333366555893/15077066666666666772110548
591539209560100670772633430344982/891991170842333339540754682922639,3284892731224640023068734729536957/10703894050108000074489056195071668
21454548902092358427618230581548978557729/29232832419189352414575236059136633506876,2785242332360133247966088446160524265577/14616416209594676207287618029568316753438
36401003209077333589983362833213/52067066641333333698013663321116,0
51592521026530207960402136320169022113949454305055879/56670860164751303124544284541925706826537854583705450,44438087514496204852484107502916524932107355022807791/56670860164751303124544284541925706826537854583705450
1,158740463894449500461366355173999459631488397984/1455903261355643689713170791679905308130647140569
11
5 14 0 11 12 15
4 15 14 7 8
4 12 16 17 11
3 17 9 16
5 12 15 18 4 13
5 18 5 6 8 15
4 19 13 12 16
4 9 16 19 3
4 7 1 10 8
3 8 6 10
3 5 2 4
0,0
911657852/4002983725,2693057229/4002983725
129521138624807335213/185360003053298055625,126966338482462606534/185360003053298055625
22499695758996786777205501168331774950710117529763599414548476697114004299/68873798182304379864229657516235524171164730486629540929126780701230159092,13956495372900074225898794680675689111781408585593122464691395210907038059/68873798182304379864229657516235524171164730486629540929126780701230159092
1,68727026113/98398927150
21473980921/31364614600,1
2383792568647871002591/12399914577583105719020,320512727313012635965/354283273645231591972
0,43959/58060
10698681554024/39111199624555,29646520140407/31288959699644
9991124252685568813541393619832767376684443166259986478363053728/21245208865234537458979584078557084909464041468116353526279469157,67407911618518051833389205781490940349945286644106467133254570067/424904177304690749179591681571141698189280829362327070525589383140
18810264266014219/61006108506673580,51598467027386553/57955803081339901
657/1697,0
183205260041/263936818816,743204520689/2903305006976
2993923930324411617/6814923822556617692,3260994369409884813/74964162048122794612
0,4626965333333333366555893/15077066666666666772110548
591539209560100670772633430344982/891991170842333339540754682922639,3284892731224640023068734729536957/10703894050108000074489056195071668
9309337076840373855633784476312433214199/14616416209594676207287618029568316753438,8971194807924525663742192457943068674459/29232832419189352414575236059136633506876
1923018899954666680160973023792/4338922220111111141501138610093,15978738947306666780250549277895/52067066641333333698013663321116
14244852588149250815590648746102452324428414700717103/113341720329502606249088569083851413653075709167410900,34783172508244561482547073813355262941489311413442123/113341720329502606249088569083851413653075709167410900
2088467228933592797733781061955344540583051818511/5823613045422574758852683166719621232522588562276,1787194835152594587133771886762809198072670936367/5823613045422574758852683166719621232522588562276
