10
0,0
0,1
1,1
1,0
1,1349140940329598491015665172400945138633427626149/5396563761318394088183627199926841727974906365527952754275341606698
45/5396563761318393964062660689603780554533710504641,0
465966406879598929640907620827536143882521072133351340898717128720789014636510918451473646541601578939040189912176710123569068227049111/465966406879598929873890824267335603402607004291681708758022708185448816286667549993286120011386947927861605931438442282416427012872383,1
17519397856830868525207012491648467996248770348016793453132297466855221180929466381884835537041121923/30519882617390870398459131284737997186428237430415661563057053153740325471544088034985440847594701945,52558193570492604366782585353615503552746847910130315745696559203232054430005988873/366238591408690444781509575416855966237138849164987938756684637844883905658529056419825290171136423340
9739196254331387128881140274652913/16966286678285138829205846852104008,0
81239115730010244282512273671719241424853241214391647470934074311545688773191630629341893114173734090024633388675718346779959638549885610528252973754500366254092244337/1581143928313946397508676571950322696912704182318843827701092862639295831434451052787411158483948743194523954114158807740254464635026012540799682108574824803189416313880,1
5
3 7 5 8
4 8 7 4 3
5 5 0 1 9 7
4 7 4 6 9
3 4 2 6
97138147703731091353127892412868049981606789083538/93193281375919785974778164853467120692170561030326314462590444332234402475369502657349671874466388177482609378255037258480145755590029,-388552590814924374349221158394732604414193258318012598307824595682256/93193281375919785974778164853467120692170561030326314462590444332234402475369502657349671874466388177482609378255037258480145755590029
232983203439799459578331733018280231414235092940382997740336594835274712830730361948372856979098476168831660550901034/465966406879598929873890824267335603460852805151631572312952221661172012376847513286748359372331940887413046891275186292400728777950145,-465966406879598929873890824267335603402607004291681708758022708187391579240742171865032225803360610949932572223028505273955549991283663/465966406879598929873890824267335603460852805151631572312952221661172012376847513286748359372331940887413046891275186292400728777950145
465966406879598929640907620827536143940766872993301204453646642196512210726690881744935885902546571898591630872013454133553369992126873/465966406879598929873890824267335603460852805151631572312952221661172012376847513286748359372331940887413046891275186292400728777950145,-465966406879598929640907620827536143824275271273401477343787615247008581500405577030243203711148904458325354705994369355031923385800319/465966406879598929873890824267335603460852805151631572312952221661172012376847513286748359372331940887413046891275186292400728777950145
1515663944877014219647725810497807356357828467225728339273109412886/4581086144444230061232472750570225717612615543893406568558371250105,3204300044067122083025007917786858946421460971282074462988110484791/9162172288888460122464945501140451435225231087786813137116742500210
1,1349140940329598491015665172400945138633427626149/5396563761318394088183627199926841727974906365527952754275341606698
45/5396563761318393964062660689603780554533710504641,0
1,-465966406879598929640907620827536143882521072133351340898717128722731777590585540323705443072093897417876795665831113365016225150878081/465966406879598929873890824267335603402607004291681708758022708185448816286667549993286120011386947927861605931438442282416427012872383
17519397856830868525207012491648467996248770348016793453132297466855221180929466381884835537041121923/30519882617390870398459131284737997186428237430415661563057053153740325471544088034985440847594701945,52558193570492604366782585353615503552746847910130315745696559203232054430005988873/366238591408690444781509575416855966237138849164987938756684637844883905658529056419825290171136423340
9739196254331387128881140274652913/16966286678285138829205846852104008,0
406195578650051225365421189143462109929407310564592813362373802799261360509324084615681664163550344916547311623614509587282333107292102072993476464716014905642760944379/7905719641569731987543382859751613484563520911594219138505464313196479157172255263937055792419743715972619770570794038701272323175130062703998410542874124015947081569400,-988214955196216498417535633803323484692534303336786690097089385846074009435126071121457569920402899509825428087123377902239016371257338387159319522091439244937192063791/988214955196216498442922857468951685570440113949277392313183039149559894646531907992131974052467964496577471321349254837659040396891257837999801317859265501993385196175
