17
0,0
0,1
1,1
1,0
1,15/26
2/7,0
1,621817/1983866
20534279/47715775,11148093/95431550
7740723127/8021868973,1
254162666666693077219699/606833777777838465726204,43497777777782662237345/404555851851892310484136
32968000000001351788567/93639111111113400141312,0
4911618666664814475075173/41484174222218467522320288,0
1018988313932535761/1240957223698321841,624696231767012549/2481914447396643682
257948151151/325051381770,0
276960211281494421410450053/383377747989701463781869283,270453688382551851302171955/766755495979402927563738566
0,195106593113323/363323120836210
893267616690911859521/1386149218871025496397,1304309555575657324225/2772298437742050992794
10
4 3 6 12 13
5 13 10 9 7 12
3 10 5 9
4 14 4 6 12
3 12 14 7
4 15 1 8 16
6 9 7 16 15 0 11
3 9 11 5
5 14 4 2 8 16
3 16 14 7
38446176088567095150355887/29859104323248243571535122,-11813550693466975181515925/29859104323248243571535122
1344/1117,-547/1117
112817819296913351/78718944267413069,33946033863284977/78718944267413069
1,0
1065054570852589/916156021017341,194311969277279/1832312042034682
7798888296296605475745777151667427698264002/20442346362773174402083240258935940592100479,-4863423331434297812822785119528324988141789/81769385451092697608332961035743762368401916
1,621817/1983866
748377895962521840002154305222/637757521750062873502491623075,45181269095832371197496320711/1275515043500125747004983246150
11280628321/8021868973,3639129209/8021868973
254162666666693077219699/606833777777838465726204,43497777777782662237345/404555851851892310484136
32968000000001351788567/93639111111113400141312,0
10392338666665429916980643/41484174222218467522320288,-565471111111174609085485/3457014518518205626860024
1018988313932535761/1240957223698321841,624696231767012549/2481914447396643682
257948151151/325051381770,0
308907327880558276176172577/383377747989701463781869283,85336446328571939010634867/766755495979402927563738566
136353547954554/181661560418105,-28506152745305/72664624167242
1018988313932535761/1240957223698321841,624696231767012549/2481914447396643682
