20
0,0
0,1
1,1
1,0
0,10159705009/22555439032
314950855279/1147922745266,0
607/1937,1
770/1937,0
20321744186833680543959001/466771956953771565036684169,0
0,20321744186833680543959001/743591090958915455002283333
225247608865396903040/314625189756523534657,1
207621983471677600998496/596664678895649223365507,351337550705585207713826/596664678895649223365507
0,540310121222461420419239682/623797827078979326089822867
11369427/36101456,35432767/36101456
16630538644966687959824/32452679680665948626261,9678612422682237055430027/12526734356737056169736746
1,33593267428852885653696955158080697818554323/83049249371600102286366291549505080704892910
3670267173987798949025713824003/23666370891418261372742372378674,8786891011217737811751649212288/11833185445709130686371186189337
0,233962977574679757203608261999041365544613125695703/404689678812806661099244952574307507668998555925362
2718003409407278430896401309024964917/62209776099861664293175047200840278315,0
7464937737108554671428411/56126340455212711833145270,182360906464221880391754743/785768766372977965664033780
11
4 10 6 13 14
3 14 11 13
4 14 10 2 15
5 3 15 14 11 7
5 12 1 6 13 16
3 16 11 13
3 16 12 17
6 7 5 4 17 16 11
3 8 0 9
5 4 9 8 18 19
3 19 5 18
180769625207872174179607/451658323414543631912705,110109749621986967673884/451658323414543631912705
1175759/1889269,1988210/1889269
122023891614219016007528523239350981483135/178264768309918512628086642941109324383873,228594984264667585057443157377302406869185/178264768309918512628086642941109324383873
371080004791633008221517980637437141626852780269/2323698724867082184121346943228368272057574174554,3753670451344132370778723933977556096253139810381/2323698724867082184121346943228368272057574174554
30433477939641101/42613291744547608,776979131184665/1521903276590986
6032584428103518963857880125720106/15038733298341591818559948472384075,143827606862792166417990220380913101/330852132563515020008318866392449650
607/1937,1
3393041996857019757786123895027784287588381776445893/4501004430067538190643049029033349342975521176111098,6821464356645886672198905847684166128791415536190579/4501004430067538190643049029033349342975521176111098
177495732362311800441201302/466771956953771565036684169,95737259316602132660367412/466771956953771565036684169
279554395425507724653404779/743591090958915455002283333,190602920853720476675540549/743591090958915455002283333
225247608865396903040/314625189756523534657,1
93230768932952266053153930382771/132218903563236429803285650599662,122518959183786620271472521694437/132218903563236429803285650599662
402163781984639513134086752/623797827078979326089822867,574152504528344869381994530/623797827078979326089822867
11369427/36101456,35432767/36101456
16630538644966687959824/32452679680665948626261,9678612422682237055430027/12526734356737056169736746
338913344475334261572925564120679594298489/3657609428282906059244111285859032051769895,343494639603600553816267987306056344450822375/282367447863440347773645391268317274396635894
16630538644966687959824/32452679680665948626261,9678612422682237055430027/12526734356737056169736746
2457014991003259946510594257882213181822303436900349/6879724539817713238687164193763227630372975450731154,3222637558530589844034421217530909255194624584647984/3439862269908856619343582096881613815186487725365577
118308942805278346693602436461652258578/311048880499308321465875236004201391575,63759345430700512330030622809141254554/311048880499308321465875236004201391575
486812683994713405279875343/785768766372977965664033780,15323716918513693694935061/56126340455212711833145270
