21
0,0
0,1
1,1
1,0
0,107/201
107/148,0
1,922456848143/1079033411226
43133703590371/196236501148377,218112201365693/588709503445131
18924241912324853/153180079524425987,0
1,17179870076009/137438954308000
56264071972600603/101704827032129648,3178275921011173/25426206758032412
2965914856235124072719588159283053439899/155696233081822287701847560895702240782224,20174802911731575150914415383415731162429/38924058270455571925461890223925560195556
1023057665758557511769553758961526333973/3974112930978780829206758927744354420208,1
24207037006252926659/40885340205232127856,0
0,100066801640387834220568504234276422819061931/200065106593851032857848849840546499987306528
1,10253190711/16379440024
2618246797655989918687491/3323116271474888228814856,1661558194669407247372871/13292465085899552915259424
240013056227272245096306062208463970813/285453515133455675436899251264928324104,0
5398190723686862438184859061292282617918603274279/21442498378084852096061903411645910077090720090824,84785839518249064216962887148665222541516916334447/85769993512339408384247613646583640308362880363296
1,255530097712524775462488637315940057/270603372928714154267168012106271736
366657889175500544167374096439708030249763365939541794105649797/1515900335678775316067480990276941577979115062757688466250944056,1
12
5 15 6 7 10 16
3 16 15 9
4 5 10 16 17
4 17 3 9 16
5 7 11 18 19 6
4 19 2 12 18
5 20 1 4 11 18
3 18 20 12
4 13 8 7 10
3 10 13 5
5 7 11 14 0 8
3 14 4 11
255076820205145473120833169398/402024711838817242064594044345,195869450964011074835008113294/402024711838817242064594044345
65371190259120026254245896353761983147175044418695421/95222496567744854246435875697204294195012785566922088,16936404324773389777183494918415731987773624254946025/47611248283872427123217937848602147097506392783461044
172101607225323234823136247901873507399288880/167472063074629837327390051634884918874090641,139653217514832745968058337359858479334158229/167472063074629837327390051634884918874090641
279613803686420673898773629020502108942264066995/383020691668141883595531589950498129057728208488,69768449574265484323302229940253537338181597801/191510345834070941797765794975249064528864104244
1705775745014507269499776346808549037458633018706137847/6379907270038905234511203671712687711065856632983779896,1419156504400274474019805819715622536424432206076126361/9569860905058357851766805507569031566598784949475669844
394760327145495151863712980907/546023631224399188426378702664,68252956107198628610075513125/273011815612199594213189351332
1,922456848143/1079033411226
43133703590371/196236501148377,218112201365693/588709503445131
83485453516569981/153180079524425987,87681104949008586/153180079524425987
285490669996586698671294409018233/445894768156974699426906209316500,197841237918474821507525328893517/713431629051159519083049934906400
56264071972600603/101704827032129648,3178275921011173/25426206758032412
40986236502122976515673002758823912336389/155696233081822287701847560895702240782224,4865507331563942691849950734858299153287/38924058270455571925461890223925560195556
26782867002957938560832468178863814975183574065032853216895/34382026510810894007867425436922308685700947463481565838544,865093081758282790078416398441205590846507022642929491378/6446629970777042626475142269422932878568927649402793594727
80143597984900159/117149971934762544,212944486707748591/1703555841884671994
3620554411481760587703847955626526302854713/12504069162115689553615553115034156249206658,25008138601862051316225677893782228978773141/200065106593851032857848849840546499987306528
1,10253190711/16379440024
2618246797655989918687491/3323116271474888228814856,1661558194669407247372871/13292465085899552915259424
60003263947777058580250662887835803675/71363378783363918859224812816232081026,35681690749570567474550636001215354375/142726757566727837718449625632464162052
2618246797655989918687491/3323116271474888228814856,1661558194669407247372871/13292465085899552915259424
36535856339682066864962272556124122/33825421616089269283396001513283967,220605746070722157687257601914719289/270603372928714154267168012106271736
300827357826113382364959720117121720535321303421865697508159245/378975083919693829016870247569235394494778765689422116562736014,105311047479022462625118981019623118245799965692528888940719385/757950167839387658033740495138470788989557531378844233125472028
