22
0,0
0,1
1,1
1,0
1,453081667177/478861194360
0,34235125901/239430597180
1460312317800458/5831821213435005,2006759089491991/5831821213435005
9/20,0
0,6808407711231197200843537/11858130897251373686744531
1,171/2522
282621562732058/813014912924475,137298087212323/325205965169790
4571482159/35768783270,0
224285019892602429802/1682638678153894336095,76497124012411195403/305934305118889879290
4193275242503212533400911/23121658010003029228656350,1
0,3253238050040896236512732000331/11768307158410696869225175002578
57973959738872162288696993795028316097/62918781529434061314887759674001545980,444479725445527364270483623646283060713/503350252235472490519102077392012367840
1,341611304000000006749353027/448358400000000009008374592
3966411266789982175270516610692932787411628228971/4919790227343646459526558777459112537980822359220,1
724150494130815581177633598995128/2322497524529301671905189314014145,3654825590041587416487608738826431/9289990098117206687620757256056580
235394992169243158634350813/825451665632349508781792325,234565677981122579704798139/825451665632349508781792325
318067215161433227652247509905581858192/1554146990678409388348277597864187508995,1910742572510295322865575914889941613361/6216587962713637553393110391456750035980
275928077391998529090499556210321639915174843863/1383948536329316551008358890583484215829711192325,541101884868507225462906955658388242211074722091/1383948536329316551008358890583484215829711192325
14
6 3 9 10 18 19 7
3 19 6 18
4 10 15 16 9
3 16 4 15
5 7 11 12 20 19
3 19 6 20
4 12 5 0 11
6 8 1 13 10 18 21
3 21 6 18
4 10 15 17 13
4 17 2 4 15
5 21 8 14 12 20
3 20 21 6
3 12 5 14
14156070261389/25671034981250,4262880709673/25671034981250
4209094433981672080780/5029786457341953096003,-1053773967670238996369/25148932286709765480015
624600380471356984646072812608539217819396145628389817942812619374961/2071614124356264434909626759371039738700096180595183823909470203884750,-178093345192171341699598130714657168379714338803824262811540192918299/1035807062178132217454813379685519869350048090297591911954735101942375
1,0
1730013302645848538433097459830266410301022402206113791097/6574272567736590675527763313840506552903831998006071889000,-517018096471283709411025897336635784596390861943879342661/2465352212901221503322911242690189957338936999252276958375
86937151440964156172957/204881041192978586762500,71156449588600654843511/307321561789467880143750
1235318054650812406227852525824343824853204882621689740911712/3595029814380237301721959538681706539424202038385986393245925,1155392776991022569069507311737324957603027774927504898363991/3595029814380237301721959538681706539424202038385986393245925
9/20,0
14977407665034158885419780/35574392691754121060233593,8887862249728330541317471/177871963458770605301167965
1,171/2522
282621562732058/813014912924475,137298087212323/325205965169790
807261217563/1323444980990,37013514974/132344498099
24292793217341518941118/62257631091694090435515,9937808533630882222331/24903052436677636174206
60760835661732402213439483/69364974030009087685969050,937711345109857775244497/6936497403000908768596905
1664203974364224316005704195780224/3265705236458968381209986063215395,436557069707261373912255951656783/1306282094583587352483994425286158
137578325022484968518091382951779168391/503350252235472490519102077392012367840,-19504822274124559003974590748968654171/62918781529434061314887759674001545980
187285720000000003858786397/448358400000000009008374592,-620496000000000012189285/2001600000000000040215958
3228507019166825426906756543706441203584740743129/7379685341015469689289838166188668806971233538830,-4575404911429591205148863890499475657355446265489/14759370682030939378579676332377337613942467077660
724150494130815581177633598995128/2322497524529301671905189314014145,3654825590041587416487608738826431/9289990098117206687620757256056580
235394992169243158634350813/825451665632349508781792325,234565677981122579704798139/825451665632349508781792325
87696188419859765412942693371697282896858/287517193275505736844431355604874689164075,420433085433258301352460576784602797881471/1150068773102022947377725422419498756656300
235394992169243158634350813/825451665632349508781792325,234565677981122579704798139/825451665632349508781792325
