11
0,0
0,1
1,1
1,0
1,1704661450916/2467769458489
1810233692011/3514895142927,0
0,203219/271296
2977820403877477041/4851737248273329332,682376644502203195/4851737248273329332
4124685749460020934010401664989/4532471655260811721780727988448,0
0,29798467380490197855441/31748140037298943239973
3899345313617490769064/61120019493651024194547,1
5
4 6 0 5 7
3 9 1 10
6 4 2 10 9 6 7
3 5 7 8
4 8 3 4 7
0,0
-41193596931/164168296370,61306503169/82084148185
-224369618991691589138870023968757469/189255405287508930253370679603310250,60486991269859903517723157399702329/94627702643754465126685339801655125
448091692725809162359408201884938651/1513990725806580539668839026460333250,303817820404094674216612553619123116/756995362903290269834419513230166625
1597565082504044790467/23831147519650386140290,-2983477702306492981748/11915573759825193070145
1810233692011/3514895142927,0
-25853676901229796097843797403/130314022175656993301848818000,1464819982111741163644656921227/1563768266107883919622185816000
2977820403877477041/4851737248273329332,682376644502203195/4851737248273329332
215775424506550345769310076653/566558956907601465222590998556,1683948242488742837492595672355/4532471655260811721780727988448
-60167395128368374554531/317481400372989432399730,118644494746092394358589/158740700186494716199865
-21860471094530188006787/87314313562358605992210,69582912496336612604957/101866699156085040324245
