8
0,0
0,1
1,1
1,0
1,53/90
100660870672319/133202401415841,1
0,6190744087378521441956118323630857122119/19690977938038720406978059203648381597654
1,5399389310203111687048560452889490052983/9845488969019360203489029601824190798827
3
3 4 2 5
5 6 1 5 4 7
4 3 7 6 0
465183138500314747057732228766209668636114919077152/302385658295168923228641636131835442547689158024375,12352996770087554061616634897937880284358684220876/7753478417824844185349785541841934424299722000625
525814498124011457222227658/470753051110157453335892331,261072177110475191136149617/156917683703385817778630777
1,1
4109126857920320379445557026666898169675807092451/5705389779154130626955502568525197029201682226875,148958557016882550842756680810174187863601457688/146292045619336682742448783808338385364145698125
1,53/90
100660870672319/133202401415841,1
5641963302339825323618896649018607094562/3281829656339786734496343200608063599609,289088453906649946500911759376429872789/216384372945480444032725925314817380194
3398503952593339256156754026645745224693/3281829656339786734496343200608063599609,61619661795850943102278331109561567493/108192186472740222016362962657408690097
