18
0,0
0,1
1,1
1,0
0,107/201
107/148,0
1,761115655/901412574
1474526462/1895417219,1
80386082406593228551478355588032198/246953674144634720661938680551552857,0
112856675179596445650335429983771/594089025747308431190708824981421,233157899643690189956000998186139/594089025747308431190708824981421
0,3141063906/5934022733
57565/1218761,606407/1218761
1,36163673417600078015759/40041289918488667856356
164500598887405770197654855224216/167684104893354066469482290074945,143816891881758157621334991782408/167684104893354066469482290074945
1488434749827848632948165534562993190155488/4273607041013465246279397662798036589196325,1179042837880194943659537566189387676124351/4273607041013465246279397662798036589196325
0,200040099415991/873757489793208
170697220277664848017714925822885774218506197/547804435294306555040904151505774964305966284,22060488335359357749798984700924896601082347/547804435294306555040904151505774964305966284
13484040375144093389914709650406996774602595445676775242218128580127977821/34642264006371313872012020151878101083603015973518454083671275790311079656,2128214270100005923629240208943683200627286795032726182965850099134757221/8660566001592828468003005037969525270900753993379613520917818947577769914
9
3 6 12 13
4 13 7 2 12
5 5 14 13 6 3
5 13 7 1 4 14
5 15 10 11 9 16
4 16 15 0 8
3 11 4 10
3 9 16 17
4 17 5 8 16
520418993515121889278169/2093222619311308416772490,415699722332159562862041/1046611309655654208386245
3503049028876595244072121917056663431337679267373064006134360468/1813640436800778788930539841482325610867337050749850113611098125,2065979933067338838059436374772666621401245297821461988692102949/1813640436800778788930539841482325610867337050749850113611098125
11553943823960640047230949236426830173078394727/10809824485620013423523228559761913941835630625,10499294952610422229585641031826653430369061561/10809824485620013423523228559761913941835630625
3912259679998844783/2181101618233888649,2469885198066885492/2181101618233888649
20702734165/6620547505893,1183372469852/2206849168631
2373233849655576626035320123309368309935636680761458345919678314317020422981204103/10929198129668674235535556769842228918947657486095259824727135274436499843430079234,3357326225770728268194296591242599406838620550102098381059541323985981200569866003/21858396259337348471071113539684457837895314972190519649454270548872999686860158468
1,761115655/901412574
25099666857358161731138229581927582425730770591880671034/20489127464411991333957067058645302225751418754348731875,16666431481437444046473323011256405801268566935217471187/20489127464411991333957067058645302225751418754348731875
4719560033066620116011692575946988259332859490184542261/8296750126660518932612668839569622234848686631766528826,1405283832011921074515629703611817699411164555756701977/4148375063330259466306334419784811117424343315883264413
112856675179596445650335429983771/594089025747308431190708824981421,233157899643690189956000998186139/594089025747308431190708824981421
17039240/5934022733,3164205036/5934022733
57565/1218761,606407/1218761
1,36163673417600078015759/40041289918488667856356
164500598887405770197654855224216/167684104893354066469482290074945,143816891881758157621334991782408/167684104893354066469482290074945
364465210434819182252788697012209552963936956/277784457665875241008160848081872378297761125,458596053247571570064371196117118449426861383/277784457665875241008160848081872378297761125
10547616203807/36406562074717,543835373518457/873757489793208
24723554624355221812777668911928539649649/43961514749563161467049526643589997938044,16743555594435571261374991942404459820841/43961514749563161467049526643589997938044
3446713047165805711362308510072995193381269810025280755416992052853988719/8660566001592828468003005037969525270900753993379613520917818947577769914,18239499169699091594627802615616180755588589185892868654000016488429716189/34642264006371313872012020151878101083603015973518454083671275790311079656
