22
0,0
0,1
1,1
1,0
1,8780/13949
1783/10563,0
1820841/9958870,105877/9958870
61/302,0
0,3435933395/4384463354
0,1716454439734667144122941872477941544521767028074712939/483824150908064483076114520130335969081804136345897217900
1716454439734667144122941872477941544521767028074712939/53237213713171903959318491610571128812082551308958346960,0
0,10396071014622352116932605912574102679417885075667562783334965164563021860446717672920681308939761584005/25486023874800015154709604218384788917893036284286717032530697621916872925074550211998563655764636731516
35425111040938576258828983295770195976233697539368529394440331761600522371572209041680285249032949225/348716579621858090906376210935923813318235634092209321065700701985840675640323018784966733510513142416,15437314588407844324112884266102341485794778332966257916545576586298362440115251351375610680009258785/43589572452732261363297026366990476664779454261526165133212587748230084455040377348120841688814142802
33734329169/52867531381,2683990768/7552504483
7604897/8173165,0
38803726861199/204609005385841,1
1,149/700
4563377543540/5820316868059,45038874758/253057255133
96107932849459212620/133806075522255188621,0
7941503495519/11050868426281,1
451625662178113356109/890949573526872851315,484637176842570076883/890949573526872851315
873130206947881858642018631303/13428663058839178930466007416640,426995810766075035346136447801/839291441177448683154125463540
12
4 16 4 13 17
4 14 17 16 3
5 18 7 6 13 17
3 17 18 14
3 7 5 6
5 19 2 4 13 20
3 20 19 15
4 6 13 20 21
5 21 8 1 15 20
3 9 0 10
3 11 8 12
6 6 12 11 9 10 5
883392370598/2963087970245,453144639521/2963087970245
8121794693138268596274937909466984/6952194230771440812306273202794085,5153622855143246088574567909667603/6952194230771440812306273202794085
207675932/153075785,80973404/153075785
94569245799/101361169121,42053968600/101361169121
1,8780/13949
-10076788485253243003917631303787980136914072016869895470211593280164547877491840021276928845311037580343/29898439241897318306075310501974274061479746506648655815978178837806106606627540121299964410733078170705,3925807248080900989539754396747626644234370346001695374332579623017641066994888041881151034018137822032/12813616817955993559746561643703260312062748502849423921133505216202617117126088623414270461742747787445
-855018888592121731105975234248152577844561297102606893909549456204988428894402274972916997406814984479/2621233781786984464702270241887561607140590751766141127209134121088086504565796114649842858914827379330,766716872752212261883520889856013559062507140049375351233065483346200351769718247634510665992259274351/2621233781786984464702270241887561607140590751766141127209134121088086504565796114649842858914827379330
61/302,0
-910698112659981303870547361562123323435271563810246083329301901346079905561109458379795473956083/6162087591875884600976136667623533221375510975873836837797555293986136167045235297395061173048555,4860697082985437078989360845032658272154365674500780347476552977975012430755493907442157293558593/6162087591875884600976136667623533221375510975873836837797555293986136167045235297395061173048555
-15225170533614935313730510348039614234336397587692775024857193229/45304549659781552136911082446541411766301272961750597301773200540,8970470532915532510778025995707655541059900631429176646185220921/18876895691575646723712951019392254902625530400729415542405500225
-176095854537907582849187592567319870679264017917240690082728422/519276129709276505860982968558841501032289000922549710080394135,11039818185871271083433334671751225791153959391670998385008387773/24925254226045272281327182490824392049549872044282386083858918480
138059665552359687117288613866438988505265352673305915240648744219854230681056797197881175999511228379/2022700307523810726564254303046411818880399705102120399407198223961656581355123032698298702838463232660,15335582368787711975093817496766990938857829000534190420143300603703810327422781758023109093928909462827/31857529843500018943387005272980986147366295355358396290663372027396091156343187764998204569705795914395
38087973022368706195649951481721549084650999479485141091215284313964258070404252475873246739/2372984316925777503133335032218979892039502647959972089054483032060997567046086428590520358310,7194592221679253697118165717133917279603360793985616395570761262488083796237142409622452772573/18983874535406220025066680257751839136316021183679776712435864256487980536368691428724162866480
33734329169/52867531381,2683990768/7552504483
42250484092246839/48731856459931645,23791123254520/60536467652089
20407673868863087977693756/20739407998593829459815761,2062938512406326991335858/2962772571227689922830823
1,149/700
4563377543540/5820316868059,45038874758/253057255133
129974067092114367060/133806075522255188621,1211421333618118404/5817655457489356027
14149621618460/11050868426281,2852720201638/11050868426281
4563377543540/5820316868059,45038874758/253057255133
26792616039990908280785/21931396691578584637776,21813461347859457222967/87725586766314338551104
