15
0,0
0,1
1,1
1,0
48769/174950,1
0,187191/235960
1,12337643378444072/19741210822926875
1096976784530917/13434620162974989,0
539/1450,1
81/1450,0
4747/8290,1
616177/2683590,147617/268359
3125725619375/14623825459866,34797150033559/36559563649665
1,101416574846681817893496564791422921/2859793274933791633522270046085511390
707503083728013947852310387351462999/808919658574695765745806952142885920,0
7
3 10 8 11
6 7 9 11 10 2 6
4 12 4 8 11
5 11 12 5 0 9
3 13 3 14
4 14 13 6 7
3 5 1 4
-935501562467/3140820449450,855659351311/3140820449450
170642731/862846241,3163477881/4314231205
2496178/5433325,7672501/5433325
119350659343690060162188847092665/285102211839329652622674318407873,243560018991952208894542533235000/285102211839329652622674318407873
48769/174950,1
0,187191/235960
2097642661804420176382/21452082858895832621875,28162019384854747361824/21452082858895832621875
-6365871972342943640586/24331552532332027369475,19103208077996446484264/72994657596996082108425
539/1450,1
-401478107/1575664250,186587888/787832125
4747/8290,1
616177/2683590,147617/268359
6922216954655/14623825459866,31799231013631/36559563649665
258304188744372428404574705286240065/571958654986758326704454009217102278,1202940145959263559881341164288541148/1429896637466895816761135023042755695
37677532534404087974694489183961737/101114957321836970718225869017860740,119341917108217580822781419569655125/161783931714939153149161390428577184
