10
0,0
0,1
1,1
1,0
1,109/274
0,629/1918
289985778797202601353083/559457982471191177112086,1
0,201271677677083565082465/491257456474286166435548
0,2574997941803148541856275113/10028626953866496127662457091
2574997941803148541856275113/8632344984463264954992263062,0
4
3 6 1 7
5 5 7 6 2 4
3 0 8 9
5 9 3 4 5 8
-42143/924170,603211/924170
0,1
63202592973322425756307983458576896238134027796/138581780673080205422968183173270383947661332925,204771895356782415193921342056622608471251452247/138581780673080205422968183173270383947661332925
2529159614528915927007084125552298581564979598022797/9851778788049271803518808141787791594839244157638250,13751637249146513928941694816232799894695541899028429/9851778788049271803518808141787791594839244157638250
-2678308363417445222148244129258949800833135058478/18985703952211988142946641094738042600829602610725,53151551321380924170857638576447089275188917958133/37971407904423976285893282189476085201659205221450
-10774900267474897893272294975209716556138719959827/132899927665483917000626487663166298205807218275075,106090719823121134395459202953328348565291448165597/265799855330967834001252975326332596411614436550150
289985778797202601353083/559457982471191177112086,1
0,201271677677083565082465/491257456474286166435548
-2580777611687729351196973963/260744300800528899319223884366,103889733495964435935992974289/260744300800528899319223884366
28032418085166292661700509087/112220484798022444414899419806,38950823856607300065308907607/56110242399011222207449709903
