19
0,0
0,1
1,1
1,0
1,2626604/22674247
0,81851987/90696988
1,1210628994819463835955120439877/2014497929569322558084949758909
111613732761171313142453105783938582229/200248982897570283205083987351819912561,30973581502721167864731927274699306557/66749660965856761068361329117273304187
9872807473252409825461752440121952941849254593/18683453809471752344464090457537371038649308639,0
108943/944703,1
4434997911939/19353830572207,13977664065155/19353830572207
0,248191106973340031578/327804280848941114507
67633988294534839/7457567244536812809,4451388629264234727/4971711496357875206
1,1724094948185773945508719285648239499901536592888553608591851/14679233385775271922068245384339800071177025772929257970640555
1956085633987263637533178603521795750236731525956336818108359777531981/1958229720301685909513327004069648875475811749089994527273306127275889,76176536047808262372970090071101067891390050747533543672482010006603/652743240100561969837775668023216291825270583029998175757768709091963
0,1531323231842127/3135753130956103
510441077280709/4313885597893432,0
0,3141325230354287434468176311/3568804295520602525965259924
70476100927790627748293890656012262910299919311966863083838860829115128555811/73822699434182123439836330429614106005847231268310368852179804523317495839028,0
11
5 6 2 9 10 7
3 10 12 9
4 9 1 5 12
4 7 6 13 14
3 14 4 13
6 15 11 10 7 8 16
3 16 15 0
4 10 12 17 11
3 17 5 12
4 8 18 14 7
4 14 4 3 18
11679553499999154/13316134133588185,11784810901746058/13316134133588185
102918778929/521167858949,478992428530/521167858949
1,1
197619864167192412284285060434366271575497434186300492619104743165595283269113/236845846867132379253431969613254187526371208926084313673319382799868563997205,226806051347957892178804650292448658239729273057053796368296551717261462147554/236845846867132379253431969613254187526371208926084313673319382799868563997205
292815661080220118159765071355917102776624665770400372597783464548055/403292815986560396411331121122480595117915936063454272070363662540171,402756794407954828416294020985517313808145880280039844779127075104194/403292815986560396411331121122480595117915936063454272070363662540171
12569267497207527351/47268355049083145612,11681820785681716725/11817088762270786403
1,1210628994819463835955120439877/2014497929569322558084949758909
111613732761171313142453105783938582229/200248982897570283205083987351819912561,30973581502721167864731927274699306557/66749660965856761068361329117273304187
18712118906159128925846352893497536460302090781/18683453809471752344464090457537371038649308639,3745614066492431638898102975000367613878067088/6227817936490584114821363485845790346216436213
108943/944703,1
4434997911939/19353830572207,13977664065155/19353830572207
46304993913818878854/327804280848941114507,307055636592728793490/327804280848941114507
3944428447372728845/14915134489073625618,1
10671385370811098992233259797061643043539674223604902872839691/14679233385775271922068245384339800071177025772929257970640555,1
1420979413826588245753243322899169649001836259285598019330163241327701/1958229720301685909513327004069648875475811749089994527273306127275889,1
1262103293681142/3135753130956103,1
3903901411491403/4313885597893432,1
880859733687932948656210095/3568804295520602525965259924,1
62782538272265472335091984541811087869278870579206865361778515837853150412187/73822699434182123439836330429614106005847231268310368852179804523317495839028,1
