15
0,0
0,1
1,1
1,0
1,114630028100994965/180241166775237616
0,2782992600346901/180241166775237616
24813334198777153931607573354791727491507271619507911118349711861/2650325970327408255921744234376794416732136880094455199993625465156,75092985075246650056180814100027596355877269332309392146949547305/3533767960436544341228992312502392555642849173459273599991500620208
30/5396563761318393964062660689603780554533710504641,0
0,673223758327628782708928566916731048632230226520593420392055151729462411711533701/31064219061606927899752819323856840262577408112056627107365024986511431344355590120
935846942628426136608204987/2653605133715555776257599936,155426021246360387402428111/663401283428888944064399984
21001457741/49538597552,0
0,7505595685963755903068837449551816248764619/13252243740194038818300527298185043513778072
64708994410061400844378963358724364520557559/113614454373688866669382409076431707712042432,10477208836296720005843583078408501428859847/28403613593422216667345602269107926928010608
1,556065942374214286956278393/1632809633684575145845984896
1988826637085185045182118785578193704877709131980169863500433/2389866512578814186371735747360113290512840305773933167134272,1
8
4 9 6 7 10
5 10 9 12 13 3
3 13 4 12
4 7 0 5 6
4 8 11 9 6
5 9 12 14 1 11
4 14 2 4 12
3 6 8 5
72853610777798318514845919309651037486205091812653500/7824591144067877275234949736097412227883920607620298575222012745648479718547205462740811801841070961,-32097822719493751925381390536425964341748330304979600/7824591144067877275234949736097412227883920607620298575222012745648479718547205462740811801841070961
8192025719385540490644822307004237845282504258368344/29454068904446151075541874140077235983208034996475641,-142660816654340213314416788533017660873410418702963079/235632551235569208604334993120617887865664279971805128
-711878143490015267709796895707923904673576184808199261952943984415/1777279264794508462553198699077240919730732344040396532382910472096,-314500952693577397690567076213655495742123608545008906835862841215/888639632397254231276599349538620459865366172020198266191455236048
-537516997265005433/9857261564369452969,-6324300334853296791/19714523128738905938
-5574943723685820193235071391730232177909721357577/113906782660538503139001197995313980528525034401888,-1848456118453392434192112770605706976644866419555/7119173916283656446187574874707123783032814650118
2008601102019047628887885181972081008419350546970540176249971264210799414580614348785254581078617255796768798703515/176289179668248195991892998177413517853555320285361304631373248350731655282055241209607502668469917982914598586558622,14696188124086122624756280285274140534598972051147422487422119094872908669515360604679050584724569942628003170925989/1410313437345985567935143985419308142828442562282890437050985986805853242256441929676860021347759343863316788692468976
24813334198777153931607573354791727491507271619507911118349711861/2650325970327408255921744234376794416732136880094455199993625465156,75092985075246650056180814100027596355877269332309392146949547305/3533767960436544341228992312502392555642849173459273599991500620208
30/5396563761318393964062660689603780554533710504641,0
21682014617344320476497446457560763830215152370471093717654138272211251977870993/3883027382700865987469102415482105032822176014007078388420628123313928918044448765,39369973910441002970482205409781386954864355581955768644408714109696276149849849/3106421906160692789975281932385684026257740811205662710736502498651143134435559012
935846942628426136608204987/2653605133715555776257599936,155426021246360387402428111/663401283428888944064399984
21001457741/49538597552,0
817747704807301016588853915062975767630431/1656530467524254852287565912273130439222259,-1518394183967696559443331400228154443154909/6626121870097019409150263649092521756889036
11087141918614471172621612687474633564066679/113614454373688866669382409076431707712042432,6399191473344484275559743083594836016957967/28403613593422216667345602269107926928010608
-49837208431949524197526463/204101204210571893230748112,-20643339088154805493706419/544269877894858381948661632
-1061101428104015346773216870823614431903064004229695026696335/2389866512578814186371735747360113290512840305773933167134272,-14326415427380551216306810316049653630634006556109949768753/74683328518087943324116742105003540328526259555435411472946
