16
0,0
0,1
1,1
1,0
32799649300072769723823/201831907899761805608494,1
144989316990377923970711/201831907899761805608494,0
303433290026/809364567987,0
19333551302399741542898076681234989/48620294828547882109762180900870758,56106696062398082972896846845147913/97240589657095764219524361801741516
1,1101666428224928910531423851330839416156210394766856340519/4693945683430562974150256525390067617268290084778635094951
95633747/167019003,0
8491062409975476104203547107187/12770548895410008700536540767528,4914029552770759576972056174115/51082195581640034802146163070112
7464614927347051644592965208063/39171408536089271986038599231709,0
0,7464614927347051644592965208063/32063520026632580400928056419856
1,168173242091985339167954523995863909916460627186897967/1006238553187028472597262418048809161195301907287662108
1,95735627213533699571704468736114216372840292485435103382228715923980833155249/217844211026403980739573861366417591157048322455249625851771653486695821176936
516570693482019185244390405767190114129586495891340129964891996146661572814886/638679277294889466412259798397493488913794525861154652434434933709376560836573,1
8
3 9 5 10
4 7 10 9 6
3 11 0 12
6 4 1 12 11 6 7
4 5 10 13 3
4 13 8 7 10
3 14 2 15
5 7 4 15 14 8
54575145265503903555036/72898728201492503119141,-6452824076423908405160/218696184604477509357423
5970334207705119054971223605498336514834/3905674848776813006645930628777663331693,3450808328669328415208081112155560482287/11717024546330439019937791886332989995079
1020483922761505157571357427533773950979945933211583958703172584811032/971788170710022074517675012108724258298119642084061224585286462053445,688935956111319323480321654881802524851479143674549716815654481321243/2915364512130066223553025036326172774894358926252183673755859386160335
7594335859126455420002830947439482698207593744/13330660145729758049056948165096294674015658145,-3188575692389869170802641715892266901685484652/13330660145729758049056948165096294674015658145
1220354828279456553406865052871430723458896152876843241525092871/788289806364737840568858877034722461359355943584842857220200342,157469085421860076076988906619766218386571382318957122200242335/1182434709547106760853288315552083692039033915377264285830300513
144989316990377923970711/201831907899761805608494,0
25183605693930363181978667564/43363099942437915571028503851,-317225239426931397782175512/1606040738608811687815870513
3012108812903150306016312863945833201091108862653339/2604915988754999537717944698539091155966857892232534,-786454321128622398177384529963121374102700730561727/5209831977509999075435889397078182311933715784465068
117131386373629969605020641717206443354350215410168188743186679890291567838/251486219987633395423825677192204393839013827839776320981150214533982869823,-5779272556894573566162778196342030053673430578094669243032626958529280933/27942913331959266158202853021356043759890425315530702331238912725998096647
95633747/167019003,0
8491062409975476104203547107187/12770548895410008700536540767528,4914029552770759576972056174115/51082195581640034802146163070112
21883952311693897102813831098901/39171408536089271986038599231709,-21048212003163324373656501380/1450792908744047110594022193767
2049302090250846184560144152433/2671960002219381700077338034988,2165132734661017246285685954381/10687840008877526800309352139952
107603484599007464018770200318628034491821523511826118/251559638296757118149315604512202290298825476821915527,-50634289677349807101482185359688875377441532343982635/335412851062342824199087472682936387065100635762554036
30075444701540228645484031094401476801617069795242818941121392348245197377995/54461052756600995184893465341604397789262080613812406462942913371673955294234,-6339169954415060707800361197369882404656512801576347981461809202434600239/298826078225519863840293362642548136017898933409121571813129840173793993384
204860883667874056887599524759611628621919165137352315933520803039435635121235/212893092431629822137419932799164496304598175287051550811478311236458853612191,86462044315556116364174579720259808583626220763020525433416684864628269700359/212893092431629822137419932799164496304598175287051550811478311236458853612191
