25
0,0
0,1
1,1
1,0
1,338877125498219/650617442999190
0,33159595816343/325308721499595
3898187142737976697476298649033/26310866480771546254055659840444,733545548414753930390953716517939/4472847301731162863189462172875480
1166777223026141719/6265624610246098692,0
0,2358502820667655554898457142315328764321406747/5933149365040926379097900109381120971702891120
1,81832/378967
146891898191896318856/222073819215070162549,420864127108596194649/1110369096075350812745
50875071371697160407261392159369400/58272039275801573723226025884076133,1
1579397840815655356171/2632777978844603750117,1860021203121857652399/5265555957689207500234
1572217/2887352,0
0,12566966823962888938906468152682155/16045509363830317833180558221955602
75707353/85932138,23481569/85932138
302580941/525339798,35132663/175113266
2650021816028792949498830868/6066398223835193029659091711,15556650046395342129626245129/54597584014516737266931825399
27034701846372766340876567918/33650625589512875692019354341,44266587999980942787400846814/100951876768538627076058063023
0,21379554327571598473641958837360212737/326671863352429132796844959338164813054
67690621590755920297/416545638420095497596,14188052262125506851/138848546140031832532
109496362838577352918470489307439495/147955185293823237495103732731187938,1533574135965917761525618657013105953/2515238149994995037416763456430194946
429045362142129197688450484404895267/904513130527599234565580352976301598,2271835160521163183517508278842107351/5125574406323062329204955333532375722
81875891785794680099419146019132764670650045119/717194853406057755825190345519710557503641221196,884280777910433709512792536998536243866704442227/4064104169300993949676078624611693159187300253444
0,1189545817215387096159379055642696718252421954122007084795295883371/8247366803319265811731792272976302527524326645005496470532294501282
16
4 15 10 12 16
5 13 16 15 9 3
3 17 12 16
5 16 17 6 7 13
3 10 18 15
4 15 9 4 18
4 19 5 6 20
4 20 19 0 7
4 21 10 12 22
5 22 21 11 1 14
3 17 12 22
5 8 14 22 17 6
3 10 18 21
5 21 11 2 4 18
4 6 23 24 5
3 24 8 23
585313747956542129925020729637589412164/1807457487750334851265454424658498093371,248483496379214233020899399543441565159/1204971658500223234176969616438998728914
6237781545679937838359020974923/20459766366414641413371067947183,6001267336523520734197319633580/6819922122138213804457022649061
48039867344819277048063730967302010647862378/45253899716056411521503730196347595151437479,10650197582922165730021196714957827889819080/15084633238685470507167910065449198383812493
604/699,133/233
22226919014138784928519120780/33530263279002133138408867551,16401726772020880954608519451/37255848087780147931565408390
2035381441406999027859421255922192858388199030403/6597455014221227202777286884764358942160744407402,145968965053112334152243016109733328907486482860647/841175514313206468354104077807455765125494911943755
3898187142737976697476298649033/26310866480771546254055659840444,733545548414753930390953716517939/4472847301731162863189462172875480
50229707913615871568/364972633546835248809,14188052262125506851/69518596866063856916
92871120350357814614870992182360931574138950813/829454281232721507797886435291480711844064178576,106859349218520830213713010829206992870008050821/345605950513633961582452681371450296601693407740
254673148/264897933,33381555/88299311
146891898191896318856/222073819215070162549,420864127108596194649/1110369096075350812745
46107837731892854042052386077879310627/40732155453785300032534992092969216967,8152007056083910193697544837738686420/13577385151261766677511664030989738989
1579397840815655356171/2632777978844603750117,1860021203121857652399/5265555957689207500234
8878042/19406337,245928641/672753016
155348495166346270765934997798055609/659753590901023068552541776302762694,74176404440707983628066012522870634/109958931816837178092090296050460449
75707353/85932138,23481569/85932138
302580941/525339798,35132663/175113266
13362426399577944373722957296/18199194671505579088977275133,13011103556175784855321593332/54597584014516737266931825399
71011559834133849146454771097/100951876768538627076058063023,7772385738551122992069067823/33650625589512875692019354341
5049095530022574001788496433885094661/15555803016782339656992617111341181574,45986548339155989551599304984547048737/326671863352429132796844959338164813054
67690621590755920297/416545638420095497596,14188052262125506851/138848546140031832532
75707353/85932138,23481569/85932138
302580941/525339798,35132663/175113266
67690621590755920297/416545638420095497596,14188052262125506851/138848546140031832532
47625976823199204402602741942268133875350743950461611134758524601/161713074574887564935917495548554951520084836176578362167299892182,64821045268930396465843386253725800676695262093487505509075116083/485139223724662694807752486645664854560254508529735086501899676546
