21
0,0
0,1
1,1
1,0
1,223284799/492388458
199779800/423064599,0
0,214288163/472934937
22221762808232806/30471060423736173,2243309295372231/10157020141245391
17543704095055387221160055/22954904862807450652933713,0
0,1784101033823587/3917203032678757
2447861382677874040562552/3243031913718830316670861,44882327334668359679433992/184852819081973328050239077
1239157777913081140854051544043844656847958/1758214181958755995561371672579691467553279,1053973390141761905400898614479324773600847/5274642545876267986684115017739074402659837
0,11919408085185444820277064451503259/26446322570552860942828819522055265
74815267012270678496913186555936280/95314190994467665611685018023857013,0
319808963898629523802434760987739746692907325213205/430208438764237659047775641751274520186820199369348,0
36628833370646899888060/577830049492380790603949,1
0,1096395506537068156087657/1242910840019655755639897
192753888599/210244640712,53541350223/140163093808
1,35646103984611172597/100615070750352800544
12265321096920210345418118000282198669694446143071121/53589090485771465003655116934775931576100746584861406,1
21581861765687065515974365660408511765303181648422426526593791/24538852508214024833563138595229949900804609010425667005400145,746698293850523038009492123828426690838477571076254168812827/2133813261583828246396794660454778252243879044384840609165230
11
3 15 1 16
6 10 9 16 15 19 20
4 20 4 2 19
4 10 7 6 9
4 11 5 0 12
4 6 12 11 7
5 10 17 18 3 13
3 18 4 17
4 8 13 10 7
3 11 5 14
4 14 11 7 8
10757818860348703/41058357814458003,33781452956083577/41058357814458003
0,1
-269479566169813001238838967896419202467200314909358335229/401290927248831668050313079008204787247120214043343360450,286291607606023063682116670048355968662992491363648651503/401290927248831668050313079008204787247120214043343360450
77500753531729121/140476682832882855,73295238582966628/140476682832882855
2380932830157/2923146145660,1848425118191/4384719218490
3747789420314415149933699/5790112561457397147178599,1060939340278380459534447/1930037520485799049059533
90401062045194897077585952653537314212160/73692312206266190891574677301417324894998779,101133219154418782485811828119664027547912171/221076936618798572674724031904251974684996337
10604334411330675831310789721492566637678960613347306/14243922719555615104195915013667749578802292344116773,1304932458941918217800362187648502300348072423776591/4747974239851871701398638337889249859600764114705591
5658397641047473663276735495713145522134822092179591256493991/10730440173518908190348214890183045088374841280094714391902313,1173895001561953411264624897693469850970988009146070159411836/3576813391172969396782738296727681696124947093364904797300771
0,1784101033823587/3917203032678757
2447861382677874040562552/3243031913718830316670861,44882327334668359679433992/184852819081973328050239077
1268483466906862131545766232835787470345648/1758214181958755995561371672579691467553279,1330236932782237028076039017435740114260977/5274642545876267986684115017739074402659837
12239098649409759410130087848608/8815440856850953647609606507351755,2406941377047019089575513262265535/5289264514110572188565763904411053
16499256196966577994185502019779112/31771396998155888537228339341285671,29466053263691471418594503511552448/95314190994467665611685018023857013
56526587220180003508552830190746340365320777157954/107552109691059414761943910437818630046705049842337,132238442626479600995327369790973404154304703168383/430208438764237659047775641751274520186820199369348
36628833370646899888060/577830049492380790603949,1
0,1096395506537068156087657/1242910840019655755639897
192753888599/210244640712,53541350223/140163093808
22687195011289950907/25153767687588200136,15709698866950529423/33538356916784266848
-37319346449194728840664402609486073352802442637335543/1339727262144286625091377923369398289402518664621535150,762343706812364872144318010894167699343162899634752363/669863631072143312545688961684699144701259332310767575
-113972378384236139845591405815752633120990220137438288418162457/122694262541070124167815692976149749504023045052128335027000725,324503751880833478163378734322022002281335648244929192233033923/245388525082140248335631385952299499008046090104256670054001450
