9
0,0
0,1
1,1
1,0
1,23429076166335773/58572690415839448
105430842748510994/175718071247518313,0
1,20283/54140
1428719707795759607644/1489034935751470027471,2141194985379509776743/5956139743005880109884
1,584844412470909034136004227215472293101/1250141520712636278594848050189565421316
4
3 6 4 7
4 5 7 6 3
3 8 4 7
6 7 8 2 1 0 5
1512971474109185093420245176396951208822477/25789565642399065371349486679256433752323060,21862556540238284626936250136809877795741561/25789565642399065371349486679256433752323060
20975570880181598258801205873643593031149049/25789565642399065371349486679256433752323060,38783222023083812107949078412237249569441257/25789565642399065371349486679256433752323060
445838074859142655762518048812599585939397/303406654616459592604111607991252161792036,227301442553075281677271973117536561730761/303406654616459592604111607991252161792036
314967629/417619892,274530405/417619892
1,23429076166335773/58572690415839448
33193429341096445494996325/73383361936836903143082196,28981074127111664828216505/73383361936836903143082196
1,20283/54140
1428719707795759607644/1489034935751470027471,2141194985379509776743/5956139743005880109884
333732331224622733405528963645592939031/312535380178159069648712012547391355329,500056608285054364150559889806481841197/1250141520712636278594848050189565421316
