10
0,0
0,1
1,1
1,0
4471438282039/13709286223490,1
100370054279479/150802148458390,0
0,211949717/476237830
211949717/324466875,0
1,45404068999991371417643937685207237/45736815611556476276224204463819430
93402076495375732063294780300454463/138806145495367103480938717985661700,0
4
3 6 0 7
5 5 7 6 1 4
3 8 3 9
5 9 8 2 4 5
0,0
-6860219049980550/13283248947814981,16070645767108989/66416244739074905
-3554484951216009990632524836405451491738319/16843899347259008022336995453990078467260130,9871690671431565592258318087641622746541249/16843899347259008022336995453990078467260130
507528869935881894360503401/1268055685279446169510404730,-51626561361206531692783851/253611137055889233902080946
-72313274362949090563071661991/182103861803467956960736103690,-5605965669188146381529039589/91051930901733978480368051845
1317554776323115331589390486649/2003142479838147526568097140590,-11511338263333953142427471434/1001571239919073763284048570295
0,211949717/476237830
211949717/324466875,0
-4665902969013567376366225096722682/22868407805778238138112102231909715,8904351449896847516072610044451269/15245605203852158758741401487939810
45789763233194565425026606051968401/69403072747683551740469358992830850,-123719491551182075135939177142959/27761229099073420696187743597132340
