15
0,0
0,1
1,1
1,0
32799649300072769723823/201831907899761805608494,1
144989316990377923970711/201831907899761805608494,0
0,40275909720257/64623661264005
4953936895591611/15346693641012440,0
877872864509122631858527516232843309142986273986485117656005/1649949528209824423175639691076025540889534627988996966925448,1
1,5032726427381865168175504635516949563407386599706736663109757/23562566356198708159786196831753323125324547095767021045576389
0,61130049/188493298
447878851239697025414943/3318951305985230488559480,150471199214970846860208/414868913248153811069935
530883212361159621330635310176263696031913318616440904862130761/1331932981418169307896847870705555427534760384169351172774673050,766263804856600457669475672767516995326595179130531081214670307/1331932981418169307896847870705555427534760384169351172774673050
1,1823130236560003589348389562015647243058040624200497017/1933563040750147814697634084921727958768039984031236658
31781363305303505501429703776210422261549759373055465978099575063977817/44243811900315043462449530508990892672763726518861951963057805178964600,3799272429012738688281832136102321074403069638076995566102745804542143/5530476487539380432806191313623861584095465814857743995382225647370575
8
4 10 0 7 11
3 11 10 6
4 5 7 11 12
5 12 4 1 6 11
3 13 9 14
4 14 13 2 8
5 3 9 14 12 5
4 12 4 8 14
0,0
5788743737012905916358650388437211453180530188/573580367934839038135132890409984646046012752125,-158688027100080638561989350792730260867865257216/573580367934839038135132890409984646046012752125
-32826711633898318869273921346212810497620823783490014786846188/127990092290198448016054093024502105389132714489051634826342625,26545334389307856574522071009831913515849782466271210958959716/127990092290198448016054093024502105389132714489051634826342625
11968750484014387321939967598686837171610226848664647660424002533222697393376/31855265602265815950714693632460710481251225484879302728313268057533230409317,-54098959047218766243203886901188597776264690160696805821367588378668707816618/159276328011329079753573468162303552406256127424396513641566340287666152046585
-16148661472747475652918436439798691578015586789244484269383554982063173/115766819994135922319494702712942162013341291673486796491130069216549750,-12337918774985828000733738431227111909578399397177940851907908166934132/57883409997067961159747351356471081006670645836743398245565034608274875
1140370542815458408242380820881100713764375871729421659/12057559346036048110666427421006803969284030559940472310,-1947822078402682874132397189757771014000946931354790138/6028779673018024055333213710503401984642015279970236155
97621320279950382708672582412/620463523853321833501085341125,14505604713970752631806689172/206821174617773944500361780375
4953936895591611/15346693641012440,0
12890343037188934926162784812506609881558533734554980346168289843019930475183/79207327349573046474916666447916405310257547899153584973316398378749776249000,-1639993538555702656101676555078669636001418379864192208433668549131883544/3300305306232210269788194435329850221260731162464732707221516599114574010375
45745253760739288306860527263914696716505346231097379636905016/117812831780993540798930984158766615626622735478835105227881945,-14895631601274889658186522223719892707333624167178020040129723/117812831780993540798930984158766615626622735478835105227881945
0,61130049/188493298
447878851239697025414943/3318951305985230488559480,150471199214970846860208/414868913248153811069935
-254148445712490790100047789811135718049200288379330188104450567/1331932981418169307896847870705555427534760384169351172774673050,359662265778013019901881967372836958259650303726456629014038769/1331932981418169307896847870705555427534760384169351172774673050
-223426906062760906948996156603231904290444821011889404/966781520375073907348817042460863979384019992015618329,499958997346649441599333428194407013442874732687729985/1933563040750147814697634084921727958768039984031236658
447878851239697025414943/3318951305985230488559480,150471199214970846860208/414868913248153811069935
