10
0,0
0,1
1,1
1,0
0,10159705009/22555439032
314950855279/1147922745266,0
607/1937,1
770/1937,0
20321744186833680543959001/466771956953771565036684169,0
0,20321744186833680543959001/743591090958915455002283333
4
4 3 2 6 7
5 7 5 4 1 6
3 8 0 9
4 4 9 8 5
180769625207872174179607/451658323414543631912705,110109749621986967673884/451658323414543631912705
1175759/1889269,1988210/1889269
1,1
1,0
30433477939641101/42613291744547608,776979131184665/1521903276590986
562728168604296520/1084367428512975277,44636035270241711/2168734857025950554
607/1937,1
770/1937,0
177495732362311800441201302/466771956953771565036684169,95737259316602132660367412/466771956953771565036684169
279554395425507724653404779/743591090958915455002283333,190602920853720476675540549/743591090958915455002283333
