16
0,0
0,1
1,1
1,0
4471438282039/13709286223490,1
100370054279479/150802148458390,0
0,211949717/476237830
211949717/324466875,0
1,45404068999991371417643937685207237/45736815611556476276224204463819430
93402076495375732063294780300454463/138806145495367103480938717985661700,0
15/32,0
273095150132188077338998885/418072425601385539563864288,16453056081608147029/1393574752004618465212880960
293714537006068696679064505727195/1129656119483526469397122131873376,1
1,13520389546679441693461103321121340835148491/52695748073097795866985973008839943014679200
119347186902381560435180038139260301777288782354342621/176713038714135071744327128199839120021503713891094080,1992647360153890646687367256692718817368619434253693/265069558071202607616490692299758680032255570836641120
40698715918574734154495255037065756834577661734465818175545773/104296603722596348141335214798076615618297615836918860192115840,1
8
3 10 7 11
4 11 10 0 6
5 5 7 11 12 4
4 12 1 6 11
4 13 3 9 14
3 14 13 8
5 9 14 15 4 5
4 15 2 8 14
9961241797483875532935/2594073401511809024849740232800568464,-19455550448524591096951171875/324259175188976128106217529100071058
-17795910698874952611301558122670348338368043564725565/34457722781186565972237904411452752055097447495359184,-5211057057034465446607493764531547398721653398756513/21536076738241603732648690257157970034435904684599490
-4610295795106636712480644508383807310809739970453894447302811712223890270423217/21847155637233357333988911344591631190708848954338216916428383530162038281270160,-800246687518983524726296136779123786459854895348065257862758987494363418568077/1365447227327084833374306959036976949419303059646138557276773970635127392579385
507528869935881894360503401/1268055685279446169510404730,-51626561361206531692783851/253611137055889233902080946
-72313274362949090563071661991/182103861803467956960736103690,-5605965669188146381529039589/91051930901733978480368051845
1317554776323115331589390486649/2003142479838147526568097140590,-11511338263333953142427471434/1001571239919073763284048570295
7037608430264461764156149266715793105/123539588759670264936885636453263754806179312,-1010686024726845234178115658944363188000598/2270948322788056340751574199508524904525355
211949717/324466875,0
-12103690351032840208113757753587099744292235272440206553360444058336027/59322328423894359157661916550556794488120768113673464570764812324227760,-721829520613502569972982880943615143787225049591880492545703874142787/1235881842164465815784623261469933218502516002368197178557600256754745
45789763233194565425026606051968401/69403072747683551740469358992830850,-123719491551182075135939177142959/27761229099073420696187743597132340
15/32,0
273095150132188077338998885/418072425601385539563864288,16453056081608147029/1393574752004618465212880960
-475934551544342959449921458184355/1129656119483526469397122131873376,-80436868344482418750108939/1412070149354408086746402664841720
21092268389629308930241155043023995121534635/86421026839880385221856995734497506544073888,-3883517575774658024626839914777457843/270065708874626203818303111670304707950230900
273095150132188077338998885/418072425601385539563864288,16453056081608147029/1393574752004618465212880960
-1978556768654284039939924205383728197660126077255194000341035/5214830186129817407066760739903830780914880791845943009605792,-5661450757276899442772240162690481561858487868108623323/104296603722596348141335214798076615618297615836918860192115840
