31
0,0
0,1
1,1
1,0
1,8780/13949
1783/10563,0
1820841/9958870,105877/9958870
61/302,0
0,3435933395/4384463354
33360737/160539436,4742107/160539436
2171/10202,0
33610211382653/192440600794815,17408985272657/384881201589630
3361632629252147/24141892080995830,0
77920/198373,4807/28339
614797/2914840,32421/2914840
2558772530131/13258709830746,80962425205/4419569943582
6294376/31560567,0
38581/193246,251/193246
85187962410539/446191421149400,16745596769923/446191421149400
0,48549653541498/972215985467485
282525222399106931/1727385467837787160,53648312205031581/1727385467837787160
31149969740467283/179277487733930665,672834593086066/179277487733930665
262346914426/475753083939,6564398569/22654908759
16013351/17552808,0
985238122554034/3949369904310831,1
363427281399713/600280766764045,35054667046528543/142266541723078665
11272595256641/36237078860765,0
42145469796075717090633/62197257710841531915797,23964792240125983814072/62197257710841531915797
3806293544054741531977874/7259187517831839753875675,7697963275018982435370904/21777562553495519261627025
32225834308068805612021/200750549921305881698944,1316863275983737300677/12546909370081617606184
0,840245746998111422249439/6630402997068873998765753
21
3 13 9 14
6 10 14 13 22 25 26
3 26 23 25
3 27 22 25
5 25 27 4 3 23
3 15 9 14
5 14 15 6 7 10
4 16 5 6 17
3 17 16 7
3 13 9 18
6 11 18 13 22 28 29
5 29 8 1 24 28
3 27 22 28
5 28 27 4 2 24
3 15 9 18
4 18 15 6 11
4 19 0 12 20
5 20 19 30 29 11
3 29 8 30
4 5 12 20 21
4 21 6 11 20
883392370598/2963087970245,453144639521/2963087970245
8986347070084040774790147110112/8944125908855143752946199471425,-2599063232949697946218935291509/8944125908855143752946199471425
2730054094908574167391545575033024069/6563423195065625864505744827118450625,-8440827964569583252828408818749634799/19690269585196877593517234481355351875
35873704923165919040153410729/42876952713753033273719581625,6552879119216423716578156466/128630858141259099821158744875
136351366624515067478387984407961/598090613404141061135114444087125,-15089860096460519921069742450862/138020910785571014108103333250875
6302306792751037/27362898225376350,327741255398497/9120966075125450
32459374389545253/145389073932778255,5285639864847092/145389073932778255
1636389/8236295,62499/16472590
508723324713955064797447693645632/640453881731478984073062913184425,-307753200903902229313488123798373/1280907763462957968146125826368850
33360737/160539436,4742107/160539436
55690919/278234045,8072829/556468090
13285631371/68571737655,2266089811/137143475310
2466580994392586/12070946040497915,1207374912083211/24141892080995830
77920/198373,4807/28339
614797/2914840,32421/2914840
2491378529831/11048924858955,789462313714/33146774576865
2110759/10520189,68272/31560567
38581/193246,251/193246
614797/2914840,32421/2914840
325732929802096/972215985467485,115978949365273/972215985467485
614797/2914840,32421/2914840
83504794841603711/358554975467861330,10854122632570153/358554975467861330
1269033616798/2378765419695,5022174967/16182077685
3680716809209016363532363/4519909452433643301018825,3038821266630337836524141/22384313478718995395521800
8646369291946575166891579118230438/8135812508928020353267402810236075,-80525820392662245017317846903941/1678818454223242295118670421159825
2164479648118/4347069444895,4822214807962/13041208334685
38699849031379/181185394303825,20267828044722/181185394303825
118788416745437770570369/310986288554207659578985,246858240557277708487046/932958865662622978736955
2164479648118/4347069444895,4822214807962/13041208334685
28126339415007847/163930687927964800,755604749437781/10245667995497800
48329367172593910296668528/165760074926721849969143825,30265650145523587072654754/165760074926721849969143825
