9
0,0
0,1
1,1
1,0
0,50613970113579/60766281971503
50613970113579/55420590596096,0
1,101800598835799/574101092991368
27136794586078519039052455967/36082324552410247446422605120,82882239341090124001309769/563786321131410116350353205
2111084263151485226712395312713311582833/2823393767843960291167860024925159383232,0
4
4 3 6 7 5
5 7 4 1 2 6
3 5 8 7
4 7 4 0 8
5160538354221252801402512782455086875855359798094302/5105326278733090957931113205856597921869911756788485,-2345603922630412251426736859582608255447097015883425/4084261022986472766344890564685278337495929405430788
1189956042243343139647290966/5226858948734393132563660705,-18023251272886470591698441373/20907435794937572530254642820
6262849123942805248662458743/5226858948734393132563660705,-12986092944446849603666123229/20907435794937572530254642820
1,0
59524503839638174820547921829112237498634/317616784704067876730142788253682170889615,-889199598542197346086939725364508914533827/1270467138816271506920571153014728683558460
50613970113579/55420590596096,0
1,101800598835799/574101092991368
27136794586078519039052455967/36082324552410247446422605120,82882239341090124001309769/563786321131410116350353205
3511804684203712287968469969218779174137177/3910400368463885003267486134521345745776320,10072891052460562975951025057487067025614/61100005757248203176054470851896027277755
