11
0,0
0,1
1,1
1,0
21510932657043709046/50496715862777052379,1
0,107581517169106838381/150603382483194256473
1260135510747197016347144/8831146673855606932854109,7153448677064806579459697/8831146673855606932854109
39/137,0
0,1333319727024205014506674801184503452713820335/1481368581467814332832669205004284687183120523
9263379490501637698868345588068652740625047092244322891042685485734797/16199927740710188849707382521334374615769801097940616473430508812487428,1
101897174395518014687551801468755180146875518014687551801469283150021783/178199205147812077346781207734678120773467812077346781207735596937361708,0
5
5 9 4 6 7 10
4 10 9 2 3
4 7 0 5 6
4 8 1 4 6
3 6 8 5
783759327/1418895325,137375589/1418895325
8689851634608543920049005542985424963472/32881052067083460966811521187678140638293,19922575193007509705161109704701684019261/32881052067083460966811521187678140638293
570129281608322905037422807379373297481500431422506353309703718307591130709090197933267752162310031653129328809002765528364985767201604917883/3969369589414001795879781408011226798171447545554177241129161905866707678649134242040186984955361328170670395784580465989005913397653395965690,1984684794707000897939890704005613399085723772777088620564583405977459899050849048058330517181504366555717568139328470023503629396203962975088/1984684794707000897939890704005613399085723772777088620564580952933353839324567121020093492477680664085335197892290232994502956698826697982845
114025856321664581007484561475874659496300086284501270661938452081566382063900878465449699920341621279413827256679349243345214227770635463543/793873917882800359175956281602245359634289509110835448225832381173341535729826848408037396991072265634134079156916093197801182679530679193138,490608821211945256385407647404940764740494076474049407647407453841304933441574655/396936958941400179587978140801122679817144754555417724112916190586670767864913424204018698495536132817067039578458046598900591339765339596569
21510932657043709046/50496715862777052379,1
66120570384416174644750992824/213690435334591221576390688725,4976859941211966617081095521/6475467737411855199284566325
1260135510747197016347144/8831146673855606932854109,7153448677064806579459697/8831146673855606932854109
39/137,0
254530819339186585375617556929329512540222304/1481368581467814332832669205004284687183120523,953758386412774096800864530337082909639694111/1481368581467814332832669205004284687183120523
9263379490501637698868345588068652740625047092244322891042685485734797/16199927740710188849707382521334374615769801097940616473430508812487428,1
101897174395518014687551801468755180146875518014687551801469283150021783/178199205147812077346781207734678120773467812077346781207735596937361708,0
