9
0,0
0,1
1,1
1,0
1,100604227/102117861
0,51444136/102117861
7/19,1
93800642/298793181,587039474/896379543
1,9484406973535603/35799785977450743
4
4 6 1 5 7
4 7 6 2 4
5 0 5 7 8 3
3 8 4 7
-842999469058792/2140795347057267,583707236590344/713598449019089
0,1
-43/185,221/185
492224362289048/2140795347057267,1141498718755383/713598449019089
-1492448387/6297268095,22301647697/18891804285
0,51444136/102117861
7/19,1
93800642/298793181,587039474/896379543
5214960744776215/11933261992483581,51351206180813761/35799785977450743
