16
0,0
0,1
1,1
1,0
1,1704661450916/2467769458489
1810233692011/3514895142927,0
1293365265954086843/1620064964708684192,1
0,661157999567168867/1954523265521255710
0,273/407
264493545663465079961/512777195722340287894,392690885397933119391/512777195722340287894
136716099462053915076744751012680329398/621956948634163242197935875678863755445,0
5402641749/11685202321,1
3472341713652/8993802075469,6672564115791/8993802075469
1125348563548381444770350085901173/2646839141869437421961644139366447,3656253896933311302333247931923043/5293678283738874843923288278732894
6785310289552779752001085607815883548225287429220/14490750239884635808412712372954963831339350394029,9314273610559511386460113140822850255827533707066/14490750239884635808412712372954963831339350394029
1,27209537454955411807019504025901286393695706188/39064792112621797007290919130622875780056370179
9
4 6 11 12 9
4 12 8 1 11
3 9 13 12
4 12 8 7 13
5 14 9 6 2 15
5 4 15 14 10 5
3 9 13 14
5 14 10 0 7 13
3 5 4 3
88942766764701317416060531877988151664144291635952797475755462/81940713476275077071837689832156639746263864051142085655508705,29774026438276921889051433667279168200120792117200709002368399/81940713476275077071837689832156639746263864051142085655508705
505047695239570395432/593869130494041740365,444625801669795362769/593869130494041740365
1346555553368503546007593486518870737/1611192921335105801547956318799574241,1930464002362428865427425439758130636/1611192921335105801547956318799574241
3230480728851913011074093/9222186983011454026145225,4206711465634050373025924/9222186983011454026145225
1,1704661450916/2467769458489
1810233692011/3514895142927,0
1293365265954086843/1620064964708684192,1
93418813774842892976037570788764264455347889/99401523406693704857252869570136761611403550,33233591161183694168894732891232350428511149/49700761703346852428626434785068380805701775
162300061806685871145168/241704736111074988328555,114166046846749846147941/241704736111074988328555
264493545663465079961/512777195722340287894,392690885397933119391/512777195722340287894
327642916771980552067013853879162935661969781677286837320374/369361032290097906257394384156174225665711038435767545037425,2111805362642420096598147755329894594120104816354110426319/7858745367874423537391369875663281397142788051824841383775
5402641749/11685202321,1
3472341713652/8993802075469,6672564115791/8993802075469
2140451742559898845035715494017121/5293678283738874843923288278732894,2127259425176680091923482391685432/2646839141869437421961644139366447
3472341713652/8993802075469,6672564115791/8993802075469
20998943766197045904372088062059066105525813043/39064792112621797007290919130622875780056370179,49005034347769987917026914723473108916422329243/39064792112621797007290919130622875780056370179
