19
0,0
0,1
1,1
1,0
1,68727026113/98398927150
21473980921/31364614600,1
28202/80815,1
0,43959/58060
10698681554024/39111199624555,29646520140407/31288959699644
804429397/946593860,0
268905852401111391/1159116061626798020,1
0,16651/103480
18414035429863/26243670895480,11507488994023/47238607611864
1,4599867680904446024131/6723420477444963378720
0,53068849773116576611328782370013/113050219123451324971495754721740
444032681648896766508690307262849446691/839584183547857155948581490068172789235,18076265767909076923247783644348750668841/34255034688752571962702124794781449800788
1,262153755648664114334832154147001717789/1800201891340207035740677948753994935964
7059655569181773273893224244148890256001/7846116836127765616897720706589895409368,0
274312914493531246787447188877552714981116241026707895344821/350918207543138585099889572142791578068256507448092164882200,39794198218307781690385397339077026846964592516280455255854/43864775942892323137486196517848947258532063431011520610275
10
4 11 0 9 12
4 12 11 14 15
4 15 8 7 14
5 9 12 13 16 17
3 17 3 16
5 13 4 18 15 12
5 15 8 6 5 18
4 7 1 10 8
3 8 6 10
3 5 2 4
0,0
911657852/4002983725,2693057229/4002983725
129521138624807335213/185360003053298055625,126966338482462606534/185360003053298055625
26440774966635077193035699684543354253854781000129772833735051/34782927843985809162484221097850427270606237814482912125505508,1060609077875796385688265237743642305443355659098575320655581/34782927843985809162484221097850427270606237814482912125505508
1,68727026113/98398927150
21473980921/31364614600,1
2383792568647871002591/12399914577583105719020,320512727313012635965/354283273645231591972
0,43959/58060
10698681554024/39111199624555,29646520140407/31288959699644
804429397/946593860,0
18810264266014219/61006108506673580,51598467027386553/57955803081339901
0,16651/103480
18414035429863/26243670895480,11507488994023/47238607611864
25884596313366519889/149409343943221408416,304786289202530999551/1680855119361240844680
2027098531555001414115684846894/28262554780862831242873938680435,-462686681780017422804147898491/3325006444807391910926345727110
8558791659627215160295175859663016791113/14272931120313571651125885331158937416995,-183553159427602120969906171699509904298/2518752550643571467845744470204518367705
34491322004501197145387817986416778841/52947114451182559874725822022176321646,-119486916962858534777716252743990092197/1800201891340207035740677948753994935964
3243741534281883384053840686936247061453/3923058418063882808448860353294947704684,-20470153431820394602851576626932885323/461536284478103859817512982740582082904
5165255860495962311394667332315656697684917056118602731153/35091820754313858509988957214279157806825650744809216488220,-9101334516746333158626873052594314407527553460010324588439/70183641508627717019977914428558315613651301489618432976440
