16
0,0
0,1
1,1
1,0
1,2626604/22674247
0,81851987/90696988
1,26241/35645
380365837315/2385844301103,617987001089/795281433701
176971111172632528901/455867960481656268318,0
1,74451880716855206981/729140590241008951618
67097474929769171591/101459881414471574813,0
123384368735446674725/726954304243348030376,282263966416333239105/363477152121674015188
52708583816119105252117/300733754553182376681382,919771728657004492212341/1202935018212729506725528
7598957576398568163118309/25252309401273204733064152,1
1571477851871892599248639999870548419/9680221024293697062929548085254707560,3713202326048953465308223096908711541/4840110512146848531464774042627353780
0,34208295172328932958196057069240018113839/56062354724206419808302068770724256490104
8
4 4 6 11 12
3 12 7 11
4 13 2 6 11
5 11 13 1 5 7
3 9 3 10
5 8 10 9 4 7
4 8 14 15 0
4 15 5 7 14
14261025618285516447198606/16959065980682930279192485,6293047052173042730185382/16959065980682930279192485
1456882775153035287968141241460410240683/3237144751248634980481333562315038545160,2553343847318054012606556139059009874331/3237144751248634980481333562315038545160
1240959709/1273572781,603161621/1273572781
14815306630955257/13316134133588185,1905800571750016/13316134133588185
2739936586305692827/2669841116634287863,305410005580086716/2669841116634287863
352960700798593371404361622402766890606348687727/954197655639346403483561169057173985237220428760,805651526199986247285566716814797472702213821489/954197655639346403483561169057173985237220428760
1,26241/35645
13875793243555356305384940638906558701998533/78835858565633538026014226786263442979698040,20622064033819425887070235029252749110870527/26278619521877846008671408928754480993232680
441514923952266489815/455867960481656268318,56049559621925019932/75977993413609378053
369435702393434751485/364570295120504475809,86822032889246396837/729140590241008951618
14970102285321822485/14494268773495939259,47916967863060006512/101459881414471574813
123384368735446674725/726954304243348030376,282263966416333239105/363477152121674015188
52708583816119105252117/300733754553182376681382,919771728657004492212341/1202935018212729506725528
7035662920346324540206621/25252309401273204733064152,3418233345851429219787503/6313077350318301183266038
123384368735446674725/726954304243348030376,282263966416333239105/363477152121674015188
6181629408383129751353479350430079812247/23359314468419341586792528654468440204210,160238549704877107405293301048627641628253/280311773621032099041510343853621282450520
