17
0,0
0,1
1,1
1,0
1079962389931/1514492480956,1
386961038299/1514492480956,0
0,145728957243551941/442796295550697231
272335278622952106630741367781/661008505101290104245986709956,56516915135198065757716133314/165252126275322526061496677489
41123114598244627317772358126502195016681/59662436300143505692576603433046494364924,0
785479509953/2795569992500,1
1163036154734047436938921/2804968771139386695452500,243865283147130253722517/701242192784846673863125
1,58320554613851559059571935255022176/86338143324194457689872479195545375
1947911621012948/6005347723835625,4733815877340884/6005347723835625
29046917534927/50034483746300,2807736877608189/3952724215957700
0,12301026313370007547416056/23872290569430616589718125
336078939550521486529978286609028503377/416461608640991242437326183559107786250,118155946014766939379596782024480520558/208230804320495621218663091779553893125
1761852307261112746567101313039327208819854300179/2163587013512393987142081209925032146615114211750,0
10
3 12 10 13
4 13 12 9 4
5 10 7 6 14 12
4 12 9 1 14
4 7 5 0 6
3 10 13 15
5 15 11 2 4 13
5 8 16 15 10 7
4 15 11 3 16
3 8 7 5
-4038831313861174379884825762487880/196260585215513405070288746783502961,129056484843821490690800083026750742/196260585215513405070288746783502961
12082275397897985216611550267/37358654316383628932339553125,14977647331596742610667972756/37358654316383628932339553125
25113519082876555253055407821/99419510741100518085366084665,63639218645015575012039148091/198839021482201036170732169330
1056416250092211157395346295965260075753089377025564/1295382548083879622885043608455493369727407528340625,1152299692256171782349758294954822983240335049519979/2590765096167759245770087216910986739454815056681250
574615146972025232/1085605248389671555,1719255001399956519/4342420993558686220
69679807121520514760059875800966422266158001259/297235180616919350784176993679435464417262110716,3850073947356744042815174914230071250776408236/5716061165709987515080326801527605084947348283
0,145728957243551941/442796295550697231
272335278622952106630741367781/661008505101290104245986709956,56516915135198065757716133314/165252126275322526061496677489
-152191537390753187923237295004668733401/5423857845467591426597873039367863124084,1631929107448470732838720692498945977852/4971869691678625474381383619420541197077
341476125127088752/2003896020786415625,5102504622826210869/8015584083145662500
1163036154734047436938921/2804968771139386695452500,243865283147130253722517/701242192784846673863125
1651607319614762595800878577636653476244/9902104390223197513559936664441259949675,62681666077852329606064183839892148740173/99021043902231975135599366644412599496750
1947911621012948/6005347723835625,4733815877340884/6005347723835625
29046917534927/50034483746300,2807736877608189/3952724215957700
17425674482386655624841248/23872290569430616589718125,15872020655984074177124784/23872290569430616589718125
1947911621012948/6005347723835625,4733815877340884/6005347723835625
4691028439681156635565582223977261350211120327998/5408967533780984967855203024812580366537785529375,3370307815881796280965762434005679678615289972534/5408967533780984967855203024812580366537785529375
