20
0,0
0,1
1,1
1,0
0,37/326
37/304,0
0,166130646823223/281006480151920
166130646823223/250963634196420,0
1685172365630311450964/6190732869190405912197,0
1158402617387569726606330007161194/6017766700549990818506239129054981,201851158247476032542065465714734017/481421336043999265480499130324398480
1,7995935021315805598713853895284664223674795296541/22299517251947840778391990320589964173884731605040
268732708233877796762575874234215024925163536577586756640750735515/537098832120451565800259919635692551071467405922941156602320796964,387650122704817103253139757949335164333361054021254124738409835283/2685494160602257829001299598178462755357337029614705783011603984820
3425868607106075168836985625814727937391592436198044/7508660096598212061413031410471396457595873240072981,0
0,583910783886246633892021788111028907/594685558671366619401027701235682630
409662916565768851775940467440539207519570582881921593627/411682225317001857817911823398016999923457420531345145770,73884331707695810079870625242575995237711229639155369634/205841112658500928908955911699008499961728710265672572885
0,3026563/10892358
7396691301430105495150851596/36898757767443768001625445263,27851319077378469549238223911/73797515534887536003250890526
4532278965247016130239711379639851/10142204374405261526387359001378765,1
1496684098745673192055253134630244171976193/4171352321569268339986827575243655915137020,3158829451132094315935797376407803017636963/4171352321569268339986827575243655915137020
1578061137923128793002140118426858387/14911915342491040575059280664372858980,493770388483247589025936403814891735/994127689499402705003952044291523932
11
5 15 4 5 8 16
4 9 16 15 6
3 11 7 12
4 8 12 11 9
5 17 2 10 14 18
4 18 17 1 13
4 14 18 19 9
4 19 6 13 18
5 3 10 14 11 7
3 11 9 14
3 5 0 4
5624/49673,6031/49673
-2135096700703253073334223962993621011671/65605438485026629270771444861508470085810,-6800492508817177022314430576072080828022/32802719242513314635385722430754235042905
-1041935425718178867187561487/3548684689411147973135512570,-795739182041570305046638081/1774342344705573986567756285
-353446157179956313457349784314414741571144535721900340956170715748457/140919647580903308940549217910414630590167265041245312798426886738081130,-33076849041044660034767285708920878050557489619503947996460338702767694/70459823790451654470274608955207315295083632520622656399213443369040565
0,37/326
37/304,0
-76566146188613045423799614468850589361501/195254571228595046467370875133755805758654,-586834083653496361806857678174355956643459/7810182849143801858694835005350232230346160
-900527077837805021387806601004937234148315574624047117887/9965863406266917295044561599113045629865392396297498975780,-23756903898877732506805830274539510976863480306014147728/166097723437781954917409359985217427164423206604958316263
-131337034209859058806437797963597164/40330777911022114907832568139424054747,-26522428385315551968211241181931802920/120992333733066344723497704418272164241
-741296231364228281318029853401205464276757060167889/1881789836119085218920069159765184476827018874454288,-111452515000505937848184644697643295258918529781581/2352237295148856523650086449706480596033773593067860
95815415120248654328468092751695467583908798682/278743965649348009729899879007374552173559145063,-8390218540117800131205165948051714326779574155939/22299517251947840778391990320589964173884731605040
3770878039425788392785354096341351922868451071871902960915166917/537098832120451565800259919635692551071467405922941156602320796964,135783945919075498124194805909940824778011049367402783788583622483/2685494160602257829001299598178462755357337029614705783011603984820
758391659601003701822212690614542743593609138754700/7508660096598212061413031410471396457595873240072981,-507127551118697251832381171699110971809497315463680/7508660096598212061413031410471396457595873240072981
-22030239719124354733697607448582241138400480488/1099410352059820148868298190698620600553752191579,-1067554637601706662198480015507519393268001289948/5497051760299100744341490953493103002768760957895
39770618588339564110400727076/116009806829390206461413144761,-215441128204737995288682275176/580049034146951032307065723805
0,3026563/10892358
7396691301430105495150851596/36898757767443768001625445263,27851319077378469549238223911/73797515534887536003250890526
-7218986352899143000068786824408123/20284408748810523052774718002757530,205156207313264798866810640139283/2028440874881052305277471800275753
-292961979087235/2350928688601772,507757427746367/2350928688601772
-2236280137299378127342698082790476679/4970638447497013525019760221457619660,162414982263008191562904687846788381/2982383068498208115011856132874571796
