10
0,0
0,1
1,1
1,0
32799649300072769723823/201831907899761805608494,1
144989316990377923970711/201831907899761805608494,0
0,40275909720257/64623661264005
4953936895591611/15346693641012440,0
877872864509122631858527516232843309142986273986485117656005/1649949528209824423175639691076025540889534627988996966925448,1
1,5032726427381865168175504635516949563407386599706736663109757/23562566356198708159786196831753323125324547095767021045576389
4
3 6 0 7
5 5 7 6 1 4
3 8 2 9
5 3 9 8 4 5
0,0
-18383948202437901946035073475904/59740600341668166862792729938365,50218765704075761857086449656181/59740600341668166862792729938365
-3727391479160820912609389099032470822365339592/13330660145729758049056948165096294674015658145,3848823685109338756651702952998110881101331221/13330660145729758049056948165096294674015658145
11968750484014387321939967598686837171610226848664647660424002533222697393376/31855265602265815950714693632460710481251225484879302728313268057533230409317,-54098959047218766243203886901188597776264690160696805821367588378668707816618/159276328011329079753573468162303552406256127424396513641566340287666152046585
-4840999156295611851660572043649206767080642466486564301/12057559346036048110666427421006803969284030559940472310,4267652272658969716877662695710615687775614259645023947/6028779673018024055333213710503401984642015279970236155
1140370542815458408242380820881100713764375871729421659/12057559346036048110666427421006803969284030559940472310,-1947822078402682874132397189757771014000946931354790138/6028779673018024055333213710503401984642015279970236155
0,40275909720257/64623661264005
4953936895591611/15346693641012440,0
-89592459807186276058939019935194782760265370074878790124571/2749915880349707371959399485126709234815891046648328278209080,707560903262785357805506643400404592038914432629666863596558/1031218455131140264484774806922515963055959142493123104328405
45745253760739288306860527263914696716505346231097379636905016/117812831780993540798930984158766615626622735478835105227881945,-14895631601274889658186522223719892707333624167178020040129723/117812831780993540798930984158766615626622735478835105227881945
