8
0,0
0,1
1,1
1,0
48769/174950,1
0,187191/235960
0,185316994611680899/2055895686807698101
185316994611680899/4759033459660950993,0
3
3 6 0 7
6 7 6 5 4 2 3
3 5 1 4
0,0
170642731/862846241,3163477881/4314231205
-3622598556531732157270276627140264302/2687510654520697714185436658350669225,-38447551121430875126784062593110314/2687510654520697714185436658350669225
-8328916419568194329221656716801157217/13437553272603488570927183291753346125,-9403083953176146267036142810359891494/13437553272603488570927183291753346125
48769/174950,1
0,187191/235960
0,185316994611680899/2055895686807698101
185316994611680899/4759033459660950993,0
