17
0,0
0,1
1,1
1,0
1,1704661450916/2467769458489
1810233692011/3514895142927,0
1,5547987467874/6832265137013
1498411546300/13519051060027,0
1,19451137035981502878329911031913504709/42537227775880787597597105372208496351
165995712387340250821852063598661684193/204897986459303256578511885662488693611,0
648771351207137900818345487/2918980192517341945027820028,49504242130623573015248821/486496698752890324171303338
6282366119023/23643294993096,0
0,72537110248701711884327292988208049627115/327457157993307422124673393482676091581262
1652135502548535292304264934233522719014619601774520319/20391770541932004843795164944247635647101006830953292032,1
0,4617543072563840516407154963432793459708162494386387265/9573949580209446393319949766133361616752021299709948222
35230212970662077026433736003374538751085610927006836067518/144730565364011929912653674929697010238118671710546730067477,17524074321325974711765496661097348982009229321102610312564/144730565364011929912653674929697010238118671710546730067477
17858781918450620042821276656980144812418917430376583005923189/103100841850896603373599988211625509976903834206863970680806680,3303926050433300043102402570213525549199997761164075577454113/25775210462724150843399997052906377494225958551715992670201670
8
3 10 7 11
5 5 11 10 6 4
4 7 0 12 10
3 13 1 14
7 12 14 13 2 6 15 16
3 16 10 15
4 5 4 8 9
3 9 3 8
291702271728437441132401440/2893684964560625943966734561,-319411403022916797627899280/2893684964560625943966734561
-391653923552184977675211277420991249915389786926519336/2390729920786695181547497849328380032793875767479829725,-1767190122367412109807240915568051250528214225072264252/2390729920786695181547497849328380032793875767479829725
4184510078353502975069047536709577810527153679640607836421/14834479158481443601502224155082598103485999137212343443625,-21564225546037820147311085015839185107144897675836962408747/14834479158481443601502224155082598103485999137212343443625
3131811093548404235744725932138501960812558996567921/5337220762621393047604445748117441177301872322524245,1052468159029541640123054301218704072744597556732016/5337220762621393047604445748117441177301872322524245
1,1704661450916/2467769458489
1810233692011/3514895142927,0
3072102590348740038188492777007047733997817/7005122950253712890087125876771508424690425,-9453342513121716554359339540996564548296644/7005122950253712890087125876771508424690425
1498411546300/13519051060027,0
165976846073045124509251328568203343566/212686138879403937987985526861042481755,130049769079424342851107577550941496868/212686138879403937987985526861042481755
424938588589752296201994150365493393251/1024489932296516282892559428312443468055,94791379263397325841062896967381516666/341496644098838760964186476104147822685
3761005597562597663465445221228231411472253590173191330220898943/6647108938007100409417852162053850198499765334189571282628862780,-123937123046834338473333358587697495209587894232339526001853891/369283829889283356078769564558547233249986963010531737923825710
6282366119023/23643294993096,0
14131653352947549019396236414771917357205593766/37589625808946742254246570521360095242842018135,-14272151516037456218473011544378162562731348679/75179251617893484508493141042720190485684036270
-171404294427120036921022848677722132052531613597719365853/754495510051484179220421102937162518942737252745271805184,-43300750790395056737552592048968606644432060232763136335/62874625837623681601701758578096876578561437728772650432
28137567285640834010143319208698997461358036754444358106/177118067233874758276419070673467189909912394044634042107,-118441589776737344524456640541270331514165138142354096945/354236134467749516552838141346934379819824788089268084214
430169320751465531265750647358342824702083812683203905581782/723652826820059649563268374648485051190593358552733650337385,-243733694865565346171320152743817302453332350144419492064314/723652826820059649563268374648485051190593358552733650337385
529269954245928697293908430139993/962962199873240976792033619165240,-33981493823910950584185538813592/120370274984155122099004202395655
