9
0,0
0,1
1,1
1,0
0,2281027464627/7504867188848
2281027464627/7633354252624,0
1,172197386956219681560225211622729054403891/830365986236029190372705319912164483676692
202901464157155343855127648717186254164640845030682771/1637078621993591067160900505413615292152469228265001144,582396060913879071424402610958551017405409950825764241/3274157243987182134321801010827230584304938456530002288
170746270081252125336011788360856541721460024412730004686243068077/1485695045500689937273005607174486428772307344314112395548048954144,0
4
5 6 2 1 4 7
4 5 7 6 3
4 8 0 4 7
3 7 8 5
1088243168591415698870703/3580972770884380865826640,1069925511008769640554981/3580972770884380865826640
0,1
1,1
170165032274962393939346548836357339124914725354866512421541715033261293705318899652/172572359420838307919324291602285493506294331227496350570849606714077351543511158605,71493426523584252269467202662720300100601867800309868864112353929520438243015404286/172572359420838307919324291602285493506294331227496350570849606714077351543511158605
0,2281027464627/7504867188848
377358445687072016526988785140387741713118768549102521468971234430968748108690728360048166629329/1317305953670413507439062458410852222734016369986833309630435195419640254251143932910074101429520,120900469875182931740461036423579312059770460306889160255472033454494784782209552853960114692693/329326488417603376859765614602713055683504092496708327407608798854910063562785983227518525357380
1,172197386956219681560225211622729054403891/830365986236029190372705319912164483676692
202901464157155343855127648717186254164640845030682771/1637078621993591067160900505413615292152469228265001144,582396060913879071424402610958551017405409950825764241/3274157243987182134321801010827230584304938456530002288
224299242799639342595553891289465284414125258793862945765064647113/742847522750344968636502803587243214386153672157056197774024477072,273175318029180762286742314378265760790170581025047449725304524023/1485695045500689937273005607174486428772307344314112395548048954144
