18
0,0
0,1
1,1
1,0
6085095671365380043277/7375086645367077751281,1
0,3551652336663587036821/9636748008028967080098
1,1077756248600350636257341081/1221961535485843302383631041
264755829614337119199409643/3498024575415389027971432886,0
0,31545350468077716859739216960482995123019152142212681645581621528327809/42551140690575029872795950840261489147296197144315595562244661466768495
5502895111248656506528366939889247012138522501051456958331519969220343/12883196183111470461218134668123314927429302884359088138746826200598555,1
5/6,1
0,1/6
1,98229922719576668521288880396326537322332883922060251369/161095457434218536078893812919876052141282358542839740534
48435126502814672656052294813429092352677528693982639569/146665049222391341177341175209755629675010412616042890938,0
0,9171153212303201102388384548657902204216561/17201782116299323414045756984903332299881878
56214402327972856181601607053718010669657219/69112462622657332565744592999227475098441622,1
8906084539971298906288506356142650949633800678676598769582034771002744575350902458636257073722207/127820487102215493969594899482905133332572658593433892786133275441971814041967555249978470683644870,1
0,191432155506654480061166371583846093748410016983900646018539932182946571970557819256140115376925383/200338240046625778967454877939988744698043817662577244788121966953949316545908721714776372450647590
8
4 10 4 5 11
6 7 0 11 10 2 6
3 12 3 13
4 13 12 6 7
4 5 14 15 4
4 15 9 8 14
3 16 1 17
4 8 17 16 9
-1/6,1/6
76634990225695317629235426000580808069052378591980222919443906433862132125980293699252164427655558/252056884981407474245044494619721339130471040840883676482616765813242933432861376286485098751243375,44001199288628948343169644879360558116193862138936355718084362075302245964827847811651355498926477/84018961660469158081681498206573779710157013613627892160872255271080977810953792095495032917081125
5/6,7/6
3054778814603147605811071257605599786044653920557843529/25674885878072291604258887764392832710655393552570982125,23705580247544640960069032617725494791542700166329715778/25674885878072291604258887764392832710655393552570982125
6085095671365380043277/7375086645367077751281,1
0,3551652336663587036821/9636748008028967080098
5244575956116260515160415445/7331769212915059814301786246,7/6
-1/6,1271639888275352935791972686/5247036863123083541957149329
44458922531688208740396597704261459272698954609964448177955272941429657/425511406905750298727959508402614891472961971443155955622446614667684950,74679491003404171375059019585629435404123287640453374321547456534770567/141837135635250099575986502800871630490987323814385318540815538222561650
57872057584191795568170751430071951451427524253046393399526284217767457/128831961831114704612181346681233149274293028843590881387468262005985550,114374470999805925460531536199329794097240813170543342358494648559328051/128831961831114704612181346681233149274293028843590881387468262005985550
5/6,1
0,1/6
19548189599779606389462828147496828104907113304261728403/26849242905703089346482302153312675356880393090473290089,144138380504380727683259271038293643986323072916043660507/161095457434218536078893812919876052141282358542839740534
12849305860689359109499351500972907364412846742029425201/146665049222391341177341175209755629675010412616042890938,6215580121847985995398257894877585385041319251894984504/24444174870398556862890195868292604945835068769340481823
1366517631173081894011809837320909500196836/8600891058149661707022878492451666149940939,5599998948396051023697912505459041050373985/17201782116299323414045756984903332299881878
56812373039828883579332145998315149503563393/69112462622657332565744592999227475098441622,11388519468378628723381596360808843669995055/11518743770442888760957432166537912516406937
28535174840775763816784559601103563538974098329984500528601803969889082789430855964915326869874859/76692292261329296381756939689743079999543595156060335671679965265183088425180533149987082410186922,6886203925166218868957341591565679478705227364887981634535855252347710698937935248318862323039891/12782048710221549396959489948290513333257265859343389278613327544197181404196755524997847068364487
18849680695395167253278337753809996511952287359619806638655450035361750403376730383205916596706814/60101472013987733690236463381996623409413145298773173436436590086184794963772616514432911735194277,19244395131817637467767387767206289164569652161832445918707698922039477487114777645963156812826129/40067648009325155793490975587997748939608763532515448957624393390789863309181744342955274490129518
