15
0,0
0,1
1,1
1,0
0,51829035822394119862605292212189/254587981657291472180721604703000
20679785293135253825179511592663411/71744346736684830391124993855256800,0
1,120474383425324272791967453216/187210339671376064125098829475
0,570426383287539282348655923543/1497682717371008513000790635800
4445492850771547150756776585032743209897/6159594345105104134254987062136013530385,702727318237989946631024413965368807301/1231918869021020826850997412427202706077
3333746259/3860700130,0
8525502336207332767137608518691315352754080343462707796797883986887/14143197530488358100249467316820244947365077703727711452592758578795,1
216204040238578976815950358560477308189691651/381998048239796308407134309858274953470389505,809115736932916627297228391769552269029493187/1527992192959185233628537239433099813881558020
3608112712865518165161666/4788069486450645103973561,2117854016205319156600239/4788069486450645103973561
860648807143260967824752766993697329995248324270866382840146581/975078758276786863966457455635461617505430053082547967905944680,4779452565633452897527695416979687002382013682543677035503370951/7800630066214294911731659645083692940043440424660383743247557440
121254404206584599527040146481737664850099747208147146623336133051423081993001846656/176627643597290493305354706373749817838019748282407582007891807149916819443859435465,24645223468117660463258038917012472101828265713779038963265434256739667191225390531/35325528719458098661070941274749963567603949656481516401578361429983363888771887093
9
6 11 7 4 5 9 12
3 12 11 8
5 9 12 13 6 3
3 13 8 12
5 7 1 10 14 11
3 11 8 14
5 13 6 2 10 14
3 14 13 8
3 5 0 4
1854572108138613995537159898412286415461198786112267486294169211181/9666169085052460973075204883143093496853308125102717966749740597025,2100665094755292136441453028266941505362106022339171052151775151267/7732935268041968778460163906514474797482646500082174373399792477620
11223187814638892990661111340773717853592800328953515605586/36889114516218738613915912272754174673818192302372523314065,-1168243472938467020772885587923519730473927563469698924883/7377822903243747722783182454550834934763638460474504662813
252305753161071654153760357292540244071288636896852980646023866203416417221461/583803638213099385968068291880770472850102114926025302838169482554128215820165,17324333422848117044248597125893383299397420757897509628744953906611409381105/116760727642619877193613658376154094570020422985205060567633896510825643164033
11757083686545383481/15825905443092789941,-1011367094298555182/15825905443092789941
0,51829035822394119862605292212189/254587981657291472180721604703000
20679785293135253825179511592663411/71744346736684830391124993855256800,0
3905567665990421174691129199254692632829443269/8844098906293971704209001619941228266958669585,1495388115968746544515687513178036828908014211094/2962773133608480520910015542680311469431154310975
0,570426383287539282348655923543/1497682717371008513000790635800
9354594659864572532534442110503390585769313559490512328307789961943211/14729664559206871445938751299821730846538945398203308037346461707347825,5657552071817625917450051163751639241854679193181311632616487641630273/14729664559206871445938751299821730846538945398203308037346461707347825
3333746259/3860700130,0
11728077474304657503027512408998873399393588341384111163757062756511/14143197530488358100249467316820244947365077703727711452592758578795,5820748550871896210556601024191036966764807889084165029460547685/42218500091010024179849156169612671484671873742470780455500771877
216204040238578976815950358560477308189691651/381998048239796308407134309858274953470389505,809115736932916627297228391769552269029493187/1527992192959185233628537239433099813881558020
3608112712865518165161666/4788069486450645103973561,2117854016205319156600239/4788069486450645103973561
83966296909519117801381491707499853835427814038649489520098419/150012116657967209840993454713147941154681546628084302754760720,319487018297211969496679792328087118175858436621224848353249653/600048466631868839363973818852591764618726186512337211019042880
3608112712865518165161666/4788069486450645103973561,2117854016205319156600239/4788069486450645103973561
