17
0,0
0,1
1,1
1,0
1079962389931/1514492480956,1
386961038299/1514492480956,0
0,145728957243551941/442796295550697231
272335278622952106630741367781/661008505101290104245986709956,56516915135198065757716133314/165252126275322526061496677489
41123114598244627317772358126502195016681/59662436300143505692576603433046494364924,0
1,260236240061156819799838671/3535149904353000728339556146
1244067904555070753020512119/1330813317908789692953791676,0
9622699351520/33709586674203,1
41434652604511308838081119750/4911173320689675370575044614291,1617615928854913452499524628601/4911173320689675370575044614291
1088902908630298978132559977660572476399755663103/6432032911200674888625047276059408399056907554243,0
1,3930831041334747598291700702264654117/5688475977063572519088392934651654202
1134595693146672518419452471915194409621406134303492499/1702911501136852552787730123042996893568721232464326470,24150882985788626045803847315827689239820071383570271/851455750568426276393865061521498446784360616232163235
50601878967576792544332660318195528508237750047852079826657687405117771/90542600424893683110249187774326983300392102121877357908107930687950714,0
9
4 11 1 6 12
4 7 12 11 4
4 13 0 6 12
4 12 13 5 7
5 14 9 10 8 15
5 15 14 2 4 7
3 10 3 9
3 8 15 16
4 16 5 7 15
-4038831313861174379884825762487880/196260585215513405070288746783502961,129056484843821490690800083026750742/196260585215513405070288746783502961
0,1
6194768257955912127546123597377472510236687148850/23062440224850854589219857461887167151225060572053,61034178727639495860589479685581546714054802688217/46124880449701709178439714923774334302450121144106
-1731391933688927279914097768824321/12875808227836650777379807145728610,3543270707022395111545625557329909/6437904113918325388689903572864305
-2749772924531950244927754976730920/157098503562096394070507828438750717,5726266973197612404030240962046302787/4398758099738699033974219196285020076
76421987003207492338128634870314723177462012735107824960199935255243399/837696398740038377354824269503120088702444539645255413680258265836067429,144853266705629903294037293642396453534094923952195916227759621626727247215/197696350102649057055738527602736340933776911356280277628540950737311913244
0,145728957243551941/442796295550697231
-29518423136837437771968801382861212634905426428016702335/109912097698281991581226346910033187762777543226721714601,273958744544125166098478049047989556546315272906566659873/439648390793127966324905387640132751051110172906886858404
-152191537390753187923237295004668733401/5423857845467591426597873039367863124084,1631929107448470732838720692498945977852/4971869691678625474381383619420541197077
-97403544768340728012764326393/555018534983421114349310314922,339392334194171073601409005527/555018534983421114349310314922
-39403296644663306377341040733/208937690911679981793745293132,1278619703908042005783329128/2487353463234285497544586823
9622699351520/33709586674203,1
41434652604511308838081119750/4911173320689675370575044614291,1617615928854913452499524628601/4911173320689675370575044614291
954407788562823200525858122792575921159912773063/6432032911200674888625047276059408399056907554243,130231698349228342209880333425802195469431655242/194910088218202269352274159880588133304754774371
1659351290828523670137197566499955343/5688475977063572519088392934651654202,524952509259931632255995896087223515/517134179733052047189853903150150382
41434652604511308838081119750/4911173320689675370575044614291,1617615928854913452499524628601/4911173320689675370575044614291
2301809884825259857401350326851361534481608267065543202763898414306539/45271300212446841555124593887163491650196051060938678954053965343975357,6519632727899294537638704268371607646378583291668394823007911955604472/15090433404148947185041531295721163883398683686979559651351321781325119
