18
0,0
0,1
1,1
1,0
1,338877125498219/650617442999190
0,33159595816343/325308721499595
7542880515978839067923734992355518354075241852225047752551283186870261/17484585550884403473618747676246631963420100831612034978710695250288180,1
1,59422131265749945565251605700427660040223087479110937327640721750695821/69363836300655509970946618384318773649567946458497924553800133814113740
0,236959/8973215
473918/2756625,0
0,35683720592483442959955834876585247/155467869202691229267718587651135095
3810907286857750966687677275273848528116916930307649884341019375549254434467/7100707487369670695052160959656907809780980037468389359818026391069212737630,4608164628872180991991424454510151470200496648068349792372830559738346094537/4733804991579780463368107306437938539853986691645592906545350927379475158420
12654259840049886803913967994054014549188638764337587589571044812222592000852878316667582673961284631853492720927673/23732929736446482641074150299560692057984735348035375942911901578791603636779114731561799680856476038363475789805240,1
1,608887709095443873/1325189488367034560
1913387611330568069/2116350181029049360,0
9473021495144184190844652860104638162845962322091221/20247272953210680580640193421942020641470960416235440,201486307781391883089228985687539160909719290616271427/229469093469721046580588858782009567270004218050668320
1,295994273176150127369052813302931511215043971/552468469746397237003169460219663207210062720
12750084255127161959963953192780731580527747070094412080177/40278604049798851780135364088074947383393333685780779383760,1
9
6 13 4 5 8 9 14
3 14 13 3
3 9 0 8
5 5 10 15 16 4
4 16 7 11 15
4 17 1 10 15
4 15 17 6 11
4 7 2 12 11
3 11 6 12
3603901260/454721836049,117312223624/2273609180245
299901019080847816663069445349052399009712/385982222161401499211727163760930796000857,700802449067402938485194368058692517229597/1929911110807007496058635818804653980004285
535029723361160231235912252277317331006373903201024155241303839786829367329667188948067950743379854875472184947/485616997197982661438797510867746755499308968253287391673810185694901354504793799536191037333813976991998162500,474062485423066541568499569359993124263795911783093955559811921465947329018956327131467601108341736150282652937/1456850991593947984316392532603240266497926904759862175021430557084704063514381398608573112001441930975994487500
214592826865816613079766597359516577/262916062367210580023265841225513000,2521536224028647004971441449785159/65729015591802645005816460306378250
1,338877125498219/650617442999190
0,33159595816343/325308721499595
13201210108606024859735380973966645127006759155438222132007752411404632583190560097/13562827204903834696186992826444511801729646094955103144292447127007411727818554340,-23732443968932928017336091266595947159768657819830451291169978956145801671709971/1130235600408652891348916068870375983477470507912925262024370593917284310651546195
84280955856472399860604812724440602007879954740427436751755917224208/68003761079074029383280998415998797695654849469115612307647190013837,1164122056332800444385674375554287255929010257442277252347038006775013/4080225664744441762996859904959927861739290968146936738458831400830220
0,236959/8973215
473918/2756625,0
166336431974773712209318338960464/1829033755325779167855512795895707,113750994616762784367904019648591/9145168776628895839277563979478535
4114305034577360968957113963269293412327693667643/4124079696771244285819557565717250847773432604630,-348708926667026371692656838400641162447823473283/2749386464514162857213038377144833898515621736420
149816508364602688905913926181165238954462455039632439221967260367321562275968417011823251620326712455181352217896191/154264043286902137166981976947144498376900779762229943628927360262145423639064245755151697925567094249362592633734060,-12625702363613294315856067649046553193812957094355080921220227918657633365106166456705773371840312810562504590304371/102842695524601424777987984631429665584600519841486629085951573508096949092709497170101131950378062832908395089156040
1,608887709095443873/1325189488367034560
1913387611330568069/2116350181029049360,0
10364346164078166841623709/11759584161134526356131440,-854303135798240437722929/7839722774089684237420960
27917026245554145082936086166387116122673693/27623423487319861850158473010983160360503136,4793612586326270461124246360470276492075114107/9391963985688753029053880823734274522571066240
28369852324136689353671371485422326957757097673310945338637/30801285449846180773044690184998489175536078700891184234640,104300565963255884233374759870469996201434877544413863167/1283386893743590865543528757708270382314003279203799343110
