11
0,0
0,1
1,1
1,0
0,652512290090911103647103868084407/19895752561052796375928191357340323
652512290090911103647103868084407/1447777080747401577672021396411144,0
1,295272232883531908657684739014663687089884335001951892452899204712151842615131/1660668400011914898389929872059940611862385055297172009320429945289184614893420
1019514810246147698214265680712858721653393351239835924521403515204681416643559/1314787043129679606871950419727522408743277686241787816974302719916833259258690,0
356341808675941068760207939555898245268889641822/826525517630115762177226985814176886160263080995,0
42818852354398299398231207627954542603781365890605863268930210723233978798862854433/99288940882712519835577310604694625273514338059523110920118414152073774486552515534,23414554814299499166972368309959771161747676703078831458505129610598328128280597/16548156813785419972596218434115770878919056343253851820019735692012295747758752589
107656396635855296961991401884741169865793038950543911033396753328021068467848915692927861188340911279183656732870911/219713972130988717455958812656249433108200048426969935589596727267442765196942522540088926139613054025585181488728546,1
5
4 4 0 8 9
3 9 5 8
4 9 4 1 10
6 7 6 2 10 9 5
3 7 3 6
0,0
-18573281482409356792557871561454925198256434701529442070840913551936/132645676148725458044049948381802889855788419225494027043111843044355,-40864496151301344249049315725732560578466726608326699458945841896519/44215225382908486014683316127267629951929473075164675681037281014785
-108474025282057651314312291076025744975261997425062901817436135708926227512708859685432797896539274317372100955709581220834170540523375722086020884845740166731891961/657346496763793936794333330492646487893279857994405158513320965912184958501468302459278617723340513117334419694373207782020676468205070616905810340863414438051735611,-214948108272462764784755303929899922712625737704063739695586435498703441494816528579557662562829811096083545842676364800578127043287380560899357376799573930958255077/219115498921264645598111110164215495964426619331468386171106988637394986167156100819759539241113504372444806564791069260673558822735023538968603446954471479350578537
12044334821554207527140935140854526948939574468157075300217852333826477032518784737426902/15220383243757303090796500859663043790781312257146569230980044894095677025851546635851875,-1373663502974703447390011864116590008647445327824385773156959557861589259036299602079088/5073461081252434363598833619887681263593770752382189743660014964698559008617182211950625
0,652512290090911103647103868084407/19895752561052796375928191357340323
14774739714695811810576789181795797084569880635715360413819770810985709464406803403063025038000204371591689408995108991777438933907/35873434391376551618543148013445231781363821740825418565951894067162503168119601499305380006140123164858858977343444133739608518504,10073330882187342114386237422311565534737887173247924127090546985152552088692580496789351003951657497001369014960404362422737887/2989452865948045968211929001120435981780318478402118213829324505596875264009966791608781667178343597071571581445287011144967376542
6031170657780827435344445470044242928938930706227206718953519510129521233405929/6227506500044680868962237020224777294483943957364395034951612294834442305850325,-2121107339532736451798251608435148141302112689855258607534149812775102028289071/8303342000059574491949649360299703059311925276485860046602149726445923074467100
15225257202060783711662203480612329389365016757744364363025886770736032999223337/19721805646945194103079256295912836131149165293626817254614540798752498888880350,-154520333511269227608637993120466840981883252947563814255245671512018000606886/3286967607824199017179876049318806021858194215604469542435756799792083148146725
356341808675941068760207939555898245268889641822/826525517630115762177226985814176886160263080995,0
42818852354398299398231207627954542603781365890605863268930210723233978798862854433/99288940882712519835577310604694625273514338059523110920118414152073774486552515534,23414554814299499166972368309959771161747676703078831458505129610598328128280597/16548156813785419972596218434115770878919056343253851820019735692012295747758752589
75757539158793388910887202333728043604879337761320678753656881236759103342931414116740846154830401332384601254632447/219713972130988717455958812656249433108200048426969935589596727267442765196942522540088926139613054025585181488728546,-36441489782537889732604767713690403033732187958083994161843845865639073407970074802244677343050061686345997366041557/36618995355164786242659802109374905518033341404494989264932787877907127532823753756681487689935509004264196914788091
