20
0,0
0,1
1,1
1,0
0,37/326
37/304,0
0,166130646823223/281006480151920
166130646823223/250963634196420,0
73/280,0
27541531778028069/79760015045190220,5639247162832756/19940003761297555
1,16502831420986311468339600158/29349280299021414814681069555
0,19975507/84640828
704015715997760443767/2949917361614458703180,446095529999800291325/1179966944645783481272
118044262802310499346560917/192440120785648832431499060,16692743531650232434877269/384880241571297664862998120
15362203332279/24211558130690,0
13790459025381429014183769798229102/26548594515121075299279383882062955,1
90150187536076055240349372061392562788/122470248704546465345594886386392540685,0
1,715036070442348772818329680298430454444898288037620560975947/1085931996547957421525547355602147514304660748249451063262510
3340478839960498092890492637825481052136977563791391237288293441/3362933885391934298643262333382857313952363130937463628453573150,940680584926226283535332912484914539416649146622583757497235034/1681466942695967149321631166691428656976181565468731814226786575
1,250720022021403876804568557286179739950141804345493858327827603/452681034163163770786981542220448246215340225955935252076259250
11
3 6 11 12
6 12 9 8 5 4 11
3 13 7 14
4 8 14 13 9
4 12 6 1 15
6 17 2 15 12 9 18
3 18 17 10
3 13 7 16
6 16 13 9 18 19 3
3 19 10 18
3 5 0 4
5624/49673,6031/49673
-1441482830675601339366033237/3548684689411147973135512570,967321005250179897671365079/1774342344705573986567756285
-6383847671105185300557399222911211914670887/8607566728898597601940611576182002862325970,1309460042906473448731434907597140347436551/4303783364449298800970305788091001431162985
-13784861465202874682460234013152576517086077843/36194818095018602916160271677845322036080703850,2020890725341016719465009461281751389905599698/18097409047509301458080135838922661018040351925
0,37/326
37/304,0
0,166130646823223/281006480151920
-341333035734937819/4572975687782433100,755659119819589304/3429731765836824825
-56470286731100117/679158306536253880,2802492962183827/4851130760973242
39810941373898437847367010411819/193463131240705431427889110046620,25015576891265995288704927678619/48365782810176357856972277511655
-782305741406404845539400002465620753095351341577366961104376516278725926777881871/1626805137338658061469763573567412640054853800035515063957834311940910334109217375,2130990451309358280059290576429742859547701637992222728753652863899368246133682919/3253610274677316122939527147134825280109707600071030127915668623881820668218434750
0,19975507/84640828
704015715997760443767/2949917361614458703180,446095529999800291325/1179966944645783481272
-151572404768999377455543/14803086214280679417807620,1361342369210635706962859/5921234485712271767123048
-1251278623561/24211558130690,70988730296/345879401867
-18462841262343089000826311795389231/53097189030242150598558767764125910,154153325179766868375986206993885/5309718903024215059855876776412591
-29897588694142262496605082534429957373/244940497409092930691189772772785081370,4001090407930844283836683027105790326/24494049740909293069118977277278508137
-592967341304183975531559296522141624825022530545436825322733/1085931996547957421525547355602147514304660748249451063262510,634445435003965205347562427245072872827756688013727225453831/1085931996547957421525547355602147514304660748249451063262510
-2292683836513714638509145045217687167/4738282180192745881539194324512223975,3134764857655497359530680901994141594/4738282180192745881539194324512223975
-1107525272792222270793837676514957906680578932369110897555132063/2263405170815818853934907711102241231076701129779676260381296250,1482074148078517640255762555212247718723805680671964114756278141/2263405170815818853934907711102241231076701129779676260381296250
