9
0,0
0,1
1,1
1,0
273814810714061696205925629/280555715924799461070149347,1
0,1500494076683416851970292323/5060086615966218902647325500
2662382581285735609868463219655339998711533/4538234934396746797370917809667669576504519,3264746704254581302875474594653992800063108/4538234934396746797370917809667669576504519
3641168695867/11019623255049,0
0,70491759775547669486247746667341260109604580915047040292152677104742119/99650679176515190944364893672159649158221922237126039116981807423471918
4
5 3 2 4 6 7
4 7 0 5 6
4 8 1 4 6
3 6 8 5
3848803798742664024142970134326/6562855889128813747966999418125,-1370860847653330776483015937332/6562855889128813747966999418125
25965264864735595840719746839917830293203281938861020894/38906721706815435691229792263168722875688334468435213121,2883028574179207784224105959119429502180239480798986121/38906721706815435691229792263168722875688334468435213121
1,1
1,0
273814810714061696205925629/280555715924799461070149347,1
6425121208439635191336876557056827022716709572812654845623/8302154811773947468085594335837133432674997070146868671875,693568361684611464483635184736441853650657121888072360831/33208619247095789872342377343348533730699988280587474687500
2662382581285735609868463219655339998711533/4538234934396746797370917809667669576504519,3264746704254581302875474594653992800063108/4538234934396746797370917809667669576504519
3641168695867/11019623255049,0
19420612930116713891243437460023730976517008379233628050264004914292726/49825339588257595472182446836079824579110961118563019558490903711735959,5534737970321830327360542231448050458130832705925631267607281094925373/33216893058838396981454964557386549719407307412375346372327269141157306
