9
0,0
0,1
1,1
1,0
1,152065087725484692/346928905007790757
64582320820199753/165959045970522881,0
1,170946122303748306475/1079930631829080877976
278015636607733530524053671787397480317/382929231848093548117459689980997172134,61709332963132720905298484320516134875/255286154565395698744973126653998114756
205480409017793830998653531201343741439648649850707651583/274315226839538420508304363084749516259932828971087785418,1
4
4 3 6 7 5
3 7 4 6
5 5 0 1 8 7
4 7 4 2 8
192924366297886580061643780986871074/729320304974633952503879036479393645,-268865686140164968290800183604996252/729320304974633952503879036479393645
883836247434179923844245516132602078/729320304974633952503879036479393645,-502422702204768636509504074282666999/729320304974633952503879036479393645
64409225084890798509986147330395152645705881674377347713032731683593858721460/46472380751338577371690872795806038813259461090539433003312911531299742673601,-10290494511712814896430994009553456809428880489129085227953904710231703192419/46472380751338577371690872795806038813259461090539433003312911531299742673601
1,0
93280549827448558335252995020102259823336497409788356239208/110531765379326548158782360901672171617322989514534350115133,-8201670864842279651267729204298391829348631209851748645048/110531765379326548158782360901672171617322989514534350115133
64582320820199753/165959045970522881,0
1,170946122303748306475/1079930631829080877976
278015636607733530524053671787397480317/382929231848093548117459689980997172134,61709332963132720905298484320516134875/255286154565395698744973126653998114756
398235356828499840422932739951232326755021454974860594549/274315226839538420508304363084749516259932828971087785418,2842823913046109450365840079441081700307551737280372875/137157613419769210254152181542374758129966414485543892709
