14
0,0
0,1
1,1
1,0
1,338877125498219/650617442999190
0,33159595816343/325308721499595
7542880515978839067923734992355518354075241852225047752551283186870261/17484585550884403473618747676246631963420100831612034978710695250288180,1
1,59422131265749945565251605700427660040223087479110937327640721750695821/69363836300655509970946618384318773649567946458497924553800133814113740
1,8421919/50171190
7727/9280,0
0,1588221935100359429801969389659874477/2079942657322793289294865526465943570
1,1601719826975905403427035123691028757/2079942657322793289294865526465943570
1,2892717568412063835365835687509980290114544389857649535928696199346540620853914785547384082188180388777073613436867097/3027872449227887903067123399233995840241536485592178970959306377416161791890628359437209410843575154211273156483177680
1520326291408372737372583849633485010318601346759479219579315320375631688978182539904396846447350336994686164790864677/1655481172224196805073871561357500560445593442494008654609925498445252860014896113794222175102745102428885707837175260,1
6
5 8 4 5 0 9
3 9 8 3
4 5 10 11 4
5 11 7 6 1 10
3 12 2 13
4 6 13 12 7
0,0
132706987225780111243403202802979258982384/434728989824318934187379993198074882273985,-1434963408446374936442304968608657557480788/7390392827013421881185459884367272998657745
535029723361160231235912252277317331006373903201024155241303839786829367329667188948067950743379854875472184947/485616997197982661438797510867746755499308968253287391673810185694901354504793799536191037333813976991998162500,474062485423066541568499569359993124263795911783093955559811921465947329018956327131467601108341736150282652937/1456850991593947984316392532603240266497926904759862175021430557084704063514381398608573112001441930975994487500
210106232928549/252489910860485,42253769831361/252489910860485
1,338877125498219/650617442999190
0,33159595816343/325308721499595
540196702073768152540777659018405806253933104993705804363543967936219264182108531219/882936289435065410242090179617009867288429531241638666156239455687712528941604913460,8046928207141658980467603512346408556382291664646555224421205918413075212328176167/73578024119588784186840848301417488940702460936803222179686621307309377411800409455
19174192755168016051208665550788092426274940471513415360624894985188852264631534816/17170263573033120914448990968638228912274825768666111876584678974892395183726530945,83979137954842820431502521399437494607079547735575858945980624772604228278945170679/206043162876397450973387891623658746947297909223993342519016147698708742204718371340
1,8421919/50171190
7727/9280,0
1923339449131612173230458400454334/4078318935927045665284050051894007,-44310102548540673627241124982304219/122349568077811369958521501556820210
4802777373687696756618795774521007/4078318935927045665284050051894007,42338617866086781692974382693525221/122349568077811369958521501556820210
67955391327883251486011223168757665782160572751841645391485517615601807370478676484894458086643348030768921308392601/59370048024076233393473007828117565494932087952787822959986399557179642978247614890925674722423042239436728558493680,6966679344261282830294671138310913501910255915433863039991741331585746349671103059381416680083192351208847546630549/22263768009028587522552377935544087060599532982295433609994899833942366116842855584097128020908640839788773209435130
105066033103258677211869817814813991976657016915266132340069728063215220031185439770864393553401718885712268370839521/97381245424952753239639503609264738849740790734941685565289735202661932942052712576130716182514417789934453402186780,36082778252979351649430773886266756442256154465241201342395608076441983930269244765413942392309378978747195224944641/146071868137429129859459255413897108274611186102412528347934602803992899413079068864196074273771626684901680103280170
