9
0,0
0,1
1,1
1,0
1,732533699407/943149324200
0,82780532587/188629864840
70824466738829285/128711494656962728,5743743077993409/9193678189783052
1901/6760,0
0,4385325417896730609723005071/4693245245042259708527738988
4
4 3 4 6 7
4 7 0 5 6
5 8 1 2 4 6
3 6 8 5
57380249745/120943300804,-6177615066/30235825201
21079301528526555582135/61941024071383606240424,-453804792015277148701/61941024071383606240424
70329608424507537546711/61941024071383606240424,37110776047698766879099/61941024071383606240424
1,0
1,732533699407/943149324200
452440858420989238437/570337962099049583284,554528303574327162923/5703379620990495832840
70824466738829285/128711494656962728,5743743077993409/9193678189783052
1901/6760,0
2820859155571233100927085315/9386490490084519417055477976,10792175464088050348233603/240679243335500497873217384
