14
0,0
0,1
1,1
1,0
1,18024000000000000045209/93360000000000000204758
0,18024000000000000039893/93360000000000000204758
1,288964944546143514120037541202655/376436305021435706728786174055808
3615529404506711735920054326312518268424227974901454411/13711969035067512407078373349894095371768704334243558720,1323610378577853704206152037784430106538137991972363521/6855984517533756203539186674947047685884352167121779360
65426439525719936290233948578646281353384424499612145334160454917611068809401/128014942911390296103905929127344875965968477443621358050111681483165502073536,0
1,75086/241375
19796301480000000043504950669/22455787440000000047967087482,4335294696000000010474918385/22455787440000000047967087482
0,282621369434582446770562631783731214145506902107339546664195997989859/520079103365990263538156938991105892424954016404611906058114109071648
237457733931407816767594307207374678279447114297272359393918111081789/312896054371500970513075904189562926858345285862017349743021544328736,1
1,39469271313600000248634908668128000358554586780233/525961531800000002366774700845520002659164145059031
7
4 9 6 7 10
3 10 9 4
6 7 5 11 12 2 6
3 12 1 11
5 7 10 13 3 8
3 13 4 10
4 8 7 5 0
300290981433225199148358396228866706213458950498253847099775840667083946707330813003710037320434218579681771/776242063581725381864351974914960060982258186763982859854906810411415028688728449156383196529810761556966560,-42552566494743863473217134967283000610951620906542750720125777703929447312663314652081420516125274151875619/388121031790862690932175987457480030491129093381991429927453405205707514344364224578191598264905380778483280
22233851759881864267255137043832684147865773179922233481641140925732566291/51705637398662209730819670044267632404226844203718835805847426046869759440,30547623329370729681814564516638345055726453523760450502207862101671399181/103411274797324419461639340088535264808453688407437671611694852093739518880
2182642105026396949555293748775866472901610179120859691624145027/1781170454194792532787707198011911831886144832778401780051795360,633339947937106835055557131270458635394531552085238996206438597/890585227097396266393853599005955915943072416389200890025897680
2179022400000000009510195648000000010368359083/2179022400000000009558103440000000010488524605,841360320000000003955635216000000004628452211/2179022400000000009558103440000000010488524605
154213406596130322929502449042727/174848358159770322964124168574794,844185815437296001850897220088286/2710149551476440005943924612909307
16594375013379697461591807503978565752323354795496692488959121951065589995609903784929/83145036801812915612884621933204709026717916019357316529489429239819995839922757161440,-2606987571904970622886641068546054756351210945731199876279689943262628416250102877201/41572518400906457806442310966602354513358958009678658264744714619909997919961378580720
1,288964944546143514120037541202655/376436305021435706728786174055808
3615529404506711735920054326312518268424227974901454411/13711969035067512407078373349894095371768704334243558720,1323610378577853704206152037784430106538137991972363521/6855984517533756203539186674947047685884352167121779360
327132197628599681437097117348191666183802314032336665778088791457405175091733/640074714556951480519529645636724379829842387218106790250558407415827510367680,61786132472014211047853084072199281756121920941602099037548029480138604916459/160018678639237870129882411409181094957460596804526697562639601853956877591920
1,75086/241375
19796301480000000043504950669/22455787440000000047967087482,4335294696000000010474918385/22455787440000000047967087482
280549422190164418115754139315091190695235343592923298826083256700291/520079103365990263538156938991105892424954016404611906058114109071648,-76905955994620279008095581904447283909797640091003456988642539187059/520079103365990263538156938991105892424954016404611906058114109071648
182542438202707191412485626596315724784476563191450425852136373793781/156448027185750485256537952094781463429172642931008674871510772164368,74670198474435382748653948715352854738778886394371874813137869178891/156448027185750485256537952094781463429172642931008674871510772164368
525961531800000002359705787163840002647303785410077/525961531800000002366774700845520002659164145059031,163614075926400000729202968197808000815383691558360/525961531800000002366774700845520002659164145059031
