21
0,0
0,1
1,1
1,0
6085095671365380043277/7375086645367077751281,1
0,3551652336663587036821/9636748008028967080098
177886501232/182254036149,1
457818857831/729016144596,0
1847305/2097986,1
923067/2097986,0
1,28522403268984922625200862765/38270477397944125649218487022
118350590162066553658437870481/146872993431051476283638733246,0
0,20606973823508920116327710883760617820585691635549/22251704303048652181210737577462733516929655946798
1644730479539732064883026693702115696343964311249/3376972087460162322302461632294152066983017541806,1
62971904318121/114269394975364,28819271703861/114269394975364
192556539226347783/264611830504986497,682200783317928917/2381506474544878473
157184882004683418944733840986761153793377/481028393850598708553798304996471968845245,99193135165448499079577740122236197554803/160342797950199569517932768332157322948415
491474266765045996352755886407501/581712207503058824498756839200500,785065284459848070999770679780487/5235409867527529420488811552804500
1,512425833733057540380072988744184429414645/2477122847501268133335865864150559550854421
15936074127312127934619838154747077186134111222701/243057821796182993788874218233705921111697549225563,1
177678700341572333203014016404419234959127204596832662637/5609058572447074645482190220720172732401201297229376400220,1740477008055761075807859319277569826469955219860393488333/1869686190815691548494063406906724244133733765743125466740
12
4 6 8 14 15
4 15 7 9 14
4 16 4 8 14
5 14 16 5 0 9
5 15 6 2 10 17
4 11 17 15 7
3 18 10 17
4 17 18 3 11
3 19 13 20
4 20 19 1 12
4 4 13 20 16
4 16 5 12 20
72222230803827554223858999/142220815951717230714599210,121842098710593756146507727/142220815951717230714599210
53028102254434257671999941516852324228086041640177135724769/90322615821079551971756350576434121357098629551352438509035,9608956156010155160971248772518904847266835991174438630624/30107538607026517323918783525478040452366209850450812836345
7041604648431612946449/7356074126612329080625,67189700183366021890913/66204667139510961725625
19412027898354834441416284597026000136892453096737/32013318053336506504727935413683149384354329971250,4916746611678189510026155387322369352955351638997/10671106017778835501575978471227716461451443323750
2965019032498223442062375615023363/3230141147628997873431774943857670,9294115314202500151961401310924633/9690423442886993620295324831573010
9937568577750523822814482795696533777169252983323/11649642400995205636801466632173356879299318941930,1412820674510806802281902704821413662885563994029/1941607066832534272800244438695559479883219823655
177886501232/182254036149,1
10418657345701659133930033/19727165719094310989459649,1504747322783938760449825/2922543069495453479919948
1847305/2097986,1
682821788278885655436/1930229948094449954381,1716319478132967714075/3860459896188899908762
1699006101944241926834499211/2126137633219118091623249279,3466474066443752937298414087/4252275266438236183246498558
3498470667333299759884586683595035683158662/7948761910285135087865358096879153541701123,5729124034024695798384199863156254131952369/15897523820570270175730716193758307083402246
108123500258390031990279717540565859634479413100397232661481204313/204724464519242018762427085637971027441840434360607554110776222830,205150982698643767721826831207033880083448923103594411896075976/747169578537379630519806881890405209641753410075210051499183295
4146726911307638609333060381838990489598965310709/5628286812433603870504102720490253444971695903010,1895880272534789778988539441333335961420157153379/2814143406216801935252051360245126722485847951505
62971904318121/114269394975364,28819271703861/114269394975364
192556539226347783/264611830504986497,682200783317928917/2381506474544878473
62396309643666791638184401595934567299499/64137119180079827807173107332862929179366,64266561235504085699876320923688976792249/192411357540239483421519321998588787538098
62971904318121/114269394975364,28819271703861/114269394975364
369377826788311808673517938362108080539/517847360196773938190836388449996770326,156149529163677726046271800179445996068437/550471743889170696296859080922346566856538
50770227993267931313499344223792281919738503252619/81019273932060997929624739411235307037232516408521,21620751445219309112465658372656004946602971901905/81019273932060997929624739411235307037232516408521
62971904318121/114269394975364,28819271703861/114269394975364
