14
0,0
0,1
1,1
1,0
1,223284799/492388458
199779800/423064599,0
54442301967988396193/104523789238381718889,1
27020359348632412454246808076/28209145441553438499917171463,3923555317632712896594595626/9403048480517812833305723821
1,534788185292423929757324125698885613/1428619892555058760858204828898886751
159930039/782979025,0
12267455233262978762006466031/17011806472243214157439079490,87283036221809129353464126479/119082645305702499102073556430
1,427255926377951317427875885345393816048301787962/515654154078378720016905881832747013003995605943
1,150211986242394809723852/8027721654269728100502403
3857322793874825420785377/4007534780117220230509229,0
7
5 6 1 0 9 10
4 10 7 5 9
4 10 6 2 11
4 4 11 10 7
3 12 3 13
5 13 12 8 7 5
3 8 4 7
0,0
0,1
1099954080711460722919898765784935129527/2844856354109890265759748141578446997775,512113906969888470895947835631922291613/948285451369963421919916047192815665925
77500753531729121/140476682832882855,73295238582966628/140476682832882855
425506002135224746074548831995874673263616587969/466924811143890276835550861966725734423053893650,90338733376329197118613940122631237245792765579/233462405571945138417775430983362867211526946825
295860844588195857905507/2588871082379459296451309,9801632976723923195540771/38833066235691889446769635
54442301967988396193/104523789238381718889,1
27020359348632412454246808076/28209145441553438499917171463,3923555317632712896594595626/9403048480517812833305723821
3950570803199569200787889171693035711/4285859677665176282574614486696660253,1994594256667424276208950913379715003/4285859677665176282574614486696660253
159930039/782979025,0
12267455233262978762006466031/17011806472243214157439079490,87283036221809129353464126479/119082645305702499102073556430
203025206111595413296524786938772239294208695228/368324395770270514297789915594819295002854004245,1268566360634314217087418167344708374469181781127/2578270770391893600084529409163735065019978029715
68660696900559634162043867/120415824814045921507536045,62488963376450589251085856/120415824814045921507536045
32824950488901700298331481/60113021701758303457638435,29137137948305390321543108/60113021701758303457638435
