15
0,0
0,1
1,1
1,0
1,68727026113/98398927150
21473980921/31364614600,1
31/149,1
9/149,0
110633595958712853981320524659541/113627676216122964352407628584500,3737576222940096040590139714499/5164894373460134743291255844750
147573952589676412927/590295810358705651706,0
1,15713968530403698227349456418356773125118/20883212626859651075027802202097119964025
1586977473/11194775015,67853334171/123142525165
392575223257718200202540915029/553009426042278276862374194549,254322866747148630986048109493/553009426042278276862374194549
440909895083923883703516132374502566212669232622922/562633798581637806981527561207601392859581807233501,0
0,2096079303138/3676393341775
8
5 8 5 6 11 12
4 12 9 7 11
5 12 8 4 3 13
3 13 12 9
4 14 1 6 11
4 11 14 0 7
4 5 2 10 8
3 8 4 10
450740292454561895868/1516643221451661354025,1665773234231587025226/1516643221451661354025
9238/22685,21321/22685
129521138624807335213/185360003053298055625,126966338482462606534/185360003053298055625
174224571863520493291476911573989207310337/696898287454081973160004688192369772724285,522673715590561479869413220333918623891506/696898287454081973160004688192369772724285
32519628877250082409865153835237687991194919761088821/34287021909076985523549778303549729226079488375418875,51430532863615478285185444429738322827885121780764231/68574043818153971047099556607099458452158976750837750
21473980921/31364614600,1
31/149,1
11795183130167928096/49808208066188569925,54780704499255062097/49808208066188569925
110633595958712853981320524659541/113627676216122964352407628584500,3737576222940096040590139714499/5164894373460134743291255844750
41132458494499545550555977024696421884/98663008533375171917146749021594887725,18665909053419669841404854455964039741/17938728824250031257663045276653615950
32927190910996680339727470384098806157347/34805354378099418458379670336828533273375,72677556949415477175186093983453471470853/104416063134298255375139011010485599820125
1586977473/11194775015,67853334171/123142525165
392575223257718200202540915029/553009426042278276862374194549,254322866747148630986048109493/553009426042278276862374194549
140658449645409451746367105400032132534357612132806/562633798581637806981527561207601392859581807233501,300251445438514431957657672707964730940283716709102/562633798581637806981527561207601392859581807233501
472919286954/1671087882625,9712299418758/18381966708875
