19
0,0
0,1
1,1
1,0
1,1704661450916/2467769458489
1810233692011/3514895142927,0
1293365265954086843/1620064964708684192,1
0,661157999567168867/1954523265521255710
0,273/407
264493545663465079961/512777195722340287894,392690885397933119391/512777195722340287894
136716099462053915076744751012680329398/621956948634163242197935875678863755445,0
178208355145835869815071531341979272337937/204538206267516096755649685127968550593250,103786732898046714300097616124275378700241/204538206267516096755649685127968550593250
1,18554278660534695415502438513360837552076526343866892/118024444486149570468986293275632172559687621057194135
0,223031292721047/274839070130000
15742669991976129/38839742410689260,5790638785020333/7767948482137852
0,10520974583635392561/20623412767921115500
205750357257354547456160959833654489493420972458087/448517911018397917909997674247263682543541538347620,0
29743786740363732172247000618661788115965412506549441/62578318038581433455178637708882248310407055351351660,8273155146640238964066837190686834577731237987457951/12515663607716286691035727541776449662081411070270332
0,2786043691033531533237109259515741980780171362826189419/25119535651609300209961525837183725575206562982005125100
10
3 13 8 14
5 9 14 13 1 6
3 15 8 14
4 14 15 7 9
3 16 10 17
7 4 2 6 9 17 16 5
4 18 0 10 17
4 17 18 7 9
4 5 11 12 3
3 12 4 11
-56117412560397708974520052570229297397634/137977728204374455527162335273039139276517,110975603113995845973595832504288435101531/137977728204374455527162335273039139276517
-116006219507452215256521277/1938551510515293138538742810,122661144208635997569504831/193855151051529313853874281
2091947228408884464272204900751675839527538263772228293632073273/3123380471385717224826723479156791552422063250656196711399957210,56071567727443944824158760000426372850686352566968532972606266/312338047138571722482672347915679155242206325065619671139995721
3230480728851913011074093/9222186983011454026145225,4206711465634050373025924/9222186983011454026145225
42357652262405731032582636555720411427059283945399669449002591098496569/42446716384794792592889215903949753586853475584872225166944582487399625,13693907203903377388064908997614876810970563019829052529361819146313172/42446716384794792592889215903949753586853475584872225166944582487399625
1810233692011/3514895142927,0
1094811202228100467494025153375982109815798993/1570289692234462405408062702308190924500329760,14890498435430954929930637065067306751950069/39257242305861560135201567557704773112508244
-2698418384160438006838656521160103476928959861652/16223689989346958300451262587489923583079762826435,11161824250254375359015436502479567921730754299293/16223689989346958300451262587489923583079762826435
0,273/407
125157169170171740065208806684811886151011039738/248511251831334719096402087730024064462055635535,68695788234990197977827797717853209093757207571/99404500732533887638560835092009625784822254214
-16488752112250756245958974822013168558/56541540784923931108903261425351250495,76752347166840143104236039229567047261/124391389726832648439587175135772751089
178208355145835869815071531341979272337937/204538206267516096755649685127968550593250,103786732898046714300097616124275378700241/204538206267516096755649685127968550593250
489954819669460540357855133096302396059807720371971653/983537037384579753908219110630268104664063508809951125,1503473005627684231547067838818566961126292433751905212/2950611112153739261724657331890804313992190526429853375
0,223031292721047/274839070130000
15742669991976129/38839742410689260,5790638785020333/7767948482137852
-47228009975928387/824936510716844620,4232060317592419266/5155853191980278875
-110918909644476473082278319440376144184082410053977/448517911018397917909997674247263682543541538347620,19102241672959224929802540179964244153468900387241/22425895550919895895499883712363184127177076917381
15742669991976129/38839742410689260,5790638785020333/7767948482137852
-1568562963369742505462209793205051147645430910398633967/5023907130321860041992305167436745115041312596401025020,5415596306333055558848823263562409367660494553753861114/6279883912902325052490381459295931393801640745501281275
