21
0,0
0,1
1,1
1,0
0,5/17
116959/219549,0
1,95/806
16725137/137190434,31116155/137190434
99685698146299/324360080541842,0
1,234336803/423712930
78028845843/115184529560,1818622665/11518452956
75190922878983/100078882514860,0
1,2718684978838/3197746605137
0,2554082215014/3197746605137
390611804777036729049553/528671319271565526371620,110590829376196840788674/132167829817891381592905
38255967272315/70085579575372,3052447670585/17521394893843
223289322794977880176272867293705501/332054504069354055533397265575694100,1
1,16018366723724460666515219/89017302197820880899159040
4876596925556470863968664493/5390538449079039896098413460,454431697592552978501874335/3503849991901375932463968749
15909679584192805/28810136931729716,0
1,44075022580363431797400443351/1000853050827529164315413969840
12
5 14 13 4 7 15
5 10 15 14 12 9
4 13 1 16 14
4 14 12 2 16
3 17 6 18
4 18 17 9 10
4 5 7 15 19
4 19 11 10 15
3 20 6 18
5 10 18 20 3 11
4 8 0 4 7
3 7 8 5
641955787275/2579196452417,1162749652885/2579196452417
211897875178670334620704/10252677420523708117891745,6136126183796906510168043/10252677420523708117891745
3390220644446274746614001314345707482151802651/7833593674776977445931962040508368333248143450,3411103792451065707909432250618175455935133241/3916796837388488722965981020254184166624071725
18138845946220569314214310276794157940819/29401691367583790407453982558918893596250,7870050787767168870853870239030321808904/14700845683791895203726991279459446798125
0,5/17
6947799827/12068535347,12539810465/36205606041
178942444242981691/311950961709421775,290686394290019231/623901923418843550
16725137/137190434,31116155/137190434
66921650858387/162180040270921,61868344334965/324360080541842
296391696915537130769957922703/809348327326891382502520233250,597049233080599182822303180071/809348327326891382502520233250
93746773450361249698408091025129/220017846359611627218387714959000,25423882903004594323122684220489/110008923179805813609193857479500
77540924679217891899935671999529199/191164041569716595393512971910691500,19318344891071908940074795329840742/47791010392429148848378242977672875
6423162083855102845794714534141223/12216246816366337295607073398594850,862410417775162494391159364656024/872589058311881235400505242756775
0,2554082215014/3197746605137
390611804777036729049553/528671319271565526371620,110590829376196840788674/132167829817891381592905
38255967272315/70085579575372,3052447670585/17521394893843
1144859685236766122340156066972042257/1660272520346770277666986327878470500,277072570263756034688194978017748331/415068130086692569416746581969617625
183549491868373219831615147/289306232142917862922266880,553555455462695798281913441/1157224928571671451689067520
550521015953199332344391185061/911000997894357742440631874740,85377814862158112281112544113/227750249473589435610157968685
17130658652426805/28810136931729716,2460272822491510/7202534232932429
19260966016183673654756421800836/30088144840502595502232132468315,239707703869829859284171173280407/481410317448041528035714119493040
