14
0,0
0,1
1,1
1,0
1,2626604/22674247
0,81851987/90696988
1,26241/35645
380365837315/2385844301103,617987001089/795281433701
176971111172632528901/455867960481656268318,0
13268190066345/18349488162941,13755642861081/18349488162941
39448228646762351/82367095473432715,3936638727966013/7487917770312065
26283271964660975/52734117139165951,1
77898788354783813124311845473/244344245660411009460272452085,57596580894830776559939102129/244344245660411009460272452085
0,338388563537710697203695681213238/830864978268521885256431447463247
8
3 9 7 10
4 10 9 6 4
5 7 5 1 11 9
4 9 6 2 11
3 7 10 12
5 12 8 3 4 10
4 12 7 5 13
4 0 13 12 8
121499164400090142254962826139332043075764/341204541973569652202325299026659295609225,306983700459779832586756269558308483693052/341204541973569652202325299026659295609225
-2046120/97967137,55906037/97967137
12036632567531085156053873/25623393287465194431707185,26234341711521019979943049/25623393287465194431707185
106179778939095649771734131062898/696569385249197702291382260209685,828945088422323345870555881559669/696569385249197702291382260209685
685202014525004413926938/5930469810280643624887735,6406275035303052766397719/5930469810280643624887735
-329777180952105/28877303808870907,77128182171779497/115509215235483628
6838967732241191980593/9322981988661124755725,9571852730724552259349/9322981988661124755725
380365837315/2385844301103,617987001089/795281433701
14553715557858772483982933846684984522/19872112894647041604490101509885223765,118659709667787685259333051641261272341/119232677367882249626940609059311342590
13268190066345/18349488162941,13755642861081/18349488162941
39448228646762351/82367095473432715,3936638727966013/7487917770312065
325751080033742195/685543522809157363,358048291239557963/685543522809157363
13268190066345/18349488162941,13755642861081/18349488162941
4928255366704756853916020000719818/10801244717490784508333608817022211,5454045438193469286054935958049020/10801244717490784508333608817022211
