12
0,0
0,1
1,1
1,0
0,5/17
116959/219549,0
1,15016111450067685257875315/28979673656163395825240416
35677648358134972777593410215039/80399351404567915467439744042684,3949186118882996421592758760075/80399351404567915467439744042684
42305881644962671517348721361463317701/96831875912254778221576657156133498656,0
13256759/82614800,1
14338228806321708063252117412577/21338408453457369569979019557836,226774735606921509085837679410507/938889971952124261079076860544784
5718047858364402527973730429839281147756461048868815611087/6184720104986043296821717129127512660450317417990309145072,0
6
5 9 1 4 7 10
4 10 9 2 6
4 5 7 10 11
4 11 3 6 10
4 8 0 4 7
3 7 8 5
641955787275/2579196452417,1162749652885/2579196452417
0,1
-47841841899113/310283200951312,68777323102615/310283200951312
172692367404734383152337789038634113567933920951066418659426743/428716327992761824775243854557628221266706167948125522747402000,234661107003958653171779406279576564498261451226072442534908351/428716327992761824775243854557628221266706167948125522747402000
0,5/17
1078866148974442391789048222264620685310520792541842953/2629028643245348144929131876174866237209526474073911750,52020965878490789122771283367474669628873671080425996/358503905897092928853972528569299941437662701010078875
14945471863208941784141994467390540117/51090374457720394799513349176774492192,11540377766178208493858709839790611261/280997059517462171397323420472259707056
35677648358134972777593410215039/80399351404567915467439744042684,3949186118882996421592758760075/80399351404567915467439744042684
1457533780032371450755314510204432768/3025996122257961819424270536129171833,7852178607733418434042147020933402725/96831875912254778221576657156133498656
13256759/82614800,1
14338228806321708063252117412577/21338408453457369569979019557836,226774735606921509085837679410507/938889971952124261079076860544784
2947263530557698767206398856488098968726797891107997540329/6184720104986043296821717129127512660450317417990309145072,205370557229728827286962029100870075077354314264575982841/386545006561627706051357320570469541278144838624394321567
