12
0,0
0,1
1,1
1,0
1,26129/70245
0,155255/224784
20482034113276517140/46227113657331207047,1
214317045696862565784115105/687273988738547819092162721,406383810548702195631072461/687273988738547819092162721
13780300564304734948465115441747/110425051122083133510923394455028,0
865363146728153635471795378828/975607715775164007253495677003,1
3291266942633040122986184778870159007/3324426917189226350805158468333972447,6235770705893403222543731556436827947/16622134585946131754025792341669862235
197464482375508695702304071609592122507167/319240666080397188342835075232275680332208,0
6
4 9 6 7 10
4 10 9 2 4
4 7 5 1 6
4 7 10 11 8
4 11 3 4 10
4 8 7 5 0
42257363175094346968824219323781261235735170717672166/67478251577289470397243855229142708122451629024704871,79707801686884225549098730518583331800966069294463486/67478251577289470397243855229142708122451629024704871
272685691839677346586108845998318674247040/339449464392194183091588769174126339387657,251887775868382206405513060607527980987497/339449464392194183091588769174126339387657
195219267187597320562029153882002656312112613249739860157858129/250287658706097743379647257968873094844921640648046978427054929,241207913680780832729223433593674550807269933783715974418874929/250287658706097743379647257968873094844921640648046978427054929
1991213030066379797141703318500907914599820494326504710951000757699396783/2926706740055177315968293813573911535863773135290475255262997719132321711,1718405545344443955583617704831261703454986211215332225354762236676317310/2926706740055177315968293813573911535863773135290475255262997719132321711
383509895899791154394665896796787833626311917676017298648434895209/390699035240218577415629369689410901052922681051601333324632744169,6486425292889236440792390809065825572442373780066996521033427044841/17581456585809835983703321636023490547381520647322059999608473487605
1981451686026462382527590038316737797687028987/3179283683497290718835820412084867294704795462,37430963968871784606170093359948254320526919633/76302808403934977252059689890036815072915091088
20482034113276517140/46227113657331207047,1
214317045696862565784115105/687273988738547819092162721,406383810548702195631072461/687273988738547819092162721
55372058038722209862522857535253/110425051122083133510923394455028,10874830770283270755087499056360/9202087593506927792576949537919
865363146728153635471795378828/975607715775164007253495677003,1
3291266942633040122986184778870159007/3324426917189226350805158468333972447,6235770705893403222543731556436827947/16622134585946131754025792341669862235
2020457565293927116130589251142228450613831/2234684662562780318399845526625929762325456,13905768674142289186272521370854126321810/15518643490019307766665593934902290016149
