9
0,0
0,1
1,1
1,0
1,815364849418259011207/5984157256963759964610
0,22481250620038318038452/50865336684191959699185
154986714825872326576158845340619222845117713661506870851014165209923543/319972572543736416157231164574187080714600419285289086382106466579034400,188074623812265839098952769594339766666027205895438342778945205784217257/639945145087472832314462329148374161429200838570578172764212933158068800
1015666889143908461362383702683412896689959208813/2096860674361617468619114741023903369636406624256,0
453551922025654256602903749142794727594688659964731663604635082251751191249374492152847647167/472137827939978064039391559174671963749652697029459613347938275640297778469636719407469571328,1
4
4 3 4 6 7
4 7 0 5 6
4 8 2 4 6
4 6 8 1 5
9359085753356229794087850838692841963089203234601561571228308365876536331236860090796971393024/9660991745399979142284233123812349210488145175395363473949585202021629408239620749308400805745,-11162542261148631218036963850589475165119119177965987086278486639/309151735852799332553095459961995174735620645612651631166386726464692141063667863977868825783840
5601021915240773519697641102015406670767725526885759717377898117575912703893140747603310146385487789976195755651956275909774325415342850924/4373113875340419062932340880118744132657629098187087250165710296120573226071648944349328758821784486822733459984769398821495790420304373725,-2890050121761986822591805463626334339603766551479532932629058959787217337083986935075502609754205313012753258625553674315170218692717818659/139939644010893410013834908163799812245044131141986792005302729475858343234292766219178520282297103578327470719512620762287865293449739959200
1170142269911847292895298496027259753684201571/2263284138205919651814855258243745334215405025,-1312324040216840199352991562547250905700836123/2263284138205919651814855258243745334215405025
1,0
1,815364849418259011207/5984157256963759964610
158684349300229659583670468853172736479848250419336543684307018252953476650923440667371916844692782570996917281488896/163803199277656422796046935590372785310892173250662957503293005859625812086539864199037798097757343788348073939939275,6950117653326667311796773604025830859158265486290656940715234988883008206315236505272742605526080903567479437547924737/15725107130655016588420505816675787389845648632063643920316128562524077960307826963107628617384705003681415098234170400
154986714825872326576158845340619222845117713661506870851014165209923543/319972572543736416157231164574187080714600419285289086382106466579034400,188074623812265839098952769594339766666027205895438342778945205784217257/639945145087472832314462329148374161429200838570578172764212933158068800
1015666889143908461362383702683412896689959208813/2096860674361617468619114741023903369636406624256,0
5717294010210671869227007161880321065255601019929739054483678070683391050611313220074240802353/11803445698499451600984788979366799093741317425736490333698456891007444461740917985186739283200,-548682605280027677320117944676284470926455384891573365446688941838864022085341937516380265897/983620474874954300082065748280566591145109785478040861141538074250620371811743165432228273600
