26
0,0
0,1
1,1
1,0
0,10159705009/22555439032
314950855279/1147922745266,0
607/1937,1
770/1937,0
20321744186833680543959001/466771956953771565036684169,0
0,20321744186833680543959001/743591090958915455002283333
1,9/35
2958211/8479927,4904841/8479927
1356023050480487319229/25786049976399801011198,853514935070648194269/2344186361490891001018
0,2618354158314831779980767945433243/7757594594784614448815560838205819
1,24548929165973489/61011939317994132
125682902564190009989/152662043388589878638,157700534520646250549/457986130165769635914
228296228369663306205089/241873580721866976752604,0
0,1102281737271/1132322714716
6008195489/22314452327,1
1,381823995272360425455389/490314202025355269179492
35032363968252354439932923/54664415533424228046927476,166197983518960265156288959/382650908733969596328492332
20763857487311771764712776639127/35029824824629503737093417742900,0
68135532225777720335648178362385509643/12761957330361120387606741056603406538384,157823175464483657759336707392359545656907/357334805250111370852988749584895383074752
61462657787557845443081369235951/722930499692918005285934379585308,851604487232662070225189314701/2197357141923762933999800545852
107216630102859181087267324455685369303454480583/849067257718377777001959031885585860831363811214,2889987022814635163120314943729390538716074663651/11886941608057288878027426446398202051639093356996
5506267421389635061856781243794726503902085001763050189/326517577436541596207119153990278805674008590492756538140,16141354562063933105290262978210977407084128903812916779/46645368205220228029588450570039829382001227213250934020
16
5 19 2 6 11 20
4 15 20 19 14
3 15 14 10
4 7 11 20 21
4 21 16 15 20
4 16 3 10 15
7 22 4 17 18 6 11 23
3 23 22 12
3 18 1 17
5 11 23 24 5 7
3 24 12 23
3 8 0 9
4 4 13 25 22
3 22 12 25
6 24 5 8 9 13 25
3 25 24 12
180769625207872174179607/451658323414543631912705,110109749621986967673884/451658323414543631912705
428968849181881679/685240217157091349,685029903702866760/685240217157091349
1,1
4175524305269129605484380166507511442219/3565751666419152683746175409250252995375,1833779302408945121128130484474293639483/3565751666419152683746175409250252995375
30433477939641101/42613291744547608,776979131184665/1521903276590986
100704101626066134316240693/112515345866610240272022898,44040597096774345455885186/56257672933305120136011449
607/1937,1
6473871328/7730214913,89611445070/100492793869
16084720580263389081618060872275884/24216426460498248346590103055535653,18903772143308355410299195833571994/24216426460498248346590103055535653
23954419067514966780102239273713083/38577979466473474634663295770523121,29044249953800453866492931491662013/38577979466473474634663295770523121
1570331967400893339168715940311256/1718247824529965140822276049371875,6246198005284019564172819231690769/12027734771709755985755932345603125
2958211/8479927,4904841/8479927
66371324494075769921934993242097385808232220204127357841958870344953/106250065378835688461935464291114485157950893615545809686317227173106,25018656602481593309150075400901046324567937980700989026492264938033/53125032689417844230967732145557242578975446807772904843158613586553
1613366427354383129719187661256739/2585864864928204816271853612735273,3434235476473421167394236315149067/7757594594784614448815560838205819
1,24548929165973489/61011939317994132
125682902564190009989/152662043388589878638,157700534520646250549/457986130165769635914
70742447651734146767125/60468395180466744188151,5276902501267778383755/11517789558184141750124
709704912631/1132322714716,290500984235/283080678679
7963372297/22314452327,22478981919/22314452327
1,381823995272360425455389/490314202025355269179492
35032363968252354439932923/54664415533424228046927476,166197983518960265156288959/382650908733969596328492332
8374445196637747080180620097187/8757456206157375934273354435725,81935605874847410722050456787/111205793094061916625693389660
253843137269153808322040492923602361286627/357334805250111370852988749584895383074752,3196852198544310663772364336229641726539/6380978665180560193803370528301703269192
35032363968252354439932923/54664415533424228046927476,166197983518960265156288959/382650908733969596328492332
4453322817228859112521079451793085695100327021415/5943470804028644439013713223199101025819546678498,914108652375213319718520254222766442097215944371/1698134515436755554003918063771171721662727622428
35032363968252354439932923/54664415533424228046927476,166197983518960265156288959/382650908733969596328492332
