19
0,0
0,1
1,1
1,0
1,223284799/492388458
199779800/423064599,0
0,214288163/472934937
22221762808232806/30471060423736173,2243309295372231/10157020141245391
17543704095055387221160055/22954904862807450652933713,0
0,1784101033823587/3917203032678757
2447861382677874040562552/3243031913718830316670861,44882327334668359679433992/184852819081973328050239077
1239157777913081140854051544043844656847958/1758214181958755995561371672579691467553279,1053973390141761905400898614479324773600847/5274642545876267986684115017739074402659837
0,11919408085185444820277064451503259/26446322570552860942828819522055265
74815267012270678496913186555936280/95314190994467665611685018023857013,0
319808963898629523802434760987739746692907325213205/430208438764237659047775641751274520186820199369348,0
36628833370646899888060/577830049492380790603949,1
0,1096395506537068156087657/1242910840019655755639897
3495327616301381234721069165206789894485406569969030935548068/4611571173596473345542508930496688906198762048667298717766585,377378605963248763192022044781989933406815288337221957377518/1537190391198824448514169643498896302066254016222432905922195
1,51619577666703627443124569342625976765539302761578311329632317850986/254285660898921059813388814204382377196569416619709720347661243699205
10
3 15 1 16
6 10 9 16 15 2 4
4 10 7 6 9
4 11 5 0 12
4 6 12 11 7
5 10 17 18 3 13
3 18 4 17
4 8 13 10 7
3 11 5 14
4 14 11 7 8
10757818860348703/41058357814458003,33781452956083577/41058357814458003
0,1
-240006615547878406744651097855680584748480444379/529771416444634003611436996924698868633132960325,943719021459725407440518648900401908792283867053/529771416444634003611436996924698868633132960325
77500753531729121/140476682832882855,73295238582966628/140476682832882855
20778055353333232956483507051808997931467178919647061102474933068610578196182445174346951424204450733418862091/41004553762566159734097720091459752905494664770747329024357626240659536981092091137157319182141378302490880975,1414630080104562005991851537106014916694034208369729427672735582346271537646473287607647351819054872404765992189/3198355193480160459259622167133860726628583852118291663899894846771443884525183108698270896207027507594288716050
3747789420314415149933699/5790112561457397147178599,1060939340278380459534447/1930037520485799049059533
90401062045194897077585952653537314212160/73692312206266190891574677301417324894998779,101133219154418782485811828119664027547912171/221076936618798572674724031904251974684996337
10604334411330675831310789721492566637678960613347306/14243922719555615104195915013667749578802292344116773,1304932458941918217800362187648502300348072423776591/4747974239851871701398638337889249859600764114705591
5658397641047473663276735495713145522134822092179591256493991/10730440173518908190348214890183045088374841280094714391902313,1173895001561953411264624897693469850970988009146070159411836/3576813391172969396782738296727681696124947093364904797300771
0,1784101033823587/3917203032678757
2447861382677874040562552/3243031913718830316670861,44882327334668359679433992/184852819081973328050239077
1268483466906862131545766232835787470345648/1758214181958755995561371672579691467553279,1330236932782237028076039017435740114260977/5274642545876267986684115017739074402659837
12239098649409759410130087848608/8815440856850953647609606507351755,2406941377047019089575513262265535/5289264514110572188565763904411053
16499256196966577994185502019779112/31771396998155888537228339341285671,29466053263691471418594503511552448/95314190994467665611685018023857013
56526587220180003508552830190746340365320777157954/107552109691059414761943910437818630046705049842337,132238442626479600995327369790973404154304703168383/430208438764237659047775641751274520186820199369348
36628833370646899888060/577830049492380790603949,1
0,1096395506537068156087657/1242910840019655755639897
3495327616301381234721069165206789894485406569969030935548068/4611571173596473345542508930496688906198762048667298717766585,377378605963248763192022044781989933406815288337221957377518/1537190391198824448514169643498896302066254016222432905922195
956599549192350853378453421085228389888842390738591467552375401842903/1271428304494605299066944071021911885982847083098548601738306218496025,69390538994758686017686526625234823932948726879550315224436873226606/141269811610511699896327119002434653998094120344283177970922913166225
