11
0,0
0,1
1,1
1,0
1,109/274
0,629/1918
127/512,1
0,93094210193948452839916639210138/111430668980164735223899638073281
1,427945773343906066134998305/461418251853721955412629003
268827092409583300103873942887/737564959518805282970964762588,260662768467264173724012483845/737564959518805282970964762588
142791688174977089046906451573124/161071970034576845441931389645021,0
5
6 8 2 6 7 5 9
3 9 8 4
3 7 1 6
4 0 5 9 10
4 10 3 4 9
-42143/924170,603211/924170
2710985339513818102615733001490418431693412824366188289562917888/17881457350906712189576162288264737061276439245910271585580490625,13794969612356112570257185037615560168248147855714696821732526259/17881457350906712189576162288264737061276439245910271585580490625
1,1
153529931684172575133193351188544216903336127429899638774163/178649979780933940972122303478815583555177295209918922205890,158316877239195596338323334834235429129426817936800294496071/178649979780933940972122303478815583555177295209918922205890
25057512343247935564361531502653025253971473831205935543/52966547777980133337331347212304521780753085349576143658,25984188929263297389667815141585364900530646152753891541/26483273888990066668665673606152260890376542674788071829
0,629/1918
127/512,1
0,93094210193948452839916639210138/111430668980164735223899638073281
1,427945773343906066134998305/461418251853721955412629003
268827092409583300103873942887/737564959518805282970964762588,260662768467264173724012483845/737564959518805282970964762588
268118970862647478454304066728633/322143940069153690883862779290042,249975594960106342601327972007355/322143940069153690883862779290042
