23
0,0
0,1
1,1
1,0
1,68727026113/98398927150
21473980921/31364614600,1
58817302293053536298008/68138170808909243475675,684901553511867291633/825917221926172648190
34774074176/714163870365,0
1,123423409108609832175447766039057/126432047184452834971510475952600
23885651066422361/26218570940167500,3423881855891633/4369761823361250
22863/34241,0
0,41382276960064117100057048078/68231115821024954106448173921
7037477977219467725035210545796370621173/8637817303221674295176190814616464502100,1260571965368371315246150827308175622131/1439636217203612382529365135769410750350
1,1223876964407068878744641/1500588410371021670480875
5447383025919815702860021368371351588111421728564/6410721860380105617172593145071905303043304389525,1
67144450563793/70338547184950,4743865467203/6394413380450
536051312/599312645,437592486/599312645
16448901601348986467936/19813905661583372686513,1371509268949101825151282/1723809792557753423726631
18510555944447931009091360173014540909/23931246547586461238817454981715922450,663587249004866839935556559473928387/725189289320801855721741060051997650
152853940937271405732552758354416/200186578161084034947593833667535,171903368761692460424659580649842/200186578161084034947593833667535
21409177500824229003648238252/22217718741416026737995175625,17829419823543576045193459961/22217718741416026737995175625
95360294231810197030010702717666331666095276/106508462803936754168630482114236391277283125,307003556851082026929787662066563527998421/355423123928598734711781364118697634963125
6154696607840079237077065090340641072528238486389796/7421316947833565315869192991266417741864855637326875,6883228868218890087402994095249769857434033744498603/7421316947833565315869192991266417741864855637326875
16
5 3 4 15 16 10
3 16 9 15
4 10 7 17 16
4 16 9 6 17
5 11 1 5 18 19
3 19 12 18
5 19 11 0 7 17
4 17 19 12 6
4 13 4 15 20
3 20 9 15
4 20 13 8 21
4 21 20 9 6
4 14 5 18 22
3 22 12 18
5 22 14 2 8 21
4 6 21 22 12
17769838987393321090405613282945576/15458138232349554255088853871588375,-6032696905935986135196725315408332/15458138232349554255088853871588375
20619379174559792983840/19648644437160275300499,-604044627703842127213/19648644437160275300499
2860102749179065878086939095421242412594334354308969549/2865320549946616785138638436035863977730538817853359375,1651718954018440903588791848524119184568242038061634582/2865320549946616785138638436035863977730538817853359375
1,0
1,68727026113/98398927150
10865525971059058943736668679140693/10476626723127421204910855485651800,15567405006025643238469238462393/23810515279835048192979217012845
73828477753247267738665873024956814327/74247747343472028331690923742932243750,8682033523442538963764068864896464794/12374624557245338055281820623822040625
38927877651074420614808/33050158525030916135625,-3862839320190045025852/11016719508343638711875
493012408068891469424689235226843209545039/487586413460298965949751906065703566306250,3489654393648177835886138995186592195097949/5851036961523587591397022872788442795675000
2439651489354311398009/2623705503268031808750,1201488426253869979967/1749137002178687872500
22863/34241,0
44757534333535178390874203840/68231115821024954106448173921,-859766694406178423869491878/22743705273674984702149391307
802654845238777251485855378426827420072303787/864390696442044557555429002914076910957398050,396730006866207963770373991796448191716743901/576260464294696371703619335276051273971598700
33124442295313725160516111/37514710259275541762021875,26005787856108019366063548/37514710259275541762021875
5590829559563010464943206827273043703805945976792/6410721860380105617172593145071905303043304389525,1406563351101985566866885524299804646567717226002/2136907286793368539057531048357301767681101463175
67144450563793/70338547184950,4743865467203/6394413380450
536051312/599312645,437592486/599312645
48084061138359697180417952/48841277455803013672254545,109556426934708810041028218/146523832367409041016763635
842552140323420106907853578471777737/886342464725424490326572406730219350,1612309200799803822120881730428287849/2175567867962405567165223180155992950
536051312/599312645,437592486/599312645
536051312/599312645,437592486/599312645
48084061138359697180417952/48841277455803013672254545,109556426934708810041028218/146523832367409041016763635
536051312/599312645,437592486/599312645
