21
0,0
0,1
1,1
1,0
1,68727026113/98398927150
21473980921/31364614600,1
31/149,1
9/149,0
110633595958712853981320524659541/113627676216122964352407628584500,3737576222940096040590139714499/5164894373460134743291255844750
147573952589676412927/590295810358705651706,0
1,15713968530403698227349456418356773125118/20883212626859651075027802202097119964025
10420003/20493035,1
29253732195804145010882070797/59284212807514327516739320453,14432678993925563131622575093/59284212807514327516739320453
1,2262764994948173601271001185947040777675873428344/8925975622647851730523448059732114618327725476257
387193082397917844250802809/769660378563716912826386969,560442259394758293628939139/769660378563716912826386969
7528133947553913932828190740238056306533/10900629379940916869126844107039663214875,4802976602568684715529109962392987932839/10900629379940916869126844107039663214875
255353447232783721641570264448169069/3193145650310831274885022581499190375,423152399313058775028580280422021723/3193145650310831274885022581499190375
524665000724682123663689540439645210832695654930431571899761422411949/536374999742314740262926157971005709201308459423088313016760753842165,135740446101597511807420569970566740860082704205638338448128270462467/536374999742314740262926157971005709201308459423088313016760753842165
35175395837484817297702824741808355564320938700175203235817493716963140503516/56561951694174758498814325993719442291434580788911170152341211929124042322633,0
0,220874754170491824090702/231583055018188827384859
10708300847697003294157/194935959476263045846463,1
12
3 14 12 15
5 15 14 11 5 8
5 12 9 7 16 14
4 14 11 6 16
3 12 15 17
5 17 13 4 8 15
4 17 12 9 18
4 18 17 13 3
5 7 0 19 20 6
3 20 1 19
4 5 2 10 8
3 8 4 10
2682/22685,-396/22685
18993768674348009333202143824024192420023/54584669991772597566642084920450061729725,49192906466009745150749118397984045614614/54584669991772597566642084920450061729725
129521138624807335213/185360003053298055625,126966338482462606534/185360003053298055625
6869029254213820105388586619897907924593336412266702116219163971417551550039196425167396502338/17612659639704173448405040104350112080159977895380098829697617670227854515596418525811079622525,8818828671482321659106340432292915335615469150113848138894145326600668589120676727523011650559/17612659639704173448405040104350112080159977895380098829697617670227854515596418525811079622525
32519628877250082409865153835237687991194919761088821/34287021909076985523549778303549729226079488375418875,51430532863615478285185444429738322827885121780764231/68574043818153971047099556607099458452158976750837750
21473980921/31364614600,1
31/149,1
9/149,0
110633595958712853981320524659541/113627676216122964352407628584500,3737576222940096040590139714499/5164894373460134743291255844750
4507699850745068213378538434987635813/6200023572329018747451105716153389114,-2668486884544885218531961154094956/281819253287682670338686623461517687
32927190910996680339727470384098806157347/34805354378099418458379670336828533273375,72677556949415477175186093983453471470853/104416063134298255375139011010485599820125
12432684453001692209055551990259696226812889/49310361587165331892180342902700257032374475,41066503103781925273087822067412774034311977/49310361587165331892180342902700257032374475
29253732195804145010882070797/59284212807514327516739320453,14432678993925563131622575093/59284212807514327516739320453
10371927214992750460914626019914245695433673983780130561254140832891825363536566929378/21477691589898167042613399739812434308029947344643448897797371292127968792559364110145,15819886718370141738276176667770462986299192014954856679022103440349500953131123840939/21477691589898167042613399739812434308029947344643448897797371292127968792559364110145
387193082397917844250802809/769660378563716912826386969,560442259394758293628939139/769660378563716912826386969
7528133947553913932828190740238056306533/10900629379940916869126844107039663214875,4802976602568684715529109962392987932839/10900629379940916869126844107039663214875
2880859350258181377171485923245777969/3193145650310831274885022581499190375,371039226114029055354665617944253227/3193145650310831274885022581499190375
387193082397917844250802809/769660378563716912826386969,560442259394758293628939139/769660378563716912826386969
41957825052300203278610955856434701407538191285695760930530745761380957678050/56561951694174758498814325993719442291434580788911170152341211929124042322633,20482766817607563195583186118226566210819064581254600322054907944887137074294/56561951694174758498814325993719442291434580788911170152341211929124042322633
91212723910095959170590/231583055018188827384859,10916163350540858596878/12188581843062569862361
69132299939708274057325/194935959476263045846463,186309597194221113250559/194935959476263045846463
