20
0,0
0,1
1,1
1,0
1,32253679/43984719
22985299/55238978,0
1,2700162191/2970935802
9586205425/9856979036,1
1,3675708598981717/4957487720461260
0,1960294183307191/14872463161383780
1,3904996189217330068239773042281/5490183108800557002988618568100
12574046903364560171954064051519/16479043092581890240193837093800,0
0,806665477523666/2773285028173645
1312129617729812511827106671257/3990259557496011938960422854280,33146730110700106739060666786/99756488937400298474010571357
353099777773819252484742911643180270872277193/3496996553490320299721364900383049050282218920,0
51133592809659/105726529864435,1
56205318124334714526728984051/91387399132481480940079893215,37048353575195635077087908309/73109919305985184752063914572
4291732246472977872299031857147171818392812093079512/5848098198396565145051726282695334554975221363062425,2333779089808554462981126038439417475584717091101019/5848098198396565145051726282695334554975221363062425
1,8252315507887270460772424831/27260440348970575097095444717
23196512509629534590444259321842183743301346/26803387646228461737193835042240402731763275,32952835936244286930746739138622614244249763/107213550584913846948775340168961610927053100
11
5 15 1 12 13 16
5 16 15 7 6 8
3 13 9 12
5 5 14 13 16 17
4 17 4 8 16
4 13 9 0 14
3 7 2 6
4 18 3 11 19
3 19 18 10
4 11 19 17 5
4 17 4 10 19
-163527787700628795293198979058796020702470840701951146216691/1185231410883377356328152060417585487480284992779570356090625,847268577410080501979941150982718053978636390872169234546149/2370462821766754712656304120835170974960569985559140712181250
0,1
25162118910372708627/26496623813937218125,26094398306358857614/26496623813937218125
1422679666593321/4986000195993445,2837338015062402/4986000195993445
13478157856627502769865936510626970252104667531266942753850323544/79876713707001349674284411014188886053585683515674739248689319375,27993895543449114222256238743064812651183855562630475888876943453/53251142471334233116189607342792590702390455677116492832459546250
15387027040387734818459724808181336613/209492164131489356063278126185164361250,117748444884417576505136896433099170191/209492164131489356063278126185164361250
1,2700162191/2970935802
9586205425/9856979036,1
97511530942006562332741053220723300362923/593468776062113299897370507811257289587235,410562280972471683197382443208656801492791/791291701416151066529827343748343052782980
-15273619418859781497518127558115609790426944/387331359436455930924003977164009731327744675,2068199405766370622433327320621851214574745001/4647976313237471171088047725968116775932936100
622528160420515215052438192856803202418948444462081113434/3286192960689367990608734337405339767599551927055427836125,2270435013577736482749450271974436421231861215043770093841/4381590614252490654144979116540453023466069236073903781500
27883138238686855554615706290467/82395215462909451200969185469000,6964726965168306508343596377261/20598803865727362800242296367250
0,806665477523666/2773285028173645
1312129617729812511827106671257/3990259557496011938960422854280,33146730110700106739060666786/99756488937400298474010571357
-247971863139022758086480759627649826729315927/3496996553490320299721364900383049050282218920,8216225374861964024622201558053299554085518/29141637945752669164344707503192075419018491
51133592809659/105726529864435,1
56205318124334714526728984051/91387399132481480940079893215,37048353575195635077087908309/73109919305985184752063914572
671063038240835615491863747923149422209309809815429/1169619639679313029010345256539066910995044272612485,309583869506291252681323255309599651134946386287373/467847855871725211604138102615626764398017709044994
79105187721465967845797562969/136302201744852875485477223585,86805406924870176963150048023/136302201744852875485477223585
56205318124334714526728984051/91387399132481480940079893215,37048353575195635077087908309/73109919305985184752063914572
