18
0,0
0,1
1,1
1,0
1,7813840537381869321320/11001868109874757314769
1093553191319371946079/8907393728701241267399,0
27244453/274602032,1
1206075535786686708171037950901/3688585305793046308550055105680,609835108383150105801848750291/3688585305793046308550055105680
8463912488512726519766063934550476719758861748806717/13068571830494010887220441434035066281207537356648928,0
70370593561875792596609057/239689468789123428217578899,33149406684006974220300538/239689468789123428217578899
108614197021/350698645232,360777048305/1578143903544
6217072523594554808560249099487174409507/17822323076791836237442769604397591711402,3262014611680786658423207898596801292015/17822323076791836237442769604397591711402
60918248894044886499055141805785004837815213290980152939/158116419436767320298168403796855123586034325564742351864,14259278449373346037038642276946528829574753326560931057/105410946291178213532112269197903415724022883709828234576
0,508000000000000008705/800000000000000013784
5459467972000000094514727283/27460203200000000471191065808,4359307258000000074036186241/6865050800000000117797766452
105173972189209757839445604843540455/128603216318025602272538972049266608,1
15190698221454963524229204384564102966528812130043605447992261421675699966438641/18691848728906898016733960265977510291611961880148570900013184073848264293606984,0
1,3501150507451934492504755881413407325083149750104965452020922652172564327168343/17150142378717444056474773500859269697786628469257840907257364145270731270391568
11
4 6 1 13 14
6 14 10 9 5 0 13
3 10 7 9
3 14 6 15
6 11 4 2 15 14 10
3 11 10 7
4 5 9 12 8
3 12 7 9
3 16 3 17
6 12 11 4 17 16 8
3 12 7 11
1320800000000000022633/4000000000000000137840000000000001187762,10160000000000000349156800000000002999743/8000000000000000275680000000000002375524
0,1
-17133964957144890589218111728514490577247266262384449089/25319093682855440872495968311198469918264337733935781320,2302568612686848680081701664844532474353556403589678981/3164886710356930109061996038899808739783042216741972665
-1575858824604758041124277395334842043897736634966800148353/253675499903837466983613750008574835925708703595072661693864,98047723756728067920816993017879274109221187145696500620041/126837749951918733491806875004287417962854351797536330846932
-147506562704410691729695537648952438703204998805955131722089153862592734805329/278557329360338697394647905344075257510030743244915734543777710313371190315080,34023848137921191914110517737780248041323535035135885501464722430917027841366/34819666170042337174330988168009407188753842905614466817972213789171398789385
1093553191319371946079/8907393728701241267399,0
27244453/274602032,1
670434908903924101806678746128061248989/2468306051052696319019056422848282448080,2499840703399567834441898560716086257/14267665034986683924965644062706834960
1515935534279406803730901736127861378352102490588659534708089519123769970045400484768915825/6534285915247005668781713356429342667706101403152075953546613476605828977453373226005502392,6591840529016532493680120875124454980286707951372628909964275766844390266851567156367115015/8712381220329340891708951141905790223608135204202767938062151302141105303271164301340669856
70370593561875792596609057/239689468789123428217578899,33149406684006974220300538/239689468789123428217578899
108614197021/350698645232,360777048305/1578143903544
277244101154010820291703081121307020051727/926760799993175484347024019428674768992904,78530288408665988200229942660906463649491/463380399996587742173512009714337384496452
108614197021/350698645232,360777048305/1578143903544
0,508000000000000008705/800000000000000013784
5459467972000000094514727283/27460203200000000471191065808,4359307258000000074036186241/6865050800000000117797766452
-66846594886809581164809107524356733/128603216318025602272538972049266608,10207880295243282181593986198254607/16075402039753200284067371506158326
2250893690443190315876220819405636206762348303286505401653703916161499983969839/18691848728906898016733960265977510291611961880148570900013184073848264293606984,11869323942855880238923059855391857080987862216614963462931955544129973061461337/18691848728906898016733960265977510291611961880148570900013184073848264293606984
-2686329425164534922029290041388933657186986427170064283478242770627658925841691/17150142378717444056474773500859269697786628469257840907257364145270731270391568,680646275655348560970896769333819511805089517188588569474419727242057225611822/1071883898669840253529673343803704356111664279328615056703585259079420704399473
