13
0,0
0,1
1,1
1,0
1,8780/13949
1783/10563,0
1820841/9958870,105877/9958870
61/302,0
0,3435933395/4384463354
33360737/160539436,4742107/160539436
2171/10202,0
33610211382653/192440600794815,17408985272657/384881201589630
3361632629252147/24141892080995830,0
7
4 3 4 9 10
4 10 7 6 9
3 7 5 6
6 8 1 2 4 9 11
3 11 6 9
4 11 8 0 12
4 5 12 11 6
883392370598/2963087970245,453144639521/2963087970245
166177116/153075785,-66369883/153075785
207675932/153075785,80973404/153075785
1,0
1,8780/13949
6302306792751037/27362898225376350,327741255398497/9120966075125450
15833126682889/66637214195975,1325869774552/66637214195975
61/302,0
19233543483/21922316770,-4109622067/10961158385
33360737/160539436,4742107/160539436
2171/10202,0
537869/2514318,-8330/1257159
2466580994392586/12070946040497915,1207374912083211/24141892080995830
