9
0,0
0,1
1,1
1,0
4471438282039/13709286223490,1
100370054279479/150802148458390,0
0,1942528621282057324218499708479453979661359502884424065843137415342049265201561118489531179508120291911407/2445107515622291492943842619253294872197729348563533120028489982406707033568332996047112432734507788610462
36497184039344292727243006394069253948162294497052902213156481537412470760153037970357357709651225062331497307316424987/71980691431352707681473777077480787354224222047376252118286852628920626505830989610123128507005013022809160824356420645,67241493460393045975443765057136231610328531468187540913444973212975087533334825471514641230510437919049308920249397381/143961382862705415362947554154961574708448444094752504236573705257841253011661979220246257014010026045618321648712841290
605959739318091164524387702440775984128590450047232904005059940563363658109427337191879005447568504647255732035264200030366016134623/868898467998479092466740386285490833983287159056754246755013596957565128018457591535148590941453595003758998665872431745500979946765,1
4
4 6 0 5 7
4 7 6 1 4
5 5 7 8 2 3
3 8 4 7
0,0
-396711396127439134859326481369823121424000055455358283530141842763592948986510050056014565160195063601259609198488863050560664825082002136662720306419575160888632934079239351651074372229449877714221697104609280/2117713456197313298005288135813402038270960138956355641194809935105427289604487078198689177455708448248452041448463032146729872406134223030450920999615767532666269276145177157864175793904831713818354313003572577,1503283740325089246359706146520363157467828676830704757393106124980588306681765664448210796581652440662800978804443587800097323940498600429647910478103322897223464789229980575377104335003649918754777437884315872/2117713456197313298005288135813402038270960138956355641194809935105427289604487078198689177455708448248452041448463032146729872406134223030450920999615767532666269276145177157864175793904831713818354313003572577
-264340363093552600582291549/1268055685279446169510404730,149588061176230183476363045/253611137055889233902080946
507528869935881894360503401/1268055685279446169510404730,-51626561361206531692783851/253611137055889233902080946
-308298943954255521154420736813423904333333321816008512094188473474708725827434619421972175047265320297701207345333733894889436579688676360297840800765148400945101722750519698106376832141079636293922274054760393796167857109/5806467982069044151899054707494923329715351914545860491641790673325963052420937038407402373094020743846101838509476142288743368006372280391835178004522956283792822787054346340702555624796608585279362209512700178603691446746,5989425492658748230588867869983931887925421082627220951459932112169787303506141275220098740817474631069513171074052915736013169349919233514410444796456363184973270237937116247457085510880859465889998019341834050831310999776/14516169955172610379747636768737308324288379786364651229104476683314907631052342596018505932735051859615254596273690355721858420015930700979587945011307390709482056967635865851756389061991521463198405523781750446509228616865
100370054279479/150802148458390,0
0,1942528621282057324218499708479453979661359502884424065843137415342049265201561118489531179508120291911407/2445107515622291492943842619253294872197729348563533120028489982406707033568332996047112432734507788610462
36497184039344292727243006394069253948162294497052902213156481537412470760153037970357357709651225062331497307316424987/71980691431352707681473777077480787354224222047376252118286852628920626505830989610123128507005013022809160824356420645,67241493460393045975443765057136231610328531468187540913444973212975087533334825471514641230510437919049308920249397381/143961382862705415362947554154961574708448444094752504236573705257841253011661979220246257014010026045618321648712841290
10993412700061034335135425823732278599723847850783060010821088013920871069743258363844323328156877746896708993513723501044914744919/347559387199391636986696154514196333593314863622701698702005438783026051207383036614059436376581438001503599466348972698200391978706,269022413029682767542866829921726373309133094315904226643989397456247285683326874901264935417740377030644721148695325726297601156937/347559387199391636986696154514196333593314863622701698702005438783026051207383036614059436376581438001503599466348972698200391978706
