15
0,0
0,1
1,1
1,0
4471438282039/13709286223490,1
100370054279479/150802148458390,0
0,26017/70140
5137465871335812489/12062778601685587540,8518264803836491919/12062778601685587540
1,71204890339335533058115039754387/101862009762257691593555430260080
20513574815199498465708029/52579586006281644373220997,0
17691539287497460047393411872989741873939/32149376869909959188208955194433926438740,2183924746749018125707802094865073607253/6429875373981991837641791038886785287748
0,4100355136573027294438404589840752019/4592833906483469911611432943800561430
12555472753565446250087952592944748339641637796551/37055719044899773588845799738663844115248883641360,35672943647262863571741071090917788417241985503031/37055719044899773588845799738663844115248883641360
1,3536416597058012557093515415096529306485625410175984/32763373591938624792817409885870156727037773557325543
107784498766691979624506020777723801172549574184154522889305569/259165371034585897820800015894258873914515820037108249544420330,1
8
3 9 5 10
5 7 10 9 0 6
4 11 1 4 12
4 12 11 6 7
4 5 10 13 3
4 13 8 7 10
3 14 4 12
5 7 12 14 2 8
3852125968900268280525390159282020062111417479588975/6034352311813098031237206303356874572017136810216879,-1816302696023514428228702336919756254031188637853385/6034352311813098031237206303356874572017136810216879
4932863154/8067236525,3600584809/16134473050
3853889349791973307654550516155051714028515828692936579794568320063812169173501605555784/6172964486084754520850109171660678387090061394068805338081643777858461749883254208489675,-1237693530866920981749165801160078704088820827817089069102827788668706966197798687102979/12345928972169509041700218343321356774180122788137610676163287555716923499766508416979350
507528869935881894360503401/1268055685279446169510404730,-51626561361206531692783851/253611137055889233902080946
1170759659410413500783/1701477762366428322650,11948711910626204095757/22119210910763568194450
100370054279479/150802148458390,0
3726758286503991698000738896634719967732410917180097997/4030947344291149484866453810642392214107447389224875172,-982475428145324433517060301748367418578485838823089031/15116052541091810568249201789908970802902927709593281895
66399822101998761055920119780497177570957095694202645805259556087736051/72791055941970995199672656570170380479560284699491347833766315940087660,34711565360093507308626120575278273072468649470771676775060848726020269/72791055941970995199672656570170380479560284699491347833766315940087660
71091990911464659440548586815115673492960004835816893973791477075674468171473243703/76833906761851007680081662654255658596705181688851460432960992651714243713021986290,-59706445506023911523817165751202118049832225184387802228389493325998119522212889173/614671254094808061440653301234045268773641453510811683463687941213713949704175890320
20513574815199498465708029/52579586006281644373220997,0
17691539287497460047393411872989741873939/32149376869909959188208955194433926438740,2183924746749018125707802094865073607253/6429875373981991837641791038886785287748
166405391251287886733979375104425758/328059564748819279400816638842897245,114062453373525584194346519884518517/459283390648346991161143294380056143
24263609487539467498102048219327693979405553308159/37055719044899773588845799738663844115248883641360,4159673903060509981687862420924461618178163118213/7411143808979954717769159947732768823049776728272
109606438970360241739653710276774127510654160052542391/327633735919386247928174098858701567270377735573255430,-2575811135655446309283893405054213691152722125422791/21842249061292416528544939923913437818025182371550362
160234385048121043221015903124516097042583768131788764366079367/259165371034585897820800015894258873914515820037108249544420330,25078227093280685401949175755820838752065644509906654793177519/51833074206917179564160003178851774782903164007421649908884066
