8
0,0
0,1
1,1
1,0
156009184278857875442/345856458058123761177,1
0,4004461949460064623069486711277817716572176444555567130084149845579/5219320218437783119174750435817191699577897475721251511183054387807
0,10738885872839412340162857985714091131070691/22017412735767560382307699277077317075292148
3579628624279804113387619328571363710356897/8249659608587283050153529416389642671523133,0
3
6 3 2 4 5 6 7
3 7 0 6
3 5 1 4
531552918158351339422500376719937636764213112174964464720232084047408924600356388769418/1097278416495147925308962251723341937173269952214062808312526715559776784763550937675105,472884965169217622428666463137634591435339886682587609324312459607877269484217730468536/1097278416495147925308962251723341937173269952214062808312526715559776784763550937675105
594886703662694428463799170395189525435512058476004824779280368053656395470405423116024485018651155955479257436762932161675806078128/3135883730038625237657818632026498683658101243147011975317656906797229976214224570701462764591066674926940318888720916064843710691343,1983022943527401095733625764681177869424381768992678160311346235478621016069272190805890787779253100027497421107820923445956779816071/3135883730038625237657818632026498683658101243147011975317656906797229976214224570701462764591066674926940318888720916064843710691343
1,1
1,0
156009184278857875442/345856458058123761177,1
0,4004461949460064623069486711277817716572176444555567130084149845579/5219320218437783119174750435817191699577897475721251511183054387807
0,10738885872839412340162857985714091131070691/22017412735767560382307699277077317075292148
3579628624279804113387619328571363710356897/8249659608587283050153529416389642671523133,0
