30
0,0
0,1
1,1
1,0
0,10159705009/22555439032
314950855279/1147922745266,0
607/1937,1
770/1937,0
20321744186833680543959001/466771956953771565036684169,0
0,20321744186833680543959001/743591090958915455002283333
1,9/35
2958211/8479927,4904841/8479927
1356023050480487319229/25786049976399801011198,853514935070648194269/2344186361490891001018
0,2618354158314831779980767945433243/7757594594784614448815560838205819
819741/1251542,1
1236761373/3724247036,2896094713/3724247036
0,207256106593/222374453306
239993/254058,1
484357252/1260934999,2122158364/3782804997
1487644480468024/3910320783226521,793740149802814/3910320783226521
0,248821769741/342219237549
2265347882650246/7146736213877193,1322981480400878/2382245404625731
243640192100528632590674971456639989574156/5554271346425383994656514465134856170994709,0
0,487280384201057265181349942913279979148312/14467810839611280541953285957021461569624701
1,3872087652590209375/9034323033012324559
3487287230150461153257413/3940083899010160745306501,1236563948037825249270959/3940083899010160745306501
17734489750551468745728693975/21015617068432430522733425068,0
1335338941712615204020488543459018774848020508/2879432561391074817333794285648614926307287941,1502245980361078513751521812483536542585959244/2879432561391074817333794285648614926307287941
73524938299927375320853804983561986864580146380/149018838870041173752257704600416905642203019469,4189249886260692598045400874191255383956805924/6479079950871355380532943678278995897487087803
2958704049392006820531787197366181772816081115931751548/7731192285578096310494809902827459530286386733375121753,3264232524711661152786382398712522557885712633528584364/7731192285578096310494809902827459530286386733375121753
18
3 10 24 25
3 27 18 28
6 24 2 17 28 27 25
5 18 11 15 14 17
3 15 6 14
4 25 10 3 26
3 27 18 29
6 7 19 29 27 25 26
3 18 11 19
4 12 4 20 21
5 21 11 15 16 20
4 15 6 1 16
5 21 12 5 7 19
3 19 21 11
3 8 0 9
3 4 13 12
5 12 5 22 23 13
4 23 9 8 22
180769625207872174179607/451658323414543631912705,110109749621986967673884/451658323414543631912705
30039234020070845/43392508444456418,41258504784361075/43392508444456418
157869492422925800910434438452366660675313913/89686204733316116941095001254903661166049325,-33435279299752809798242856993918345057357591/89686204733316116941095001254903661166049325
62467580/51880637,21458115/51880637
30433477939641101/42613291744547608,776979131184665/1521903276590986
100704101626066134316240693/112515345866610240272022898,44040597096774345455885186/56257672933305120136011449
23719499168515/44488788445114,30290116867279/44488788445114
6473871328/7730214913,89611445070/100492793869
31398775715399645125099015767350485017735404/47255016187042767427467382672913892074559975,36873214020162859089304563911495492025566522/47255016187042767427467382672913892074559975
1369130643785310490670627542944448891420675577/2183108575769147099471136637072094915671046175,1626283586488953063049239703473948053641845761/2183108575769147099471136637072094915671046175
1,9/35
188384804133874529/479874830450487225,250773824771794397/479874830450487225
17450918413184060292839/25786049976399801011198,10743061778869893376349/25786049976399801011198
1613366427354383129719187661256739/2585864864928204816271853612735273,3434235476473421167394236315149067/7757594594784614448815560838205819
819741/1251542,1
1236761373/3724247036,2896094713/3724247036
140918045853/222374453306,109557232820/111187226653
239993/254058,1
484357252/1260934999,2122158364/3782804997
2604262550730122/3910320783226521,3056954277125704/3910320783226521
228583555031/342219237549,12764630810/16296154169
484357252/1260934999,2122158364/3782804997
3691011111591981011982643654173282758199251/5554271346425383994656514465134856170994709,1445260101928473838360200324285080521095550/1851423782141794664885504821711618723664903
2994818045097953403734192961700558621987093/4822603613203760180651095319007153856541567,1542930808364944872987566508753722437544510/2066830119944468648850469422431637367089243
539796787463598863992935/432030361761682372735939,-271701827862340835060601/432030361761682372735939
206384811090622446959365565739/188418752134564897001302184321,-108829568197739081134645700907/188418752134564897001302184321
1402641733209362240889940464351235/1004987823829507260027635120176828,-170240489215407603956394077387608/251246955957376815006908780044207
3145340041365433693807519478902619026921828782/2879432561391074817333794285648614926307287941,-310360261847416736366722552887912594625753588/2879432561391074817333794285648614926307287941
181393880476431588783864282548068735253828618638/149018838870041173752257704600416905642203019469,-11671451036139157173069712442302257201397010692/149018838870041173752257704600416905642203019469
181393880476431588783864282548068735253828618638/149018838870041173752257704600416905642203019469,-11671451036139157173069712442302257201397010692/149018838870041173752257704600416905642203019469
