13
0,0
0,1
1,1
1,0
6085095671365380043277/7375086645367077751281,1
0,3551652336663587036821/9636748008028967080098
177886501232/182254036149,1
457818857831/729016144596,0
909684995/6369397541,0
1003452987097555041467/1181682608197562982993,2252855259440468456551/3545047824592688948979
198310511991689625222237537273943/207189049571954803635421890634113,0
0,317417820882962985740266521877020253587027362146153211/392585707056259429248499513028303036277022221462257088
75167886173296443508232991151282782689994859316103877/253752266548804288636370253628055123649172753890501291,1
6
6 6 4 5 0 8 9
3 9 7 8
5 9 6 2 3 10
3 10 9 7
4 5 11 12 4
3 12 1 11
0,0
1755777565450733529712865074532937786807794030082750653815096252/4451626543469958854676338820860221497649339044813500176870192335,656847248213309800028634826586590382608350001866803446168083017/1483875514489986284892112940286740499216446348271166725623397445
7041604648431612946449/7356074126612329080625,67189700183366021890913/66204667139510961725625
494882971385102275029/1471214825322465816125,3058227283170242056498/13240933427902192345125
6085095671365380043277/7375086645367077751281,1
0,3551652336663587036821/9636748008028967080098
177886501232/182254036149,1
12820861326353858906239074019705/66114363657521510734725513986292,2658216025499242383517945271306/5509530304793459227893792832191
909684995/6369397541,0
1003452987097555041467/1181682608197562982993,2252855259440468456551/3545047824592688948979
76653633801310984750018221759247/207189049571954803635421890634113,127024563955622630664423140062766/621567148715864410906265671902339
13894112018022554029291938001391889535584880750946197/32715475588021619104041626085691919689751851788521424,99558865047448055548651166551431663174641703220944899/392585707056259429248499513028303036277022221462257088
58101622484277615169433440821579515909288503785069731/84584088849601429545456751209351707883057584630167097,41404568716202070295888159753212965509041356801874721/84584088849601429545456751209351707883057584630167097
