10
0,0
0,1
1,1
1,0
48769/174950,1
0,187191/235960
1,12337643378444072/19741210822926875
1096976784530917/13434620162974989,0
539/1450,1
81/1450,0
4
5 6 2 8 9 7
5 9 0 5 4 8
3 7 6 3
3 5 1 4
58725/578066,-18549/578066
170642731/862846241,3163477881/4314231205
1,1
119350659343690060162188847092665/285102211839329652622674318407873,243560018991952208894542533235000/285102211839329652622674318407873
48769/174950,1
0,187191/235960
1,12337643378444072/19741210822926875
1096976784530917/13434620162974989,0
539/1450,1
81/1450,0
