20
0,0
0,1
1,1
1,0
1,223284799/492388458
199779800/423064599,0
0,214288163/472934937
22221762808232806/30471060423736173,2243309295372231/10157020141245391
17543704095055387221160055/22954904862807450652933713,0
0,1784101033823587/3917203032678757
2447861382677874040562552/3243031913718830316670861,44882327334668359679433992/184852819081973328050239077
1239157777913081140854051544043844656847958/1758214181958755995561371672579691467553279,1053973390141761905400898614479324773600847/5274642545876267986684115017739074402659837
0,11919408085185444820277064451503259/26446322570552860942828819522055265
74815267012270678496913186555936280/95314190994467665611685018023857013,0
319808963898629523802434760987739746692907325213205/430208438764237659047775641751274520186820199369348,0
23923268747590522997/32077878830509940284,1
144862664173484700150507874918601067/447470570887353642686190920179386709,9127406459182200079279908974815492719/25058351969691803990426691530045655704
2725962814808083832493921978614955651592597714675674748417267477/8406522504203451737639995066468436431898558718787310882597488812,267357006177506662546063891564489115443178959823486072669289635/764229318563950157967272278769857857445323519889755534781589892
160733090892488562467978728475588009/526709649271708470286701121460651848,0
324607022234911973158838152577777893831094512836391109/1028854781412234571919266886679845059651917571505399112,6217065335971642127978260744016524237175437583427689/18372406810932760212844051547854376065212813776882127
12
5 4 2 15 16 10
4 16 9 1 15
4 10 7 17 16
4 16 9 6 17
4 11 5 18 19
4 19 12 0 18
4 19 11 7 17
4 17 19 12 6
4 10 4 3 13
4 8 13 10 7
3 11 5 14
4 14 11 7 8
5860505947234681018468632625300188898063093338388588267/7608494035972618896493845640365690187626176343891532350,1846444308172003753434087627155038797814275741831405172/3804247017986309448246922820182845093813088171945766175
5185187271046851956847628980559450751/5008358465637294787279482537683958850,783065006246181282987172036389984966/2504179232818647393639741268841979425
1,1
77500753531729121/140476682832882855,73295238582966628/140476682832882855
1,223284799/492388458
3747789420314415149933699/5790112561457397147178599,1060939340278380459534447/1930037520485799049059533
21911032680080408900101158114032919657243987826409203315056337938384407354098711867/40967604241661021088569201032899460116436240451147886362645490687201108508623100650,704744909571516470530693884418998736270068049412306822002625983287838442179229424/6827934040276836848094866838816576686072706741857981060440915114533518084770516775
10604334411330675831310789721492566637678960613347306/14243922719555615104195915013667749578802292344116773,1304932458941918217800362187648502300348072423776591/4747974239851871701398638337889249859600764114705591
5658397641047473663276735495713145522134822092179591256493991/10730440173518908190348214890183045088374841280094714391902313,1173895001561953411264624897693469850970988009146070159411836/3576813391172969396782738296727681696124947093364904797300771
387240582368491301533041482322007164067911626249056919/725894007902459280842573621059636350971117410114529650,36768829784384376237080805444930579517395381766823004/362947003951229640421286810529818175485558705057264825
2447861382677874040562552/3243031913718830316670861,44882327334668359679433992/184852819081973328050239077
1268483466906862131545766232835787470345648/1758214181958755995561371672579691467553279,1330236932782237028076039017435740114260977/5274642545876267986684115017739074402659837
2609980236755950156754854317652923510870065445825651915102803357512302539/4900748550654514120946657517327394581204293841326962713352081626376274250,83667188457557503602303589347906536879439277448173646907523581970141808/816791425109085686824442919554565763534048973554493785558680271062712375
16499256196966577994185502019779112/31771396998155888537228339341285671,29466053263691471418594503511552448/95314190994467665611685018023857013
56526587220180003508552830190746340365320777157954/107552109691059414761943910437818630046705049842337,132238442626479600995327369790973404154304703168383/430208438764237659047775641751274520186820199369348
23923268747590522997/32077878830509940284,1
144862664173484700150507874918601067/447470570887353642686190920179386709,9127406459182200079279908974815492719/25058351969691803990426691530045655704
2788532279106744531570889758461634004925862379984989007715416667/8406522504203451737639995066468436431898558718787310882597488812,3163016377148092316699330501998504737028239348829243648747373809/8406522504203451737639995066468436431898558718787310882597488812
14418150252356121662015840152844804/28216588353841525193930417221106349,1021239315066910124243654320692434723/1580128947815125410860103364381955544
144862664173484700150507874918601067/447470570887353642686190920179386709,9127406459182200079279908974815492719/25058351969691803990426691530045655704
