12
0,0
0,1
1,1
1,0
1,10015/10658
0,3767/21316
44083/56832,1
21232967/28573728,28332331/38098304
1,201856431134245/285421683800704
48418911737645227167/200788049300554727056,289698882211393129337/803152197202218908224
0,11793110438459263/15318899696208320
9201965738317666839276863/15556280278748943523619968,0
6
4 4 2 6 7
3 9 5 10
5 6 1 10 9 7
3 7 4 8
4 9 5 0 11
5 11 9 7 8 3
169058106858471213/112897231885843600,5160617120634089/451588927543374400
306430430509087102716773/181110110391329638308712,928290717100974461906891/1448880883130637106469696
1,1
49402925065568681135360407796713/26038455030666561917785347980360,124351244668466448411515491506447/208307640245332495342282783842880
1,10015/10658
1105367029053/836924906896,29680735753/3347699627584
376375734605164840369/199566933507430947328,-610970486221705691453/5537982404831208788352
1512488332387995146907943/928120324843004210242936,-6365898423443042623296853/44549775592464202091660928
52483791080904510842687875635347/27812856539372107382703174938144,-1114411303297202668583403854091/10113766014317129957346609068416
1479083813517538876149/1305122320453605725864,161390227502512429921/652561160226802862932
14628369894789525/9957284802535408,14515955276169193/24893212006338520
301097999918148646832075669/202231643623736265807059584,60962013018465131041088701/101115821811868132903529792
