9
0,0
0,1
1,1
1,0
1,2443/81520
0,4939/81520
1,152642708/7485006377
183066597327759/185014076335376,5604149853905/185014076335376
1,64119323450906089/1642471569972100744
4
3 6 4 7
5 0 5 7 6 3
3 8 4 7
5 7 8 2 1 5
50605482202488735909/52778263772570957345,53820817014380122453/52778263772570957345
20084365109995747434455387427/10970853444447464662485892360,3102218921554263106615449121/2742713361111866165621473090
4285594486013073428396621255/2194170688889492932497178472,76030465524013667976958931/548542672222373233124294618
53852538893648444693/52778263772570957345,1142531642782548916/52778263772570957345
1,2443/81520
3865180857696561335602437/4302484062739984442764400,273214736875914361292774/268905253921249027672775
1,152642708/7485006377
183066597327759/185014076335376,5604149853905/185014076335376
410390037449133997/410617892493025186,8588026704870061/410617892493025186
