15
0,0
0,1
1,1
1,0
0,5/17
116959/219549,0
1,15016111450067685257875315/28979673656163395825240416
35677648358134972777593410215039/80399351404567915467439744042684,3949186118882996421592758760075/80399351404567915467439744042684
42305881644962671517348721361463317701/96831875912254778221576657156133498656,0
13412168931915403550290522879/26058924132799733438883791360,1
68791182762398784744902401349891255377042033524203023/107255888077954081444136589813179682931330721063690700,6611783634243214774144046507630596672362572955260329/30644539450844023269753311375194195123237348875340200
1,641647955011439475293033583552078876190649586504430782449651687828351103195/6901190839243914493373897565850467088030955844827603145644178405744769313528
8300195/14416549,1
672186332395265350683714834512535481/1300612594899856500889180121734059530,733377070861686170071009171002352319/743207197085632286222388640990891160
0,2198277033035265298371992031967839641009334675699655097603363/2350629246173734487080576370675774712939560673703577334414810
8
5 6 2 12 13 10
3 13 9 12
5 10 7 4 14 13
4 13 9 1 14
3 10 6 11
5 3 11 10 7 5
4 8 0 4 7
3 7 8 5
641955787275/2579196452417,1162749652885/2579196452417
962212283513847209337186206977956837785798702772528806293338234998516/932876663442620228884934454686829390362328344086003728267895295071375,3866603901006836315143821594063089236887362458334507081016743447775023/3731506653770480915539737818747317561449313376344014913071581180285500
1,1
9478210394287514118672396697886485585848074541902590281481691538547956877436571224170424704959881/14296823072745100759147579451491251109043418019310057280418934252952741819463686274769004095103550,18120530367692146426539340615475638443830209484608320401876024090960362331973672123609494571052043/28593646145490201518295158902982502218086836038620114560837868505905483638927372549538008190207100
0,5/17
1078866148974442391789048222264620685310520792541842953/2629028643245348144929131876174866237209526474073911750,52020965878490789122771283367474669628873671080425996/358503905897092928853972528569299941437662701010078875
1,15016111450067685257875315/28979673656163395825240416
35677648358134972777593410215039/80399351404567915467439744042684,3949186118882996421592758760075/80399351404567915467439744042684
1457533780032371450755314510204432768/3025996122257961819424270536129171833,7852178607733418434042147020933402725/96831875912254778221576657156133498656
528846168139086359743622215857810237614700433/1015947316699352838727655430157191920153715200,17668460244337793205880742687061467132230651/18141916369631300691565275538521284288459200
68791182762398784744902401349891255377042033524203023/107255888077954081444136589813179682931330721063690700,6611783634243214774144046507630596672362572955260329/30644539450844023269753311375194195123237348875340200
46533796989967288671843717733451013683649053258705370987976588998691418740183/80103107955509721798089882460764350128930737484606107940512785066680358103450,1323230192704003800503961255068960091190053085207622180177247588708456102892007/2242887022754272210346516708901401803610060649568971022334357981867050026896600
8300195/14416549,1
672186332395265350683714834512535481/1300612594899856500889180121734059530,733377070861686170071009171002352319/743207197085632286222388640990891160
15639689856243860264868257149277396285174174830145644953393968/15279090100129274166023746409392535634107144379073252673696265,3202908379086324963261917804139130807838457591791703951689219/2910302876215099841147380268455721073163265596013952890227860
