12
0,0
0,1
1,1
1,0
21950465583959/23370460976937,1
0,9810701450/191219507929
61442480627746400418062991409679844089222749211093/792454591281613043162988741044026990989642255940200,34239534231848293189862365476400625768719734365983/264151530427204347720996247014675663663214085313400
2886778944148502436996651018181427477/29697077092439829844814126547779040000,0
0,6957379047673859248544290516912434944263170244294703531875225/49485148251980264661203271726342334256242963609784474955878592
69663445823079502993933163614099265327662109741737659365830568394840764660691822529957/89605202950852722919446130464682039646852617949279628311883520384070787927729470357625,24987317661926653746009845917574276703832758113370995356149384204598453723881605130317/29868400983617574306482043488227346548950872649759876103961173461356929309243156785875
1,1776621100899686730718389972951722117966828422903388812989400061098212112/1876901662955656874473843907737678823749476063484172211481318626129173175
1074773310038865977762969557540061237216131250973776632538698099171027812742211353178614474992893/1255299837176713931849837351736127505312093360075053218683627762847932132551680739594527705976674,1
6
4 6 5 0 7
5 7 6 9 10 3
4 10 2 4 9
3 5 8 6
5 6 9 11 1 8
3 11 4 9
0,0
-229538246176105352362152879766860617057012176975292340276175312944082216536571138603348543014487/312752029843500566031120016962551809167446070184196422858056251009829545130736209908209580484375,-81134043244148806458125608074944969595000257184969511244058321623188646837300016872516372287387/417002706458000754708160022616735745556594760245595230477408334679772726840981613210946107312500
-401725748015853985115041258331126235038772694801283959423913464081661673653/373110423181898576867112354584268449108628541702884811012647609549005608875,884254665376892019058239990381115334812319072053683662988146494506537890191/1492441692727594307468449418337073796434514166811539244050590438196022435500
-5751193568101894078641050732901932613944597148819031153529962269371189/7518597948249845377674808152831606027377905122476268231992898932977443,-67133836037934202443819953573314762129750248806792511522026032279228631/250619931608328179255826938427720200912596837415875607733096631099248100
-2985441347500162685360880360204054075420700348328290049316546428706673963757360588109437/2906587528353670302261408195714534923215568285187281001989939689774523783988575005838625,2159958018936985284799735951165123938338601706386966952583884148938019249852203864681263/3875450037804893736348544260952713230954091046916374669319919586366031711984766674451500
0,9810701450/191219507929
61442480627746400418062991409679844089222749211093/792454591281613043162988741044026990989642255940200,34239534231848293189862365476400625768719734365983/264151530427204347720996247014675663663214085313400
2886778944148502436996651018181427477/29697077092439829844814126547779040000,0
478646365278984946047669867813823682630604845506961819605854047/5360891060631195338297021103687086211092987724393318120220180800,104939885024181958575948850101711070368860765371678462807553011/2010334147736698251861382913882657329159870396647494295082567800
-5518474178809687796320848930696334540726574926469814146081368392890451940890741852911/6892707919296363301495856189590926126680970611483048331683347721851599071363805412125,783890113638352046775585730590563413000690117413874593985680079373013900697347062717/1312896746532640628856353559922081166986851545044390158415875756543161727878820078500
-78513788414657451315750114623951401651950003066482147674348614863653225/75076066518226274978953756309507152949979042539366888459252745045166927,191015323661752591706845009039164330836050021267784005625302760755668703/300304266072905099915815025238028611799916170157467553837010980180667708
-76869227474168504241712393207255671356137593975439941765385372016472388746377979524730999544360681/78456239823544620740614834483507969082005835004690826167726735177995758284480046224657981623542125,65439804505225303787818989851816799813770214583586565651233842357390476538502024605536826778698849/104608319764726160987486445978010625442674446672921101556968980237327677712640061632877308831389500
