11
0,0
0,1
1,1
1,0
1,68727026113/98398927150
21473980921/31364614600,1
28202/80815,1
0,43959/58060
10698681554024/39111199624555,29646520140407/31288959699644
804429397/946593860,0
268905852401111391/1159116061626798020,1
5
4 8 7 0 9
6 9 8 6 5 4 3
4 7 1 10 8
3 8 6 10
3 5 2 4
0,0
911657852/4002983725,2693057229/4002983725
129521138624807335213/185360003053298055625,126966338482462606534/185360003053298055625
119792803010292213/153435804956791508,-20461514643112851/153435804956791508
1,68727026113/98398927150
21473980921/31364614600,1
2383792568647871002591/12399914577583105719020,320512727313012635965/354283273645231591972
0,43959/58060
10698681554024/39111199624555,29646520140407/31288959699644
804429397/946593860,0
18810264266014219/61006108506673580,51598467027386553/57955803081339901
