9
0,0
0,1
1,1
1,0
128981070658/134808905639,1
801/4721,0
163912053612851133761015469714880111324868596729436614169560932140253698633/174610260855231779234126324961832362456889805346906812166882730493766685792,170608561920795077434223105500837711265188129269446394414974364921013402141/174610260855231779234126324961832362456889805346906812166882730493766685792
1544760562670763837468316664200523257357027530865216448289687707/1645583951036954570208689896122466320404179039755261517546651648,0
0,17658967938018921038312280893542257559564641593118558824359695593977640489325793067639/23539018179234116366247415430386411826623983396068830628864761546039369632492041760128
4
5 3 2 4 6 7
3 7 5 6
4 8 1 4 6
4 6 8 0 5
64910568946013758671364190514055765331545057386123505839660989015451392356258570189611550796547659762508080513059881237917129941962203104230013177/38916723621748690541114401768590041719282057175496169862770439467232576457497879616617038237129009119796228147958823708040483584370462442173601581,-102689710408516260156723175798659787975511381215791051645034240861340463881633808646797212214085789031843222031758130986263022975250130842409101981/622667577947979048657830428297440667508512914807938717804327031475721223319966073865872611794064145916739650367341179328647737349927399074777625296
17387796983551513640462/14716215553498083055861,1030242024898263625119/14716215553498083055861
1,1
1,0
128981070658/134808905639,1
21321105666699033681845567725739117717825384544501783958121300084808155359349582696509939790811468051733165500759893665771165817/12484585561442354031887817964371554373786163561544258208300906453311179308802148133224421641484802161354485907386270178943437641,-11451576406819022691782444807353345765165407298539745044247982990995829550467276036204346627108105/199753368983077664510205087429944869980578616984708131332814503252978868940834370131590746263756834581671774518180322863095002256
163912053612851133761015469714880111324868596729436614169560932140253698633/174610260855231779234126324961832362456889805346906812166882730493766685792,170608561920795077434223105500837711265188129269446394414974364921013402141/174610260855231779234126324961832362456889805346906812166882730493766685792
1544760562670763837468316664200523257357027530865216448289687707/1645583951036954570208689896122466320404179039755261517546651648,0
22096804568589557528942901633612535161792025930572964533215990046956343172536840291487/23539018179234116366247415430386411826623983396068830628864761546039369632492041760128,6057366054091070925365071920224633838025845368187661921547245002254816054647808463/534977685891684462869259441599691177877817804456109787019653671500894764374819130912
