13
0,0
0,1
1,1
1,0
1,83401792252/110555433143
0,26993446194/110555433143
46013751634209310379/102054639255770693824,24197662146045490433/51027319627885346912
14592977/31327552,0
0,9114853049387243978003649415121/11072393095079308257626610975104
3607034589969987412857755635770731351442279163/3888543880385387438959676727626674255542817114,1394920388052963813423073658784280533927997495/1944271940192693719479838363813337127771408557
10590462830723517068195313368331612784406107/22956327883317118394875123976880881049810752,3269267424404225134652090267927479674334561/22956327883317118394875123976880881049810752
7451460413561766159387431284324527391547583324397065402090977/29795962824229220460935920411087585288633460770086586607018528,5538489797041125794141096071488765956640242021495282830427843/14897981412114610230467960205543792644316730385043293303509264
66610929913589533712450837713413327545082228381959606172136242955/353628578970216460880419723247881922144425489460844563455167885376,239549241979267948720110239214297011434829348638711706276326278199/353628578970216460880419723247881922144425489460844563455167885376
8
3 9 6 10
5 7 10 9 4 3
3 11 6 10
5 10 11 5 0 7
3 9 6 12
6 12 9 4 2 1 8
3 6 12 11
4 11 5 8 12
122110265388782967540021510351018119555709646429160787146328765614884014290259389203/481323056309634740587041638890929715079235715690670460507425101767320872758932496976,556695784005700605706348212603578797650483724143911849145657350413720339228011514499/962646112619269481174083277781859430158471431381340921014850203534641745517864993952
2199524630491566908094051504106454253868005787399545511697628857273144752955692700813497627/22974257223523890294700148445228835453837757680555015658124345193737876304749122289511362770,5035289400177257738156109575128503502180340558504040735355547297683719084475571101381160309/22974257223523890294700148445228835453837757680555015658124345193737876304749122289511362770
17613395099174134035524413704290209328732428378772274299804107471407843156540289710699215899/22974257223523890294700148445228835453837757680555015658124345193737876304749122289511362770,22071400815265946072145170902327992510922408275553904814458328279426947040432869080223923363/22974257223523890294700148445228835453837757680555015658124345193737876304749122289511362770
314209302824292033063624099106243752058801737335491843569009500377813/1491408254487544181076566586800097712636878441123120436491763853369290,954540745005870632479556637770450960497436247572432424832585482147031/1491408254487544181076566586800097712636878441123120436491763853369290
156438949023976814726772694469791536568257357606306491931245934834631391565831467/164883285567916020437269043050965908975293640733805203248102176161312595884378470,131233276070572139616433312487921293267487490524731489929979476919426078049833489/164883285567916020437269043050965908975293640733805203248102176161312595884378470
131779653037529604184255008322836219054804282825596396916047659698178344767063895484354793253577/266064394860121239348604152402816643922772415567888370827368288467585069452642858127401088377840,326518796957475413554737131667748632264418020071637459700042785212904713100090716138797166552633/532128789720242478697208304805633287845544831135776741654736576935170138905285716254802176755680
46013751634209310379/102054639255770693824,24197662146045490433/51027319627885346912
1875104923778098403795857434489034661144270462426340732306584407900464435547/5840271205710971710621694466180321837214108310245436734557303711018350959760,2742015182575982490648673891904198369814347352812236629825469859249259260531/23361084822843886842486777864721287348856433240981746938229214844073403839040
374586817966265225924241969821527910423988038662894725429694657659750600715704512236617345586363633/1651345845893216794413295787982738958139609058430411475178901830169883401674820622025216128270815616,2594573839277831327257875014025520813459685480737975598476669948880385001826475969501170862859493/25802278842081512412707746687230296220931391537975179299670341096404428151169072219144002004231494
3607034589969987412857755635770731351442279163/3888543880385387438959676727626674255542817114,1394920388052963813423073658784280533927997495/1944271940192693719479838363813337127771408557
10590462830723517068195313368331612784406107/22956327883317118394875123976880881049810752,3269267424404225134652090267927479674334561/22956327883317118394875123976880881049810752
2449665022086796325310594298574214456712592477866928337137583/3724495353028652557616990051385948161079182596260823325877316,1432472242394478428543840511616730544389097811584119420094047/3724495353028652557616990051385948161079182596260823325877316
10590462830723517068195313368331612784406107/22956327883317118394875123976880881049810752,3269267424404225134652090267927479674334561/22956327883317118394875123976880881049810752
