21
0,0
0,1
1,1
1,0
1,32253679/43984719
22985299/55238978,0
1,2700162191/2970935802
9586205425/9856979036,1
31344304603373263137225627914/46261219685558827291406451985,1
5837603521542078108799100992045951448/7507887056532508176042823929403788595,3407824968634124389425932249281927081/7507887056532508176042823929403788595
1,65199444705841198081891501030802717494542892/140554076355377767888781411776222045865793889
57061/602642,0
227016656001515801/489504995273873722,14649967277700750/244752497636936861
71959791658384721767937689/153868649261191520237008058,0
16525888197019167/33739840316184371,1
791978906008557720593159885/5822852462930791914232076002,19513258864743839060690180/2911426231465395957116038001
5717055826550591430724343507722776515/40473601506643623341109447388386623526,0
98845772318321172665743042386565103724794419288288468612759840633895744224/108665052022983211530053637550325062166920228003063888410517879076713748905,1
1,247537106901448212877042604735073940036832451444725474606146753729625108087/276994946015434329469974390226353815363209877589051733999420869058079122130
1,51454546733145887122697211360293/903202285011584640859324966033853
524986956452192586826364994853453/576441503185338473949062206213746,0
11
5 8 14 15 12 9
5 15 11 0 1 14
4 12 5 16 15
3 15 11 16
5 9 8 17 18 4
4 18 6 7 17
3 7 2 6
6 12 9 10 19 20 13
3 20 3 19
3 13 12 5
3 10 4 9
2190464241869810679668343036891348/9236122546959609577512349235923025,-780196088428361275339760747680586/9236122546959609577512349235923025
40145819677239077013895876284404904/46180612734798047887561746179615125,31881538191496805611615675537908097/46180612734798047887561746179615125
25162118910372708627/26496623813937218125,26094398306358857614/26496623813937218125
1418574377253010192452522632628220886802020238501/3774697445029515555267600839504267167350116768125,2026390291996825511367464947200772818900627631568/3774697445029515555267600839504267167350116768125
13732166349341409804825106779819027969279408499693351782017559986/29186037059214223752251243789038394468578163738124612250158537345,11143586465101308290805222449729029046155478783563286903753512390/17511622235528534251350746273423036681146898242874767350095122407
5278180083304111248370906039/13207586885345315386006004258,670825360414615166395551000/6603793442672657693003002129
1,2700162191/2970935802
9586205425/9856979036,1
31344304603373263137225627914/46261219685558827291406451985,1
5837603521542078108799100992045951448/7507887056532508176042823929403788595,3407824968634124389425932249281927081/7507887056532508176042823929403788595
518240870890691646053877994931500340747537913/702770381776888839443907058881110229328969445,472931127402967458803190020981091726189827846/702770381776888839443907058881110229328969445
4558542462490479399418235420205795195433/27830376819724165175055985841175618160250,-342542219768474920469692247997238177528/13915188409862082587527992920587809080125
227016656001515801/489504995273873722,14649967277700750/244752497636936861
62248801016541142329935689/153868649261191520237008058,3866248164413174729035500/76934324630595760118504029
16525888197019167/33739840316184371,1
791978906008557720593159885/5822852462930791914232076002,19513258864743839060690180/2911426231465395957116038001
5620451457250470881768913219015351115/40473601506643623341109447388386623526,99279621909161532519944123168465360/6745600251107270556851574564731103921
10008419080296483126871319208334484512854145634326887404304381419863834754/21733010404596642306010727510065012433384045600612777682103575815342749781,19946032083544485884733995076755661295757237906943370742341449807674291687/21733010404596642306010727510065012433384045600612777682103575815342749781
114590675102723169288175852812350858715858986191768920038685567742978679999/276994946015434329469974390226353815363209877589051733999420869058079122130,108902208858398735645788917715105835175273213321003588633212687865381977566/138497473007717164734987195113176907681604938794525866999710434529039561065
307862554692931102209103908932637/903202285011584640859324966033853,525501165546436682544104401125461/903202285011584640859324966033853
176002869418688940695747370831869/576441503185338473949062206213746,46313815471749560188371133782372/96073583864223078991510367702291
