14
0,0
0,1
1,1
1,0
189745651857/458341037158,1
0,32046184969/221791836826
0,53442438796949397113508726245177/155711295212076540582548624850480
3431571848553861764542207283151164402526541/13239186395619338583752976906511374508941490,4502184671900747873277865341990183655356844/6619593197809669291876488453255687254470745
8901164868056023466564419468511425368679348001928845/100345391697002898891218395963828292601476612538135249,0
1,343757853056263740226411883875677043/895877509449407006998202315514245799
159767991386989462319604019036196739/503525844443253202546015902911873782,0
1263737732593372/4900180633831945,1
322621525366617720818172671/984196064888885887147185575,1617827024246827326035716061/1968392129777771774294371150
18139218899236487567429260918041194321/19865701704324544500307080792938591100,1
7
5 11 1 6 7 12
3 12 11 4
3 7 5 6
7 7 12 13 2 9 10 8
3 13 4 12
3 10 3 9
4 8 7 5 0
-72787877509978713202911624212512479815206307939957423693107382006881195313848865307/291504397880724030102859780466060611819111025516530786325566221984959877483440164850,46570465324434177943561785879379787390388231116849021351666542195419539550167315141/291504397880724030102859780466060611819111025516530786325566221984959877483440164850
0,1
3262887569074052610531/64817031306430536617810,94603163240878532065123/64817031306430536617810
-4765149496530446765608050136649881208676282610283/65176375200928635947001638784838654342135917750170,61517274485342295085766158623992635585385156098359/65176375200928635947001638784838654342135917750170
364484094312773018362781034030427985963383/2540238660735303833250245217088565442863750,1135264111492123166727722140036986838725397/1270119330367651916625122608544282721431875
-9922108634599357658124778175911333819431665926860587512198411233722881093/51654897470207536750453587769995560628402955448909094911896196666050588375,211355837869348506497051668626717938138004603248264143640271773570110960061/723168564582905514506350228779937848797641376284727328766546753324708237250
0,53442438796949397113508726245177/155711295212076540582548624850480
3431571848553861764542207283151164402526541/13239186395619338583752976906511374508941490,4502184671900747873277865341990183655356844/6619593197809669291876488453255687254470745
-56310116772973201756203583187130379789866985891637573/334484638990009662970727986546094308671588708460450830,17831210859120161063882336351576562488976381522327449/143350559567146998416026279948326132287823732197336070
-775724304617039787739559817077442571/1791755018898814013996404631028491598,643307453959193812771893644453165743/597251672966271337998801543676163866
-156193179229574471650809658194527329/503525844443253202546015902911873782,10921002160198336125733241652602114/35966131745946657324715421636562413
1263737732593372/4900180633831945,1
322621525366617720818172671/984196064888885887147185575,1617827024246827326035716061/1968392129777771774294371150
1726151244325672916344880719829762179/16554751420270453750255900660782159250,19743535409003867583208931233649172751/14189786931660388928790771994956136500
