14
0,0
0,1
1,1
1,0
189745651857/458341037158,1
0,32046184969/221791836826
0,53442438796949397113508726245177/155711295212076540582548624850480
3431571848553861764542207283151164402526541/13239186395619338583752976906511374508941490,4502184671900747873277865341990183655356844/6619593197809669291876488453255687254470745
8901164868056023466564419468511425368679348001928845/100345391697002898891218395963828292601476612538135249,0
0,444100/1089219
1215651828856529588681220333783635693/27990037177417389102259428229896442850,11186747098625281135371832122955729941/27990037177417389102259428229896442850
23801134330627751675642649318407835311125126874753839554666365370187345945208147/286607502541175453645184485413772024210357370840015317606062737543251952568318880,90597174008430067657966255011282846165076039168853191732237335979902145467922621/286607502541175453645184485413772024210357370840015317606062737543251952568318880
13198930507567117585493741852/23619210423571713453681274821,0
78536671187380982738709126645814103285628941002043480663492/453557778999204380402168509131406356951443477932797239289625,152801179055306959326425991299919409199393939462996494934456/453557778999204380402168509131406356951443477932797239289625
8
3 9 6 10
5 7 10 9 1 4
4 11 5 6 10
3 10 11 7
3 12 8 13
6 13 12 3 2 4 7
5 8 13 11 5 0
3 11 7 13
-72787877509978713202911624212512479815206307939957423693107382006881195313848865307/291504397880724030102859780466060611819111025516530786325566221984959877483440164850,46570465324434177943561785879379787390388231116849021351666542195419539550167315141/291504397880724030102859780466060611819111025516530786325566221984959877483440164850
-130312102643/613600408985,-89075463076/613600408985
-13130983478258337997604565663811933/39771756918819326129181234635022850,-23552929752253609225158807749103181/39771756918819326129181234635022850
-33395795206246751946907210149289341/39771756918819326129181234635022850,10668847729911693555905450849669813/39771756918819326129181234635022850
24479236847298781771919/140619123927378941032315,-82574583080221458854959/281238247854757882064630
-9922108634599357658124778175911333819431665926860587512198411233722881093/51654897470207536750453587769995560628402955448909094911896196666050588375,211355837869348506497051668626717938138004603248264143640271773570110960061/723168564582905514506350228779937848797641376284727328766546753324708237250
0,53442438796949397113508726245177/155711295212076540582548624850480
586055030948025393540546759303523489720033126366521016/4061785093490337083683008653023319754120500901717643825,491395568833740772075280734779834324227386566012777949/8123570186980674167366017306046639508241001803435287650
-56310116772973201756203583187130379789866985891637573/334484638990009662970727986546094308671588708460450830,17831210859120161063882336351576562488976381522327449/143350559567146998416026279948326132287823732197336070
0,444100/1089219
1215651828856529588681220333783635693/27990037177417389102259428229896442850,11186747098625281135371832122955729941/27990037177417389102259428229896442850
-68066893193986483818215371151255872480357897174136483630261157048551687504200943/1433037512705877268225922427068860121051786854200076588030313687716259762841594400,596905918476620204560295220876353618723611501549034730415209587470588794263355809/1433037512705877268225922427068860121051786854200076588030313687716259762841594400
-7244367144480910947349185781/15746140282381142302454183214,23290636674963921484526792809/47238420847143426907362549642
1215651828856529588681220333783635693/27990037177417389102259428229896442850,11186747098625281135371832122955729941/27990037177417389102259428229896442850
