15
0,0
0,1
1,1
1,0
1,83401792252/110555433143
0,26993446194/110555433143
46013751634209310379/102054639255770693824,24197662146045490433/51027319627885346912
14592977/31327552,0
0,9114853049387243978003649415121/11072393095079308257626610975104
1,66666666666666667371/640000000000000006096
16808549320000000160287546513/36339960320000000346448312448,22712475200000000208412626613/218039761920000002078689874688
0,38641726001079467080979437217801231/515344125711639044917459287112459456
8979232459726872564099671940736409595094877/23947196664278118368524895035181700798429144,1
265519405951086335607447677256218029716559520440661/1679386432331103065398834104221810243647838510028672,784637709954489633844374909907687503249556585385917/1119590954887402043599222736147873495765225673352448
0,7738870753586568798366085163807346508237720809860993213103/15193741204748742664275301442184504958385888786358589254080
8
4 3 9 10 7
4 10 6 4 9
4 7 0 11 10
4 10 6 5 11
4 8 1 12 13
5 13 6 4 2 12
3 13 8 14
4 5 14 13 6
6007397636245901/6454611671369888,94666903710435/3227305835684944
9427186954226543194084/15404405302435426997813,-3072058020437389103601/15404405302435426997813
4254978642431340042824398411612857616763663115642399711072913551/3549174981681122447907898601025381666902447456994537370115776292,-713224988643849629036677319196696391845351564970720677434973727/1774587490840561223953949300512690833451223728497268685057888146
1,0
25471971796147200494212385758794762396786090528716117/25471971796147200485241062716604162312828948007944012,-6954556071998400129724829560320240603967810187921047/12735985898073600242620531358302081156414474003972006
37623102942633784329796310543579548726061691777256672362659826786913/41102921612054082447436780588030259439420840307073823622631611677664,-1329212855111025080430443329127165996389502298303464091362807359437/20551460806027041223718390294015129719710420153536911811315805838832
2650392094130456329498625933517176192764701702078846575741769/5878347221132392076244914562572067452946626455105099884090304,-781457504077596101120982350618553963576661298694730210503289/2939173610566196038122457281286033726473313227552549942045152
14592977/31327552,0
1297779812804670905532081567991/2768098273769827064406652743776,-1059287435521624832543691567273/11072393095079308257626610975104
1,66666666666666667371/640000000000000006096
16808549320000000160287546513/36339960320000000346448312448,22712475200000000208412626613/218039761920000002078689874688
238602349736548042275329328153349361/257672062855819522458729643556229728,53681679761629067224401528086703371/515344125711639044917459287112459456
6641657878974574034951128658819342182511719/7982398888092706122841631678393900266143048,623624913132242666223234367054935246836941/5986799166069529592131223758795425199607286
16808549320000000160287546513/36339960320000000346448312448,22712475200000000208412626613/218039761920000002078689874688
5400263476753047153539769799913536898491621082673413738311/7596870602374371332137650721092252479192944393179294627040,316536275098932138930300734206089824141916084455922823377/3038748240949748532855060288436900991677177757271717850816
