13
0,0
0,1
1,1
1,0
0,37/326
37/304,0
1115855873731354661494503809449939/1325024448137878912681290910158653,1
0,418337148813048502373251341072219/2650048896275757825362258959972097
10575254550543144400770364185/45716150949960907856516928881,1
5627901920644137467038321196951675376159536613077244972141069/94554642623755569119612072934728954857564835937136885843436605,20554313149451357826862573321405395867557160456247887335945697/94554642623755569119612072934728954857564835937136885843436605
1,27214973366438245624529665865650084949906281380599008641553805264907650222743050273455549968479/64210703501574990225042038513368087114786151555134595647795110338322533052607037443820973989915
0,169785924734196856605709973888203/2230552622992604375150899479090782
273591645233609673536144678586/8977176041997595283698713053987,1527507076091372299029842949125/17954352083995190567397426107974
6
4 8 1 7 9
3 9 8 6
6 5 4 7 9 10 3
4 10 2 6 9
3 11 4 12
4 12 11 0 5
-3203511214359248243732573321172942188121839846715974474747486/108817845433710442151270785932501324092524009316572597753136525,16619894366078423952465090666403132414788798226275123991440727/108817845433710442151270785932501324092524009316572597753136525
0,1
-1582800224310939043068393666310913134149964304438630011051731125796042471202788005459993435079775994724056497539436511019899/6153858393827633299611539254849555546865135005341596003856707297409132675165551399464601298971664238088264802602195216520325,8610436261080689429107527432094852383499173634224697624133640274598965193359063283980093344444319192811561628926362451687693/6153858393827633299611539254849555546865135005341596003856707297409132675165551399464601298971664238088264802602195216520325
-443445559793266654613845089438947087559451132881530282110637512851/2809103661060944902962451315132128849129738082832325310106708335009,3252549220854211557575900140499975196589175401839517411476699233570/2809103661060944902962451315132128849129738082832325310106708335009
0,37/326
-2344327232182538033878896844784606944366099236248307379321/26638717220097819269209686488418579529424273816550697334128,306595479530240740898676095386769981530126527429172164765/6659679305024454817302421622104644882356068454137674333532
-938522643884039276242241951585787487331523290430585255882446488506518789212565971037793373/2902709834182658293480246380782942383952247872261986411047699891880231584741435605315083025,520766176446966833668845004962540860890168787323765020324243777650005640892294980021823023/414672833454665470497178054397563197707463981751712344435385698840033083534490800759297575
0,418337148813048502373251341072219/2650048896275757825362258959972097
10575254550543144400770364185/45716150949960907856516928881,1
5627901920644137467038321196951675376159536613077244972141069/94554642623755569119612072934728954857564835937136885843436605,20554313149451357826862573321405395867557160456247887335945697/94554642623755569119612072934728954857564835937136885843436605
12199043779741999039493638224485224317444640618275244543834562094063677577212171087434578371937/45864788215410707303601456080977205081990108253667568319853650241658952180433598174157838564225,371735077881872185971374343405492572313145936179901918603802919970268965466254229932048550501387/321053517507874951125210192566840435573930757775672978238975551691612665263035187219104869949575
41585930075508670377493991145072/1115276311496302187575449739545391,258976801080353610178493139107239/2230552622992604375150899479090782
273591645233609673536144678586/8977176041997595283698713053987,1527507076091372299029842949125/17954352083995190567397426107974
