9
0,0
0,1
1,1
1,0
4471438282039/13709286223490,1
100370054279479/150802148458390,0
0,26017/70140
5137465871335812489/12062778601685587540,8518264803836491919/12062778601685587540
1,71204890339335533058115039754387/101862009762257691593555430260080
4
4 6 0 5 7
4 7 6 1 4
4 5 7 8 3
4 8 2 4 7
0,0
4932863154/8067236525,3600584809/16134473050
335146228507064200369241331265111447/2045941028004050594089135681077752650,119565805239563254046931192626515233/1022970514002025297044567840538876325
507528869935881894360503401/1268055685279446169510404730,-51626561361206531692783851/253611137055889233902080946
1170759659410413500783/1701477762366428322650,11948711910626204095757/22119210910763568194450
100370054279479/150802148458390,0
0,26017/70140
5137465871335812489/12062778601685587540,8518264803836491919/12062778601685587540
-2573194086040805553708863102709/101862009762257691593555430260080,2234888011119622837279699011027/6366375610141105724597214391255
