8
0,0
0,1
1,1
1,0
1,732533699407/943149324200
0,82780532587/188629864840
1,3378165588923952/17302200156567241
1909160117546145/3035215313854129,0
3
5 6 4 5 0 7
3 7 6 3
4 5 1 2 4
0,0
21079301528526555582135/61941024071383606240424,-453804792015277148701/61941024071383606240424
70329608424507537546711/61941024071383606240424,37110776047698766879099/61941024071383606240424
93406569220030529780892706553/111321758378278109569790206025,34041757240297069419547654896/111321758378278109569790206025
1,732533699407/943149324200
0,82780532587/188629864840
1,3378165588923952/17302200156567241
1909160117546145/3035215313854129,0
