14
0,0
0,1
1,1
1,0
0,51829035822394119862605292212189/254587981657291472180721604703000
20679785293135253825179511592663411/71744346736684830391124993855256800,0
1,120474383425324272791967453216/187210339671376064125098829475
0,570426383287539282348655923543/1497682717371008513000790635800
0,151859932706087/442601699571416
151859932706087/207649576749520,0
0,31716527286463065886153402930070535640981979733179542105564770547365113/72108396125834607140711078837858835645250114569347068964030505374903848
10185775620363258229410196533268353914119790523903115468656576608683681/25555790858064078385499736816962629011739883233243453440038510000004688,1
15878950597205075920098164253837388730449424281079904902586280484461703155104407/672172896385444241708503135877229246259396510146136148345577745646433579346094000,0
0,15878950597205075920098164253837388730449424281079904902586280484461703155104407/664435948771746060157588960356429738005012165280138529224083114562884149775206520
6
5 3 6 7 8 9
4 9 5 4 8
5 7 10 11 2 6
3 11 1 10
3 12 0 13
4 4 13 12 5
1854572108138613995537159898412286415461198786112267486294169211181/9666169085052460973075204883143093496853308125102717966749740597025,2100665094755292136441453028266941505362106022339171052151775151267/7732935268041968778460163906514474797482646500082174373399792477620
159838708365695038739784009244809880033504449388019697796501385294333222485367730752663/275532417598587626019207682136545472365435886285168273365798119430850695654254674127770,47354269298682724156666840143203192311738869768261794817491147902474468201970424322277/110212967039435050407683072854618188946174354514067309346319247772340278261701869651108
43351104741860405598282282202335259223619708208272322803521/36889114516218738613915912272754174673818192302372523314065,2457242556317491710128179241102212785969684183099802608797/7377822903243747722783182454550834934763638460474504662813
1,0
2550536134338237055215087589004478683592470772224303938859/23769627909724334124119942991863400101201999342781561589675,411017941682136248727345665258403011792733095954810089095469/950785116388973364964797719674536004048079973711262463587000
120064638799638443224623418216476357871416177649779399396297119/267936674065447170259587646815174787860328903925269678002767200,4564982175596739270396500318136550425975412413412247130811397/13396833703272358512979382340758739393016445196263483900138360
1,120474383425324272791967453216/187210339671376064125098829475
0,570426383287539282348655923543/1497682717371008513000790635800
0,151859932706087/442601699571416
151859932706087/207649576749520,0
1306030465900156641556563240561897409939127654727623455261550834885232/45067747578646629462944424273661772278281321605841918102519065859314905,23760553824919035954515121909875428612912337838645377182805385245544697/72108396125834607140711078837858835645250114569347068964030505374903848
83231218961904416887128683719952820526420646387237930706322026929239931/127778954290320391927498684084813145058699416166217267200192550000023440,222742583033749487151862788488547400464801049887913184915839842688/5937683749550204085850310598736670309419117851590021710046122211897
134274036515740801508424622360679997239708565147207161483195412047088335920718503/672172896385444241708503135877229246259396510146136148345577745646433579346094000,441136698566741249158948384094902713895551355744524597991761696779598885564693/1768876043119590109759218778624287490156306605647726706172573014859035735121300
10045995223391916747579068331177471270044595876935170629214609558779949058745834/59324638283191612514070442888966940893304657614298082966435992371686084801357725,175185671437809328523931833000343454495869467887034346934430206251429365480704139/664435948771746060157588960356429738005012165280138529224083114562884149775206520
