14
0,0
0,1
1,1
1,0
1,11000000000000000137/24000000000000000312
0,3666666666666666715/8000000000000000104
0,326275272081/470665978852
221106730214333336129276496311/303140942183333336960388262482,1667275182008333352700849464977/3637691306200000043524659149784
0,3786067507200000102929026242320334030563305620557/16943975238672000444181047511672002908939138400760
92047561084312523370645546982605411/154023746556455624984132002494379304,247079760100980898349579858815335081/539083112947594687444462008730327564
74090784331214607225331965699/113038937001435399152636954615,10900229034537144390478257999/22607787400287079830527390923
36677731110635190993838669268202688620413/110183548453140912982658464884536374221295,1
533453647184745185879265144410440975318118548052799911600925478131/813880346410334895059875079896706859009847596875742008250755939224,1768243694830682226625323926132198831784015557113035283319361880137/4069401732051674475299375399483534295049237984378710041253779696120
3052589466111844230414859216404139614801510917446830983452862898958949550087741/7933215488626145937720669566797526122565200507274765010691035637482792824666008,0
8
3 9 7 10
4 10 9 5 6
5 7 10 11 2 4
4 11 1 6 10
3 9 7 12
4 12 9 5 8
5 3 4 7 12 13
4 13 0 8 12
130481903660499393639306986375968390179131550147337334171887068098017064025066906362922871461975/1102709513683708158861235823347217746382550245077276877004721866485210136173090723087861866969448,-101718816249057384449180329798731398981871619608379699779672316122102491138688942019986854830359/1102709513683708158861235823347217746382550245077276877004721866485210136173090723087861866969448
1107210848337282324234186646192545044590557100368437995130/30630819824547448060855235210300171526156083233095903723221,-2402587901275053442146896318244985918355507370290575448007/30630819824547448060855235210300171526156083233095903723221
1393039089438148824205361/2200500642200949647366761,-306878792455662190719095/2200500642200949647366761
54001716683409934395293619288712111509315815012058227395203775/79218023119234189364871997100088883331936205719381453168840968,-5686709417976277130954903904818607570066985553297158339361265/79218023119234189364871997100088883331936205719381453168840968
298370709259567849053442333036722168543974/314357234600135667996181335516049345109699,15865593126250209053617927862107838605856785/52812015412822792223358464366696289978429432
689184524563403731523470965551729490504527388927965/3977123495978673356159113476357856100791747229399198,4177252285106324131683824606276069074860960666452457/111359457887402853972455177338019970822168922423177544
554737370250000587113555014543170933587706685/1637909632843829236988550794514420457978233893,-846912088500842350553304138915749966186884605/6551638531375316947954203178057681831912935572
221106730214333336129276496311/303140942183333336960388262482,1667275182008333352700849464977/3637691306200000043524659149784
9985272664500010832035929997260570951308076690746982045634145764476562203120435569/29482373391188927038665174531861505827130708453109881444348214049816554584891471795,-6097767037206065076944398309620875630952174902383567506356142019659866480322313593/47171797425902283261864279250978409323409133524975810310957142479706487335826354872
92047561084312523370645546982605411/154023746556455624984132002494379304,247079760100980898349579858815335081/539083112947594687444462008730327564
74090784331214607225331965699/113038937001435399152636954615,10900229034537144390478257999/22607787400287079830527390923
10059929058186678497914917931650822789913/110183548453140912982658464884536374221295,5505661436080338211692101444962312074515/22036709690628182596531692976907274844259
74090784331214607225331965699/113038937001435399152636954615,10900229034537144390478257999/22607787400287079830527390923
1444508287129709578636447529660752060120640888432129012881321183948293043143405/7933215488626145937720669566797526122565200507274765010691035637482792824666008,1139300650524569553306177406430002245193573805503422838317891610018109916125601/3966607744313072968860334783398763061282600253637382505345517818741396412333004
