24
0,0
0,1
1,1
1,0
0,5/17
116959/219549,0
1,95/806
16725137/137190434,31116155/137190434
99685698146299/324360080541842,0
1,234336803/423712930
78028845843/115184529560,1818622665/11518452956
75190922878983/100078882514860,0
22854650857154573/22939149894982905,1
4877474750297914999/20705546278624416330,880852121414880815/4141109255724883266
856181450294252551786192549/3096694480266153269123093745,29206230721507430660092406/206446298684410217941539583
12823875541587364521948871198/79902313541709569340039190275,0
10381480746982224733928434818233/53403671507184110837093242769610,1475484584284271020546501168277/10680734301436822167418648553922
64182537799/529363851660,8017331821/35290923444
212002003998051709261/231417658759762648740,42441379939650631061/46283531751952529748
1625137183644408670711099694193048320357/4837556021870161738140895196472751375380,48437326668749421331660334608739558695/241877801093508086907044759823637568769
1221359162201781192600979697733401712246183909413/3108404233196751920445460004894504282749648818420,15994823727942882080686908225219481786592007527/207226948879783461363030666992966952183309921228
54578028933129961/632848887609838740,0
8155235176978824499252378769565494454164666551723/34262073040654908358962885450451336591636136026320,0
806062221209809513919018834125072221731515389917986/3119251832494004105199751852912779139746838368823365,149311218893948325821139812944518914458929760741621/2495401465995203284159801482330223311797470695058692
16
4 17 7 13 18
5 18 17 4 1 12
3 19 13 18
6 9 2 12 18 19 10
3 10 9 6
3 14 7 13
4 19 13 14 20
5 5 20 19 10 11
4 11 3 6 10
5 15 21 17 7 16
4 17 4 0 21
4 16 15 22 23
3 23 8 22
3 7 16 14
4 14 20 23 16
4 23 8 5 20
79622510832729539747/220786554140802326365,85330345888455923765/264943864968962791638
74414116/85602845,-172211/102723414
14709041276468113343330433477704047902091/14517277616816982496471217511087292240995,1904803179975235883108042278879417030467/1935637015575597666196162334811638965466
193590098337268282909/284760853825468988225,147227686877951897622/284760853825468988225
248039972/1455248365,170641445/1746298038
84318116830262875057364164393043673769278820995577/175202278060767674888543191300682350812966999950265,9684613129870008419691845184363167815611228476121/23360303741435689985139092173424313441728933326702
178942444242981691/311950961709421775,290686394290019231/623901923418843550
16725137/137190434,31116155/137190434
1382190765783578272834588612164689529520237485293950007/4708825337039036526365351259446632436915078082045212790,90985955421844311098446780955126238853153420466221163/313921689135935768424356750629775495794338538803014186
1,234336803/423712930
78028845843/115184529560,1818622665/11518452956
78828168208983/100078882514860,1465809867990/5003944125743
396494584828305385331609/392731298578397578872945,154691174548670344869803/157092519431359031549178
4877474750297914999/20705546278624416330,880852121414880815/4141109255724883266
302083218111296500582144433/1032231493422051089707697915,168328637076417055316185307/619338896053230653824618749
26719838058397162672649549473/79902313541709569340039190275,1677947912011166654820115219/5326820902780637956002612685
4877474750297914999/20705546278624416330,880852121414880815/4141109255724883266
64182537799/529363851660,8017331821/35290923444
212002003998051709261/231417658759762648740,42441379939650631061/46283531751952529748
265674458240744631465974337083369641958/1209389005467540434535223799118187843845,302445423927296911140950642110470440809/967511204374032347628179039294550275076
1001230197443212032836860957443087927446828698363/3108404233196751920445460004894504282749648818420,27733340127818617854582559872836965568922570113/69075649626594487121010222330988984061103307076
46648204432696159/158212221902459685,15940884911689763/42189925840655916
9162312381769005361907257450608861561117959385923/34262073040654908358962885450451336591636136026320,606496611995228891182387529055611911217615433011/1713103652032745417948144272522566829581806801316
265674458240744631465974337083369641958/1209389005467540434535223799118187843845,302445423927296911140950642110470440809/967511204374032347628179039294550275076
