22
0,0
0,1
1,1
1,0
0,10159705009/22555439032
314950855279/1147922745266,0
607/1937,1
770/1937,0
20321744186833680543959001/466771956953771565036684169,0
0,20321744186833680543959001/743591090958915455002283333
225247608865396903040/314625189756523534657,1
207621983471677600998496/596664678895649223365507,351337550705585207713826/596664678895649223365507
0,540310121222461420419239682/623797827078979326089822867
981871/2843438,135707/218726
233694394197850542015424/634048929175827404336267,387948693333078545297933/634048929175827404336267
173740638762074473366809323665474253443046317/257395007516052669768452796785385880700562705,0
387887660409372388495906899007/1197888986375086264362974818823,728426947397901954363632835326/1197888986375086264362974818823
100258143940256121215613162939359715528733584995264383334272999/546036812964421913447949124760056038087314155086923584343998106,81356755407929291419341936451289083694647997858708564599527645/546036812964421913447949124760056038087314155086923584343998106
0,7068754268829517052537948371904/16782688506777790155754024434467
52418190362753171745/4099345880243423058566,1760422907076382276157/4099345880243423058566
0,30951626519176223701365783189766145217571158213666481/83395709563871244111806991480591769171922552744029224
30951626519176223701365783189766145217571158213666481/174662960873088475189221892857094186026496367448538532,0
12
3 13 11 14
4 14 13 6 10
4 7 11 14 15
5 15 3 2 10 14
3 13 11 16
5 16 13 6 1 12
5 11 16 17 5 7
4 17 4 12 16
3 8 0 9
5 18 20 21 5 19
4 21 8 9 20
3 19 18 4
180769625207872174179607/451658323414543631912705,110109749621986967673884/451658323414543631912705
678392178841/2463329053457,276132407320/2463329053457
119527781730476221909506260688984806065405298/689706388591074725358067221539151976041204637,-71134381928802157779097178171541091684766680/689706388591074725358067221539151976041204637
-118667074462124406512878495570252416997266277193/232431052955192182445668653658694215925885962669,145614704923814886230210967829211559611159161460/232431052955192182445668653658694215925885962669
4841945397017346368231/6945183535125454041703,25804136301401788682935/55561468281003632333624
562728168604296520/1084367428512975277,44636035270241711/2168734857025950554
188139698/2525563261,68500312/194274097
-6447339655387435028965490972637553501734858/26561450478177858381584909798225289333197077,197844858002643212718188351749795965086481536/345298856216312158960603827376928761331562001
4459041201726999755377382886055262926499275865939665096601751057848605773/7504781250936425535346458601529626049752555103577665291931715617259044185,1403732640942129611934393405615746405608394429810300352739159646351182111/15009562501872851070692917203059252099505110207155330583863431234518088370
7635207371967394577673137218950448544845998193998436115423247595545628986/11955492172689617265987613119941919807896290707555700480047281330769049045,2852464895269511183510296482661574158647860689052100718454232533812931177/23910984345379234531975226239883839615792581415111400960094562661538098090
156119738725877736016984414/410224997539612480233133421,37383140237847958790057411/410224997539612480233133421
207621983471677600998496/596664678895649223365507,351337550705585207713826/596664678895649223365507
307533251463179017949206457310543/813340668230408431260193814606551,160960659966596874407022761928485/813340668230408431260193814606551
981871/2843438,135707/218726
233694394197850542015424/634048929175827404336267,387948693333078545297933/634048929175827404336267
-4691748249957060977161024174640511145925443/17159667167736844651230186452359058713370847,218461288839325169070067463011355042107143488/257395007516052669768452796785385880700562705
233694394197850542015424/634048929175827404336267,387948693333078545297933/634048929175827404336267
-44651659502428363013853591885248622745006369123716582734393813/546036812964421913447949124760056038087314155086923584343998106,424831674422803619050343575060724403476822110926496363571139271/546036812964421913447949124760056038087314155086923584343998106
11593552735869311208265538548054/16782688506777790155754024434467,8273260791305802825774834083095/16782688506777790155754024434467
2890363383330499506517/4099345880243423058566,1999238119494421848985/4099345880243423058566
90455630205435007853792526788969027137539238288417023/138992849273118740186344985800986281953204254573382040,48254078734348833488579797642782424472327100413750843/104244636954839055139758739350739711464903190930036530
100556236928596379101938430261988944751318350612256923/218328701091360593986527366071367732533120459310673165,85802522947656749254615964658950753406537907060650871/873314804365442375946109464285470930132481837242692660
