13
0,0
0,1
1,1
1,0
1,68727026113/98398927150
21473980921/31364614600,1
1,5104000000000000066115/10208000000000000131756
0,5104000000000000068667/10208000000000000131756
343720296992032004730410560928349/1268205520313600016637882676756600,158525690039200002144876669778523/317051380078400004159470669189150
0,418650447437/2318853899150
0,1237546262078506227526557144222811403615076776513816447/1510200906440980198094697235169500000008403377277863095
12594037197046153895605572757671/18081718649936906609428332049600,1
1681815270910433520297/2435669885112577802150,220188492826030564219/221424535010234345650
6
3 8 7 9
5 0 9 8 6 3
3 7 10 8
6 8 6 4 5 1 10
3 5 11 12
4 12 4 2 11
-22885121056955260023976/128474741316449283164825,19415784448403591479571/128474741316449283164825
-29808803889623350628293194345776884422419994611819604049148768523/167343592334120906772789245270351443168932407478019168454407778225,50579702816102346790269632974930086404747038234778402823490217371/334687184668241813545578490540702886337864814956038336908815556450
365629001871009745855604977222097500407717/952563137707548679434856444643408755735625,906981330383822108007662363576721665257869/952563137707548679434856444643408755735625
-43818194261341375774351/128474741316449283164825,146173685987315052288771/128474741316449283164825
6769277390965496548504193266323/19448887248326750939700517873075,48683082299864537900221174174077/38897774496653501879401035746150
21473980921/31364614600,1
3839926969900602589862893252843017786055147/25220579987659890374497146478655610628166975,122998722476438369938226051834820774784258077/100882319950639561497988585914622442512667900
0,5104000000000000068667/10208000000000000131756
343720296992032004730410560928349/1268205520313600016637882676756600,158525690039200002144876669778523/317051380078400004159470669189150
0,418650447437/2318853899150
-1206114522145040304599010658297576641/7551004532204900990473486175847500000042016886389315475,2726546443624739713933654687021536666185839634530399649/15102009064409801980946972351695000000084033772778630950
12389342227075354565890948876743/18081718649936906609428332049600,203041571070708952438743029167/205474075567464847834412864200
1681815270910433520297/2435669885112577802150,220188492826030564219/221424535010234345650
