21
0,0
0,1
1,1
1,0
0,37/326
37/304,0
0,166130646823223/281006480151920
166130646823223/250963634196420,0
9736683870349412249488175585130029/13321438795942177214637580665755446,1
1,33798419212765373930421003219574657/37383174138358138895570408300200074
1006102729417049634659352791145727642213/1303284393290281568677082596485133758300,1
120005229998480298636123449919236837943549771347/155186876126473287896925564692732830870979550480,458527776704800907529124595597686244232207947041/465560628379419863690776694078198492612938651440
158489705195563442450234255113108280207273/759281214148291755048123734306970266662620,10244689823746980210484265860640658549791/25309373804943058501604124476899008888754
0,431/1356
26039841036703217/93928376117371860,21516297973063853/62618917411581240
67943218463585984895825481717138015863660083/575495130447061953837522064236395644901222628,1
0,421544671168808698960359532989653106735209515/489487889632394683856185014706791122598869598
10138573724731004841768167099384689173361279064642094151/18435836056248419239193764495721451643219843518253377300,614866082974774372782079267653415915786130193666359123/6145278685416139746397921498573817214406614506084459100
1,262206365091287802576506194566031717080730775753641935411275474991277/519795245189429574419802934060439107991125076492263033927623362066040
8880119891/16612343532,0
1187525995507472785186753/2018566530363486890550780,22134675678144496185559/336427755060581148425130
10
6 13 4 5 19 20 14
3 20 7 19
3 14 13 6
3 8 10 11
4 11 9 2 10
6 11 8 15 16 6 12
3 16 1 15
5 17 12 11 9 18
4 3 18 17 7
3 5 0 4
5624/49673,6031/49673
-118649510284639187221020083781420774628338184267/142900375659976599848047029781099818408969499345,128933936662135314271099701641973488118824604073/857402253959859599088282178686598910453816996070
-601189663595669583173378830672818043365191780600851/1969382234018072461940722789705877749621003229826540,3741375893833233894629494028916497454214840155877/656460744672690820646907596568625916540334409942180
-127524009450295309584093346840758625910316070466743857715234216284351023/158608321499515877243623426984045186760937206249353021131357406158321180,-21206748146676333530676461965015963999870157250988793129793909342437687/158608321499515877243623426984045186760937206249353021131357406158321180
0,37/326
37/304,0
-497504591810387601254250388127/439300526437649519359816391920,202807217191464784945972238/5491256580470618991997704899
-335034697378725186202992790363126521284678768425040243673/311578046681209787571728635546091690968816817344253755030,25419163058990391377530261124964178458922464672211196315/373893656017451745086074362655310029162580180813104506036
-10787347898679090950181956305887784/33303596989855443036593951664388615,-6030758570014725526994459389130279/33303596989855443036593951664388615
-7245866002203042034179231983596992873029634801256115346587/34577017234472316873620779898069779616641463059610662519380,-964703431421483430592390507468225931226529584759407249/4939573890638902410517254271152825659520209008515808931340
-83223868616024012550645508028080341991/260656878658056313735416519297026751660,-24099318575106777603077052892084951339/108607032774190130723090216373761146525
-8866462525783255477/29153877132661278576,-58119719598068456483/262384894193951507184
-84533907865909630619373555217787905865531/75928121414829175504812373430697026666262,-61318130308268597748945446844588633945559/253093738049430585016041244768990088887540
0,431/1356
26039841036703217/93928376117371860,21516297973063853/62618917411581240
-548485341022512572911023261594677605066730926/719368913058827442296902580295494556126528285,236911355515750288538029578315072542234145127/959158550745103256395870107060659408168704380
-770041393382593654344577712944678185297771283/815813149387324473093641691177985204331449330,80464681358953870877352331563426729367678723/349634206880281917040132153361993658999192570
-10190308031569198037921068747966664178391818994998431497/9217918028124209619596882247860725821609921759126688650,330499490922297860529523302185861989016286514849287173/1536319671354034936599480374643454303601653626521114775
-130737762583893687231713938630874001812989079438638218723050533837723/259897622594714787209901467030219553995562538246131516963811681033020,20131251001422559775868431526029183216108476606576963390707641648057/74256463598489939202828990580062729713017868070323290561089051723720
8880119891/16612343532,0
1187525995507472785186753/2018566530363486890550780,22134675678144496185559/336427755060581148425130
