14
0,0
0,1
1,1
1,0
1,10015/10658
0,3767/21316
44083/56832,1
21232967/28573728,28332331/38098304
1,201856431134245/285421683800704
28906612849993204593275878710370817/38811329249150976796390850489290368,9794345768990720201304189991939411/12937109749716992265463616829763456
1206881801886932025525105860682649/1586602737841212033508614085679655,10266454979260000217060073598676/13560707161036000286398410988715
0,56341821742574149357509610543844211791/59338620060178883525551157288582640832
21105576980172310620554575235399243729300951/27899796680340154955697557519951068301635200,405786324868349645835648021303627544664043/547054836869414803052893284704922907875200
32850617095059078316145854085981911281219577999/44051955349774450470145769457850992969456838464,0
8
3 9 7 10
5 10 9 6 2 4
4 7 5 11 9
4 9 6 1 11
3 7 10 12
4 12 8 4 10
5 12 7 5 0 13
4 13 12 8 3
169058106858471213/112897231885843600,5160617120634089/451588927543374400
351084712397232275796528305620589842815819843766912872416491924557/229965395979650162759533429669542733177889789344684597129246149440,40713989487929558648252648757108795288438781735534296029904274959/57491348994912540689883357417385683294472447336171149282311537360
89790255937850915132122195250120906337393772193369662756/89790255937850915154243198036819187324936454129977401565,46165429737726237222262331542902941719601196101849106718/89790255937850915154243198036819187324936454129977401565
637391918576458673809055411324546939288789801779352178021487690113920442133/429811825057883519009418378264764977934829289340111339544698911445773921600,54030012649149498573769845916516536740303412188899721690814711129741477111/107452956264470879752354594566191244483707322335027834886174727861443480400
50720181032637597837445645665801779890656306535335558126134533/50720181032637597846837972247850201620986154590216854731627810,14568806544887195931114833106931258692095468780767782821313042/25360090516318798923418986123925100810493077295108427365813905
1105367029053/836924906896,29680735753/3347699627584
5244646604573473506220701741005589177713518960696663753359011/6761421768734424753310882995847773171617294843477210283608256,9270313750085749886250455030117547207782263898178403093599677/18030458049958466008829021322260728457646119582605894089622016
21232967/28573728,28332331/38098304
1053771509060071559878296957835721889254932806583012412580794073803411429/1358288560049911140934389699159621824853991762203787571539943639598193280,43556611178058216627265598704409084379742868818312565263044864606134437/84893035003119446308399356197476364053374485137736723221246477474887080
28906612849993204593275878710370817/38811329249150976796390850489290368,9794345768990720201304189991939411/12937109749716992265463616829763456
1206881801886932025525105860682649/1586602737841212033508614085679655,10266454979260000217060073598676/13560707161036000286398410988715
22460438184444719968975357757958124809/14834655015044720881387789322145660208,11230927416706708385791409613311934769/14834655015044720881387789322145660208
28906612849993204593275878710370817/38811329249150976796390850489290368,9794345768990720201304189991939411/12937109749716992265463616829763456
65489470154596645341465869513962577143468467253/44051955349774450470145769457850992969456838464,11116859196603527357506339481668901559308175215/14683985116591483490048589819283664323152279488
