15
0,0
0,1
1,1
1,0
3837277/13239952,1
0,4891855/16403686
185033874038188177192353804404548435045357/305762323007251404237664407558112527248611,1
1,127214980862457196203753217062222660755947/167457797185478271885523418113410691490365
8489/57560,1
488540975317/1917503642920,438696018883/479375910730
436332845353676529927225612022538628926587317/508395266156401311009656499954255731519991748,6451191254797390020071308576720966638627095033/7625928992346019665144847499313835972799876220
21777650120458735770928880795778917399077701890860126429534717103489744491/28852634971203303210373648811648072328922868353121083302305541915990533380,1
40491430927131521755800153328565221954445263426404080709/42601996405953376997610327906116030174586641345005961092,100945839251651625590569291816271759974624595984083522549/127805989217860130992830983718348090523759924035017883276
91320589740651884734831515537/108418659389990535175565947012,0
1,216142349284148936716947088857124814879110333105111993874964724744162385726007959/262081730611975810790785605683583858109604261167872409943248807738983142077253188
8
4 8 1 5 9
3 9 8 4
4 12 7 3 13
6 13 12 10 9 5 0
4 10 6 4 9
3 7 14 12
5 12 10 11 2 14
3 10 6 11
-4999222498003754531080785631927469616190983/3242198028803311559422952179776269466761042,1772262776750262571223507762913002330936171/1621099014401655779711476089888134733380521
0,1
-5111820593770547626742121012277416101861346147507402409404410289541985617362046413735086733469/9496136738147495041580482126022197683068472967177263187260808024934592130510731145219773789922,6052960107902720205008977383145028001737602792414453852498390680221508718500829868985938114300/4748068369073747520790241063011098841534236483588631593630404012467296065255365572609886894961
-424298399654975/461686968761833,365898249583373/461686968761833
256888565353037/1424963404950800,306896142427289/356240851237700
-80409138021354412953088231001428293/57597465396239188270220213054759782,77949737639584073519148652886870947/57597465396239188270220213054759782
-2886717576309452868432739036029747789345010779754/32907983420036514813767975469459607810472188701275,67635650149100381171140988639104849974161138142121/65815966840073029627535950938919215620944377402550
-4933160151440974884233029303280768554631/12881369014267559375809493701031591653105,44571520982539199362467794764336219955726/33491559437095654377104683622682138298073
8489/57560,1
488540975317/1917503642920,438696018883/479375910730
-1220398327973689903115115243983/5505843791950984983173464313780,4267935258748806178242624111791/3303506275170590989904078588268
-109792916352070900273991113511723821898592444708015308000723156013599842/1442631748560165160518682440582403616446143417656054165115277095799526669,33954635844726920431427241483216868011389010862017924449924451541268079079/28852634971203303210373648811648072328922868353121083302305541915990533380
-30135759060750451480894384009780596665779/92274634738348333000792438072723171818724,364642650300858017235162312585604857788639/276823904215044999002377314218169515456172
-3805353595536451216997092425/4713854756086545007633302044,18464922594029210105966567993/27104664847497633793891486753
-8787071376349633974131744285211734018148696162024266742198043308431512181881514969/24198879793172433196349204258117576232120126781166885851426639914566110118466377692,23029510613772441041587426741263962793871607180449022918803573496975125457491187677/18149159844879324897261903193588182174090095085875164388569979935924582588849783269
