19
0,0
0,1
1,1
1,0
1,223284799/492388458
199779800/423064599,0
54442301967988396193/104523789238381718889,1
27020359348632412454246808076/28209145441553438499917171463,3923555317632712896594595626/9403048480517812833305723821
1,534788185292423929757324125698885613/1428619892555058760858204828898886751
0,409901177306524901083/639279470299812978569
409901177306524901083/1224995471146623091263,0
38758001044999705816005950499/305447649883794832709486544740,121582154836923033197005882807/305447649883794832709486544740
25685532692180915981429316952/45911518487758983319285039689,14516168117549082388004131034/15303839495919661106428346563
0,54193020020107250357214915510912544090920242308204/138678765444895867440510161452737188602172336283659
58955480201786678429976265060436307325776207089/85749048096192010670161645353048384805898410847,1
1,349365508943022285317/4447105089450571771620
6803872220816262958541/7502603238702307529175,0
107684842233870521070036935348994245026218866133434487/110409090954476092924980170871275258502710319789653360,44105315787586141931869396662308107645781071991992691/110409090954476092924980170871275258502710319789653360
382520295068386885425626089505009/487288097546084170279942016413760,0
10
5 6 1 9 11 12
5 12 7 5 10 11
3 13 9 11
4 11 13 0 10
3 12 6 14
5 4 2 14 12 7
3 15 3 16
4 17 7 5 18
5 18 17 8 15 16
3 8 4 7
-4423564993869681105146740918841943195673276578319867074423/50528781497551739795039275610827171266336577722579299131865,38229935238689885548418396490144023800336787441115305190111/50528781497551739795039275610827171266336577722579299131865
0,1
153155176592359869722264640908247155575154331580432157429/752881770604372347336507283126059006165401270481533758875,171661102980979393715856987478661981958142902599865230099/250960590201457449112169094375353002055133756827177919625
77500753531729121/140476682832882855,73295238582966628/140476682832882855
425506002135224746074548831995874673263616587969/466924811143890276835550861966725734423053893650,90338733376329197118613940122631237245792765579/233462405571945138417775430983362867211526946825
2493862198097788186/24189276783803991925,30608634644943448744/72567830351411975775
54442301967988396193/104523789238381718889,1
27020359348632412454246808076/28209145441553438499917171463,3923555317632712896594595626/9403048480517812833305723821
3950570803199569200787889171693035711/4285859677665176282574614486696660253,1994594256667424276208950913379715003/4285859677665176282574614486696660253
0,409901177306524901083/639279470299812978569
-100172216045624117503853905678448089318/324190976450117621048580569423581592715,54652289981674267735500598152521238787/108063658816705873682860189807860530905
38758001044999705816005950499/305447649883794832709486544740,121582154836923033197005882807/305447649883794832709486544740
25685532692180915981429316952/45911518487758983319285039689,14516168117549082388004131034/15303839495919661106428346563
142435127252462174235996269717980747185497812170711/693393827224479337202550807263685943010861681418295,7346737941155686835079925774965533555893631853379/14753060153712326323458527814120977510869397476985
121979509177418708044522416936397847121044336413/257247144288576032010484936059145154417695232541,10289859227777431021263789295809742791303108403/12249864013741715810023092193292626400842630121
827355424894379410287042687296/2451679969278599100340906609725,12602651241644249854271171494651/19613439754228792802727252877800
5581185946600871143495617499769/16544679478256916946018809577875,68919950087069602830591676746739/132357435826055335568150476623000
605161803178679754409138727885973227/1010520341527234866452144387166015984,5873534111365122742115909306795487913/7073642390690644065165010710162111888
121575616255959333697191859708319/292372858527650502167965209848256,31245646020738727536786412618579/73093214631912625541991302462064
