13
0,0
0,1
1,1
1,0
1,7813840537381869321320/11001868109874757314769
1093553191319371946079/8907393728701241267399,0
27244453/274602032,1
1206075535786686708171037950901/3688585305793046308550055105680,609835108383150105801848750291/3688585305793046308550055105680
8463912488512726519766063934550476719758861748806717/13068571830494010887220441434035066281207537356648928,0
70370593561875792596609057/239689468789123428217578899,33149406684006974220300538/239689468789123428217578899
108614197021/350698645232,360777048305/1578143903544
6217072523594554808560249099487174409507/17822323076791836237442769604397591711402,3262014611680786658423207898596801292015/17822323076791836237442769604397591711402
60918248894044886499055141805785004837815213290980152939/158116419436767320298168403796855123586034325564742351864,14259278449373346037038642276946528829574753326560931057/105410946291178213532112269197903415724022883709828234576
8
6 6 1 0 5 9 10
3 10 7 9
5 10 6 2 4 11
3 11 10 7
4 5 9 12 8
3 12 7 9
5 8 3 4 11 12
3 12 7 11
0,0
0,1
-1713396495714489/2531909368285544,686735003786581/1265954684142772
-1575858824604758041124277395334842043897736634966800148353/253675499903837466983613750008574835925708703595072661693864,98047723756728067920816993017879274109221187145696500620041/126837749951918733491806875004287417962854351797536330846932
-14750656270441068669617896495392845097/27855732936033868779556233558680399336,4078851159213030380528121748495504049/13927866468016934389778116779340199668
1093553191319371946079/8907393728701241267399,0
27244453/274602032,1
670434908903924101806678746128061248989/2468306051052696319019056422848282448080,2499840703399567834441898560716086257/14267665034986683924965644062706834960
126327961189950562589880552313134824337479026614317/544523826270583786967518393084794428383647389860372,6709325431202595423842442106824740830119433567347779/13068571830494010887220441434035066281207537356648928
70370593561875792596609057/239689468789123428217578899,33149406684006974220300538/239689468789123428217578899
108614197021/350698645232,360777048305/1578143903544
277244101154010820291703081121307020051727/926760799993175484347024019428674768992904,78530288408665988200229942660906463649491/463380399996587742173512009714337384496452
108614197021/350698645232,360777048305/1578143903544
