20
0,0
0,1
1,1
1,0
0,10159705009/22555439032
314950855279/1147922745266,0
607/1937,1
770/1937,0
20321744186833680543959001/466771956953771565036684169,0
0,20321744186833680543959001/743591090958915455002283333
1,9/35
2958211/8479927,4904841/8479927
1356023050480487319229/25786049976399801011198,853514935070648194269/2344186361490891001018
0,2618354158314831779980767945433243/7757594594784614448815560838205819
1,24548929165973489/61011939317994132
125682902564190009989/152662043388589878638,157700534520646250549/457986130165769635914
228296228369663306205089/241873580721866976752604,0
2110047487369806232557744301433143/5559524728124941377300344928280663,1
2391036833598431400330723557757887471/7438708203576301739111030960280490011,6726177730512826482667989619870854461/7438708203576301739111030960280490011
1108268388107585280597029001168146462172/4645464143198471343737873657891080016777,1
11
6 14 2 17 18 11 15
3 18 6 17
3 15 14 10
4 7 11 15 16
4 16 3 10 15
6 12 4 1 19 18 11
3 18 6 19
4 11 12 5 7
3 8 0 9
3 4 13 12
5 12 5 8 9 13
180769625207872174179607/451658323414543631912705,110109749621986967673884/451658323414543631912705
1175759/1889269,1988210/1889269
1,1
4175524305269129605484380166507511442219/3565751666419152683746175409250252995375,1833779302408945121128130484474293639483/3565751666419152683746175409250252995375
30433477939641101/42613291744547608,776979131184665/1521903276590986
100704101626066134316240693/112515345866610240272022898,44040597096774345455885186/56257672933305120136011449
1343512889471495495041636804985403504036047992183919504723573827077799/3276007658211088295298536477416589135766798764106152927452377903097357,3083767726052264253225742077021758597085915632657767926368309860172453/3276007658211088295298536477416589135766798764106152927452377903097357
6473871328/7730214913,89611445070/100492793869
16084720580263389081618060872275884/24216426460498248346590103055535653,18903772143308355410299195833571994/24216426460498248346590103055535653
23954419067514966780102239273713083/38577979466473474634663295770523121,29044249953800453866492931491662013/38577979466473474634663295770523121
1570331967400893339168715940311256/1718247824529965140822276049371875,6246198005284019564172819231690769/12027734771709755985755932345603125
2958211/8479927,4904841/8479927
17450918413184060292839/25786049976399801011198,10743061778869893376349/25786049976399801011198
1613366427354383129719187661256739/2585864864928204816271853612735273,3434235476473421167394236315149067/7757594594784614448815560838205819
1,24548929165973489/61011939317994132
125682902564190009989/152662043388589878638,157700534520646250549/457986130165769635914
70742447651734146767125/60468395180466744188151,5276902501267778383755/11517789558184141750124
2110047487369806232557744301433143/5559524728124941377300344928280663,1
2391036833598431400330723557757887471/7438708203576301739111030960280490011,6726177730512826482667989619870854461/7438708203576301739111030960280490011
256907735895651580923159219907839784621/663637734742638763391124808270154288111,4703535376753144577137981527134465314102/4645464143198471343737873657891080016777
