9
0,0
0,1
1,1
1,0
32799649300072769723823/201831907899761805608494,1
144989316990377923970711/201831907899761805608494,0
0,10/33
1167149964480669697460261539920975054403/6951830031728200157969657562737921966294,3442264336361612593793801562107253946527/3475915015864100078984828781368960983147
1,402923250202851684786484019497880085685971407258660054266865262/561370936348901422626184040208586041839486656930272187438762933
4
4 4 1 6 7
4 7 5 0 6
4 7 4 2 8
4 3 8 7 5
-54868632514923988530010971219736/392727677638740149538415803478457,13403323926962145813241506353892/392727677638740149538415803478457
0,1
-3727391479160820912609389099032470822365339592/13330660145729758049056948165096294674015658145,3848823685109338756651702952998110881101331221/13330660145729758049056948165096294674015658145
-19776901721702398556653939397143243406974919423114594932232866794695268376577336/26176596002118786016537063784187985157083292651289926971663026402795875920411325,2212733696510203670765328154877089929668984719897144396837384961617393255595152/26176596002118786016537063784187985157083292651289926971663026402795875920411325
32799649300072769723823/201831907899761805608494,1
-308012702746059307911452450428374259962816290390201408557/396324882314347729017335208633783392295147674283526068790,72394811909355931674097336998475619979416298074988403062/198162441157173864508667604316891696147573837141763034395
0,10/33
1167149964480669697460261539920975054403/6951830031728200157969657562737921966294,3442264336361612593793801562107253946527/3475915015864100078984828781368960983147
-22395570932244325403467006033161004226274976908326521290838144/561370936348901422626184040208586041839486656930272187438762933,78432582983235427272928642860282327529164683558174266568392658/561370936348901422626184040208586041839486656930272187438762933
