9
0,0
0,1
1,1
1,0
1,59655006870512340687051234068705123406870512340687051234068479987009/174606629539651430953965143095396514309539651430953965143095430138282
0,59655006870512340687051234068705123406870512340687051234068786403355/174606629539651430953965143095396514309539651430953965143095430138282
173277713714270418962411977827748352969819189613741303926330839421777890978452455277536217594657130349577371952036193840/213104478716765773258852896605001652589960993446283669137740463220484768122240481402561789072138303513390586062872166321,48538627181578173492896196927885884458170598677081354759834824192640253393203507630545163598413903314052750865128404405/142069652477843848839235264403334435059973995630855779425160308813656512081493654268374526048092202342260390708581444214
152925408106521135831538407825149751447225404358214/162731109182290517944184343307439824398880344962935,0
1,5832950700622554901570027966696751555123453438155780827767801253440631203607286785565354536698672586241434684345085006449802515215499703189819384586308771145132442007423890962145217738687/6895701315570262875651903146290026346630040903386848821789079789072541084720976849407136813843537357579832551563209437143806090302041226106539818943332806974984312245514687655526955004946
4
4 6 5 0 7
4 7 6 4 3
5 5 1 2 8 6
3 6 4 8
0,0
-17611528092524183502675962350267596235026759623502675962350260294950061958371/7621868769799268919754970642360457439274541781431303781893518274048641547656272195449876834584612644962423760646638625703458874684475810,-2413788927386814354001887351847405326829462191847418385101183891657965053157858245677869377351195293013460364829180120011144841597111897/7621868769799268919754970642360457439274541781431303781893518274048641547656272195449876834584612644962423760646638625703458874684475810
7621868769799268919754970642360457439274541781431303781893500662520549023472769519487526566988377618202800257970676275396218436074521581/7621868769799268919754970642360457439274541781431303781893518274048641547656272195449876834584612644962423760646638625703458874684475810,-2413788927386814354001887351847405326829462191847418385101210642820670510984651538324548706615863225939927158121826799345560976919690683/7621868769799268919754970642360457439274541781431303781893518274048641547656272195449876834584612644962423760646638625703458874684475810
6058785223039970696085092738990107833818116938979664962560938318838640440438227908103145120594904404979/6776846898606439604389659762449706424350325545784804450015480055936977270306317186135583951448861665729,-266144122329407870676430602716401451141013662486624654406674459599326127274375379880652328120649107240/6776846898606439604389659762449706424350325545784804450015480055936977270306317186135583951448861665729
13696882366068973097624856614485721504063579490962687975423746664434966558641205538876910708977970529966311313554659621216322171104530919860288882694826176731723617772991/20401420618481212813853068183801455497824345855094508072488561095728194797009135138395496228691196244248680720430762806720889928293451118780126329798137388401017367764441,8970470382118837521757095455182328276092050143574148162883095104299662404700426113444363256184544252322307576930195252645401141619850389886746139322866037512559833223621/40802841236962425627706136367602910995648691710189016144977122191456389594018270276790992457382392488497361440861525613441779856586902237560252659596274776802034735528882
0,59655006870512340687051234068705123406870512340687051234068786403355/174606629539651430953965143095396514309539651430953965143095430138282
173277713714270418962411977827748352969819189613741303926330839421777890978452455277536217594657130349577371952036193840/213104478716765773258852896605001652589960993446283669137740463220484768122240481402561789072138303513390586062872166321,48538627181578173492896196927885884458170598677081354759834824192640253393203507630545163598413903314052750865128404405/142069652477843848839235264403334435059973995630855779425160308813656512081493654268374526048092202342260390708581444214
152925408106521135831538407825149751447225404358214/162731109182290517944184343307439824398880344962935,0
3447850657785131437825951573145013173315020451693424410894533792750368009706815679290000102549775655270150167567885579744686227950610877831488018034282057686309831670510164828916985215260/3447850657785131437825951573145013173315020451693424410894539894536270542360488424703568406921768678789916275781604718571903045151020613053269909471666403487492156122757343827763477502473,-1121066501930906224156104647725445275038228573215847074841110707887165678521886679677086011595295942132401211887495457418516089886922304718563451941053709157287394620973289349336558878955/6895701315570262875651903146290026346630040903386848821789079789072541084720976849407136813843537357579832551563209437143806090302041226106539818943332806974984312245514687655526955004946
