15
0,0
0,1
1,1
1,0
0,107/201
107/148,0
1,922456848143/1079033411226
43133703590371/196236501148377,218112201365693/588709503445131
18924241912324853/153180079524425987,0
4174373/7714258,34603067/258427643
891634/909895,0
895122570178695904550608390057885/8947629918555921374498604988559894,2052035474873225356213583811063039/4473814959277960687249302494279947
7513753294972303806212487911047/39697058310144358497361586761690,1
101527029729/160578920461,0
0,915382334693496250311823281619386638/2240770663629685931268244255589282609
8
3 9 5 10
5 10 9 7 6 3
4 11 4 1 12
5 6 2 12 11 7
3 5 13 9
4 9 7 8 13
3 11 4 14
5 8 0 14 11 7
6585216998020400339088979476596491853938022/15629834190801080571512453887708685507833805,-3303226704472087955585228120086235874410326/15629834190801080571512453887708685507833805
4429724120364994994008470/6452527274517570693597529,-682178899605552490112975/6452527274517570693597529
166351566754497483955320345130119853741/250860030347501493804870458032400056301,-185553148400254230394063612224757464697/250860030347501493804870458032400056301
38744869908509/38877794649269,-435615205428/38877794649269
115587859249290917164324370/432319327392677236471034443,131907930486229857452077451/1296957982178031709413103329
107/148,0
10892311977514330381123127/20975219690672329658646897,-10074483106367120694159865/13983479793781553105764598
3260465912456484260612665657/22887727183012923913330759239,892653817292680514097550465/7629242394337641304443586413
1783813270780059562650134583409/5955303676109328543577214153503,-125643932775258240023753143010/541391243282666231234292195773
4174373/7714258,34603067/258427643
891634/909895,0
2198609695799092461337364171572295/8947629918555921374498604988559894,1002308969299379762005119975524883/4473814959277960687249302494279947
30585102785755886191319804833397/39697058310144358497361586761690,253734019124649624166376459317/3969705831014435849736158676169
111769537561/160578920461,13910432934/160578920461
790455000688314306245965604844458470/2240770663629685931268244255589282609,428830532615203400136108223608165776/2240770663629685931268244255589282609
