14
0,0
0,1
1,1
1,0
1,1704661450916/2467769458489
1810233692011/3514895142927,0
255822080/595028819,1
207772168/595028819,0
1,196016766003763091601833423730321/5010743968502768611623785093240309
2084575105662605784491689593432191/2280591871666368876093523017162512,0
0,1314543551496698868035/4701081801820867790468
37139916424258996334517409198/101085701303807207506698429133,91282189569303134737113840031/404342805215228830026793716532
310143590840846231609641317121944647728111957171115/462757403303861509183190811194914699071130093279376,14612568881351190222463905204307885618335120717403/66108200471980215597598687313559242724447156182768
846886621619162115281105566242188598704786317012403094429107527/1123279709261430860541531491332846117937100055568080810966097164,0
7
4 10 0 7 11
4 11 10 1 6
4 5 7 11 12
5 12 4 2 6 11
3 8 3 9
3 12 5 13
5 13 12 4 8 9
0,0
-583579558662243429702962655635273733501747/2821911925625875476823927364989632250038740,-1158186409316432783820703677492610047153421/2821911925625875476823927364989632250038740
-164886223856238249762707493777190471852265343116152173167/457732982078599051624643368462920717904965841342915992100,-2736878470049946268633845894254908403918470938519699218753/5950528767021787671120363790017969332764555937457907897300
3230480728851913011074093/9222186983011454026145225,4206711465634050373025924/9222186983011454026145225
-4700973715214935879633231371601388618309293833822321347157144246010383/14684533153116573802425436574033327883895796851113051122950857625179700,-2251416827933873848605775525985570073113516310176015191491943326292169/14684533153116573802425436574033327883895796851113051122950857625179700
77448457064790780417154650127/417532155606860345918280004045,4761661597856902367930181136/178942352402940148250691430305
344273837334195208816607465455133434927599943386487/1679118920427180520815603370931562824984864166448060,-128056759280377413183730166530350799862588436755537/239874131489597217259371910133080403569266309492580
207772168/595028819,0
4472499172194834751389803265370640789224811765593309063810576109814741530077/14139878160975888911186141154976139482732873043028485864269648220877379570660,-188356254316279036226887167562779879614089791145134449366361467236078705889/14139878160975888911186141154976139482732873043028485864269648220877379570660
540664736856021218595382439993321260936448594886767455489269367246374933409/1608907350035190619504280400587083968886943103411626698984889111974218928720,2270465348802349417922557198372330193474047137647306493325941788024975327/28730488393485546776862150010483642301552555418064762481873019856682480870
0,1314543551496698868035/4701081801820867790468
37139916424258996334517409198/101085701303807207506698429133,91282189569303134737113840031/404342805215228830026793716532
407751966336346858221241159530505470678721509310113/6015846242950199619381480545533891087924691212631888,231771308801718075958247338123451991437259603752687/859406606135742802768782935076270155417813030375984
1101212160148592082825044293988055861737803568840932583009655883/3650659055099650296759977346831749883295575180596262635639815783,9265269186272755576081069037976855887168439043238271358180331/39360205445818332040538839318940699550356605720714421947599092
