18
0,0
0,1
1,1
1,0
1079962389931/1514492480956,1
386961038299/1514492480956,0
0,429/2452
311531511439819/576339204196972,359005526038423/576339204196972
305425242193220978581395533/551992093979483365911473872,0
0,2999/3199
80882912562509/148479118792804,70390478445808/111359339094603
1,838105961463964255397632349/1793541180230289393584834349
0,9563464869929634524066884159/14103327723327664507585087785
46809422893419060063030863370296/110457297492469807429268028688545,46386346381566509177994273784223/66274378495481884457560817213127
50555247418439940678236085216300056/193833868760617745259615625471463145,1
8619287383258609582859685126282541672822831537284591047/12766738889869935940122509546831122693076106974132522550,33602549373827323921240192409585687661012023117804092657/57450325004414711730551292960740052118842481383596351475
1,402273510501999231353044200704391744109486561905793/2405162786593709003013621543518853881017951245797784
1,303830750513203760300916737997116676110062736224331653765319/463263178780689679708008858175589955807072682428059416446600
10
5 12 6 7 10 13
3 13 12 9
4 10 13 14 4
4 14 1 9 13
4 7 5 0 6
6 7 10 15 16 3 8
3 16 11 15
5 17 2 4 10 15
3 15 17 11
3 8 7 5
-108966/633833,262977/1267666
-766566696092445283510367884187348033943628853803011808566845296/25749835849427695352886704215986821703734983164898594931708934375,3837258106512499859260336815582868231233128389310555923265713501/8583278616475898450962234738662273901244994388299531643902978125
299216259706292693720245819151/8394409635417582287164406352106,1440750559418563264133859682583/4197204817708791143582203176053
-80167179456869578167853/346742293529504866467170,97672601721109987670778/173371146764752433233585
58430710885871671379/183324482074217069404,1941501679363206703/6547302931222038193
-289300093624377/2324298577921996,220070387461553299/479967656340892174
0,429/2452
311531511439819/576339204196972,359005526038423/576339204196972
33569657289798424855509339/551992093979483365911473872,15549457174249019335359771/68999011747435420738934234
18123692790280726095868489819129110026378526592848782098544/680511329152998964507065748316767628548128114178628246090625,95292046277614022061689258125454502766684061517118733150211/226837109717666321502355249438922542849376038059542748696875
80882912562509/148479118792804,70390478445808/111359339094603
11984100746202077809581496072936982900812359042205239265174358388050900849833198367/84785182345118454007087948067932201902548329437153566864739624370575553072560693750,63705407618028213402785974539197841314058464346518917302647979713881309181441354191/127177773517677681010631922101898302853822494155730350297109436555863329608841040625
0,9563464869929634524066884159/14103327723327664507585087785
46809422893419060063030863370296/110457297492469807429268028688545,46386346381566509177994273784223/66274378495481884457560817213127
16039888459451321644665761459040856/193833868760617745259615625471463145,8817624708831594704232437025254711/12922257917374516350641041698097543
46809422893419060063030863370296/110457297492469807429268028688545,46386346381566509177994273784223/66274378495481884457560817213127
-104861793427276840190848323809995480535275868928311/1002151161080712084589008976466189117090813019082410,8089930371895493913506670119353102102601903507199509/12025813932968545015068107717594269405089756228988920
17699834224658528443503271300639839444265375846700936048129/193026324491954033211670357573162481586280284345024756852750,1581626640271697355018638892981920211487212846046319920536061/2316315893903448398540044290877949779035363412140297082233000
