16
0,0
0,1
1,1
1,0
1,83401792252/110555433143
0,26993446194/110555433143
864437052993857201591527931673654/1468908211883842796838049601404591,799710667296539089730738527764102/1468908211883842796838049601404591
27480017295440442499/623634745445936629875,0
0,350590677562010755316643241667510427460893322/778146385328445311075012894084363868196917815
1,378048600649/620569414700
156133486127/534182086776,0
0,2478631640709167570129308104550545424862529581340274515803/12579935658521665381161488484857528680543538217138273566300
65549621681739759643040654623466405411489894442980176604846278203371/906082291406002894395064156758535571634201454606173892599869186423248,127338062561701685647855615547705177186940305297853964651723602518705/453041145703001447197532078379267785817100727303086946299934593211624
0,266751388851100946256385037394695/423203669738032072118666569647372
1,122373717529795248281352377735285/141067889912677357372888856549124
0,81407298021036460179131501125303160448741078477929651933120844052283902242448505/296007634463738468587077493084182250919167596658148134656960010272458882691214668
8
5 9 4 6 7 10
3 10 9 3
5 7 0 11 12 6
3 12 5 11
5 8 13 14 4 6
4 14 2 1 13
4 6 8 15 12
3 12 5 15
1037709511915688528181033974096471079705309000/23549901746886625520496807003999109748092325989,-1037709511915688528148204037113885110098833684/23549901746886625520496807003999109748092325989
3175065091562590438113212884255980622669337/22258598771411713808261577738056521599575317,15394433293309838203266450884268861720043157/44517197542823427616523155476113043199150634
22940251558509698797930127871690810914068622/22258598771411713808261577738056521599575317,35867110030219639715079647952234966032080741/44517197542823427616523155476113043199150634
16660207468662724645558/41903556268341410635261,58651349708225992535075/83807112536682821270522
1,83401792252/110555433143
27068229800850259607171612465189730723403086663568691163476669466059123623268763/109098824733580628773679847410730688130432841178857876275388727700955217468889447,554799829864258202873449281806566234265927212395463326455696233534087172396509/218197649467161257547359694821461376260865682357715752550777455401910434937778894
864437052993857201591527931673654/1468908211883842796838049601404591,799710667296539089730738527764102/1468908211883842796838049601404591
27480017295440442499/623634745445936629875,0
130030571815027151934961002482187877208949152/778146385328445311075012894084363868196917815,19148422009151842881866653962641431150037586/155629277065689062215002578816872773639383563
1,378048600649/620569414700
156133486127/534182086776,0
30329574732515945054655236615608294161040828804227693435/125799356585216653811614884848575286805435382171382735663,-554325832542426935240262111875242196107710504552458963603/12579935658521665381161488484857528680543538217138273566300
294601990737457412810418637684213647498589369149888222926989479261371/906082291406002894395064156758535571634201454606173892599869186423248,12811878033842859067789880215460247505193663710011082779112561332301/453041145703001447197532078379267785817100727303086946299934593211624
959300422676033403255324629862869/3068226605600732522860332629943447,5518205051473503691472338839931/314689908266741797216444372301892
1116392039419838585799890842458548/1022742201866910840953444209981149,72170661256458995150852806350241/104896636088913932405481457433964
19989232067201608469178634610443069986073588983264491735414304898262209286204134/74001908615934617146769373271045562729791899164537033664240002568114720672803667,-1882757464983302511561595226568358326470535321669902036454605321241932787307469/98669211487912822862359164361394083639722532219382711552320003424152960897071556
