9
0,0
0,1
1,1
1,0
1,10015/10658
0,3767/21316
18186489275/43009019762,1
803393361324167/1023282883242775,1587567353761537/2046565766485550
1,31745370444754899/665113056455667626
4
4 4 2 6 7
4 7 5 1 6
3 7 4 8
5 3 8 7 5 0
40958657158341552341123851589/47989550979464374200470238650,90090801791502495036212507877/47989550979464374200470238650
15643661532597521051/66758130352088267066,92026324290880828809/66758130352088267066
1,1
5179579406794191109626914189/47989550979464374200470238650,58108703698048108611648250127/47989550979464374200470238650
1,10015/10658
17276580476925352495594127/17787703832313918759735700,15524607840981906958766043/8893851916156959379867850
18186489275/43009019762,1
803393361324167/1023282883242775,1587567353761537/2046565766485550
1161786615771201517/8313913205695845325,19542294457987064987/16627826411391690650
