12
0,0
0,1
1,1
1,0
1,114630028100994965/180241166775237616
0,2782992600346901/180241166775237616
24813334198777153931607573354791727491507271619507911118349711861/2650325970327408255921744234376794416732136880094455199993625465156,75092985075246650056180814100027596355877269332309392146949547305/3533767960436544341228992312502392555642849173459273599991500620208
30/5396563761318393964062660689603780554533710504641,0
0,673223758327628782708928566916731048632230226520593420392055151729462411711533701/31064219061606927899752819323856840262577408112056627107365024986511431344355590120
28075173930263686455660249690534130393163455/45004842797238427970250538594480704835491379,289867020119461325826610466188813051645362449/720077484755814847524008617511691277367862064
2500804306898548591541704576/3650556607423032181240035085,0
0,89252668912545658526803316374879697285017938881228700803891/106324344385159615540964658596594097395227270489465376227104
6
4 9 6 7 10
4 10 9 4 3
4 7 0 5 6
4 8 11 9 6
5 9 4 2 1 11
3 6 8 5
72853610777798318514845919309651037486205091812653500/7824591144067877275234949736097412227883920607620298575222012745648479718547205462740811801841070961,-32097822719493751925381390536425964341748330304979600/7824591144067877275234949736097412227883920607620298575222012745648479718547205462740811801841070961
1491053943212500025909115267847923465334118359174729578578759820932069804272260584027645/2396563963099316472285029944933708923394731863891266398530103998033469569327974979940457,-8842792736317410223596187443475917714724740700452589300722481941541951230644359277064549/19172511704794531778280239559469671387157854911130131188240831984267756554623799839523656
-163253844096470721502101611609105006589419099316022582807932900887314717894717202675180/2396563963099316472285029944933708923394731863891266398530103998033469569327974979940457,5029273178347670559401018503756358157774781373291633188273089120738904994400545075854107/19172511704794531778280239559469671387157854911130131188240831984267756554623799839523656
5240333193563796947554276044519753400940254729299023191/13634804908722767661980152453587267027571162763470839721,-1276673201633076844956861270439886723732088789348764448/13634804908722767661980152453587267027571162763470839721
29991642506170771164513075969631390523951511829901890611038262631206991/153597071593808054137858284642982319952395253929590053088328772301634071,1262181569785321630877155790570532408013264099275841586558493172354663517/2457553145500928866205732554287717119238324062873440849413260356826145136
2008601102019047628887885181972081008419350546970540176249971264210799414580614348785254581078617255796768798703515/176289179668248195991892998177413517853555320285361304631373248350731655282055241209607502668469917982914598586558622,14696188124086122624756280285274140534598972051147422487422119094872908669515360604679050584724569942628003170925989/1410313437345985567935143985419308142828442562282890437050985986805853242256441929676860021347759343863316788692468976
24813334198777153931607573354791727491507271619507911118349711861/2650325970327408255921744234376794416732136880094455199993625465156,75092985075246650056180814100027596355877269332309392146949547305/3533767960436544341228992312502392555642849173459273599991500620208
30/5396563761318393964062660689603780554533710504641,0
21682014617344320476497446457560763830215152370471093717654138272211251977870993/3883027382700865987469102415482105032822176014007078388420628123313928918044448765,39369973910441002970482205409781386954864355581955768644408714109696276149849849/3106421906160692789975281932385684026257740811205662710736502498651143134435559012
28075173930263686455660249690534130393163455/45004842797238427970250538594480704835491379,289867020119461325826610466188813051645362449/720077484755814847524008617511691277367862064
2500804306898548591541704576/3650556607423032181240035085,0
1635481757950558110877626837903768697969389697586858115261/2215090508024158657103430387429043695733901468530528671398,-37254883752665852490936214708384115237837975379214038009191/106324344385159615540964658596594097395227270489465376227104
