14
0,0
0,1
1,1
1,0
1,15/26
2/7,0
1,621817/1983866
20534279/47715775,11148093/95431550
7740723127/8021868973,1
1,351872471/3297480925
20298758706897769/25708206166049125,6190802407580999/25708206166049125
7904652870811039295184/9071304559435900531625,55784941465208211004557/117926959272666706911125
27737409386/66043637675,1
18009032479043806123/28716066287476872625,12690445618343501983/28716066287476872625
8
3 9 6 10
5 5 7 10 9 3
4 11 4 6 10
3 10 11 7
3 12 8 13
6 7 13 12 1 0 5
5 11 4 2 8 13
3 13 11 7
698777833129157769312/683146112227260589025,663803194415028100218/683146112227260589025
1111098544578838931312/683146112227260589025,119119578394819827993/683146112227260589025
112817819296913351/78718944267413069,33946033863284977/78718944267413069
670747336503070161/611590073614378325,92823420892409254/611590073614378325
1065054570852589/916156021017341,194311969277279/1832312042034682
3403829543297840502/4281130515300648275,3421648109226351278/4281130515300648275
1,621817/1983866
875786404333902129531933/1167299773792684516823075,1444661309874141748115347/2334599547585369033646150
11280628321/8021868973,3639129209/8021868973
1,351872471/3297480925
20298758706897769/25708206166049125,6190802407580999/25708206166049125
4821580772736078738432722/4835005330179334983356125,524496499135729318586437/4835005330179334983356125
17060150446/13208727535,-5225262989/66043637675
20298758706897769/25708206166049125,6190802407580999/25708206166049125
