20
0,0
0,1
1,1
1,0
0,37/326
37/304,0
0,166130646823223/281006480151920
166130646823223/250963634196420,0
9736683870349412249488175585130029/13321438795942177214637580665755446,1
1,33798419212765373930421003219574657/37383174138358138895570408300200074
1006102729417049634659352791145727642213/1303284393290281568677082596485133758300,1
120005229998480298636123449919236837943549771347/155186876126473287896925564692732830870979550480,458527776704800907529124595597686244232207947041/465560628379419863690776694078198492612938651440
158489705195563442450234255113108280207273/759281214148291755048123734306970266662620,10244689823746980210484265860640658549791/25309373804943058501604124476899008888754
0,44005/153236
29455887684415860063/158881884290832701380,33812020231157108717/79440942145416350690
2581392296902422636230633329048703346088105214173/4716529478955487343069637027894544199697829983580,1
22851421646821613823659818873233039589454390442038930740747/45620261110348313948661957127086509434720835509500812859480,96486581172898289546995369024637932759933660552649036214251/136860783331044941845985871381259528304162506528502438578440
1,61107929458177253639879061750162238485849575198562163545989883086928797/76627500031258903185942608700525923327877271821919526975100114247439220
52663761/100575592,0
2821975561446342079357/5001320120585193818260,872999825644220659349/10002640241170387636520
10
6 13 4 5 18 19 14
3 19 7 18
3 14 13 6
3 8 10 11
4 11 9 2 10
4 11 8 15 16
5 16 12 6 1 15
4 16 11 9 17
5 3 17 16 12 7
3 5 0 4
5624/49673,6031/49673
-205372049624634245641660476871120283210262218056007441/1027275166369209451455814613349833535963026451433452500,-551561915640049415844063377847841345720359751827481363/1027275166369209451455814613349833535963026451433452500
-601189663595669583173378830672818043365191780600851/1969382234018072461940722789705877749621003229826540,3741375893833233894629494028916497454214840155877/656460744672690820646907596568625916540334409942180
32017119699318785813410507474592652604992962318041269983020625841945305789/493164217996944069363417198963925371281792552276114919167526240310816023750,-52850409421471374218743770484564522657690481754741396496505144038373232058/82194036332824011560569533160654228546965425379352486527921040051802670625
0,37/326
37/304,0
-50525601362725638082307107898183962051/89984411623826414005565070518440397500,-261912557146547574371733361941152884997/359937646495305656022260282073761590000
-461595420799346853336824444553764144299317290902349751001393/1937592457745329277492000948124447342124774854255417500528750,-3071215820639942933178294031404573155088161916729350225047323/3875184915490658554984001896248894684249549708510835001057500
-10787347898679090950181956305887784/33303596989855443036593951664388615,-6030758570014725526994459389130279/33303596989855443036593951664388615
-7245866002203042034179231983596992873029634801256115346587/34577017234472316873620779898069779616641463059610662519380,-964703431421483430592390507468225931226529584759407249/4939573890638902410517254271152825659520209008515808931340
-83223868616024012550645508028080341991/260656878658056313735416519297026751660,-24099318575106777603077052892084951339/108607032774190130723090216373761146525
-8866462525783255477/29153877132661278576,-58119719598068456483/262384894193951507184
-14477488757714722094565832456009590482045996589360389/17574648832954920290177374325620484967881504950014375,-14763206040920199118560949659340060783962875666009561/23432865110606560386903165767493979957175339933352500
0,44005/153236
29455887684415860063/158881884290832701380,33812020231157108717/79440942145416350690
-536845571559749904884834237275033595082387466314/1179132369738871835767409256973636049924457495895,-249216035206246408129634453427034004942446709633/4716529478955487343069637027894544199697829983580
-49500098411723771/71268408147930888,-148504520167820867/641415673331377992
-41665718057693515171834189582970207643602363131619425913528820472660039/144740833392377928240113816434326744063768180108070217619633549134051860,23511164201440782717341789599319454067491320293575939673437057610071833/325666875132850338540256086977235174143478405243157989644175485551616685
52663761/100575592,0
2821975561446342079357/5001320120585193818260,872999825644220659349/10002640241170387636520
