10
0,0
0,1
1,1
1,0
1,83401792252/110555433143
0,26993446194/110555433143
1,1402648845964204535078097668380/1346807197148014647620935346300083
80498446433922789655003861193293/81129638414606681695789005144064,0
0,102088219446162331029687979431595764071086665301150775848/129821319589569802084867640544199967194604262008072849135
27733100143407471055179661112604203123517596706922073287/136513237938201791735917290544749610459855995987335210436,1
4
3 3 6 7
5 7 0 5 4 6
3 8 1 9
5 4 2 9 8 5
5224647881697392481836444588990607437924794248184740321932450201600/149557867021178916411944259568349618582947242125226413696914124796409,-39029719325918813003745420684128351157898496819522478784624179594840/149557867021178916411944259568349618582947242125226413696914124796409
9427186954226543194084/15404405302435426997813,-3072058020437389103601/15404405302435426997813
3115014898167012984484351105746795739202812747538152224557567032400261144119556914230351561/2303849999761980979303116785084334458806975897074851868059144708161428530023092790713253517,-1231195913113468731895493938194229458925731891490837778987997137675607315130481293398180923/2303849999761980979303116785084334458806975897074851868059144708161428530023092790713253517
1,0
19810577987703899648402386797497905955926468022991479612017971890540284402614527/16534434768469630258421889035351314296096574226671702013206848989341753685983487,-12000398761534620740423462935524564480163297926058165840453780741523821425869828/16534434768469630258421889035351314296096574226671702013206848989341753685983487
1639420745216646588250107482090221282375806256323347941894317282829662033018880/16534434768469630258421889035351314296096574226671702013206848989341753685983487,-8209892677916170851657423634016888328905642137397643983019502273975948058800266/16534434768469630258421889035351314296096574226671702013206848989341753685983487
1,1402648845964204535078097668380/1346807197148014647620935346300083
80498446433922789655003861193293/81129638414606681695789005144064,0
56993359355460391004724688012128633582218418507976784168/129821319589569802084867640544199967194604262008072849135,-1922757736225079946274668797012863213866909341904418596/25964263917913960416973528108839993438920852401614569827
4753308625540409925151575591801488464121583745985569603/6500630378009609130281775740226171926659809332730248116,-1192443698814984945557149338414325567839957242982056140/34128309484550447933979322636187402614963998996833802609
