9
0,0
0,1
1,1
1,0
0,50613970113579/60766281971503
50613970113579/55420590596096,0
1,1602155457649182708011146229321/1618355961900657692933704926300
58534054890956125299107892932020292966608638/163669908107123997675436757010127819315145201,82940600969278711027199744589968966928533877/163669908107123997675436757010127819315145201
174242667022178699998506381104536119775080023813768360698/3885479962559867789478158116711385802374468522741707193877,0
4
5 6 2 1 4 7
4 5 7 6 3
4 8 0 4 7
3 7 8 5
5610112232215400640867975168/6763982886660294913114520225,6151245559237934473902678474/6763982886660294913114520225
0,1
1,1
200175301290756783230022625779885807046943177312666337546275/4101250701506551633460926160434038412085983973405252517131089,5185715673556463040990836083306830234589072593517374408084600/4101250701506551633460926160434038412085983973405252517131089
0,50613970113579/60766281971503
511743651423910515114265903584584066287620018397263352066411216220777583/20663066914558738050647061114292118673686993075224555109942496743116693504,33556854015563917545197678572161134265751532939156061396981436247834566275/28411717007518264819639709032151663176319615478433763276170933021785453568
1,1602155457649182708011146229321/1618355961900657692933704926300
58534054890956125299107892932020292966608638/163669908107123997675436757010127819315145201,82940600969278711027199744589968966928533877/163669908107123997675436757010127819315145201
1079551353476850347766186220700411413252132587617647218942/1295159987519955929826052705570461934124822840913902397959,3359994630256736790035862614626611662698411843848589404754/3885479962559867789478158116711385802374468522741707193877
