22
0,0
0,1
1,1
1,0
1,83401792252/110555433143
0,26993446194/110555433143
46013751634209310379/102054639255770693824,24197662146045490433/51027319627885346912
14592977/31327552,0
0,9114853049387243978003649415121/11072393095079308257626610975104
271093672106604991341/308308928547428986654,106798306844195777289/154154464273714493327
2362152303/2976704366,0
1282858378531645310238221/9512796839043027532243424,0
93465853052334008966606517010855435/1152751841454253154338097287881018208,164573544494389524353251903220305537/576375920727126577169048643940509104
7193798050855653653731216770697/22316093755437412899668842995486,1
0,38037931127359698569298292695855786311243446321/102451315382899765447339249026978346993064036192
1316995612077473/2877828603898240,7472962997715791/28778286038982400
36984580119790719/43495629307962191,39894024044435669/86991258615924382
1,2785760856646569680436163/8478329560406503518105458
4862148339208149361126458648628837/21539483437990797266478867787240864,3869961923203416291173385528367567/10769741718995398633239433893620432
450694220809569247944687252255474568537/670024302744338537143489793644043688283,1081125395672940785785081035296710773567/1340048605488677074286979587288087376566
62316006795591865884372419307816638779/221656191026951951968421338958772745600,53693328544593160250635376497551490321/88662476410780780787368535583509098240
790836004277015527835380609058948867939866406171/1206261724976247570259324183921472045569943121308,1
14
4 15 7 10 16
4 16 15 6 9
4 10 16 17 3
4 17 4 9 16
5 7 11 12 18 15
3 15 6 18
4 12 5 0 11
5 8 1 13 19 20
4 20 6 9 19
3 21 13 19
5 19 21 2 4 9
5 20 8 14 12 18
3 18 20 6
3 12 5 14
2423175086647312571402396233731751/3629307729745059515798435977656080,449232498987259620016710042139479/7258615459490119031596871955312160
9427186954226543194084/15404405302435426997813,-3072058020437389103601/15404405302435426997813
2797648617390684471325843099982274010237747265245077269/3255724030659990535233979633701922970726415293526057890,255857398676081766659085013541355219280099481620033867/3255724030659990535233979633701922970726415293526057890
1334455474050445361/2249125378583648890,113206358362249587/2249125378583648890
24950142548630204700104722089665385398980453/23365912110010705353346372218183956243752790,4869580218270160091299510504816227475105729/23365912110010705353346372218183956243752790
59543048080747996404673028951272586141921293/80247937614240607946681988198344518857491888,47260539970862998501694183451643663298393661/160495875228481215893363976396689037714983776
78119949929125886389132193402613233/124670897651477380338829945877093824,7936132787411572099686617950412823/62335448825738690169414972938546912
14592977/31327552,0
1297779812804670905532081567991/2768098273769827064406652743776,-1059287435521624832543691567273/11072393095079308257626610975104
397831063167394111054056448361405031/376633058097843776884707256476511654,64672940386345902437005953670568939/188316529048921888442353628238255827
2362152303/2976704366,0
3786690556697492067808401/4756398419521513766121712,99128498908846682006235/4756398419521513766121712
119859404013067428417118523840306637/144093980181781644292262160985127276,44552750349070844078596898372897893/144093980181781644292262160985127276
5959642705300443856122857161171/7438697918479137633222947665162,687085884501628158621799802875/11158046877718706449834421497743
83735387219510857820963981014575494280317170659/102451315382899765447339249026978346993064036192,19678355946473119833968260525572895192389868041/102451315382899765447339249026978346993064036192
1316995612077473/2877828603898240,7472962997715791/28778286038982400
36984580119790719/43495629307962191,39894024044435669/86991258615924382
2854774169798196311977961/4239164780203251759052729,3128445837923679106660771/8478329560406503518105458
919200621321114676003008487101591/1346217714874424829154929236702554,1006276056316527696737930010193333/2692435429748849658309858473405108
36984580119790719/43495629307962191,39894024044435669/86991258615924382
1316995612077473/2877828603898240,7472962997715791/28778286038982400
408484106927299365082289682959129376934377658561/603130862488123785129662091960736022784971560654,447451558799813752060387468270719439980110109331/1206261724976247570259324183921472045569943121308
