28
0,0
0,1
1,1
1,0
1,8780/13949
1783/10563,0
1820841/9958870,105877/9958870
61/302,0
0,3435933395/4384463354
1,7177/217557
2772792559/4582831046,1513930751/4582831046
13391925033631/38852862056579,1
79391994341167/95185436965175,9018416734093/57111262179105
318729713/569089775,0
436803131710786311288354/464946991434534752784655,38763157569239580327559/66420998776362107540665
7302051950024628102832/14570585484012180787375,26120273999286171643172/43711756452036542362125
2414957373004826747/18608153200221204020,2186032133093084667/9304076600110602010
0,177834592842904349493/643451205058717003375
1295675645471990053/2050424439898654575,50931608657883782/1230254663939192745
12961606959/19147972475,0
3349705568815173141381495829204/5844580590240520696571406069725,1789522742203442934291054801173/5844580590240520696571406069725
1,94802092455492378814/298583458194796465375
67678060337026314274197609886/76029584730517267508022551775,2505141681781345973794150297/6516821548330051500687647295
86736092709696816859915762127051774600927/131926774022318505508862589321492795911425,6974057630457212305736081425067093800882/18846682003188357929837512760213256558775
36780356045312718/772428893545990595,1
34964577624004159155115771/104623443573557289837322125,409170587318210678993917498/941610992162015608535899125
19167725709364855808672959084/30924814770489864811526481535,1
8546838685186394163418655966779630906/11638288365847944179845545910661268375,2943471205194946732780025762787947393/4987837871077690362790948247426257875
19
3 18 13 19
5 19 18 12 9 3
5 13 7 6 20 18
4 18 12 10 20
4 14 4 21 22
4 22 12 9 21
3 22 14 23
4 10 23 22 12
3 7 5 6
5 8 1 24 25 16
4 25 15 11 24
4 16 6 20 25
4 25 15 10 20
5 14 4 2 26 27
4 27 15 11 26
3 27 14 23
4 10 23 27 15
3 16 8 17
5 5 0 17 16 6
86382988264875147467357712428/153963329954247961722441715745,-9339752449632972103542066563/30792665990849592344488343149
166177116/153075785,-66369883/153075785
3530233831642935024/5676038648087507545,-2536717317493441688/5676038648087507545
11263181027206528441/16001435292032815325,-1030346977696715676/3200287058406563065
220752621757848/517227875736013,-68224800413399/517227875736013
7013959766700096904455784/17707075118671025375591485,-3603049619626920593227148/10624245071202615225354891
4797737767231099816291/12621150828235301929070,-4186751001815655384451/12621150828235301929070
61/302,0
19233543483/21922316770,-4109622067/10961158385
778647446936519085050254/1160408085942927734553675,-226076376942897094008152/696244851565756640732205
3121365886180113340967076550813769603496612861/3810355849528335479634522547224680708859284950,-137386796964100121124520742733918635144896309/762071169905667095926904509444936141771856990
509965813930415681157116285757439/621701558108625880681634808273175,-61158430573370258649152330066419/124340311621725176136326961654635
32452922738232341934752246630166/60924144413684646440215169252275,-6206637987904276766489876928976/36554486648210787864129101551365
318729713/569089775,0
211140052477771300755469/464946991434534752784655,-28389772400389921720658/464946991434534752784655
32452922738232341934752246630166/60924144413684646440215169252275,-6206637987904276766489876928976/36554486648210787864129101551365
116813098651/303904258930,-61541897051/607808517860
323274269573403871207/643451205058717003375,-4276461776960220793/128690241011743400675
1295675645471990053/2050424439898654575,50931608657883782/1230254663939192745
12961606959/19147972475,0
285882176292141389755826489502/343798858249442393915965062925,-831164275632713202119044884703/5844580590240520696571406069725
2552262692887914042/3512746566997605475,-13635888966241995389/298583458194796465375
1295675645471990053/2050424439898654575,50931608657883782/1230254663939192745
106003716199770334672290304579065259748232/131926774022318505508862589321492795911425,-15359751508326797108232028257778868123201/131926774022318505508862589321492795911425
4242550416203407044/3862144467729952975,-1497515649967764467/3862144467729952975
1295675645471990053/2050424439898654575,50931608657883782/1230254663939192745
146141824422747285710776901967/154624073852449324057632407675,-2007646566493892750711462176/8138109150128911792506968825
1295675645471990053/2050424439898654575,50931608657883782/1230254663939192745
