18
0,0
0,1
1,1
1,0
0,5/17
116959/219549,0
1,15016111450067685257875315/28979673656163395825240416
35677648358134972777593410215039/80399351404567915467439744042684,3949186118882996421592758760075/80399351404567915467439744042684
42305881644962671517348721361463317701/96831875912254778221576657156133498656,0
13256759/82614800,1
14338228806321708063252117412577/21338408453457369569979019557836,226774735606921509085837679410507/938889971952124261079076860544784
5718047858364402527973730429839281147756461048868815611087/6184720104986043296821717129127512660450317417990309145072,0
0,119452324242183283724746049/202639091922286204704365310
3660430716693648933200745943950641/6343013816119052834120134382369800,193947595522711099228516718803405/507441105289524226729610750589584
40147413054816134590359665808244382402237/66756607542108880217049731234760733509600,1
452642862831048468837193418596166627745877519085722477331113343364057975591112203387/569666623637934071846495231738328123321958380112692136872653557564563860477205125000,141592005164405450784442248221733854769816112360559141687862323378617400512334012757/1139333247275868143692990463476656246643916760225384273745307115129127720954410250000
2073157805440294085382619378976241273879724858454891728491541267872119972963/2538876873641829677624748132755721539531761806603010523382377040132427849978,0
1,115824646158449640843193394042723803512599400537630652720988766609793805675977803787109705/1189831003444913395083888939552205235817212925646434780327494866756690351432279191518650512
10
4 9 1 12 13
5 13 10 7 4 12
3 13 9 14
5 6 2 14 13 10
3 15 11 16
5 16 15 10 7 5
4 11 3 17 15
4 15 10 6 17
4 8 0 4 7
3 7 8 5
641955787275/2579196452417,1162749652885/2579196452417
0,1
66219709858883219573312465357244700633836967617428673561597227841/575390509343921892604134705468429290835915080928619305754733320528,2794530029665979667380747164950922061463133577120023091190290263187/2876952546719609463020673527342146454179575404643096528773666602640
172692367404734383152337789038634113567933920951066418659426743/428716327992761824775243854557628221266706167948125522747402000,234661107003958653171779406279576564498261451226072442534908351/428716327992761824775243854557628221266706167948125522747402000
0,5/17
1078866148974442391789048222264620685310520792541842953/2629028643245348144929131876174866237209526474073911750,52020965878490789122771283367474669628873671080425996/358503905897092928853972528569299941437662701010078875
598846114544224800324502840122184561695042707892449194305988240241782764824158147558774221/1042164324102530720120716073238175110854987009638775880756083455242621402996436997599253728,2153201182254959988779108501282106299032682188793073176684035556768083154133630865709584411/2605410810256326800301790183095437777137467524096939701890208638106553507491092493998134320
35677648358134972777593410215039/80399351404567915467439744042684,3949186118882996421592758760075/80399351404567915467439744042684
1457533780032371450755314510204432768/3025996122257961819424270536129171833,7852178607733418434042147020933402725/96831875912254778221576657156133498656
13256759/82614800,1
80500082718533173581061749558553158366182082651341175926886180725594278820544749748/108817601453108296939982306314011406016495175705518368606681901577172890882414709381,3746554517922432648294175256554200733768752117964508293443034308514891126436200129019/8705408116248663755198584505120912481319614056441469488534552126173831270593176750480
2947263530557698767206398856488098968726797891107997540329/6184720104986043296821717129127512660450317417990309145072,205370557229728827286962029100870075077354314264575982841/386545006561627706051357320570469541278144838624394321567
0,119452324242183283724746049/202639091922286204704365310
3660430716693648933200745943950641/6343013816119052834120134382369800,193947595522711099228516718803405/507441105289524226729610750589584
-53348764479423705220624244774066695773/11126101257018146702841621872460122251600,1578674571286645862900012312112413697341/2670264301684355208681989249390429340384
3660430716693648933200745943950641/6343013816119052834120134382369800,193947595522711099228516718803405/507441105289524226729610750589584
2908939695233899316278310128797454326638080780631676031137831240244132968701/6347192184104574194061870331889303848829404516507526308455942600331069624945,2696728798277239935026099799619848048751678270835877790588286530426558227708/6347192184104574194061870331889303848829404516507526308455942600331069624945
378856224011346593467830802884332934520927158419448114425427516004215298971889501402103357/991525836204094495903240782960171029847677438038695650272912388963908626193565992932208760,2690460291639314308279718404641990072994780854976620013919494801721687662855523931307944659/5949155017224566975419444697761026179086064628232173901637474333783451757161395957593252560
