18
0,0
0,1
1,1
1,0
1,32253679/43984719
22985299/55238978,0
1,2700162191/2970935802
9586205425/9856979036,1
31344304603373263137225627914/46261219685558827291406451985,1
5837603521542078108799100992045951448/7507887056532508176042823929403788595,3407824968634124389425932249281927081/7507887056532508176042823929403788595
1,65199444705841198081891501030802717494542892/140554076355377767888781411776222045865793889
57061/602642,0
227016656001515801/489504995273873722,14649967277700750/244752497636936861
71959791658384721767937689/153868649261191520237008058,0
4543713325721260498751/42012139024709947446966,7244189429238666970/3316747817740259008971
173807864765746856549/281939896074418443922,106417503999149053714/422909844111627665883
111674272788584552940732193165423/898608619761571412410520624993998,0
75759932715077743439739405239/135900162314002482209711569118,0
10
7 8 1 0 11 14 15 9
3 15 12 14
3 16 11 14
4 14 16 5 12
5 9 8 7 6 4
3 7 2 6
5 15 9 10 3 17
4 13 17 15 12
3 13 12 5
3 10 4 9
0,0
0,1
25162118910372708627/26496623813937218125,26094398306358857614/26496623813937218125
1422679666593321/4986000195993445,2837338015062402/4986000195993445
13732166349341409804825106779819027969279408499693351782017559986/29186037059214223752251243789038394468578163738124612250158537345,11143586465101308290805222449729029046155478783563286903753512390/17511622235528534251350746273423036681146898242874767350095122407
5278180083304111248370906039/13207586885345315386006004258,670825360414615166395551000/6603793442672657693003002129
1,2700162191/2970935802
9586205425/9856979036,1
31344304603373263137225627914/46261219685558827291406451985,1
5837603521542078108799100992045951448/7507887056532508176042823929403788595,3407824968634124389425932249281927081/7507887056532508176042823929403788595
518240870890691646053877994931500340747537913/702770381776888839443907058881110229328969445,472931127402967458803190020981091726189827846/702770381776888839443907058881110229328969445
57061/602642,0
227016656001515801/489504995273873722,14649967277700750/244752497636936861
62248801016541142329935689/153868649261191520237008058,3866248164413174729035500/76934324630595760118504029
4543713325721260498751/42012139024709947446966,7244189429238666970/3316747817740259008971
173807864765746856549/281939896074418443922,106417503999149053714/422909844111627665883
110311446952130772741524331379623/898608619761571412410520624993998,31591723316729583166380845520/3378227893840494031618498590203
52246356066182117052425548071/135900162314002482209711569118,9361488020167894733452392732/67950081157001241104855784559
