21
0,0
0,1
1,1
1,0
3837277/13239952,1
0,4891855/16403686
185033874038188177192353804404548435045357/305762323007251404237664407558112527248611,1
1,127214980862457196203753217062222660755947/167457797185478271885523418113410691490365
8489/57560,1
488540975317/1917503642920,438696018883/479375910730
436332845353676529927225612022538628926587317/508395266156401311009656499954255731519991748,6451191254797390020071308576720966638627095033/7625928992346019665144847499313835972799876220
21777650120458735770928880795778917399077701890860126429534717103489744491/28852634971203303210373648811648072328922868353121083302305541915990533380,1
0,3113880258201260335105/80292082003601533504171
7473312619683024804252/2282406397209768196207027,0
20015113777997958827217/96840389429451143111236,38671996657278815706281/48420194714725571555618
39206495409874150577/194440494920303121860,186112375733522372949/194440494920303121860
5862642056362439075065730414059/21043028378343348555591733114940,10235587960108501382518483960807/10521514189171674277795866557470
28914420171796468557429551318285897/89770642704305335539097208715969380,4791760955405110332774121889697143/5280626041429725619946894630351140
13651145696346724289439053033331688098697222709/14309804579060914233549332665397781041465705852,11271810394886606166692342987003748515579467799/14309804579060914233549332665397781041465705852
7944226592887010803/11104178749998563850,0
1,5618004344837593490254911257758466328357267726054254648525269686952557499/6748736113754989525288236018733731315887760891588062672300658676345280842
13
5 8 1 5 14 15
3 15 9 14
4 15 8 4 16
3 16 15 9
4 18 7 3 19
8 13 19 18 10 17 14 5 12
3 17 9 14
3 13 12 0
5 10 6 4 16 17
3 17 9 16
3 7 20 18
5 18 10 11 2 20
3 10 6 11
-60980391343006397360333011801896960/284094689214717594217736174382548713,26102811071268561368552309399291165/284094689214717594217736174382548713
0,1
-30850644682988806611426935096294321217046421650982835155776283997804124894927/59137099046917853255066957082055081087225336493905634807626423589514647291186,71844949353449526374075284501738653525777867976041695481364361431799183915243/59137099046917853255066957082055081087225336493905634807626423589514647291186
-424298399654975/461686968761833,365898249583373/461686968761833
256888565353037/1424963404950800,306896142427289/356240851237700
-881423967349944/647450640380479,1324725672571355/1294901280760958
-2886717576309452868432739036029747789345010779754/32907983420036514813767975469459607810472188701275,67635650149100381171140988639104849974161138142121/65815966840073029627535950938919215620944377402550
-4933160151440974884233029303280768554631/12881369014267559375809493701031591653105,44571520982539199362467794764336219955726/33491559437095654377104683622682138298073
8489/57560,1
2180893467871731052628259246624721789688583/14416725419781105647281550395310454975117800,3286458090580784243782941392574392273554539/3604181354945276411820387598827613743779450
-1220398327973689903115115243983/5505843791950984983173464313780,4267935258748806178242624111791/3303506275170590989904078588268
-109792916352070900273991113511723821898592444708015308000723156013599842/1442631748560165160518682440582403616446143417656054165115277095799526669,33954635844726920431427241483216868011389010862017924449924451541268079079/28852634971203303210373648811648072328922868353121083302305541915990533380
-14698486849116619117800/80292082003601533504171,9184127918415295285030/80292082003601533504171
-485577835614713112975900/2282406397209768196207027,18511135995642007096717/207491490655433472382457
20015113777997958827217/96840389429451143111236,38671996657278815706281/48420194714725571555618
39206495409874150577/194440494920303121860,186112375733522372949/194440494920303121860
4295634622680808916794058109903/21043028378343348555591733114940,4622455198681122464543587401284/5260757094585837138897933278735
39206495409874150577/194440494920303121860,186112375733522372949/194440494920303121860
-10246370618397756397079500090627/30994603589175171167918355644444,40857106159051783447627501405853/30994603589175171167918355644444
-1593165151725066937/2220835749999712770,1095100911316538763/1850696458333093975
-2434651031712164826988298287200816377232953102804076559172521340454778451/6748736113754989525288236018733731315887760891588062672300658676345280842,4256874536649609438034354803485718542987478681281041364216448601736468288/3374368056877494762644118009366865657943880445794031336150329338172640421
