26
0,0
0,1
1,1
1,0
1,453081667177/478861194360
0,34235125901/239430597180
1460312317800458/5831821213435005,2006759089491991/5831821213435005
9/20,0
0,6808407711231197200843537/11858130897251373686744531
1,171/2522
282621562732058/813014912924475,137298087212323/325205965169790
4571482159/35768783270,0
224285019892602429802/1682638678153894336095,76497124012411195403/305934305118889879290
4193275242503212533400911/23121658010003029228656350,1
0,3253238050040896236512732000331/11768307158410696869225175002578
1044562776769073246927594779202/1638964948388962907223490064295,715546407164275382418216611721/1092643298925975271482326709530
1,4611912930100586403/7498141556685193058
127262805545947928955266860936446331925257/188594513983488042221239077533910412970910,1
380170081/689099929,429080079/1378199858
8815659429/24284437775,3641689257/24284437775
44344306438835349843074/74838794262311464543315,277903799416506913114823/449032765573868787259890
5869070410897671/45404609741471875,42148661447347417/635664536380606250
0,1455106963176382147/12220599871320197630
140325616572999174580240149559/495146498662785915310999640541,22368581833493336763308726400833/34660254906395014071769974837870
10397633141381856573601214171237/122145536244858351856853454713325,60578030632268262882306977483659/122145536244858351856853454713325
0,9153089939201320612387613021782781/25389471474406364684866967667239628
17
4 18 10 6 19
5 7 19 18 9 3
3 10 20 18
5 18 9 16 15 20
3 16 4 15
4 21 12 6 19
4 19 21 11 7
4 12 5 22 21
4 21 11 0 22
4 23 10 6 24
5 24 23 13 1 8
3 10 20 23
5 23 13 17 15 20
4 17 2 4 15
5 6 24 25 14 12
3 25 8 24
3 12 5 14
2769957288368225637218519/6786899376584947940281250,2264179203412625776456417/6786899376584947940281250
1641832015138895155151451648114974/6648866046231241355778581708627775,4307088652771268409183595415514407/6648866046231241355778581708627775
139372787464777132958893909513663813424875949719081319/173714954101246361202315661899465327398086072600932375,-6781842551295717453831603475173884231210335751480308/173714954101246361202315661899465327398086072600932375
82916199709/264379655185,212162097072/264379655185
319587492817592579993060425806592502017141/413463628648141662915085136228965684428375,6711576653218939968905824953354237573693/1102569676395044434440227029943908491809000
86937151440964156172957/204881041192978586762500,71156449588600654843511/307321561789467880143750
1460312317800458/5831821213435005,2006759089491991/5831821213435005
1207452212127/5287593103700,342557244534/1321898275925
12848644221138356729655550427982903434/47025728366308692593536519664468148525,10475478666372309773282271848561267687/47025728366308692593536519664468148525
126888474047821/333382745188285,528063802021851/666765490376570
282621562732058/813014912924475,137298087212323/325205965169790
185250518356216140237849/349891927730455079933150,65397606793282879698866/174945963865227539966575
24292793217341518941118/62257631091694090435515,9937808533630882222331/24903052436677636174206
7847953248958470453763810530617271889/18338687915970282444832927001582024250,6042505680306218277744272633919168401/9169343957985141222416463500791012125
1664203974364224316005704195780224/3265705236458968381209986063215395,436557069707261373912255951656783/1306282094583587352483994425286158
169419206119698471100906684174/546321649462987635741163354765,172096725857842064916059965547/3277929896777925814446980128590
2027867151217395139/3749070778342596529,-1725131664950155065/7498141556685193058
33299811492176147368212103198644916137059/62864837994496014073746359177970137656970,-20403012764773801250220622275964932932972/94297256991744021110619538766955206485455
380170081/689099929,429080079/1378199858
8815659429/24284437775,3641689257/24284437775
70926915474793008483317/224516382786934393629945,16414968813385375165879/149677588524622929086630
380170081/689099929,429080079/1378199858
2722690948989637579/6110299935660098815,2695686403035853119/12220599871320197630
380170081/689099929,429080079/1378199858
8815659429/24284437775,3641689257/24284437775
76896221619408254151962862813136498/158684196715039779280418547920247675,53728151217174966907744606626341137/211578928953386372373891397226996900
