17
0,0
0,1
1,1
1,0
1,1704661450916/2467769458489
1810233692011/3514895142927,0
255822080/595028819,1
207772168/595028819,0
1,196016766003763091601833423730321/5010743968502768611623785093240309
2084575105662605784491689593432191/2280591871666368876093523017162512,0
92333925/265087936,0
5109973488373634/14626315109385789,136548826980673/58505260437543156
35031635632802948652574163/100091226528630666489924224,0
0,20859119119/35153431072
148324704009526279/371937505521552976,1827967813566518747/2975500044172423808
43396740579436968236901280098618003296335/49655916047718000180686467302571312373572,3626535825053186403247652285813782537211/7093702292531142882955209614653044624796
1,6358172463358347445631112563707170319608636578289337/20491810445665317814933264463005751268319279326484148
9
5 13 0 10 11 14
4 14 13 1 6
3 11 7 10
5 5 12 11 14 15
5 15 4 2 6 14
3 11 7 12
3 8 3 9
5 9 8 16 15 5
3 15 4 16
0,0
6604569181401964857/154897429709333182370,14636951109485190733/77448714854666591185
-4404288740955859000108286843156095469/55200501091457362331139646449285636850,2321217388665202442588972071212555029/27600250545728681165569823224642818425
3230480728851913011074093/9222186983011454026145225,4206711465634050373025924/9222186983011454026145225
-21950468619353194584446870105496104305959361198917/136222110686787188503748752020392527650210003719650,26048309540039445772782588274117544858466198577472/68111055343393594251874376010196263825105001859825
77448457064790780417154650127/417532155606860345918280004045,4761661597856902367930181136/178942352402940148250691430305
43337637407591088340526179963/92168434666080036783132721030,1540997722567830368325976721/6583459619005716913080908645
1094159626447727679978384/3146469674505788588909875,371567519208399662509/572085395364688834347250
1939599756659735252586001783308440/5010743968502768611623785093240309,2352233546425344207903887687979404/5010743968502768611623785093240309
108181925768892551448763876033765/285073983958296109511690377145314,122275802116465837017745266024071/325798838809481268013360431023216
92333925/265087936,0
5109973488373634/14626315109385789,136548826980673/58505260437543156
34869134658294658270543789/100091226528630666489924224,820144890015570418847/6255701658039416655620264
0,20859119119/35153431072
148324704009526279/371937505521552976,1827967813566518747/2975500044172423808
-4308042265848788027177427327838822966527/49655916047718000180686467302571312373572,4176859858468998439582083209982179106379/7093702292531142882955209614653044624796
3076459477554301881868201665341093702601788441228757/20491810445665317814933264463005751268319279326484148,3080260681240831706096909010123851916924320895284438/5122952611416329453733316115751437817079819831621037
