22
0,0
0,1
1,1
1,0
4471438282039/13709286223490,1
100370054279479/150802148458390,0
0,26017/70140
5137465871335812489/12062778601685587540,8518264803836491919/12062778601685587540
1,71204890339335533058115039754387/101862009762257691593555430260080
11214904/62314499,0
3891456648909/9862078589740,20163588383867/29586235769220
0,688475762090998849/1051651707628632630
1747286190670287020073530458947608170421/3751699447317752927164025179768507641060,882482806030007451037457853142796670447/1250566482439250975721341726589502547020
1,11235348284017659073083988873676162/33920548967201252919358404814969985
67219053878021882034464903418976050170239969/73972163085742620596094258730784909106583530,1
0,102402079083144911245455859/4859145502603847995881374790
102402079083144911245455859/3008526290484765856578599280,0
1,6789994960711100996463479965867590209670421566630151250653251707848/45102867532390164621224171923902198500739385839164393110970676675915
7998184221549859829627083879525465729657574317331863549267674854843/9695682961727635078742953870992363282075179708989401361930987781805,0
5625003955405159497133/142526756544126855148855,0
6446143906645062760949698933453/33633836554879439484637053789065,1247904588719663588237379703553/33633836554879439484637053789065
449607621174053176925845261924018167/2004512187376654911416210661443694890,0
12
6 6 15 16 19 20 10
3 20 9 19
3 16 0 15
5 10 7 5 21 20
3 20 9 21
3 10 6 11
5 4 1 11 10 7
3 12 8 13
6 17 13 12 7 5 18
3 18 17 3
4 8 2 14 12
4 12 7 4 14
10269311570731386431461360071199708379354498909639384/544375424266887138312986579685897791203034301787734375,16586220067804905657366305303229597666889500039346487/544375424266887138312986579685897791203034301787734375
-121294556634483047275927/2648641217265399826111850,569640642048000138341788/1324320608632699913055925
335146228507064200369241331265111447/2045941028004050594089135681077752650,119565805239563254046931192626515233/1022970514002025297044567840538876325
67663482900796141075463918540654704541556713247663141922199688756418852121747242706209570967/22663927861447301318967921273752037509940912393332984095375765708419920167860546903932625468750,3478490509691646569603711842966709724719594903545588052578745145081313669464575374724920339631/22663927861447301318967921273752037509940912393332984095375765708419920167860546903932625468750
20410380980219165046965030188374933/279315235006340998208937129052595050,1357485895008517899026816643854101/1849769768253913895423424695712550
-343098262511069340289062/1573791348053077276776731,529860816089279252406078051/1904287531144223504899844510
0,26017/70140
758527534540135146192208136823563/1980230311839749372950158803384180,1425078557219212972275501452257573/1980230311839749372950158803384180
-2573194086040805553708863102709/101862009762257691593555430260080,2234888011119622837279699011027/6366375610141105724597214391255
741042759872556155682372141781137293362234111227610274/4512834518144977328154020176421424043568804324824449875,291823007829664064215920545846587386184612546959958268/4512834518144977328154020176421424043568804324824449875
3891456648909/9862078589740,20163588383867/29586235769220
48339674492747598/175275284604772105,12307600902402098/40448142601101255
3891456648909/9862078589740,20163588383867/29586235769220
1036527911474579803262396839650533/5218545994954038910670523817687690,4018081124504721736104563189466429/67841097934402505838716809629939970
14368564250988877412383268042234897268287/61184584851730868979399717726042108442170,181525907438180130947937334408697942342333/1041861451911867895719637446912463508543430
0,102402079083144911245455859/4859145502603847995881374790
102402079083144911245455859/3008526290484765856578599280,0
2376771173382912424002702452296540695941399160187293782697373039291/90205735064780329242448343847804397001478771678328786221941353351830,143144252636590653256370050796920301019400979146364883586933940577/30068578354926776414149447949268132333826257226109595407313784450610
-219731558077894207645707852867351798364045086689246356698777647433/1292757728230351343832393849465648437610023961198586848257465037574,2449348084008600288703550131659376148476884082185951871007213773621/19391365923455270157485907741984726564150359417978802723861975563610
5625003955405159497133/142526756544126855148855,0
6446143906645062760949698933453/33633836554879439484637053789065,1247904588719663588237379703553/33633836554879439484637053789065
1065374742606559155013668936044454026/7416695093293623172239979447341671093,1883690762294323952163324627058293099/74166950932936231722399794473416710930
