13
0,0
0,1
1,1
1,0
1,32253679/43984719
22985299/55238978,0
1,2700162191/2970935802
9586205425/9856979036,1
31344304603373263137225627914/46261219685558827291406451985,1
5837603521542078108799100992045951448/7507887056532508176042823929403788595,3407824968634124389425932249281927081/7507887056532508176042823929403788595
1,65199444705841198081891501030802717494542892/140554076355377767888781411776222045865793889
0,44226723714602185137/52999630455256324850
14742241238200728379/38853267277338728725,0
6
6 8 1 11 12 5 9
3 12 0 11
5 9 8 7 6 4
3 7 2 6
4 5 9 10 3
3 10 4 9
412404652148268918861809357760640790478/655805929260504704904110748924839546125,187520001049650968633490431619993100356/655805929260504704904110748924839546125
0,1
25162118910372708627/26496623813937218125,26094398306358857614/26496623813937218125
1422679666593321/4986000195993445,2837338015062402/4986000195993445
13732166349341409804825106779819027969279408499693351782017559986/29186037059214223752251243789038394468578163738124612250158537345,11143586465101308290805222449729029046155478783563286903753512390/17511622235528534251350746273423036681146898242874767350095122407
22985299/55238978,0
1,2700162191/2970935802
9586205425/9856979036,1
31344304603373263137225627914/46261219685558827291406451985,1
5837603521542078108799100992045951448/7507887056532508176042823929403788595,3407824968634124389425932249281927081/7507887056532508176042823929403788595
518240870890691646053877994931500340747537913/702770381776888839443907058881110229328969445,472931127402967458803190020981091726189827846/702770381776888839443907058881110229328969445
0,44226723714602185137/52999630455256324850
14742241238200728379/38853267277338728725,0
