9
0,0
0,1
1,1
1,0
1,114630028100994965/180241166775237616
0,2782992600346901/180241166775237616
45156576414880219715639828119947259155983785418727748488273748849/52218632065376384586443650489364627010343920572236524682311209550,25624696140738128919721961513841212090494051469583284589339715877/46416561835890119632394355990546335120305707175321355273165519600
95519103132614933598627120123204119268497485112/107252930763833172658570929388928130348025856565,0
3711351885434814954180591162897304723822170141276964077057470884621075876893368/64120714121482002709027152033449902127108029835594812144714098505037071621640115,1
4
4 6 5 0 7
4 7 6 4 3
4 5 1 8 6
4 6 4 2 8
0,0
155063833647024916120420772471295/175768115432743158575089208001217,-592934349480907373976082270811229/1406144923461945268600713664009736
73743545741430892063477706627154942257781521150674196198952197899638066365232378445837017492925857050472766244199106336072413014/178721672490636634805195482639799463617064483011022120410593389637629264040596111960990726330048642428951996106085818802200593405,617108848005716440703137533683111550374208583300408501839463528671617119286682652346492555138509149577626107215430284376180576727/1429773379925093078441563861118395708936515864088176963284747117101034112324768895687925810640389139431615968848686550417604747240
794806535715651004107287507135596224513947732965207464434703954738723022152078389384330299798067/1016803713521202546691418692891527983054527336701130124171283859428293568567869730667158307707965,-10389646842354209254132565400057467193552953236291510841113110047796073006134222059157792951408/1016803713521202546691418692891527983054527336701130124171283859428293568567869730667158307707965
8273178085574891533247222679777175924422157865146438074724564408214106121705249666596016425887132888696889197042/11454367981653499971747173446946814395152534307897903600585650531791612564465201214765152218052518440581700675715,114174122237310968825352246387422263951926542738067878338570364220075352004843657314063915619652916238371954775297/183269887706455999547954775151149030322440548926366457609370408508665801031443219436242435488840295049307210811440
0,2782992600346901/180241166775237616
45156576414880219715639828119947259155983785418727748488273748849/52218632065376384586443650489364627010343920572236524682311209550,25624696140738128919721961513841212090494051469583284589339715877/46416561835890119632394355990546335120305707175321355273165519600
95519103132614933598627120123204119268497485112/107252930763833172658570929388928130348025856565,0
11643091660823078660144567847963488169145824229277215032530200654402602919897153/12824142824296400541805430406689980425421605967118962428942819701007414324328023,-21077770759965270098400630016924655668941876897749076336067182744604551381509711/56996190330206224630246357363066579668540470964973166350856976448921841441457880
