9
0,0
0,1
1,1
1,0
21950465583959/23370460976937,1
0,9810701450/191219507929
1,903644063725830079378227670593858714575465669352204592287366857903/2612996223136852496821454378091737643843061514338442463964871164998
143988145593559374767398785352342869596877372362686963922120993193000842216850/501514439258990008526854189641845660116394891967880037209751991367282165413469,20711352107520514860128991083724250179062490530876872105611714496087816607940500/60683247150337791031749356946663324874083781928113484502379990955441142015029749
402274935128636483060643744231699159637369512984933711769073206394855895323418051451827314337/1413029507347510418703639641396982734461204528676688979892701315944415155162813734680339973966,1
4
4 6 2 4 7
5 0 5 7 6 3
3 8 4 7
4 7 8 1 5
-795119886921248006839888568545484093163277686928310442677886503047769532341293535472526983928052894603641679486400685155207381900/184541195734532451970330865818914860573329395960059412128603183230219410076269996483779205650430480537817067364805226499389462804449,125291267950692454259966386610453692027329191347335234734529488204192432346098476607069033641589322062610406326018331832993296115400/184541195734532451970330865818914860573329395960059412128603183230219410076269996483779205650430480537817067364805226499389462804449
94307669064396315495187868003740002467783457623642804747715611191332248617397620994997165766995619073980078683876681527970163483580649586174532525252605376661/99792972225497996967995208381741625261974927752961816409441868539828275219653927656846903375483578273333497552413841418845813706291129277427759527661590765625,62886682681772222654557916240818737009677027683082420307418620346349588235055301509529763531833967527825234934871835281392979571670472928908723164755468632302/99792972225497996967995208381741625261974927752961816409441868539828275219653927656846903375483578273333497552413841418845813706291129277427759527661590765625
1,1
183731212061111480759255634614016141949530526666864627020964673217319632781902284696005682592556817659413263441880339582622775237435/184541195734532451970330865818914860573329395960059412128603183230219410076269996483779205650430480537817067364805226499389462804449,127633433814898986557506182168368749223063342174208239875912535892097857629056190273034924935677050215999394446228086533604450447524/184541195734532451970330865818914860573329395960059412128603183230219410076269996483779205650430480537817067364805226499389462804449
21950465583959/23370460976937,1
-129064143481531637131550014653718844942756785015495147841793497205352145468920699389028930995447915023533293277850057717277042866523672705300/35287876640986569178648494669213425259577689916713361324836515163385580317489013087374819934757812875464390897315900144140644296394386131976121,22147801852926153321651122231605463237575784521255155426766120296815566719629490891171506389542833108865709272497269058211551847980990516470850/35287876640986569178648494669213425259577689916713361324836515163385580317489013087374819934757812875464390897315900144140644296394386131976121
1,903644063725830079378227670593858714575465669352204592287366857903/2612996223136852496821454378091737643843061514338442463964871164998
143988145593559374767398785352342869596877372362686963922120993193000842216850/501514439258990008526854189641845660116394891967880037209751991367282165413469,20711352107520514860128991083724250179062490530876872105611714496087816607940500/60683247150337791031749356946663324874083781928113484502379990955441142015029749
95459753457215653613087997935083403734034829861600816147528196122766007999145766061565497475/100930679096250744193117117242641623890086037762620641420907236853172511083058123905738569569,488177369117174792520561100293337456633690331130606566852656648682622907441709938642435180125/1413029507347510418703639641396982734461204528676688979892701315944415155162813734680339973966
