16
0,0
0,1
1,1
1,0
1,2443/81520
0,4939/81520
1,152642708/7485006377
183066597327759/185014076335376,5604149853905/185014076335376
1,64119323450906089/1642471569972100744
18369787899522803447349054439/44419866170471389110531461536,1064393574697922432607529739/22209933085235694555265730768
87413039733536566646285/259683442371498218861441,0
0,56921425472701741079334163665977/166382660587322149251103710482472
0,8865521068536577336178809287166398282107/17592206798101742832105217210237755708120
1,5305874172014114884665268081734143360867/17592206798101742832105217210237755708120
132467359990158368051853144261379/152858483381984778852016189596500,0
65867538992272334990960527743951657/83313706078767669397386291645013840,15154625674578126289024375440739697/416568530393838346986931458225069200
8
3 6 4 7
4 0 5 9 10
4 10 14 15 9
5 15 7 6 3 14
3 8 4 7
3 11 5 9
4 12 1 2 13
6 7 8 13 12 11 9
50605482202488735909/52778263772570957345,53820817014380122453/52778263772570957345
3372758849009491225385413530936265313/3800277621263084974146398359453214440,779483622223764520566923017473762242/475034702657885621768299794931651805
-37636633365271197978397405329300479/3800277621263084974146398359453214440,113979300766832711550939229772342857/95006940531577124353659958986330361
338521225917333925856451559261011513/857059805939263108747273171339896500,402909589617271786420136846513824509/857059805939263108747273171339896500
1,2443/81520
3865180857696561335602437/4302484062739984442764400,273214736875914361292774/268905253921249027672775
244581068919441052272095429/607740540743187073794734500,297236798222339431627920297/607740540743187073794734500
119353760952597271940463769249/1191338360138055600368335268400,903854335557444049603490231497/1191338360138055600368335268400
264126422381909950852886414646089/2644041233917991533420191072366150,1969822804725423832678522708235267/2644041233917991533420191072366150
405346905069119431720334893674504041/825719781746238390390941575206165600,488072593295799286331512084464661549/412859890873119195195470787603082800
1271853217322999078628361/1298417211857491094307205,887828180711123542595912/1298417211857491094307205
253646783208278415019707264554583767861/257740259840934729114586299713825828850,18640119064593196238714550690457822906/14318903324496373839699238872990323825
8109745068279203851334916535532118176773/7330086165875726180043840504265731545050,26294541807832419268727215752377377477837/21990258497627178540131521512797194635150
2186062326135370147884218092734420168423/7330086165875726180043840504265731545050,12599291330205576793147132664497855939687/21990258497627178540131521512797194635150
99190523498039647755528398790414/191073104227480973565020236995625,321985019811659849247551980807133/764292416909923894260080947982500
1256306740938058597423841501452502921/2082842651969191734934657291125346000,890049580973158026052735821717372403/2082842651969191734934657291125346000
