16
0,0
0,1
1,1
1,0
1,68727026113/98398927150
21473980921/31364614600,1
28202/80815,1
0,43959/58060
26841752494032116402/28541512593989788125,14373532341875362849/19027675062659858750
8749706/269891019,0
1,1577307306269852742034875309/1891540360317986964609604000
113219356997905467010585572581/141269161180508946680846889600,190140087727524959537380003/214044183606831737395222560
283180523275513/51546275415552764,0
1,89433866400960933300438537978048611/157851288192588580409392154637286301
6828388249555757536667416452095857/96262254650516690837105954430144468,0
123299350812895626343555188412234443353/134695411464655114346567849714172390300,1
8
6 11 5 6 7 0 12
4 9 12 11 8
3 13 3 14
5 14 13 4 8 9
3 7 1 6
3 5 15 11
5 11 8 10 2 15
3 8 4 10
0,0
911657852/4002983725,2693057229/4002983725
146427700051314659680719792898298957189070225178334429/239831644156697774024787420834774765083781394123360625,1282636271145211842699325821179356522239168031145907496/1678821509096884418173511945843423355586469758863524375
37130892199901731/178090282337037625,169439560444332208/178090282337037625
7844446388036312748216097901/8761946358902548504592009375,14445368384403001957410907161/17523892717805097009184018750
21473980921/31364614600,1
28202/80815,1
0,43959/58060
26841752494032116402/28541512593989788125,14373532341875362849/19027675062659858750
890183472907913984493841514717559256258/349203742790642258453501235900114096550467,21807705044681413543364673043819785996010/814808733178165269724836217100266225284423
5111378819279261515826818163/5911063625993709264405012500,32742499846817852232668203547/47288509007949674115240100000
113219356997905467010585572581/141269161180508946680846889600,190140087727524959537380003/214044183606831737395222560
283180523275513/51546275415552764,0
120851772968990790000620179778874719/157851288192588580409392154637286301,2732835849759832598465250322955715/3221454861073236334885554176271149
542208463606778540028802785484681/13751750664359527262443707775734924,303809816459021189459069421153740/8021854554209724236425496202512039
93609537730105780317464991056006568233/134695411464655114346567849714172390300,157041208984338504592461752209582504/204083956764628961131163408657836955
