15
0,0
0,1
1,1
1,0
1,15/26
2/7,0
1,621817/1983866
20534279/47715775,11148093/95431550
7740723127/8021868973,1
49318245359234/281195366348625,0
0,789091925747744/1336268097246925
16997638376155697701213/28514126889425946223051,19849611986548181725331/114056507557703784892204
8258003907245467/11000372335731792,0
7684402287633388238753773833907/12784125111270987480807545702926,6512899797898094471460305868807/25568250222541974961615091405852
16598949066859581019009270/31850279735488781931147967,33995395252205683967077951/127401118941955127724591868
8
4 3 6 11 12
4 12 5 7 11
4 13 4 6 11
3 11 13 7
3 9 0 10
6 7 8 1 10 9 5
5 13 4 2 8 14
3 14 13 7
252/1117,-312/1117
860834826722427699991979928/788818118031867438689865925,-109528114861959238170635697/157763623606373487737973185
112817819296913351/78718944267413069,33946033863284977/78718944267413069
1,0
1065054570852589/916156021017341,194311969277279/1832312042034682
910468541796522188606738/4943354365463806688298175,-183455965050685648679552/988670873092761337659635
1,621817/1983866
434162605557724486820631656007436275509/645617234198090749188074557369232038375,214278256884118078785322548214628200213/645617234198090749188074557369232038375
11280628321/8021868973,3639129209/8021868973
14762940014194/56239073269725,-10109647976272/93731788782875
1072898785517244/1336268097246925,-107851790311864/267253619449385
16997638376155697701213/28514126889425946223051,19849611986548181725331/114056507557703784892204
8258003907245467/11000372335731792,0
8307168972899775710053500259985/12784125111270987480807545702926,2904284577111916761124765551271/25568250222541974961615091405852
16997638376155697701213/28514126889425946223051,19849611986548181725331/114056507557703784892204
