19
0,0
0,1
1,1
1,0
1,338877125498219/650617442999190
0,33159595816343/325308721499595
3898187142737976697476298649033/26310866480771546254055659840444,733545548414753930390953716517939/4472847301731162863189462172875480
1166777223026141719/6265624610246098692,0
0,2358502820667655554898457142315328764321406747/5933149365040926379097900109381120971702891120
1,14164920/38943521
2660/2879,0
945162203417370310774598200676220157/3010567143688535778557023460172313740,1
1,2618994599947393889324388773100472860/4684399540218559357106814032596566443
7105050814175105415552857196317568332972752986072076018128511297/24357945824800789338263735511974102948281008391259572801167673496,1
37916789856850412750394627772171599602314188149696193417987569808678730144869041/988941085986282586421723311933979008487800857664073853483629909687658638521488124,11334107115853084050030844504407636447482199882089603362689239893172334802295871995/33623996923533607938338592605755286288585229160578511018443416929380393709730596216
14111573933092672807617791/16843048015069082909875341,0
3302789235107735037439272243838974109886/5902763074209544427899807188461573494381,9926477527568700366155936916136746987058/29513815371047722139499035942307867471905
3267474103227445046238562639813040505/3777008697488241064762645412263950022,1
77952823158095832023789498798393964898818665/154664988525153456101246454055634409104835621,769379021485443729024608250614910236328569500/876434934975869584573729906315261651594068519
10
3 3 9 10
5 10 15 16 4 9
4 16 6 7 15
4 7 0 5 6
4 17 2 12 18
3 18 17 11
4 16 4 12 18
6 14 13 11 18 16 6
4 14 8 1 13
3 6 8 5
1827647020816798644089057587213132887/5171552182404391562991285907463513858,212074283446809106663960703180086000/2585776091202195781495642953731756929
507124520948750770931376527378866261831067581863125823367626600446894013013999007529/521524202194406449699375742220544166229413949554209721026283883761593090074126149960,-27394349429679987002085233238654689187585882668158319958335884298661362008806149687/521524202194406449699375742220544166229413949554209721026283883761593090074126149960
2309776740931322962972622475/1721767766255545015010609101,5408441643728101445771270777/29270052026344265255180354717
1,0
834330744623277793176895984445/784908078722619130928860972293,11954612852473929774875540653621/23547242361678573927865829168790
2035381441406999027859421255922192858388199030403/6597455014221227202777286884764358942160744407402,145968965053112334152243016109733328907486482860647/841175514313206468354104077807455765125494911943755
3898187142737976697476298649033/26310866480771546254055659840444,733545548414753930390953716517939/4472847301731162863189462172875480
1166777223026141719/6265624610246098692,0
3676407728186326994746489485009965838693701/17450439308943901114993823851120944034420268,-625295474791757252536832527112023095341279453/5933149365040926379097900109381120971702891120
1,14164920/38943521
2660/2879,0
3080939867039923260387653273954135190066218809508649263/4393714034163858614887172521153595993241739224193982460,816935639907077942455675994634779812260628708345023/73228567236064310248119542019226599887362320403233041
283062167051456328825387596554919385/275552914130503491594518472505680379,136133322543098896565404679867427000/275552914130503491594518472505680379
274936120253411947444126395652996271200196598120255074228321243707/316653295722410261397428561655663338327653109086374446415179755448,-25728080277445833728606295667157387645260076172334229114122767497/79163323930602565349357140413915834581913277271593611603794938862
11782257343702730421540979491225801690289059698166870209/7466880475861777482129887371477738043971128879164796412,-4853472309310155355416324001909068453334535242133440075/14933760951723554964259774742955476087942257758329592824
16890542273626744990852991/16843048015069082909875341,-193725095243472198295120/5614349338356360969958447
8220032175327157914751229946600113905310/5902763074209544427899807188461573494381,4784677189104465844916614476614293818542/29513815371047722139499035942307867471905
4709519961908240603519658275242212367/3777008697488241064762645412263950022,167365330781533352300911891806284681/1888504348744120532381322706131975011
81435541775191471/89829181122094521,-2487257061880360/29943060374031507
