9
0,0
0,1
1,1
1,0
70964317437089/82773014741844,1
11515927916144/20693253685461,0
0,77901428324834913/725549250369931475
35361284223322177126376863075969/57968687715416095733785490629710,1718212441335981295807849497742/9661447952569349288964248438285
6633702537578868637605912435986006422047883/8076269744832232111814123441460716614741806,0
4
4 6 0 5 7
4 7 6 1 4
3 5 7 8
5 8 3 2 4 7
0,0
21714776312816975078036192482972824/106689558386324556368857389244522505,-16254119665818175992337209166942615/21337911677264911273771477848904501
132554997935302037287520838600912060111671794972829245711039/140958737656917683843377433163371894198664286976965186131855,-18889377456976843090339043830951866128313555950679963451399/28191747531383536768675486632674378839732857395393037226371
390346102951898893476289132763866959926606485979964204888679/1832463589539929889963906631123834624582635730700547419714115,29721133639272291718430598377498553319359797870056990275694/1832463589539929889963906631123834624582635730700547419714115
9169108878756785504893470916788124210574760761761/8831016389112068664407776038838951796393623199220,-83344736342286437647266503683533662400646651650/147183606485201144406796267313982529939893719987
11515927916144/20693253685461,0
0,77901428324834913/725549250369931475
35361284223322177126376863075969/57968687715416095733785490629710,1718212441335981295807849497742/9661447952569349288964248438285
393000373003644157124493398442891582433278043/1171059113000673656213047899011803909137561870,28523020423422926818721556674087448639443764/195176518833445609368841316501967318189593645
