16
0,0
0,1
1,1
1,0
0,107/201
107/148,0
333228438332785759102921148161158342971476349488728/1290160257004764276568364539563703766938774901865557,1
0,692835158359181468344793943253278708417337062410305/1026063596691967227447715091414437051388813411899033
0,643542587/1094950720
12192332947/628369727360,81381959641/157092431840
0,26310168650657/50843668781632
9507450805333293582297291755147438528801371/81207353669045186167542782936995118931730400,9057318561440929688740147505592856745562873/20301838417261296541885695734248779732932600
1277230641621022333521884341244203860533077/1338472563862329431136558169130039066887840,1
0,368365930970719704952714246624113488486364463/8442504331980578130827490013997125530257163040
485505916308764244352633498999741813672611337814346760364299873758378248582591862748758784596588166788929/5997303630679217080526468659933781454022238077083297650403138891269071668361050702537368162417070487491876,1
1336478616192852283287628677222468572990271070613132837/8284043378822215387631505856463108917606762718363719278,7274157396512761386457437187904198193403099387732756303/8284043378822215387631505856463108917606762718363719278
8
3 8 4 9
5 5 11 12 2 3
6 12 6 7 8 9 11
3 14 6 15
4 15 14 1 7
3 10 4 9
4 13 0 5 11
4 11 13 10 9
-79200180255295228517/162217682076607527760,133956974530569678599/324435364153215055520
1150576745322428182799538481377129549567206358496901383396521602513901744168671525007508278132485225139745403/3165100361592322179451649369657167188851991652359909502213569705388779703559046108782079074156346546002010675,2769614943733612301067747017811101930237386730580868398274850009469835318306921680655164469947420134443756229/3165100361592322179451649369657167188851991652359909502213569705388779703559046108782079074156346546002010675
-13918378943035849/13018030822294160,11035722483619107/26036061644588320
-7190505706679689/13018030822294160,-11253723288380093/26036061644588320
0,107/201
-151815301565652593/481667140424883920,-278466360324762161/963334280849767840
333228438332785759102921148161158342971476349488728/1290160257004764276568364539563703766938774901865557,1
410298935171205650969302003907297851908013218678231780959/2390292103263689553881510884081787193989095004024689800975,2717942801009886155114904637740015788451281891490933993737/2390292103263689553881510884081787193989095004024689800975
-4223713781991140498135605966201448527009077501919232642733/279556610719824788810241178783294294032452902643190104571200,7780653807575724545446460663375643687182799499517972123207/34944576339978098601280147347911786754056612830398763071400
348867282282614789163083918664225629812131416634750662667/34935447855164553024542188188366193824444748196447053026400,40595074859432271062846020037919931208480936427153687624199/139741791420658212098168752753464775297778992785788212105600
3587975531820508574155794261923433616499238974546825134300704771/1103394969499745571289883329006437684592842397937394957467085051200,18778016308172030136505321520850306581228921814550504296847102983/68962185593734098205617708062902355287052649871087184841692815700
-2196365684906975606661705096751952967874187/81207353669045186167542782936995118931730400,32970465474274912173681998773721788212828389/81207353669045186167542782936995118931730400
-1378614349688917588777702583038997747839421/1338472563862329431136558169130039066887840,598979513829231371726642846305921046080947/1338472563862329431136558169130039066887840
-9410647254091199176643890975502069874696947267/21106260829951445327068725034992813825642907600,8935044834839093878849087758658792379102953449/21106260829951445327068725034992813825642907600
149035056232553187346607080981783582629728510259625948940457408718461679316774150810232115871485255128417/499775302556601423377205721661148454501853173090274804200261574272422639030087558544780680201422540624323,4961096387421978320068230403956982580569383742853405730699015767392461103025130929496943885765466226188701/5997303630679217080526468659933781454022238077083297650403138891269071668361050702537368162417070487491876
1336478616192852283287628677222468572990271070613132837/8284043378822215387631505856463108917606762718363719278,7274157396512761386457437187904198193403099387732756303/8284043378822215387631505856463108917606762718363719278
