10
0,0
0,1
1,1
1,0
21510932657043709046/50496715862777052379,1
0,107581517169106838381/150603382483194256473
1,2795461934/8016515313
0,3764549603/8016515313
0,12652639129302183833977608008354258925892107748873442169757001278817/14409200458779846319634919422821754361890894425298383952129619956207
1756561329477662485657311414467495435998786676424941782372618677390/13289756449251461952796243582224427402321329707646585976871886844373,1
4
4 3 6 7 0
5 7 5 4 2 6
3 8 1 9
4 4 9 8 5
0,0
8689851634608543920049005542985424963472/32881052067083460966811521187678140638293,19922575193007509705161109704701684019261/32881052067083460966811521187678140638293
9180721962701995738/10867274778961890255,-3084276675286073954/10867274778961890255
1,0
5333576496907420709999639114999254812014129993237659931151835442387711290/8973199764616639282922194187757140728172472530168164899139667376123699319,819056231413919999410917544777718906471721266845456956713393006599070829/1281885680659519897560313455393877246881781790024023557019952482303385617
247588190579762372677727022673925320262435037966362403496552904038301822/2432911118635970456736286699940317948545031840132189229539293081349510023,4426002244894060306411993788040492184402552798316511315166761968572864661/8920674101665225008033051233114499144665116747151360508310741298281536751
1,2795461934/8016515313
0,3764549603/8016515313
28350668698893895678468460771977714408588079512569341078059401544/187132473490647354800453498997685121582998628899979012365319739691,9397304572245256256787823591086296753095467124892054681631711725189/14409200458779846319634919422821754361890894425298383952129619956207
4179029699013627287102877642772997919565883175490585568118929173742/13289756449251461952796243582224427402321329707646585976871886844373,9677324193240179190566259033447107048576152527105507160304402725061/13289756449251461952796243582224427402321329707646585976871886844373
