17
0,0
0,1
1,1
1,0
1,68727026113/98398927150
21473980921/31364614600,1
28202/80815,1
0,43959/58060
1426484510341/1732586744750,524491254354017/604672773917750
1017/3809,0
1,135948270465482674110051/137017044664676500211425
1,1486/2529
6309/12253,0
33353193/610229276,0
15765435955/29291005248,1
0,837719354348889/924739249466660
997677432/7934979515,5361728079/6347983612
8
3 3 11 12
5 12 9 8 4 11
5 13 0 7 6 14
5 8 5 14 13 9
3 7 15 16
4 16 6 1 15
3 10 4 8
4 8 10 2 5
34281/90605,-21987/90605
1962029319128296019/33043063067899729700,21679678427744571237/33043063067899729700
53857579883200878827548583/75911334706431197891162125,10294981114030765429745548/15182266941286239578232425
1,0
1,68727026113/98398927150
80415564336246791/80280593089782250,255827888261062427/321122372359129000
-1072104778528963/8672250308442140,1653347310443239/1734450061688428
0,43959/58060
1426484510341/1732586744750,524491254354017/604672773917750
108057604797/192331238437,-46815553152/192331238437
1386948192609824385341/1962994909236053011625,469502834708250738705892/685085223323382501057125
1,1486/2529
6309/12253,0
54243414/152557319,-117769701/610229276
2594082963/2440917104,19437191621/29291005248
32250920666832/231184812366665,130471773780549/184947849893332
997677432/7934979515,5361728079/6347983612
