8
0,0
0,1
1,1
1,0
1,11905883851741/20363223535660
356513971735/1438867049166,0
2007926905411168042807806254/11257452005715242236269886733,0
927879378849946850461945098/11257452005715242236269886733,1
3
3 3 4 5
5 5 6 7 2 4
4 7 1 0 6
235901792429296832020978823309/769104913833500209737835044125,72344150398223832363147281762/769104913833500209737835044125
931537627684164247718296767633/769104913833500209737835044125,-255700287433144895381195227081/769104913833500209737835044125
233222385013751158426188016/166292954342378423727099469,80183605092053080714573699/166292954342378423727099469
1,0
1,11905883851741/20363223535660
356513971735/1438867049166,0
2596477824448323405527393531/11257452005715242236269886733,-757211530571815563919690070/11257452005715242236269886733
13239226902360542524061759547/11257452005715242236269886733,-4581949480446519309642977857/11257452005715242236269886733
