9
0,0
0,1
1,1
1,0
1,83401792252/110555433143
0,26993446194/110555433143
864437052993857201591527931673654/1468908211883842796838049601404591,799710667296539089730738527764102/1468908211883842796838049601404591
27480017295440442499/623634745445936629875,0
0,350590677562010755316643241667510427460893322/778146385328445311075012894084363868196917815
4
4 3 4 6 7
4 7 0 5 6
5 8 1 2 4 6
3 6 8 5
1037709511915688528181033974096471079705309000/23549901746886625520496807003999109748092325989,-1037709511915688528148204037113885110098833684/23549901746886625520496807003999109748092325989
9427186954226543194084/15404405302435426997813,-3072058020437389103601/15404405302435426997813
18467789246663801913169/15404405302435426997813,9400440242207464096987/15404405302435426997813
1,0
1,83401792252/110555433143
750417430245020797935888176935086314093306278056844044000/2603569588102143236132162322875597711386740717668250853427,-114724424566450064906389473700410708099765459212979474678/2603569588102143236132162322875597711386740717668250853427
864437052993857201591527931673654/1468908211883842796838049601404591,799710667296539089730738527764102/1468908211883842796838049601404591
27480017295440442499/623634745445936629875,0
130030571815027151934961002482187877208949152/778146385328445311075012894084363868196917815,19148422009151842881866653962641431150037586/155629277065689062215002578816872773639383563
