16
0,0
0,1
1,1
1,0
1,223284799/492388458
199779800/423064599,0
1,7179730573/7434046730
6417028885/13596759458,0
1,392564056535200973888016697/2045508230297657965537472754
352208129939501043974415725/744772186474702017862432422,0
1,304394684951454249834792505/664176982325274616878427228
1904733008941982292337518157144714100/3157596745737440353684499922646455597,1516215120621804574276766417636320267/6315193491474880707368999845292911194
25062770479124196144519814909359314271864435301/45402642261725144524186159273629059647011955376,1
1,28924100557807761238262662407330612465788243/64777446473461700324174301528311211131960616
5134837101021055061584962381369734532224852891035526/7040773278811134231539895652882330256316638845398245,27605649440157106923819512226182003427900780198847831/295712477710067637724675617421057870765298831506726290
1,41510589676249314587678022451176305965261317632055549509505413/1248110865825213821577738426562342658307976487516044010849622438
8
5 4 10 11 7 5
3 11 6 10
5 7 0 1 12 11
4 11 6 2 12
5 5 4 13 14 9
3 14 8 13
4 9 3 15 14
3 14 8 15
43625399092191472165/60034229635634036666,-23852246299424898025/60034229635634036666
195768964003871535/124811288223771386,17774340840534911/124811288223771386
10069125692395775854107202707832741644744134105356942534095905094109719613/6898603960538559708384590505927852140672812421332095813535216992780560162,1386268664456343020392840208567033867155948820075556684347555968960462437/6898603960538559708384590505927852140672812421332095813535216992780560162
7321497558741421903933797120992285699/8433409435641419013758508405552761430,2941053413887879448685926548947256843/8433409435641419013758508405552761430
1,223284799/492388458
199779800/423064599,0
3050913790503290981301108218198844872194723980555731664088257619/2135637640628862706453501680361546829171512864797292159967486525,796663413300200375424276262088658182726180969016166786280907541/4271275281257725412907003360723093658343025729594584319934973050
6417028885/13596759458,0
523402837888502645291933716311021033806882754684866419710641752490582542452428219/587629393451473582117978889435979133618748353093104896343533328709248983178876945,260237222002807967458563859169864355393068627961714739196297138585563287412048561/1175258786902947164235957778871958267237496706186209792687066657418497966357753890
31979431460004150577213265/67706562406791092532948402,252781264481427566219510/372386093237351008931216211
1,304394684951454249834792505/664176982325274616878427228
1904733008941982292337518157144714100/3157596745737440353684499922646455597,1516215120621804574276766417636320267/6315193491474880707368999845292911194
14422011938860298341256940182819017500806638521/11350660565431286131046539818407264911752988844,27564727529134625555358477922995473975105946021/45402642261725144524186159273629059647011955376
16082968318274956429753805087895004790519707/16194361618365425081043575382077802782990154,29442685902861197105685922809479025489946939/64777446473461700324174301528311211131960616
1904733008941982292337518157144714100/3157596745737440353684499922646455597,1516215120621804574276766417636320267/6315193491474880707368999845292911194
2640353310344020536906447712829195483501705478599520219747428824/3120277164563034553944346066405856645769941218790110027124056095,2332186391857966877642485716511947922092603266956529109738713711/6240554329126069107888692132811713291539882437580220054248112190
