11
0,0
0,1
1,1
1,0
0,37/326
37/304,0
0,166130646823223/281006480151920
166130646823223/250963634196420,0
1685172365630311450964/6190732869190405912197,0
1158402617387569726606330007161194/6017766700549990818506239129054981,201851158247476032542065465714734017/481421336043999265480499130324398480
1,7995935021315805598713853895284664223674795296541/22299517251947840778391990320589964173884731605040
5
5 6 4 5 8 9
3 9 7 8
5 9 6 1 2 10
4 3 10 9 7
3 5 0 4
5624/49673,6031/49673
-1441482830675601339366033237/3548684689411147973135512570,967321005250179897671365079/1774342344705573986567756285
-1041935425718178867187561487/3548684689411147973135512570,-795739182041570305046638081/1774342344705573986567756285
-353446157179956313457349784314414741571144535721900340956170715748457/140919647580903308940549217910414630590167265041245312798426886738081130,-33076849041044660034767285708920878050557489619503947996460338702767694/70459823790451654470274608955207315295083632520622656399213443369040565
0,37/326
37/304,0
0,166130646823223/281006480151920
-900527077837805021387806601004937234148315574624047117887/9965863406266917295044561599113045629865392396297498975780,-23756903898877732506805830274539510976863480306014147728/166097723437781954917409359985217427164423206604958316263
1685172365630311450964/6190732869190405912197,0
1158402617387569726606330007161194/6017766700549990818506239129054981,201851158247476032542065465714734017/481421336043999265480499130324398480
95815415120248654328468092751695467583908798682/278743965649348009729899879007374552173559145063,-8390218540117800131205165948051714326779574155939/22299517251947840778391990320589964173884731605040
