15
0,0
0,1
1,1
1,0
0,107/201
107/148,0
333228438332785759102921148161158342971476349488728/1290160257004764276568364539563703766938774901865557,1
0,692835158359181468344793943253278708417337062410305/1026063596691967227447715091414437051388813411899033
7683951684933545682113914938475357110549235613820750213553/135282737338274614657588587023377797660934054218755367525082,101009495085700164406106479974574287152688382935942867647607/135282737338274614657588587023377797660934054218755367525082
770857117/5079092563,6408597775/15237277689
0,102241285048624409858137554514877260163686130994015660277290140720637616968667724114422664832678406576776914394/136347270714368038019355603166159532440196836750582183231423471009655105573811631541802776278890369254223670469
0,872132190476/2087166569723
1,130443491605408036833232682063/158541349271025209435280876920
34762979033094351642714796417213/67482316165893400633041081465596,2581700165239589334096524685412/16870579041473350158260270366399
5400720393274671350016129291053053/13483345171828615080803018852095612,0
8
4 3 12 13 5
6 13 9 8 6 2 12
4 9 4 7 8
4 10 1 6 8
3 8 10 7
3 5 14 13
5 13 9 11 0 14
3 9 4 11
585065598954687432568686424210343987147627748301719745840070691/569269947645543970996469890383815844627848443123458926579366410,89476030791401331958394088311449184005498675133686353706069739/284634973822771985498234945191907922313924221561729463289683205
429918087640723118930826437090116786439464141651544564122074430430477499910419635832132183450342941496/1358659996605527694730433392209809595678178059242526856707154612059615897131041545681971636095144627669,1016746426649742135467830719181531048428923630081116930862469898477368140101821491913627899454037027645/1358659996605527694730433392209809595678178059242526856707154612059615897131041545681971636095144627669
10675155685527163356078782508343128578447601942001136479825/9136826059634763999622339946774991487486533073163613298762,4011578996575861347261024046091743874315555716774557399326/4568413029817381999811169973387495743743266536581806649381
1,0
74390601733831633/338451509796463871,605513741002508086/1015354529389391613
107/148,0
333228438332785759102921148161158342971476349488728/1290160257004764276568364539563703766938774901865557,1
741530144730953974186755036629976305281808685818018609600415110197/5183175723098302991368543341334832481210684241964575084009228124429,3715847335920935164386097987772972002149713014758859135209421957550/5183175723098302991368543341334832481210684241964575084009228124429
7683951684933545682113914938475357110549235613820750213553/135282737338274614657588587023377797660934054218755367525082,101009495085700164406106479974574287152688382935942867647607/135282737338274614657588587023377797660934054218755367525082
770857117/5079092563,6408597775/15237277689
9913529080646054796122302915024705319143100810349334024185013236591618935117700334918044084263793525845294021/136347270714368038019355603166159532440196836750582183231423471009655105573811631541802776278890369254223670469,94357061945974194211251813655492787258022892523424823395767479350807207477013458613366403705764775690752720145/136347270714368038019355603166159532440196836750582183231423471009655105573811631541802776278890369254223670469
228173706632/2087166569723,1182016751510/2087166569723
1,130443491605408036833232682063/158541349271025209435280876920
34762979033094351642714796417213/67482316165893400633041081465596,2581700165239589334096524685412/16870579041473350158260270366399
8457453388918345121586414518580861/13483345171828615080803018852095612,1037843466426314912306802923535624/3370836292957153770200754713023903
