9
0,0
0,1
1,1
1,0
1,453081667177/478861194360
0,34235125901/239430597180
1460312317800458/5831821213435005,2006759089491991/5831821213435005
9/20,0
0,6808407711231197200843537/11858130897251373686744531
4
4 3 4 6 7
4 7 0 5 6
5 8 1 2 4 6
3 6 8 5
310602888/461228125,180163134/461228125
4209094433981672080780/5029786457341953096003,-1053773967670238996369/25148932286709765480015
5294189135676670873033/5029786457341953096003,23502956929791436641631/25148932286709765480015
1,0
1,453081667177/478861194360
3033068684071551266/5521606270248084375,3398428548390613409/7362141693664112500
1460312317800458/5831821213435005,2006759089491991/5831821213435005
9/20,0
14977407665034158885419780/35574392691754121060233593,8887862249728330541317471/177871963458770605301167965
