14
0,0
0,1
1,1
1,0
1,26129/70245
0,155255/224784
16601889373951/20257039472400,1
34377656159577517/39566068369816052,9167760405182129459/22156998287096989120
1604829631468582171975793/3088212566317039594717200,0
1,400/813
14775130817582163/17043128868342160,7445185983063647/17043128868342160
1147521240159872442094792613843/1861348173677209262231049850189,110384723741444325505358794091197/223361780841265111467725982022680
1,5069997626704/31014549928607
2893074088175323219624701571/3387958026392463633908698480,1341845790077344188747756881/3387958026392463633908698480
8
4 4 9 10 7
4 10 6 2 9
3 7 11 10
5 10 6 1 5 11
4 7 4 12 13
4 13 8 3 12
3 13 7 11
5 0 5 11 13 8
15562377377778290487866336134750369589/9041280199293613172090066315764908715,602540244236571297239955993115994641/14466048318869781075344106105223853944
237532496517337369145034888432/125030502095298065617528615345,96073541218210427662154470323/200048803352476904988045784552
526450/387269,51500/387269
5804710854011211/4528480542643771,2330861183062992/4528480542643771
1,26129/70245
16118635986111595045847263655875061/9368285460996493460590184090570160,294031782193300631401692209223271/401497948328421148311007889595864
5684649322529111/4614660834962868,13931951235148177/2614974473145625200
34377656159577517/39566068369816052,9167760405182129459/22156998287096989120
71853547589166737785994288759/59798449617251680340326766340,2341924675877579996149368727/56950904397382552705073110800
1,400/813
14775130817582163/17043128868342160,7445185983063647/17043128868342160
16443212466492288992652613576435/14890785389417674097848398801512,23909527973214814976709888928981/44672356168253022293545196404536
34756386827583/31014549928607,16810355481424/31014549928607
14775130817582163/17043128868342160,7445185983063647/17043128868342160
