11
0,0
0,1
1,1
1,0
1,68727026113/98398927150
21473980921/31364614600,1
31/149,1
9/149,0
110633595958712853981320524659541/113627676216122964352407628584500,3737576222940096040590139714499/5164894373460134743291255844750
147573952589676412927/590295810358705651706,0
1,15713968530403698227349456418356773125118/20883212626859651075027802202097119964025
5
5 8 5 6 7 9
4 9 8 4 3
4 7 0 1 6
4 5 2 10 8
3 8 4 10
2682/22685,-396/22685
9238/22685,21321/22685
129521138624807335213/185360003053298055625,126966338482462606534/185360003053298055625
174224571863520493291476911573989207310337/696898287454081973160004688192369772724285,522673715590561479869413220333918623891506/696898287454081973160004688192369772724285
32519628877250082409865153835237687991194919761088821/34287021909076985523549778303549729226079488375418875,51430532863615478285185444429738322827885121780764231/68574043818153971047099556607099458452158976750837750
21473980921/31364614600,1
31/149,1
9/149,0
110633595958712853981320524659541/113627676216122964352407628584500,3737576222940096040590139714499/5164894373460134743291255844750
147573952589676412927/590295810358705651706,0
32927190910996680339727470384098806157347/34805354378099418458379670336828533273375,72677556949415477175186093983453471470853/104416063134298255375139011010485599820125
