15
0,0
0,1
1,1
1,0
1,732533699407/943149324200
0,82780532587/188629864840
1,5496304198458/8284126582667
0,1181258595440/8284126582667
0,402202765132213836533576792464389035/570088655943126212273447591485504592
1,500875187614442585241088758575841267/570088655943126212273447591485504592
288061139740710738081895563910591959036507/352896681139936909744854448557425498333152,100183113800449088143600425209539407375509/176448340569968454872427224278712749166576
29950818908990792027044420881/60212961357860328834767112164,0
592995620373475976149381122527050950625322299072386244358592036735/1235113197575253129102971475396724264884041578853869942388734920728,371183773703814813808186843665129077482476586158469384173443095459/617556598787626564551485737698362132442020789426934971194367460364
95098603911921581022110497029579832746948615268017/282540743007937711220766813259647755431421735171144,1
993510783419726272174140195202650700374436733637892648938430647/1366173863825013575939848885692168765133321507186615444835108528,2271615176670415977403003189380530639363464700722106316394418029/2732347727650027151879697771384337530266643014373230889670217056
8
4 10 7 0 11
4 11 10 6 3
4 7 5 12 10
4 10 6 4 12
4 8 1 13 14
4 14 9 2 13
4 14 8 5 12
4 12 14 9 4
0,0
21079301528526555582135/61941024071383606240424,-453804792015277148701/61941024071383606240424
49992611390575133710823219365886376989164669092740135246886297898623515288099391/73850484649142905696740759393626593576823113729749928993434428488166399719517000,63261409148815624519896153054815284144094907389230822972446347953881109147515037/73850484649142905696740759393626593576823113729749928993434428488166399719517000
281184359778907793995667769670937829938789030644818427919/1192270966718830874939911689769166062914836610466821461125,511663645205433087075939920534412402552441934647300149133/1192270966718830874939911689769166062914836610466821461125
8568186990334310109189265082369938882124765753842836006782044206295688631874485168079877977331/12263454240840352000901438074319540764156711267837245067316323221182586736599589793974594053125,80439012395895884035882634681641157800343571061372314700101807036198591917678512017390982018311/98107633926722816007211504594556326113253690142697960538530585769460693892796718351796752425000
998811720890913907459170649613952861/4114317829810041784559688939109912730,-89573663138888708179574136969122651/3291454263848033427647751151287930184
1584990726938753874187871768831285651691384724779144260363056569475097/1975384721827509781170700055106841424568223226183834222867012407864075,1529860940355120984437207263478699376449042530581009636033996567667929/1975384721827509781170700055106841424568223226183834222867012407864075
0,1181258595440/8284126582667
92192656563485656899591995647056555/570088655943126212273447591485504592,64656040177599308345054227524075205/285044327971563106136723795742752296
542192209510572085408628842920204019855556855621082218084624666806780353546241230174782007503/679700152936750057512100117437364287204290010096435355366804966032598301783088482895336986000,286828669886307141425618738529086024305608408681870543610590538742132820862566901251151361273/339850076468375028756050058718682143602145005048217677683402483016299150891544241447668493000
288061139740710738081895563910591959036507/352896681139936909744854448557425498333152,100183113800449088143600425209539407375509/176448340569968454872427224278712749166576
29950818908990792027044420881/60212961357860328834767112164,0
803892712327796324414306628123562824329483985072282209666151147567/1235113197575253129102971475396724264884041578853869942388734920728,168741161690165609148088694050417397426332295822410789157392608655/617556598787626564551485737698362132442020789426934971194367460364
171766565107777499748129655526871567143189846097543/282540743007937711220766813259647755431421735171144,27801613735895022630168955769407779997866433198147/141270371503968855610383406629823877715710867585572
288061139740710738081895563910591959036507/352896681139936909744854448557425498333152,100183113800449088143600425209539407375509/176448340569968454872427224278712749166576
