14
0,0
0,1
1,1
1,0
0,5/17
116959/219549,0
1,95/806
16725137/137190434,31116155/137190434
99685698146299/324360080541842,0
0,18088/26133
305903/802950,193823/995658
2217021319468013/7426493858640720,64016145350227/495099590576048
0,5640372488284384/110393644035637011
18434094954732865381/64199939535515134650,317182976749714999/12839987907103026930
8
4 9 4 7 10
5 10 9 1 2 6
3 11 7 10
5 3 6 10 11 5
4 12 4 7 13
4 13 12 0 8
3 7 13 11
4 11 5 8 13
133504226082353245225/794155786114836715323,308886890017243292791/794155786114836715323
-91511875/307908219,237828224/307908219
-171775531/307908219,-59434651/307908219
8932030876321/50776836487071,-21376612695353/50776836487071
0,5/17
682917363982413863/3716001224633316993,171747618000249151/3716001224633316993
180900313/615816438,-52485894061/124087012257
16725137/137190434,31116155/137190434
37603496296163516651881/99873134714335125199398,8143395403095522610523/49936567357167562599699
0,18088/26133
305903/802950,193823/995658
784740306133171/2475497952880240,413214189528259/1485298771728144
7567845587975035/36797881345212337,6680344180306553/15770520576519573
305903/802950,193823/995658
