21
0,0
0,1
1,1
1,0
0,5/17
116959/219549,0
1,15016111450067685257875315/28979673656163395825240416
35677648358134972777593410215039/80399351404567915467439744042684,3949186118882996421592758760075/80399351404567915467439744042684
42305881644962671517348721361463317701/96831875912254778221576657156133498656,0
1,62725082979/116303377223
138683592693572710/323057880702505197,6149869660042685/107685960234168399
64805543193765066123420796662532511132118191583748739662681414877/141423383627401531197666398489462121643142339432432581890579352987,5815877466938714031555934418613888322642142655464057291917350100/141423383627401531197666398489462121643142339432432581890579352987
1,25367393591964073206415387125559535894205814264761200057920/51037675509413241886558667236608263210775016529128285152813
163820039670815466301580/388884644154731878626873,0
77120466146911567649490453927393492105687614442943623875126624645753693/170416806985117414247274727365519570385866649594920744635243711245212883,0
52388860075/165066114511,19624890790/165066114511
2737080389807245/3859027372892273,1133298122328285/3859027372892273
3787801133300866197152662749469594824400945788939643/5587422671696763138497244386426113769406053580768500,5510759975225129662784926635350951409839093405953521/22349690686787052553988977545704455077624214323074000
505755590745161178063011822415339490018138742898435053122289833663/693159169370047188387016071743224160965004439875622044051471821250,93408571749205972562396000380693245357656711253513824339452350417/346579584685023594193508035871612080482502219937811022025735910625
25858370109614652483166635456681943043637438602696791/47059305282172193033691257161824825245399744255052146,0
38880008300314065/116260499942625692,0
13
6 9 2 1 4 15 16
3 16 10 15
4 16 9 6 17
4 17 16 10 7
4 18 12 3 19
4 19 18 11 5
4 12 6 17 18
4 18 11 7 17
4 20 0 4 15
4 10 15 20 13
4 7 10 13 8
3 14 5 11
4 11 14 8 7
641955787275/2579196452417,1162749652885/2579196452417
0,1
1,1
1352078060352311166049382004805588932283550748103/2763387297013438540191797250280767430445202673250,836850018091423130397759041975253822039456205252/1381693648506719270095898625140383715222601336625
0,5/17
1078866148974442391789048222264620685310520792541842953/2629028643245348144929131876174866237209526474073911750,52020965878490789122771283367474669628873671080425996/358503905897092928853972528569299941437662701010078875
14950433762941262659246405901968696328213301347/15269036098020642841062119452053670382433639080,4996038589401836898160732421046670532062306913/9203254634423401164475798025895362970233974240
789963444395147134708129191780483581470259154220238407/1863903196096860479863063911568702381235682445940399980,135526884268807555205322691816144416865524081128171501/1863903196096860479863063911568702381235682445940399980
259098243173834155489023338027457121943766455056505449152447/561214860082353694524520517166695706634804716336489658463080,235166509673218455226557957357502637851306340720414597857759/2244859440329414778098082068666782826539218865345958633852320
1,62725082979/116303377223
138683592693572710/323057880702505197,6149869660042685/107685960234168399
25415388543126671603460239740887660537962912282498488346440683298613/57983587287234627791043223380679469873688359167297358575137534724670,1877055072183199994469515718374372555531318127203292489323338055712/28991793643617313895521611690339734936844179583648679287568767362335
1862699680900405863076758793711189575946433334453065154183917/1902313359896311743044459415182671628765250616085690628423030,1819566104391935786084369517704257581137490455866494209109196/3487574493143238195581508927834897986069626129490432818775555
184073005680706138037555/388884644154731878626873,719282605568932394915/7625189101073174090723
32841612237804461709483051605993424789857216197622223842959040782025576517/69870890863898139841382638219863023858205326333917505300449921610537282030,3197958226122094452716953114301474896360218901622258823946401961615212408/34935445431949069920691319109931511929102663166958752650224960805268641015
52388860075/165066114511,19624890790/165066114511
2737080389807245/3859027372892273,1133298122328285/3859027372892273
8961540992564011826446728733276625316485170469321/13627860174870153996334742405917350657087935562850,29504450300232461906569520667808864420221180183171/109022881398961231970677939247338805256703484502800
2737080389807245/3859027372892273,1133298122328285/3859027372892273
2809771679820321064903270140147645405981020006945070701/6800069613273881893368386659883687247960263044855035097,1099066663283557554772016008646441896259411409037337052/6800069613273881893368386659883687247960263044855035097
12412892792612085/29065124985656423,19510114616214685/116260499942625692
