12
0,0
0,1
1,1
1,0
48769/174950,1
0,187191/235960
1,12337643378444072/19741210822926875
1096976784530917/13434620162974989,0
53734/77221,1
0,1323/2125
1,188735279150085867449633949998170442/35374522514413325753841937835539707875
29493010219330366096978485391647127991/29681745498480451964428119341645298433,0
5
6 6 2 8 9 0 7
4 9 5 4 8
4 7 6 10 11
3 11 3 10
3 5 1 4
0,0
170642731/862846241,3163477881/4314231205
1,1
54485531839476407790490029144895674592763/128953320429964229822708270870554718607721,109236962325355092704672605279312506192250/128953320429964229822708270870554718607721
48769/174950,1
0,187191/235960
1,12337643378444072/19741210822926875
1096976784530917/13434620162974989,0
53734/77221,1
0,1323/2125
1789158031689574078616910717503815/4223823583810546358667694069915189,30150854038685367041384678386336139192/35374522514413325753841937835539707875
12356241197920838295061155978216635657/29681745498480451964428119341645298433,25181253059002288298941460596008061250/29681745498480451964428119341645298433
