9
0,0
0,1
1,1
1,0
1,2443/81520
0,4939/81520
2475542397/21388890923,19521251903/342222254768
407417/4158365,0
0,28518099249569/53950652787824
4
4 6 5 0 7
4 7 6 4 3
3 5 8 6
5 6 4 2 1 8
0,0
-268169750536154837601/985759098165085728658,-3194826477481223548403/3943036392660342914632
-1112349272035036276659/985759098165085728658,-1158822803232426158643/3943036392660342914632
-12226576566751/18969045193289,9715015335168/18969045193289
-12129985565366505/19329457051961491,830115382141867683/1546356564156919280
0,4939/81520
2475542397/21388890923,19521251903/342222254768
407417/4158365,0
-7426627191/259378138403,-21933454801291/53950652787824
