12
0,0
0,1
1,1
1,0
1,68727026113/98398927150
21473980921/31364614600,1
28202/80815,1
0,43959/58060
0,1009503814757447/4503599627370496
132494347175470646409/341512872458073662474,0
1,2674398509995513625187/10710405536819707740224
6555412124588230131197/9229810634583743756384,0
5
8 10 4 5 6 7 8 9 11
3 11 10 3
3 9 0 8
3 7 1 6
3 5 2 4
22624262544176119637301796391625433077933/116502816631862256964468801811310399943705,39157640397545777091560928105662936776704/116502816631862256964468801811310399943705
911657852/4002983725,2693057229/4002983725
129521138624807335213/185360003053298055625,126966338482462606534/185360003053298055625
336012963160871432558804688886866548614817/446210248021012103908516369838259909393584,63937260288210548271100734342214816739781/223105124010506051954258184919129954696792
1,68727026113/98398927150
21473980921/31364614600,1
28202/80815,1
0,43959/58060
0,1009503814757447/4503599627370496
132494347175470646409/341512872458073662474,0
1,2674398509995513625187/10710405536819707740224
6555412124588230131197/9229810634583743756384,0
