20
0,0
0,1
1,1
1,0
1,32253679/43984719
22985299/55238978,0
1,2700162191/2970935802
9586205425/9856979036,1
31344304603373263137225627914/46261219685558827291406451985,1
5837603521542078108799100992045951448/7507887056532508176042823929403788595,3407824968634124389425932249281927081/7507887056532508176042823929403788595
1,65199444705841198081891501030802717494542892/140554076355377767888781411776222045865793889
668547343647391374903/1240286030462309258206,1
0,34622303432582127123/257471417981712585424
1537268818458617014983232443969885192705084637049694906661522384634467589696817/1764087072312688534984685528966206284033761511871480832707199811720441103951040,1
1,2085768250327721660926657119411460631350303565140203542680676056205586646182007/2312586504181793180928110204407781722678980439961989468726353483291560160436230
25590044118544410771286809133212213/79788459054685799748689979567799930,25909901813785159397110905476376967/39894229527342899874344989783899965
27415129286945/171538767241456,0
0,421328909957775193702469676154112791962688069631198953/1110203401661915156531102926923123211150598623537114355
1,13230268756502235439540595183/786107684604391980821211336793
384840873851367571265334534893/398071142607869806704875130076,0
10
6 8 11 15 16 5 9
4 16 0 12 15
4 17 1 11 15
3 15 17 12
5 9 8 13 14 4
4 14 6 7 13
3 7 2 6
5 5 9 10 18 19
3 19 3 18
3 10 4 9
1881102992659072781569436768/6246337441028591407568418325,-466042817733854733071555026/6246337441028591407568418325
414594965514272197375950389024184187602009/533733304264394021769502610636463113419105,275535555429192301479080156006129817598297/533733304264394021769502610636463113419105
25162118910372708627/26496623813937218125,26094398306358857614/26496623813937218125
48971694325686760430917161695301251518049521/155721198526048752289070536175916903589398125,87490315235960387903398330104327800295188428/155721198526048752289070536175916903589398125
13732166349341409804825106779819027969279408499693351782017559986/29186037059214223752251243789038394468578163738124612250158537345,11143586465101308290805222449729029046155478783563286903753512390/17511622235528534251350746273423036681146898242874767350095122407
22985299/55238978,0
1,2700162191/2970935802
9586205425/9856979036,1
31344304603373263137225627914/46261219685558827291406451985,1
5837603521542078108799100992045951448/7507887056532508176042823929403788595,3407824968634124389425932249281927081/7507887056532508176042823929403788595
518240870890691646053877994931500340747537913/702770381776888839443907058881110229328969445,472931127402967458803190020981091726189827846/702770381776888839443907058881110229328969445
668547343647391374903/1240286030462309258206,1
182903525906232489630638228719474564726260795922/502579174416841701838617436004818687501915467125,356284072480080708558575156208795224860846378261/8041266790669467229417878976077099000030647474000
21885750268144280612891841155430989283498131267736640752348632386156928140695/44102176807817213374617138224155157100844037796787020817679995293011027598776,328583756751359452378692851353022195924249104222086871226108242993039971095971/352817414462537706996937105793241256806752302374296166541439962344088220790208
316641720897438504604150680901819605369693475523387069745118775825306385814793/770862168060597726976036734802593907559660146653996489575451161097186720145410,918147300501712231860886522905386089516879592915365409511352059369230264502226/1156293252090896590464055102203890861339490219980994734363176741645780080218115
25590044118544410771286809133212213/79788459054685799748689979567799930,25909901813785159397110905476376967/39894229527342899874344989783899965
27415129286945/171538767241456,0
15869487119572405464055817081670238931866217015004834939/72163221108024485174521690250003008724788910529912433075,17503321729131066903494924495845325106961525950604056977/72163221108024485174521690250003008724788910529912433075
237198108866838452044883523297/786107684604391980821211336793,450306303096339400976621906291/786107684604391980821211336793
116546689859226817604592260789/398071142607869806704875130076,53408140046637943130555249673/99517785651967451676218782519
