8
0,0
0,1
1,1
1,0
0,37/326
37/304,0
0,166130646823223/281006480151920
166130646823223/250963634196420,0
3
4 6 4 5 7
5 7 6 1 2 3
3 5 0 4
5624/49673,6031/49673
-1441482830675601339366033237/3548684689411147973135512570,967321005250179897671365079/1774342344705573986567756285
-1041935425718178867187561487/3548684689411147973135512570,-795739182041570305046638081/1774342344705573986567756285
2484184948865321538248444833/3548684689411147973135512570,-595965479562859068957402206/1774342344705573986567756285
0,37/326
37/304,0
0,166130646823223/281006480151920
166130646823223/250963634196420,0
