19
0,0
0,1
1,1
1,0
0,5/17
116959/219549,0
1,95/806
16725137/137190434,31116155/137190434
99685698146299/324360080541842,0
1,234336803/423712930
78028845843/115184529560,1818622665/11518452956
75190922878983/100078882514860,0
1,2718684978838/3197746605137
0,2554082215014/3197746605137
2758022904418154737562809672977581/34087867961738070869768555867619500,6842099008172380753905628484650078/8521966990434517717442138966904875
6118064250319921143265979657/7661706751733129389552226475,4692649984326220815786700937/15323413503466258779104452950
21702722492519283825330391815377929775075056961/69769084120175927915778354549210696974900050900,1
435893574248618591453105991155374946559/438305817161928464617933043849618171260,2598032067103858030718755858259184165/21915290858096423230896652192480908563
231431020500118366218328064432261444342079/294452367499149982260803852459483325905060,0
11
6 14 13 4 7 10 15
4 15 14 12 9
4 13 1 16 14
4 14 12 2 16
3 10 15 17
4 17 6 9 15
4 5 7 10 11
4 11 18 17 10
4 17 6 3 18
4 8 0 4 7
3 7 8 5
641955787275/2579196452417,1162749652885/2579196452417
211897875178670334620704/10252677420523708117891745,6136126183796906510168043/10252677420523708117891745
2180667822834615165944542081525177467053933486121387564209344556519/4315427089865391953718293886096573634106596351334426279324784717125,-154699612348063796884618806667458975628090028321258797519576092412/4315427089865391953718293886096573634106596351334426279324784717125
13410712544438426609350091517154822926293453793091937065302411/23971586197995436983073237627187470679992457804246865772134625,8223739972895181572124803908402809314305171520495133071860657/23971586197995436983073237627187470679992457804246865772134625
0,5/17
6947799827/12068535347,12539810465/36205606041
1151123006947388092495921065905739981252563160218763022003/2020037642033330629824581365513090852831260646176958808875,1860322804778158937234465811941597081059188000341684901047/4040075284066661259649162731026181705662521292353917617750
16725137/137190434,31116155/137190434
66921650858387/162180040270921,61868344334965/324360080541842
56937651718659505863911580314256117361062862019093/89171939262809577078659161191105499760259177651125,5480268292022729584868626087284241689393581208047/178343878525619154157318322382210999520518355302250
78028845843/115184529560,1818622665/11518452956
78828168208983/100078882514860,1465809867990/5003944125743
2425638730328551711384811769978274902737499068080431847/6729774945766514218571830288747187232128567630002047625,-71097941495965139554297916190255656670433652483376433/961396420823787745510261469821026747446938232857435375
0,2554082215014/3197746605137
2758022904418154737562809672977581/34087867961738070869768555867619500,6842099008172380753905628484650078/8521966990434517717442138966904875
6118064250319921143265979657/7661706751733129389552226475,4692649984326220815786700937/15323413503466258779104452950
115149874368351473971448936709970129521344814277/348845420600879639578891772746053484874500254500,54980602326077366242140155473423220491926510491/87211355150219909894722943186513371218625063625
16392922518885806043716442951892715868303/28489878115525350200165647850225181131900,3281046980026658459860641132632627432511/7122469528881337550041411962556295282975
14787765260063313394273457363045759725304943/19139403887444748846952250409866416183828900,1551049523859276985708937065391524920984066/4784850971861187211738062602466604045957225
